{'path': '786.jpg', 'num': 786, 'avg': (0.4072020398073751, 0.3529040146691814, 0.21966472949854127), 'mode_bucket': ((7, 4), 40452), 'avg_bucket': (5, 5)}
{'path': '1502.jpg', 'num': 1502, 'avg': (0.5919652110015341, 0.6807470363465911, 0.448440106293435), 'mode_bucket': ((7, 8), 198141), 'avg_bucket': (8, 9)}
{'path': '1682.jpg', 'num': 1682, 'avg': (0.011182679976668422, 0.012535966683263828, 0.007147910922181301), 'mode_bucket': ((0, 0), 719782), 'avg_bucket': (1, 1)}
{'path': '278.jpg', 'num': 278, 'avg': (0.651826758669708, 0.24503565466722851, 0.5941021422676211), 'mode_bucket': ((8, 3), 147868), 'avg_bucket': (8, 3)}
{'path': '402.jpg', 'num': 402, 'avg': (0.23617693045229235, 0.1738129183340895, 0.05075986243054466), 'mode_bucket': ((0, 0), 322805), 'avg_bucket': (3, 3)}
{'path': '1398.jpg', 'num': 1398, 'avg': (0.12083898670655586, 0.11268891323608247, 0.030325334669482118), 'mode_bucket': ((0, 0), 612828), 'avg_bucket': (2, 2)}
{'path': '830.jpg', 'num': 830, 'avg': (0.314697429954504, 0.39687230731198253, 0.1582963718264038), 'mode_bucket': ((2, 3), 66071), 'avg_bucket': (4, 5)}
{'path': '1166.jpg', 'num': 1166, 'avg': (0.30125754330631455, 0.6374666807545809, 0.40703323397492847), 'mode_bucket': ((1, 11), 202839), 'avg_bucket': (4, 8)}
{'path': '1138.jpg', 'num': 1138, 'avg': (0.5471338959017499, 0.5823766605016286, 0.1810173696218758), 'mode_bucket': ((12, 11), 97066), 'avg_bucket': (7, 7)}
{'path': '410.jpg', 'num': 410, 'avg': (0.28049767837868045, 0.31473431837997956, 0.13994218281897045), 'mode_bucket': ((0, 0), 268285), 'avg_bucket': (4, 4)}
{'path': '294.jpg', 'num': 294, 'avg': (0.554709799414513, 0.25001245470620703, 0.6675251055259886), 'mode_bucket': ((12, 12), 102936), 'avg_bucket': (7, 4)}
{'path': '894.jpg', 'num': 894, 'avg': (0.4384701697417014, 0.4195717014381949, 0.20350582214129076), 'mode_bucket': ((0, 0), 217211), 'avg_bucket': (6, 6)}
{'path': '470.jpg', 'num': 470, 'avg': (0.6374911361148657, 0.2586925280742517, 0.33384828388794674), 'mode_bucket': ((10, 2), 34294), 'avg_bucket': (8, 4)}
{'path': '730.jpg', 'num': 730, 'avg': (0.5119136422196223, 0.43680814109860094, 0.13802994472581792), 'mode_bucket': ((8, 7), 124792), 'avg_bucket': (7, 6)}
{'path': '226.jpg', 'num': 226, 'avg': (0.651626952949586, 0.2825375325266369, 0.0991525660832073), 'mode_bucket': ((8, 3), 336044), 'avg_bucket': (8, 4)}
{'path': '618.jpg', 'num': 618, 'avg': (0.3603913799362038, 0.3179645302908326, 0.1700461260895867), 'mode_bucket': ((2, 4), 52090), 'avg_bucket': (5, 4)}
{'path': '1362.jpg', 'num': 1362, 'avg': (0.1055740374373935, 0.9289185807137208, 0.13765188312768253), 'mode_bucket': ((1, 12), 433936), 'avg_bucket': (2, 12)}
{'path': '686.jpg', 'num': 686, 'avg': (0.46366279356635776, 0.2986985432415144, 0.21766882403928006), 'mode_bucket': ((8, 4), 90848), 'avg_bucket': (6, 4)}
{'path': '1114.jpg', 'num': 1114, 'avg': (0.42983209765725194, 0.5878603819811415, 0.18738267952591892), 'mode_bucket': ((12, 12), 91318), 'avg_bucket': (6, 8)}
{'path': '694.jpg', 'num': 694, 'avg': (0.4580606129686729, 0.24181008753871364, 0.23736205788648507), 'mode_bucket': ((5, 3), 87051), 'avg_bucket': (6, 3)}
{'path': '1654.jpg', 'num': 1654, 'avg': (0.01518935080868393, 0.02000068559048047, 0.011289365681169509), 'mode_bucket': ((0, 0), 709288), 'avg_bucket': (1, 1)}
{'path': '1626.jpg', 'num': 1626, 'avg': (0.2645873993385989, 0.16999738703710982, 0.48291691665866426), 'mode_bucket': ((2, 1), 105835), 'avg_bucket': (4, 3)}
{'path': '858.jpg', 'num': 858, 'avg': (0.29952316214320857, 0.553887037372847, 0.07678117340655996), 'mode_bucket': ((2, 12), 268674), 'avg_bucket': (4, 7)}
{'path': '926.jpg', 'num': 926, 'avg': (0.5615300232705208, 0.2741645865952968, 0.3581752057381003), 'mode_bucket': ((8, 5), 73149), 'avg_bucket': (7, 4)}
{'path': '358.jpg', 'num': 358, 'avg': (0.5946701683295316, 0.2726081092046242, 0.4847611304722389), 'mode_bucket': ((6, 2), 63887), 'avg_bucket': (8, 4)}
{'path': '1522.jpg', 'num': 1522, 'avg': (0.6703535086847657, 0.974402329935727, 0.42367529509655355), 'mode_bucket': ((8, 12), 445689), 'avg_bucket': (9, 12)}
{'path': '202.jpg', 'num': 202, 'avg': (0.24883456391275022, 0.23911256891041396, 0.3680544598457615), 'mode_bucket': ((7, 2), 105827), 'avg_bucket': (3, 3)}
{'path': '1118.jpg', 'num': 1118, 'avg': (0.002740216011351727, 0.0019362556047936546, 0.0017926676964185719), 'mode_bucket': ((0, 0), 733980), 'avg_bucket': (1, 1)}
{'path': '1422.jpg', 'num': 1422, 'avg': (0.17918540327657517, 0.22333102717820927, 0.006752493532131889), 'mode_bucket': ((0, 0), 531925), 'avg_bucket': (3, 3)}
{'path': '1318.jpg', 'num': 1318, 'avg': (0.5148147796390372, 0.8734226309814324, 0.14520874289374625), 'mode_bucket': ((8, 12), 194090), 'avg_bucket': (7, 11)}
{'path': '1342.jpg', 'num': 1342, 'avg': (0.49754549399645986, 0.43311571531257403, 0.24225720507331677), 'mode_bucket': ((12, 12), 66460), 'avg_bucket': (6, 6)}
{'path': '514.jpg', 'num': 514, 'avg': (0.6018009163297078, 0.23627839731771022, 0.30080797249440705), 'mode_bucket': ((12, 2), 45304), 'avg_bucket': (8, 3)}
{'path': '622.jpg', 'num': 622, 'avg': (0.44573984118131155, 0.26209073019900303, 0.09760464537409783), 'mode_bucket': ((2, 3), 202904), 'avg_bucket': (6, 4)}
{'path': '654.jpg', 'num': 654, 'avg': (0.34142198146878044, 0.22691222247897885, 0.4431349251943546), 'mode_bucket': ((2, 2), 92809), 'avg_bucket': (5, 3)}
{'path': '1334.jpg', 'num': 1334, 'avg': (0.3448718674919383, 0.7634540889171624, 0.17094695180566274), 'mode_bucket': ((0, 12), 172719), 'avg_bucket': (5, 10)}
{'path': '1186.jpg', 'num': 1186, 'avg': (0.5539815928234494, 0.30532122052897775, 0.33286710452387375), 'mode_bucket': ((8, 2), 75712), 'avg_bucket': (7, 4)}
{'path': '718.jpg', 'num': 718, 'avg': (0.3078257338750773, 0.44039809934796414, 0.19518156828732133), 'mode_bucket': ((2, 9), 42261), 'avg_bucket': (4, 6)}
{'path': '90.jpg', 'num': 90, 'avg': (0.20119487079440682, 0.285570932152679, 0.35351634837916557), 'mode_bucket': ((2, 3), 90933), 'avg_bucket': (3, 4)}
{'path': '438.jpg', 'num': 438, 'avg': (0.4664434060583794, 0.4169321333150729, 0.11211426845127216), 'mode_bucket': ((5, 4), 128273), 'avg_bucket': (6, 6)}
{'path': '18.jpg', 'num': 18, 'avg': (0.21195842042754873, 0.28795833602775417, 0.1199587301284429), 'mode_bucket': ((2, 4), 147121), 'avg_bucket': (3, 4)}
{'path': '350.jpg', 'num': 350, 'avg': (0.560223191346686, 0.3493023763620943, 0.47578051066178717), 'mode_bucket': ((12, 12), 118444), 'avg_bucket': (7, 5)}
!1230.jpg
{'path': '478.jpg', 'num': 478, 'avg': (0.613142090994467, 0.2623322509888837, 0.33334075861217066), 'mode_bucket': ((11, 2), 33400), 'avg_bucket': (8, 4)}
{'path': '1042.jpg', 'num': 1042, 'avg': (0.0, 0.0, 0.0), 'mode_bucket': ((0, 0), 737280), 'avg_bucket': (0, 0)}
{'path': '646.jpg', 'num': 646, 'avg': (0.5652708332178905, 0.3209493287400239, 0.4410466718158652), 'mode_bucket': ((8, 5), 183124), 'avg_bucket': (7, 4)}
{'path': '1022.jpg', 'num': 1022, 'avg': (0.0, 0.0, 0.0), 'mode_bucket': ((0, 0), 737280), 'avg_bucket': (0, 0)}
{'path': '1266.jpg', 'num': 1266, 'avg': (0.31691593678440283, 0.8531256075098841, 0.12563613259986506), 'mode_bucket': ((12, 12), 83595), 'avg_bucket': (4, 11)}
{'path': '210.jpg', 'num': 210, 'avg': (0.45092361604262493, 0.3840875413115923, 0.28766220724261854), 'mode_bucket': ((0, 0), 119912), 'avg_bucket': (6, 5)}
{'path': '1486.jpg', 'num': 1486, 'avg': (0.7508977413304486, 0.7438042122035209, 0.3982948293245543), 'mode_bucket': ((12, 12), 111614), 'avg_bucket': (10, 9)}
{'path': '1110.jpg', 'num': 1110, 'avg': (0.43257443704258064, 0.3611560145567782, 0.04589109200552301), 'mode_bucket': ((5, 3), 174738), 'avg_bucket': (6, 5)}
{'path': '1258.jpg', 'num': 1258, 'avg': (0.6964953880901341, 0.5910403369960958, 0.16139521846051033), 'mode_bucket': ((11, 12), 70238), 'avg_bucket': (9, 8)}
{'path': '162.jpg', 'num': 162, 'avg': (0.4003260022789667, 0.15520604702952268, 0.6757170660139447), 'mode_bucket': ((6, 2), 182099), 'avg_bucket': (5, 2)}
{'path': '262.jpg', 'num': 262, 'avg': (0.4489812304401863, 0.2500383069629384, 0.1414108189938554), 'mode_bucket': ((0, 0), 111686), 'avg_bucket': (6, 4)}
{'path': '1294.jpg', 'num': 1294, 'avg': (0.5927725159655661, 0.35419741598198906, 0.4030016637729731), 'mode_bucket': ((7, 2), 51136), 'avg_bucket': (8, 5)}
{'path': '1178.jpg', 'num': 1178, 'avg': (0.31864932477920893, 0.9021704979987171, 0.12791221469065808), 'mode_bucket': ((4, 12), 169433), 'avg_bucket': (4, 11)}
{'path': '1554.jpg', 'num': 1554, 'avg': (0.5222183490945412, 0.20662620632517625, 0.5638926281239901), 'mode_bucket': ((7, 3), 124947), 'avg_bucket': (7, 3)}
{'path': '354.jpg', 'num': 354, 'avg': (0.6471372138215232, 0.34557697527262704, 0.5585989945024019), 'mode_bucket': ((12, 12), 158765), 'avg_bucket': (8, 5)}
{'path': '1270.jpg', 'num': 1270, 'avg': (0.3405140353708055, 0.885079833661206, 0.12159591907524234), 'mode_bucket': ((4, 12), 163114), 'avg_bucket': (5, 11)}
{'path': '1674.jpg', 'num': 1674, 'avg': (2.8935185185185173e-05, 0.00017361111111111112, 6.808278867102378e-07), 'mode_bucket': ((0, 0), 737152), 'avg_bucket': (1, 1)}
{'path': '1322.jpg', 'num': 1322, 'avg': (0.36783467493516825, 0.668322749868121, 0.20786853000677585), 'mode_bucket': ((12, 12), 100212), 'avg_bucket': (5, 9)}
{'path': '1438.jpg', 'num': 1438, 'avg': (0.43588013468245973, 0.637072085968408, 0.30446077367620494), 'mode_bucket': ((0, 12), 204555), 'avg_bucket': (6, 8)}
{'path': '934.jpg', 'num': 934, 'avg': (0.5832688164848647, 0.21096679358380743, 0.29913306142771573), 'mode_bucket': ((8, 2), 140267), 'avg_bucket': (7, 3)}
{'path': '1182.jpg', 'num': 1182, 'avg': (0.390422160031343, 0.5748380070770135, 0.14552499808536556), 'mode_bucket': ((0, 0), 109598), 'avg_bucket': (5, 7)}
{'path': '570.jpg', 'num': 570, 'avg': (0.5699855299646747, 0.8292187541233053, 0.09892316431800903), 'mode_bucket': ((12, 12), 193014), 'avg_bucket': (7, 10)}
{'path': '258.jpg', 'num': 258, 'avg': (0.5580863520170504, 0.2041851551406038, 0.20089882046628618), 'mode_bucket': ((8, 3), 129120), 'avg_bucket': (7, 3)}
{'path': '714.jpg', 'num': 714, 'avg': (0.4620942865340693, 0.224690661249775, 0.32005703529158164), 'mode_bucket': ((6, 2), 110225), 'avg_bucket': (6, 3)}
{'path': '366.jpg', 'num': 366, 'avg': (0.5965262142317518, 0.2645072821584609, 0.46620662381680733), 'mode_bucket': ((8, 1), 67867), 'avg_bucket': (8, 4)}
{'path': '386.jpg', 'num': 386, 'avg': (0.3405601765389427, 0.25461072956508884, 0.3704469581883789), 'mode_bucket': ((2, 6), 79860), 'avg_bucket': (5, 4)}
{'path': '1370.jpg', 'num': 1370, 'avg': (0.31658525933227716, 0.8657635168928816, 0.23419246366094829), 'mode_bucket': ((0, 12), 202706), 'avg_bucket': (4, 11)}
{'path': '1378.jpg', 'num': 1378, 'avg': (0.058090266756827665, 0.05304340538839086, 0.03932987387663557), 'mode_bucket': ((0, 0), 659367), 'avg_bucket': (1, 1)}
{'path': '1146.jpg', 'num': 1146, 'avg': (0.4190509057047521, 0.32550066437256586, 0.2150803855604799), 'mode_bucket': ((7, 5), 68901), 'avg_bucket': (6, 4)}
{'path': '1082.jpg', 'num': 1082, 'avg': (0.2895368780709923, 0.40212581547751286, 0.22682390067602826), 'mode_bucket': ((1, 5), 148380), 'avg_bucket': (4, 5)}
{'path': '62.jpg', 'num': 62, 'avg': (0.3588139373695723, 0.22080635365589166, 0.27462069376364606), 'mode_bucket': ((5, 2), 45999), 'avg_bucket': (5, 3)}
{'path': '1750.jpg', 'num': 1750, 'avg': (0.0, 0.0, 0.0), 'mode_bucket': ((0, 0), 737280), 'avg_bucket': (0, 0)}
{'path': '426.jpg', 'num': 426, 'avg': (0.4514304303600698, 0.33867425303223103, 0.1133733426100187), 'mode_bucket': ((5, 3), 121624), 'avg_bucket': (6, 5)}
{'path': '1058.jpg', 'num': 1058, 'avg': (0.4224235608577436, 0.4496180240892207, 0.13008464073579387), 'mode_bucket': ((0, 0), 79579), 'avg_bucket': (6, 6)}
{'path': '1570.jpg', 'num': 1570, 'avg': (0.6247099703291599, 0.29942091253528247, 0.5486220309533772), 'mode_bucket': ((7, 4), 168812), 'avg_bucket': (8, 4)}
{'path': '994.jpg', 'num': 994, 'avg': (0.5090404552033292, 0.4500517391756913, 0.1675500302114923), 'mode_bucket': ((0, 0), 60927), 'avg_bucket': (7, 6)}
{'path': '886.jpg', 'num': 886, 'avg': (0.30413981670679135, 0.5135433145975699, 0.06039132178544022), 'mode_bucket': ((4, 9), 178330), 'avg_bucket': (4, 7)}
{'path': '746.jpg', 'num': 746, 'avg': (0.5648157375958796, 0.27821234181027743, 0.4667967420256665), 'mode_bucket': ((7, 5), 99086), 'avg_bucket': (7, 4)}
{'path': '46.jpg', 'num': 46, 'avg': (0.1350887166567341, 0.3415981253526055, 0.5559381755077691), 'mode_bucket': ((2, 5), 103174), 'avg_bucket': (2, 5)}
{'path': '1018.jpg', 'num': 1018, 'avg': (0.000545010036892377, 0.0007649067614739944, 0.007486910020084749), 'mode_bucket': ((0, 0), 735243), 'avg_bucket': (1, 1)}
{'path': '986.jpg', 'num': 986, 'avg': (0.5270217774527509, 0.42570877828117487, 0.16871493204467708), 'mode_bucket': ((0, 0), 85630), 'avg_bucket': (7, 6)}
{'path': '1698.jpg', 'num': 1698, 'avg': (0.023532279362941156, 0.026797772834215364, 0.013203039896517207), 'mode_bucket': ((0, 0), 702419), 'avg_bucket': (1, 1)}
{'path': '798.jpg', 'num': 798, 'avg': (0.40624035241402723, 0.3414501495675889, 0.27065664253930194), 'mode_bucket': ((7, 4), 98374), 'avg_bucket': (5, 5)}
{'path': '1542.jpg', 'num': 1542, 'avg': (0.39175125695486634, 0.902885004637944, 0.5458778903262039), 'mode_bucket': ((1, 12), 309434), 'avg_bucket': (5, 11)}
{'path': '1314.jpg', 'num': 1314, 'avg': (0.35098719206279416, 0.8226123048627028, 0.24344490932220972), 'mode_bucket': ((0, 12), 210460), 'avg_bucket': (5, 10)}
{'path': '766.jpg', 'num': 766, 'avg': (0.4175268067630535, 0.3546115579989249, 0.1336308551206315), 'mode_bucket': ((5, 3), 53425), 'avg_bucket': (6, 5)}
{'path': '30.jpg', 'num': 30, 'avg': (0.05221805149537315, 0.7242225523153453, 0.34224687032095286), 'mode_bucket': ((1, 10), 181192), 'avg_bucket': (1, 9)}
{'path': '630.jpg', 'num': 630, 'avg': (0.35957040109814303, 0.47005522059638644, 0.07799803091883604), 'mode_bucket': ((5, 4), 106168), 'avg_bucket': (5, 6)}
{'path': '174.jpg', 'num': 174, 'avg': (0.2649437947973932, 0.3335317214346147, 0.44455713209712794), 'mode_bucket': ((1, 4), 85832), 'avg_bucket': (4, 5)}
{'path': '526.jpg', 'num': 526, 'avg': (0.15727264748515804, 0.23279546538569953, 0.08122211797126942), 'mode_bucket': ((0, 0), 301359), 'avg_bucket': (2, 3)}
{'path': '502.jpg', 'num': 502, 'avg': (0.5846056343936488, 0.23408791999105477, 0.4006391431349762), 'mode_bucket': ((7, 5), 122614), 'avg_bucket': (8, 3)}
{'path': '1070.jpg', 'num': 1070, 'avg': (0.318671832326104, 0.3072924218875668, 0.11090345860624337), 'mode_bucket': ((2, 3), 114192), 'avg_bucket': (4, 4)}
{'path': '946.jpg', 'num': 946, 'avg': (0.49826694643750746, 0.2936850219336573, 0.23970833439725234), 'mode_bucket': ((7, 2), 33642), 'avg_bucket': (6, 4)}
{'path': '874.jpg', 'num': 874, 'avg': (0.7011432942690655, 0.37611224138576527, 0.12932582614183977), 'mode_bucket': ((8, 4), 78479), 'avg_bucket': (9, 5)}
{'path': '974.jpg', 'num': 974, 'avg': (0.3706492652076057, 0.6074653566714205, 0.18774983723988284), 'mode_bucket': ((1, 12), 91501), 'avg_bucket': (5, 8)}
{'path': '1062.jpg', 'num': 1062, 'avg': (0.594472977988703, 0.527887129878199, 0.1519319980596603), 'mode_bucket': ((0, 0), 46809), 'avg_bucket': (8, 7)}
{'path': '722.jpg', 'num': 722, 'avg': (0.3778110224224291, 0.2315810936720545, 0.32439205260998427), 'mode_bucket': ((6, 2), 80511), 'avg_bucket': (5, 3)}
{'path': '86.jpg', 'num': 86, 'avg': (0.027575231481483126, 0.041370985243055554, 0.00036485991966226023), 'mode_bucket': ((0, 0), 706778), 'avg_bucket': (1, 1)}
{'path': '1150.jpg', 'num': 1150, 'avg': (0.6372783577851583, 0.6117397908098773, 0.175741251362312), 'mode_bucket': ((12, 12), 125538), 'avg_bucket': (8, 8)}
{'path': '1658.jpg', 'num': 1658, 'avg': (0.015111339221961432, 0.012445826558456824, 0.012394588694853992), 'mode_bucket': ((0, 0), 715390), 'avg_bucket': (1, 1)}
{'path': '1126.jpg', 'num': 1126, 'avg': (0.5485930725261896, 0.4943792917863528, 0.09568911483891504), 'mode_bucket': ((8, 4), 116499), 'avg_bucket': (7, 6)}
{'path': '698.jpg', 'num': 698, 'avg': (0.5413952211961326, 0.37510841740337597, 0.24537025335393242), 'mode_bucket': ((8, 4), 103318), 'avg_bucket': (7, 5)}
{'path': '574.jpg', 'num': 574, 'avg': (0.49279010021352654, 0.3276640326494972, 0.0647496627777926), 'mode_bucket': ((5, 3), 158669), 'avg_bucket': (6, 4)}
{'path': '22.jpg', 'num': 22, 'avg': (5.7870370370370345e-05, 8.680555555555556e-05, 6.808278867102384e-07), 'mode_bucket': ((0, 0), 737216), 'avg_bucket': (1, 1)}
{'path': '734.jpg', 'num': 734, 'avg': (0.3365905740499569, 0.16914193680269773, 0.40406415419958086), 'mode_bucket': ((1, 2), 97330), 'avg_bucket': (5, 3)}
{'path': '518.jpg', 'num': 518, 'avg': (0.3693909806665649, 0.30664078616366985, 0.09343460648169763), 'mode_bucket': ((5, 4), 127681), 'avg_bucket': (5, 4)}
{'path': '150.jpg', 'num': 150, 'avg': (0.22195307906155, 0.3189033236934432, 0.5283592526636427), 'mode_bucket': ((1, 6), 108678), 'avg_bucket': (3, 4)}
{'path': '246.jpg', 'num': 246, 'avg': (0.3664872993871472, 0.308943928029814, 0.438720511640593), 'mode_bucket': ((2, 6), 142180), 'avg_bucket': (5, 4)}
{'path': '1514.jpg', 'num': 1514, 'avg': (0.5543320186626328, 0.8313738270174649, 0.34432927283300063), 'mode_bucket': ((8, 9), 160949), 'avg_bucket': (7, 10)}
!1226.jpg
{'path': '778.jpg', 'num': 778, 'avg': (0.49883956893520626, 0.31462638441224855, 0.32694705605718904), 'mode_bucket': ((7, 5), 69005), 'avg_bucket': (6, 4)}
{'path': '1242.jpg', 'num': 1242, 'avg': (0.29207341571444007, 0.22728151391200846, 0.18763139446317648), 'mode_bucket': ((0, 0), 299760), 'avg_bucket': (4, 3)}
{'path': '598.jpg', 'num': 598, 'avg': (0.255145453332122, 0.4300344957618212, 0.15330240885432941), 'mode_bucket': ((1, 6), 70269), 'avg_bucket': (4, 6)}
{'path': '170.jpg', 'num': 170, 'avg': (0.16260177023987862, 0.18983653741837728, 0.47358228230556004), 'mode_bucket': ((3, 1), 138801), 'avg_bucket': (2, 3)}
{'path': '14.jpg', 'num': 14, 'avg': (0.1816987619390216, 0.30420423817708375, 0.08307820904022965), 'mode_bucket': ((0, 0), 168995), 'avg_bucket': (3, 4)}
{'path': '38.jpg', 'num': 38, 'avg': (0.09405143164223756, 0.683339160914994, 0.5310334435412117), 'mode_bucket': ((1, 7), 142226), 'avg_bucket': (2, 9)}
{'path': '1326.jpg', 'num': 1326, 'avg': (0.3913411989039382, 0.6410454070176547, 0.2183652950103726), 'mode_bucket': ((0, 12), 77995), 'avg_bucket': (5, 8)}
{'path': '414.jpg', 'num': 414, 'avg': (0.3975155556476334, 0.23909776066952726, 0.32907053695951), 'mode_bucket': ((0, 0), 179096), 'avg_bucket': (5, 3)}
{'path': '494.jpg', 'num': 494, 'avg': (0.6308025329735328, 0.14528347933351085, 0.5360029392584144), 'mode_bucket': ((11, 1), 220915), 'avg_bucket': (8, 2)}
{'path': '626.jpg', 'num': 626, 'avg': (0.35092936420115617, 0.3378561354628212, 0.13375628701960873), 'mode_bucket': ((0, 0), 115387), 'avg_bucket': (5, 5)}
{'path': '1434.jpg', 'num': 1434, 'avg': (0.32271284327093747, 0.6073931735421645, 0.16249739902503826), 'mode_bucket': ((0, 12), 219912), 'avg_bucket': (4, 8)}
{'path': '750.jpg', 'num': 750, 'avg': (0.38969212447832835, 0.361376475103426, 0.42462049164222315), 'mode_bucket': ((1, 4), 67644), 'avg_bucket': (5, 5)}
{'path': '242.jpg', 'num': 242, 'avg': (0.34913721572419604, 0.19742096484237695, 0.10042362387721428), 'mode_bucket': ((0, 0), 193064), 'avg_bucket': (5, 3)}
{'path': '1090.jpg', 'num': 1090, 'avg': (0.3115534657003059, 0.44378060570091077, 0.05294334129107541), 'mode_bucket': ((4, 6), 271261), 'avg_bucket': (4, 6)}
{'path': '326.jpg', 'num': 326, 'avg': (0.5530350578070018, 0.2091163665289437, 0.5593512561266029), 'mode_bucket': ((6, 1), 111657), 'avg_bucket': (7, 3)}
{'path': '178.jpg', 'num': 178, 'avg': (0.18517588410372987, 0.2850171988496625, 0.5277464011855499), 'mode_bucket': ((2, 4), 66614), 'avg_bucket': (3, 4)}
{'path': '1078.jpg', 'num': 1078, 'avg': (0.614262589434081, 0.4468662929083098, 0.20431929444947936), 'mode_bucket': ((8, 8), 39280), 'avg_bucket': (8, 6)}
{'path': '822.jpg', 'num': 822, 'avg': (0.6056002971943892, 0.3117866493385429, 0.40369511357129767), 'mode_bucket': ((8, 4), 429576), 'avg_bucket': (8, 4)}
{'path': '982.jpg', 'num': 982, 'avg': (0.517277135847877, 0.4259838459865918, 0.16461770982244406), 'mode_bucket': ((0, 0), 86269), 'avg_bucket': (7, 6)}
{'path': '1734.jpg', 'num': 1734, 'avg': (0.0, 0.0, 0.0), 'mode_bucket': ((0, 0), 737280), 'avg_bucket': (0, 0)}
{'path': '678.jpg', 'num': 678, 'avg': (0.37649005941486163, 0.2183071698937211, 0.33361873319122165), 'mode_bucket': ((3, 1), 63149), 'avg_bucket': (5, 3)}
!1210.jpg
{'path': '1290.jpg', 'num': 1290, 'avg': (0.47711271708905545, 0.3288183468384082, 0.27108766510074256), 'mode_bucket': ((8, 2), 54074), 'avg_bucket': (6, 4)}
{'path': '374.jpg', 'num': 374, 'avg': (0.22978054844749482, 0.29558814605142425, 0.09697422534511127), 'mode_bucket': ((2, 4), 213192), 'avg_bucket': (3, 4)}
{'path': '702.jpg', 'num': 702, 'avg': (0.47384408852295584, 0.4677233655594644, 0.15504872174600007), 'mode_bucket': ((7, 7), 48206), 'avg_bucket': (6, 6)}
{'path': '1566.jpg', 'num': 1566, 'avg': (0.466962845499817, 0.18960880993463114, 0.5772697099684225), 'mode_bucket': ((6, 2), 216110), 'avg_bucket': (6, 3)}
{'path': '1046.jpg', 'num': 1046, 'avg': (0.0, 0.0, 0.0), 'mode_bucket': ((0, 0), 737280), 'avg_bucket': (0, 0)}
{'path': '1614.jpg', 'num': 1614, 'avg': (0.6167711191699391, 0.07618068001845035, 0.7422026590614837), 'mode_bucket': ((9, 1), 465072), 'avg_bucket': (8, 1)}
{'path': '154.jpg', 'num': 154, 'avg': (0.22012520118288761, 0.2841851282515019, 0.5368513412310191), 'mode_bucket': ((6, 2), 89399), 'avg_bucket': (3, 4)}
{'path': '782.jpg', 'num': 782, 'avg': (0.23347892111085894, 0.31718458307097036, 0.12814614289688644), 'mode_bucket': ((0, 0), 306989), 'avg_bucket': (3, 4)}
{'path': '474.jpg', 'num': 474, 'avg': (0.6098281223044351, 0.27652146406417, 0.30312125544645374), 'mode_bucket': ((2, 1), 38779), 'avg_bucket': (8, 4)}
{'path': '962.jpg', 'num': 962, 'avg': (0.4322945448702263, 0.3276253574304272, 0.22749964894816624), 'mode_bucket': ((7, 2), 38871), 'avg_bucket': (6, 4)}
{'path': '1638.jpg', 'num': 1638, 'avg': (0.5362604725208694, 0.48000644767679457, 0.3486169087873807), 'mode_bucket': ((7, 3), 160122), 'avg_bucket': (7, 6)}
{'path': '1034.jpg', 'num': 1034, 'avg': (0.0, 0.0, 0.0), 'mode_bucket': ((0, 0), 737280), 'avg_bucket': (0, 0)}
{'path': '390.jpg', 'num': 390, 'avg': (0.3005860252828893, 0.15618382532755568, 0.47684690521164574), 'mode_bucket': ((2, 1), 146523), 'avg_bucket': (4, 2)}
{'path': '2.jpg', 'num': 2, 'avg': (0.0, 0.0, 0.0), 'mode_bucket': ((0, 0), 737280), 'avg_bucket': (0, 0)}
{'path': '666.jpg', 'num': 666, 'avg': (0.429018280369025, 0.19428041170251914, 0.3773077831396961), 'mode_bucket': ((3, 2), 62063), 'avg_bucket': (6, 3)}
{'path': '850.jpg', 'num': 850, 'avg': (0.5351219999239968, 0.39713333088402586, 0.16265878714777254), 'mode_bucket': ((5, 4), 144402), 'avg_bucket': (7, 5)}
{'path': '1006.jpg', 'num': 1006, 'avg': (0.7374004350636422, 0.6718257196440677, 0.16944501889309058), 'mode_bucket': ((12, 12), 236324), 'avg_bucket': (9, 9)}
{'path': '586.jpg', 'num': 586, 'avg': (0.2934550732289195, 0.34809365469214004, 0.08268923823896272), 'mode_bucket': ((0, 0), 113601), 'avg_bucket': (4, 5)}
{'path': '562.jpg', 'num': 562, 'avg': (0.27690377226009744, 0.2522458987960837, 0.0717125799970946), 'mode_bucket': ((0, 0), 364826), 'avg_bucket': (4, 4)}
{'path': '322.jpg', 'num': 322, 'avg': (0.5580882345265176, 0.33877838611210165, 0.5087168787872038), 'mode_bucket': ((12, 12), 116261), 'avg_bucket': (7, 5)}
{'path': '1374.jpg', 'num': 1374, 'avg': (5.7870370370370345e-05, 6.279825129024526e-05, 0.00025684232026143084), 'mode_bucket': ((0, 0), 737216), 'avg_bucket': (1, 1)}
{'path': '122.jpg', 'num': 122, 'avg': (0.3498615744972798, 0.2881088535034936, 0.22981814448825785), 'mode_bucket': ((2, 6), 105813), 'avg_bucket': (5, 4)}
{'path': '1482.jpg', 'num': 1482, 'avg': (0.3078511720561311, 0.3975022862017598, 0.13042242710872443), 'mode_bucket': ((0, 0), 370774), 'avg_bucket': (4, 5)}
{'path': '1474.jpg', 'num': 1474, 'avg': (0.1944935339442713, 0.2922476361830239, 0.19632801862067367), 'mode_bucket': ((0, 0), 251499), 'avg_bucket': (3, 4)}
{'path': '1402.jpg', 'num': 1402, 'avg': (0.07755722684701401, 0.1180731967740718, 0.012677121629905468), 'mode_bucket': ((0, 0), 649584), 'avg_bucket': (1, 2)}
{'path': '902.jpg', 'num': 902, 'avg': (0.5452232670202082, 0.1932859105363712, 0.40098064746743584), 'mode_bucket': ((0, 0), 77077), 'avg_bucket': (7, 3)}
{'path': '1670.jpg', 'num': 1670, 'avg': (0.04136325989282067, 0.07312221349789606, 0.02731764982471139), 'mode_bucket': ((0, 0), 643504), 'avg_bucket': (1, 1)}
{'path': '506.jpg', 'num': 506, 'avg': (0.4992685478602795, 0.1868325925947144, 0.3862959133308932), 'mode_bucket': ((2, 1), 71186), 'avg_bucket': (6, 3)}
!1206.jpg
{'path': '306.jpg', 'num': 306, 'avg': (0.5101600797447069, 0.4238310284156515, 0.31337826265436236), 'mode_bucket': ((8, 10), 88793), 'avg_bucket': (7, 6)}
{'path': '1518.jpg', 'num': 1518, 'avg': (0.4091204734761564, 0.9800350262733935, 0.23248741000484957), 'mode_bucket': ((0, 12), 173074), 'avg_bucket': (5, 12)}
{'path': '318.jpg', 'num': 318, 'avg': (0.544834132740487, 0.297018240200889, 0.20898499199998508), 'mode_bucket': ((8, 4), 90680), 'avg_bucket': (7, 4)}
{'path': '1254.jpg', 'num': 1254, 'avg': (0.48344125830891627, 0.5759981138789567, 0.29197457639683183), 'mode_bucket': ((12, 12), 122493), 'avg_bucket': (6, 7)}
{'path': '1278.jpg', 'num': 1278, 'avg': (0.6088961339926322, 0.9068112693441358, 0.4410383901828202), 'mode_bucket': ((12, 12), 400453), 'avg_bucket': (8, 11)}
{'path': '1142.jpg', 'num': 1142, 'avg': (0.32244406666374215, 0.32986282388831206, 0.09207955686648547), 'mode_bucket': ((2, 4), 89494), 'avg_bucket': (4, 4)}
{'path': '826.jpg', 'num': 826, 'avg': (0.5996504966375513, 0.2670262304196189, 0.480039860345437), 'mode_bucket': ((8, 4), 325514), 'avg_bucket': (8, 4)}
{'path': '846.jpg', 'num': 846, 'avg': (0.43499721316630663, 0.42586666091043757, 0.15661551415272548), 'mode_bucket': ((0, 0), 39735), 'avg_bucket': (6, 6)}
{'path': '674.jpg', 'num': 674, 'avg': (0.4775562921525295, 0.24149734265438497, 0.24698035811441374), 'mode_bucket': ((5, 3), 99706), 'avg_bucket': (6, 3)}
{'path': '770.jpg', 'num': 770, 'avg': (0.6168293513590377, 0.3391329783214446, 0.3835908352054086), 'mode_bucket': ((8, 4), 162256), 'avg_bucket': (8, 5)}
{'path': '842.jpg', 'num': 842, 'avg': (0.59906648450829, 0.28177344855371494, 0.37863153594673715), 'mode_bucket': ((8, 2), 129538), 'avg_bucket': (8, 4)}
{'path': '1442.jpg', 'num': 1442, 'avg': (0.46902634045411157, 0.9498781434357297, 0.5613539592250116), 'mode_bucket': ((12, 12), 334542), 'avg_bucket': (6, 12)}
{'path': '1134.jpg', 'num': 1134, 'avg': (0.5425346583407662, 0.5671831426592421, 0.06170709614186445), 'mode_bucket': ((8, 6), 62357), 'avg_bucket': (7, 7)}
{'path': '394.jpg', 'num': 394, 'avg': (0.321519409548536, 0.244034419563824, 0.3885861385568138), 'mode_bucket': ((2, 6), 77680), 'avg_bucket': (4, 3)}
{'path': '1298.jpg', 'num': 1298, 'avg': (0.6810260254459395, 0.2703023546585315, 0.3918117096008368), 'mode_bucket': ((9, 1), 154748), 'avg_bucket': (9, 4)}
{'path': '642.jpg', 'num': 642, 'avg': (0.4444226996306176, 0.3600764809362448, 0.3975902150129074), 'mode_bucket': ((8, 5), 108726), 'avg_bucket': (6, 5)}
{'path': '726.jpg', 'num': 726, 'avg': (0.24845558311891935, 0.6079689189687826, 0.18283371736313644), 'mode_bucket': ((2, 12), 115041), 'avg_bucket': (3, 8)}
{'path': '538.jpg', 'num': 538, 'avg': (0.5821147797332303, 0.6190014115109778, 0.17628836571567114), 'mode_bucket': ((7, 9), 108514), 'avg_bucket': (7, 8)}
{'path': '690.jpg', 'num': 690, 'avg': (0.4016444716638692, 0.296278079416358, 0.42318562559607237), 'mode_bucket': ((2, 3), 108213), 'avg_bucket': (5, 4)}
{'path': '454.jpg', 'num': 454, 'avg': (0.8935973324549377, 0.8319123055637285, 0.25706944018959943), 'mode_bucket': ((12, 12), 342079), 'avg_bucket': (11, 10)}
{'path': '1742.jpg', 'num': 1742, 'avg': (0.0, 0.0, 0.0), 'mode_bucket': ((0, 0), 737280), 'avg_bucket': (0, 0)}
{'path': '134.jpg', 'num': 134, 'avg': (0.11497181234193235, 0.3291601046281803, 0.2727485447315135), 'mode_bucket': ((2, 4), 78957), 'avg_bucket': (2, 4)}
{'path': '266.jpg', 'num': 266, 'avg': (0.45661855846787086, 0.23098739606253027, 0.12466395824784651), 'mode_bucket': ((0, 0), 143435), 'avg_bucket': (6, 3)}
{'path': '834.jpg', 'num': 834, 'avg': (0.6997994887589303, 0.21699539023863312, 0.4469189985020999), 'mode_bucket': ((12, 2), 294353), 'avg_bucket': (9, 3)}
{'path': '34.jpg', 'num': 34, 'avg': (0.5137323598652915, 0.5533553078795481, 0.31085581660961775), 'mode_bucket': ((12, 11), 129405), 'avg_bucket': (7, 7)}
{'path': '138.jpg', 'num': 138, 'avg': (0.1204207051260128, 0.3085985355970949, 0.2623879240292389), 'mode_bucket': ((2, 2), 78491), 'avg_bucket': (2, 4)}
{'path': '1578.jpg', 'num': 1578, 'avg': (0.5964498481424139, 0.41091605823376465, 0.486722989219181), 'mode_bucket': ((7, 3), 143657), 'avg_bucket': (8, 5)}
{'path': '250.jpg', 'num': 250, 'avg': (0.4990895567941669, 0.284218625863086, 0.1181229628356819), 'mode_bucket': ((0, 0), 86382), 'avg_bucket': (6, 4)}
{'path': '706.jpg', 'num': 706, 'avg': (0.5337154438560578, 0.42299910216232744, 0.19251880786978692), 'mode_bucket': ((8, 4), 188949), 'avg_bucket': (7, 6)}
{'path': '378.jpg', 'num': 378, 'avg': (0.25946698601738916, 0.41013566435573545, 0.1577197691146042), 'mode_bucket': ((1, 8), 46586), 'avg_bucket': (4, 5)}
{'path': '1122.jpg', 'num': 1122, 'avg': (0.26393614821279016, 0.4874733432870905, 0.04555244927873894), 'mode_bucket': ((0, 0), 210578), 'avg_bucket': (4, 6)}
{'path': '310.jpg', 'num': 310, 'avg': (0.5603694920086808, 0.3160832900011833, 0.2095841737301283), 'mode_bucket': ((8, 4), 97170), 'avg_bucket': (7, 4)}
{'path': '990.jpg', 'num': 990, 'avg': (0.5171067432864712, 0.4420996532577443, 0.16783205784461946), 'mode_bucket': ((0, 0), 62040), 'avg_bucket': (7, 6)}
{'path': '882.jpg', 'num': 882, 'avg': (0.26121888911138136, 0.35716477152499965, 0.058702629272744465), 'mode_bucket': ((0, 0), 205327), 'avg_bucket': (4, 5)}
{'path': '1282.jpg', 'num': 1282, 'avg': (0.1982584681748323, 0.5160669026224837, 0.09195337499162384), 'mode_bucket': ((0, 0), 326200), 'avg_bucket': (3, 7)}
{'path': '498.jpg', 'num': 498, 'avg': (0.5700429669202819, 0.2236585176962787, 0.3375546364376397), 'mode_bucket': ((11, 2), 56377), 'avg_bucket': (7, 3)}
{'path': '1710.jpg', 'num': 1710, 'avg': (0.0, 0.0, 0.0), 'mode_bucket': ((0, 0), 737280), 'avg_bucket': (0, 0)}
{'path': '1330.jpg', 'num': 1330, 'avg': (0.4736989739402532, 0.9235104168175211, 0.2714273982163762), 'mode_bucket': ((12, 12), 283728), 'avg_bucket': (6, 12)}
{'path': '78.jpg', 'num': 78, 'avg': (0.24617697591451917, 0.23538433432781258, 0.2511299881283932), 'mode_bucket': ((1, 4), 78788), 'avg_bucket': (3, 3)}
{'path': '346.jpg', 'num': 346, 'avg': (0.5807431695206344, 0.34716689738390794, 0.48503606791950876), 'mode_bucket': ((12, 12), 118622), 'avg_bucket': (7, 5)}
{'path': '1562.jpg', 'num': 1562, 'avg': (0.5073282599760343, 0.268219806520256, 0.5073857751652595), 'mode_bucket': ((6, 2), 227873), 'avg_bucket': (7, 4)}
{'path': '958.jpg', 'num': 958, 'avg': (0.4820610702187311, 0.41193751138188, 0.2554684255425042), 'mode_bucket': ((8, 5), 104047), 'avg_bucket': (6, 5)}
{'path': '806.jpg', 'num': 806, 'avg': (0.3754311727336492, 0.40856352218165504, 0.2449164975235363), 'mode_bucket': ((6, 3), 81667), 'avg_bucket': (5, 5)}
{'path': '1050.jpg', 'num': 1050, 'avg': (0.32901770116049694, 0.3832357279669021, 0.166870048041915), 'mode_bucket': ((2, 3), 76969), 'avg_bucket': (4, 5)}
{'path': '1310.jpg', 'num': 1310, 'avg': (0.5662789831664777, 0.9722594647325143, 0.28573792168781487), 'mode_bucket': ((12, 12), 335534), 'avg_bucket': (7, 12)}
!1214.jpg
{'path': '26.jpg', 'num': 26, 'avg': (0.32604732370563033, 0.6728670955441213, 0.32972078078061984), 'mode_bucket': ((7, 12), 83280), 'avg_bucket': (4, 9)}
{'path': '1490.jpg', 'num': 1490, 'avg': (0.3038355807136598, 0.36438794239710093, 0.03785712082147963), 'mode_bucket': ((0, 0), 408344), 'avg_bucket': (4, 5)}
{'path': '418.jpg', 'num': 418, 'avg': (0.4142884944320599, 0.28382897590308537, 0.10661040262365236), 'mode_bucket': ((5, 4), 274310), 'avg_bucket': (5, 4)}
{'path': '1386.jpg', 'num': 1386, 'avg': (0.017679237674186627, 0.02613694782038747, 0.004035649850217091), 'mode_bucket': ((0, 0), 712587), 'avg_bucket': (1, 1)}
{'path': '838.jpg', 'num': 838, 'avg': (0.5358909664693197, 0.2796350500164253, 0.3485578682428102), 'mode_bucket': ((7, 4), 194500), 'avg_bucket': (7, 4)}
{'path': '1666.jpg', 'num': 1666, 'avg': (0.03140159004706466, 0.049539361389101304, 0.02279458571624726), 'mode_bucket': ((0, 0), 671689), 'avg_bucket': (1, 1)}
{'path': '234.jpg', 'num': 234, 'avg': (0.475504965123053, 0.17527784754176234, 0.1348233145254284), 'mode_bucket': ((2, 4), 81589), 'avg_bucket': (6, 3)}
{'path': '54.jpg', 'num': 54, 'avg': (0.23743735334542618, 0.3141619255925569, 0.22565750421280903), 'mode_bucket': ((1, 6), 60408), 'avg_bucket': (3, 4)}
{'path': '682.jpg', 'num': 682, 'avg': (0.451980774539372, 0.3661939001795712, 0.167650728911255), 'mode_bucket': ((0, 0), 148045), 'avg_bucket': (6, 5)}
{'path': '1558.jpg', 'num': 1558, 'avg': (0.5772348151122588, 0.28302294683843704, 0.5334182666127754), 'mode_bucket': ((7, 2), 203181), 'avg_bucket': (7, 4)}
{'path': '74.jpg', 'num': 74, 'avg': (0.23788627956350114, 0.29592243360237525, 0.24465731485585554), 'mode_bucket': ((0, 0), 110559), 'avg_bucket': (3, 4)}
{'path': '146.jpg', 'num': 146, 'avg': (0.250408945135747, 0.3685213634930116, 0.4319632629534834), 'mode_bucket': ((6, 3), 77270), 'avg_bucket': (4, 5)}
{'path': '1602.jpg', 'num': 1602, 'avg': (0.4970922404479524, 0.33646865943627147, 0.4138259123087994), 'mode_bucket': ((7, 5), 267978), 'avg_bucket': (6, 5)}
{'path': '1586.jpg', 'num': 1586, 'avg': (0.5650998105157663, 0.39168857961771103, 0.5878446637989533), 'mode_bucket': ((8, 6), 303001), 'avg_bucket': (7, 5)}
{'path': '1590.jpg', 'num': 1590, 'avg': (0.5731033337435357, 0.4364467864303493, 0.5931699293213726), 'mode_bucket': ((8, 7), 269075), 'avg_bucket': (7, 6)}
{'path': '1350.jpg', 'num': 1350, 'avg': (0.3124089335460852, 0.9561263631587488, 0.2179794889958069), 'mode_bucket': ((1, 12), 272016), 'avg_bucket': (4, 12)}
{'path': '1594.jpg', 'num': 1594, 'avg': (0.5782703661450196, 0.4380479502680943, 0.5998411596635181), 'mode_bucket': ((8, 7), 277257), 'avg_bucket': (7, 6)}
{'path': '1726.jpg', 'num': 1726, 'avg': (0.0, 0.0, 0.0), 'mode_bucket': ((0, 0), 737280), 'avg_bucket': (0, 0)}
{'path': '1286.jpg', 'num': 1286, 'avg': (0.44386288893211223, 0.28743035163887265, 0.31660448261350005), 'mode_bucket': ((6, 3), 43624), 'avg_bucket': (6, 4)}
{'path': '1414.jpg', 'num': 1414, 'avg': (0.04350210897730237, 0.051008306816099275, 0.021420930351329213), 'mode_bucket': ((0, 0), 670734), 'avg_bucket': (1, 1)}
{'path': '1618.jpg', 'num': 1618, 'avg': (0.3247525859921853, 0.3449835718726645, 0.5066055730014758), 'mode_bucket': ((6, 2), 136916), 'avg_bucket': (4, 5)}
{'path': '486.jpg', 'num': 486, 'avg': (0.568112230976392, 0.25543224590525054, 0.39160123272392283), 'mode_bucket': ((7, 5), 179325), 'avg_bucket': (7, 4)}
{'path': '446.jpg', 'num': 446, 'avg': (0.5396237374904882, 0.6686647075508793, 0.12396555117272935), 'mode_bucket': ((2, 6), 196654), 'avg_bucket': (7, 9)}
{'path': '450.jpg', 'num': 450, 'avg': (0.9007991713699792, 0.8480062318908621, 0.2696425547218168), 'mode_bucket': ((12, 12), 374467), 'avg_bucket': (11, 11)}
{'path': '1250.jpg', 'num': 1250, 'avg': (0.2931709112583615, 0.3634654866874499, 0.1879940576489622), 'mode_bucket': ((0, 0), 213103), 'avg_bucket': (4, 5)}
{'path': '1030.jpg', 'num': 1030, 'avg': (0.0, 0.0, 0.0), 'mode_bucket': ((0, 0), 737280), 'avg_bucket': (0, 0)}
{'path': '126.jpg', 'num': 126, 'avg': (0.35126820408299186, 0.28515542207814487, 0.22519130731677528), 'mode_bucket': ((2, 6), 104825), 'avg_bucket': (5, 4)}
{'path': '1054.jpg', 'num': 1054, 'avg': (0.09865119047320893, 0.09675535318597596, 0.11070253991354383), 'mode_bucket': ((0, 0), 523142), 'avg_bucket': (2, 2)}
{'path': '114.jpg', 'num': 114, 'avg': (0.12734593701083657, 0.5378574589839346, 0.16781202661189268), 'mode_bucket': ((2, 12), 116541), 'avg_bucket': (2, 7)}
{'path': '254.jpg', 'num': 254, 'avg': (0.5658818262213308, 0.2369615476956872, 0.13446858724017843), 'mode_bucket': ((8, 3), 160633), 'avg_bucket': (7, 3)}
{'path': '950.jpg', 'num': 950, 'avg': (0.33286027684370256, 0.4663395582096632, 0.2650023456645387), 'mode_bucket': ((7, 4), 132754), 'avg_bucket': (4, 6)}
{'path': '670.jpg', 'num': 670, 'avg': (0.464917288010172, 0.2226186423933676, 0.2268302196100141), 'mode_bucket': ((5, 3), 106139), 'avg_bucket': (6, 3)}
{'path': '1470.jpg', 'num': 1470, 'avg': (0.3588368691213757, 0.46676477512536535, 0.02326417611323391), 'mode_bucket': ((0, 0), 366378), 'avg_bucket': (5, 6)}
{'path': '1426.jpg', 'num': 1426, 'avg': (0.35917511798454643, 0.303183678260153, 0.13229535803032696), 'mode_bucket': ((0, 0), 310979), 'avg_bucket': (5, 4)}
{'path': '1510.jpg', 'num': 1510, 'avg': (0.4600940894745916, 0.907571532283543, 0.12488737085581311), 'mode_bucket': ((9, 12), 177992), 'avg_bucket': (6, 11)}
{'path': '1002.jpg', 'num': 1002, 'avg': (0.516081542522041, 0.44735244997820334, 0.16542844818022753), 'mode_bucket': ((0, 0), 82170), 'avg_bucket': (7, 6)}
{'path': '970.jpg', 'num': 970, 'avg': (0.5612214822813952, 0.17835429166371222, 0.3825123187297205), 'mode_bucket': ((8, 2), 122318), 'avg_bucket': (7, 3)}
{'path': '658.jpg', 'num': 658, 'avg': (0.6034164316500411, 0.5169608664722974, 0.21820375795691888), 'mode_bucket': ((12, 6), 39634), 'avg_bucket': (8, 7)}
{'path': '878.jpg', 'num': 878, 'avg': (0.2770689300090351, 0.3832168149971876, 0.09117216754373006), 'mode_bucket': ((2, 4), 117036), 'avg_bucket': (4, 5)}
{'path': '1130.jpg', 'num': 1130, 'avg': (0.5729579168431209, 0.4845780623087197, 0.09548031875538406), 'mode_bucket': ((12, 11), 115439), 'avg_bucket': (7, 6)}
{'path': '398.jpg', 'num': 398, 'avg': (0.7651871061798243, 0.8084362988015201, 0.21948258676296406), 'mode_bucket': ((12, 12), 293652), 'avg_bucket': (10, 10)}
{'path': '534.jpg', 'num': 534, 'avg': (0.5952996521157317, 0.5924564803783599, 0.17114057819365208), 'mode_bucket': ((7, 9), 103890), 'avg_bucket': (8, 8)}
{'path': '978.jpg', 'num': 978, 'avg': (0.3406841615818614, 0.20203428724365932, 0.3377807298040195), 'mode_bucket': ((2, 1), 43989), 'avg_bucket': (5, 3)}
{'path': '1478.jpg', 'num': 1478, 'avg': (0.21909729467987912, 0.8626767228466677, 0.04907760055019964), 'mode_bucket': ((0, 12), 305574), 'avg_bucket': (3, 11)}
{'path': '1366.jpg', 'num': 1366, 'avg': (0.3272438765378307, 0.8736949637145939, 0.20881385952829487), 'mode_bucket': ((0, 12), 241780), 'avg_bucket': (4, 11)}
{'path': '1606.jpg', 'num': 1606, 'avg': (0.4696521163392907, 0.2216416257181006, 0.5925848747712397), 'mode_bucket': ((6, 3), 129731), 'avg_bucket': (6, 3)}
{'path': '634.jpg', 'num': 634, 'avg': (0.3939126744132811, 0.5242764978614537, 0.09128248825613029), 'mode_bucket': ((4, 9), 107080), 'avg_bucket': (5, 7)}
{'path': '158.jpg', 'num': 158, 'avg': (0.2236523768048398, 0.28256530774007393, 0.5299310129866446), 'mode_bucket': ((6, 2), 96144), 'avg_bucket': (3, 4)}
{'path': '130.jpg', 'num': 130, 'avg': (0.12300877397521792, 0.33550027487605705, 0.2579625161703014), 'mode_bucket': ((2, 4), 70553), 'avg_bucket': (2, 5)}
{'path': '818.jpg', 'num': 818, 'avg': (0.4901141375294342, 0.39936490534964675, 0.21849622140461453), 'mode_bucket': ((8, 8), 65303), 'avg_bucket': (6, 5)}
{'path': '998.jpg', 'num': 998, 'avg': (0.5128289481588967, 0.44305854605761624, 0.16761970337161675), 'mode_bucket': ((0, 0), 78226), 'avg_bucket': (7, 6)}
{'path': '1246.jpg', 'num': 1246, 'avg': (0.2949932101780291, 0.32713044435967964, 0.19209754561529951), 'mode_bucket': ((0, 0), 214299), 'avg_bucket': (4, 4)}
{'path': '102.jpg', 'num': 102, 'avg': (0.3364119538253434, 0.3490945555361947, 0.05854122519265183), 'mode_bucket': ((0, 0), 128112), 'avg_bucket': (5, 5)}
{'path': '914.jpg', 'num': 914, 'avg': (0.275707553430553, 0.5355198781352766, 0.12407552083374628), 'mode_bucket': ((3, 12), 126835), 'avg_bucket': (4, 7)}
{'path': '1646.jpg', 'num': 1646, 'avg': (0.5474086021255071, 0.4030128505258005, 0.5082075131464998), 'mode_bucket': ((8, 12), 129481), 'avg_bucket': (7, 5)}
{'path': '1010.jpg', 'num': 1010, 'avg': (0.5130535440442006, 0.46769766076713465, 0.1634836686408204), 'mode_bucket': ((0, 0), 97715), 'avg_bucket': (7, 6)}
!1222.jpg
{'path': '482.jpg', 'num': 482, 'avg': (0.6255667988273443, 0.23730460885616247, 0.4401295753758357), 'mode_bucket': ((8, 1), 82910), 'avg_bucket': (8, 3)}
{'path': '98.jpg', 'num': 98, 'avg': (0.4778593946795981, 0.3598381264738961, 0.07734086711979865), 'mode_bucket': ((5, 4), 75494), 'avg_bucket': (6, 5)}
{'path': '754.jpg', 'num': 754, 'avg': (0.34934519699942007, 0.15352831304053208, 0.4288260399643325), 'mode_bucket': ((1, 2), 82282), 'avg_bucket': (5, 2)}
{'path': '1394.jpg', 'num': 1394, 'avg': (0.3637226590405412, 0.2596482724249216, 0.2659127082908954), 'mode_bucket': ((0, 0), 325335), 'avg_bucket': (5, 4)}
{'path': '602.jpg', 'num': 602, 'avg': (0.407956405508102, 0.5208814519765983, 0.08730538428493603), 'mode_bucket': ((0, 0), 70819), 'avg_bucket': (5, 7)}
{'path': '58.jpg', 'num': 58, 'avg': (0.1607532097637041, 0.35573224502306383, 0.41366048177096437), 'mode_bucket': ((2, 4), 68239), 'avg_bucket': (2, 5)}
{'path': '1074.jpg', 'num': 1074, 'avg': (0.6771416563580211, 0.3220585569497968, 0.23572631569970773), 'mode_bucket': ((9, 5), 60497), 'avg_bucket': (9, 4)}
{'path': '1714.jpg', 'num': 1714, 'avg': (0.0, 0.0, 0.0), 'mode_bucket': ((0, 0), 737280), 'avg_bucket': (0, 0)}
{'path': '594.jpg', 'num': 594, 'avg': (0.4569735783774484, 0.29243342688113727, 0.15022668377279505), 'mode_bucket': ((12, 4), 37383), 'avg_bucket': (6, 4)}
{'path': '1354.jpg', 'num': 1354, 'avg': (0.7500185584954568, 0.9480809820810475, 0.3777146841809084), 'mode_bucket': ((12, 12), 486048), 'avg_bucket': (10, 12)}
{'path': '370.jpg', 'num': 370, 'avg': (0.5530053665023188, 0.27866098791341715, 0.48310113379025177), 'mode_bucket': ((12, 12), 75057), 'avg_bucket': (7, 4)}
{'path': '110.jpg', 'num': 110, 'avg': (0.1257535366072352, 0.48215917085018234, 0.19688460605610186), 'mode_bucket': ((2, 5), 92246), 'avg_bucket': (2, 6)}
{'path': '238.jpg', 'num': 238, 'avg': (0.438766470307672, 0.1930897778197429, 0.12737764778212096), 'mode_bucket': ((2, 4), 75801), 'avg_bucket': (6, 3)}
{'path': '662.jpg', 'num': 662, 'avg': (0.586766149259842, 0.42700858707410844, 0.33318119489577847), 'mode_bucket': ((8, 6), 166744), 'avg_bucket': (8, 6)}
{'path': '1630.jpg', 'num': 1630, 'avg': (0.4788618036155299, 0.18179832312659513, 0.5571617615147648), 'mode_bucket': ((7, 2), 107932), 'avg_bucket': (6, 3)}
{'path': '1106.jpg', 'num': 1106, 'avg': (0.5549602985355028, 0.49093422161277334, 0.16368625748966664), 'mode_bucket': ((12, 8), 70863), 'avg_bucket': (7, 6)}
{'path': '330.jpg', 'num': 330, 'avg': (0.5764062481891868, 0.33059499598134384, 0.49044923470657004), 'mode_bucket': ((12, 12), 109544), 'avg_bucket': (7, 4)}
{'path': '406.jpg', 'num': 406, 'avg': (0.27852220817906415, 0.4014545946744518, 0.2414046489903341), 'mode_bucket': ((2, 8), 67128), 'avg_bucket': (4, 5)}
{'path': '430.jpg', 'num': 430, 'avg': (0.7516758545119231, 0.5552208376837902, 0.16750969647969696), 'mode_bucket': ((11, 3), 79842), 'avg_bucket': (10, 7)}
{'path': '890.jpg', 'num': 890, 'avg': (0.36887238135900385, 0.29115513044527486, 0.07952764374026432), 'mode_bucket': ((0, 0), 135907), 'avg_bucket': (5, 4)}
{'path': '1446.jpg', 'num': 1446, 'avg': (0.6976676051698114, 0.6210494913660256, 0.6199943193438779), 'mode_bucket': ((7, 12), 97993), 'avg_bucket': (9, 8)}
{'path': '1198.jpg', 'num': 1198, 'avg': (0.3050736474086429, 0.6886543139575542, 0.1305309234154632), 'mode_bucket': ((0, 0), 168396), 'avg_bucket': (4, 9)}
{'path': '1234.jpg', 'num': 1234, 'avg': (0.43933781891946055, 0.5226246952478218, 0.10617605570881967), 'mode_bucket': ((0, 0), 245844), 'avg_bucket': (6, 7)}
{'path': '614.jpg', 'num': 614, 'avg': (0.3007728480759127, 0.3297684735488573, 0.16468947333738493), 'mode_bucket': ((2, 3), 64875), 'avg_bucket': (4, 4)}
{'path': '270.jpg', 'num': 270, 'avg': (0.4587630843000338, 0.31597723985372217, 0.1710423049429215), 'mode_bucket': ((0, 0), 88678), 'avg_bucket': (6, 4)}
{'path': '510.jpg', 'num': 510, 'avg': (0.5685101586411173, 0.22909429077973392, 0.3396182736334755), 'mode_bucket': ((12, 3), 50179), 'avg_bucket': (7, 3)}
{'path': '918.jpg', 'num': 918, 'avg': (0.3922029091390683, 0.4080305617119767, 0.17779045819668243), 'mode_bucket': ((0, 0), 135628), 'avg_bucket': (5, 5)}
{'path': '710.jpg', 'num': 710, 'avg': (0.3250184765584347, 0.5094336594888202, 0.14813521773750837), 'mode_bucket': ((1, 12), 80858), 'avg_bucket': (4, 7)}
{'path': '854.jpg', 'num': 854, 'avg': (0.7131150752433014, 0.2302803429163083, 0.3500658169077156), 'mode_bucket': ((9, 2), 76150), 'avg_bucket': (9, 3)}
{'path': '542.jpg', 'num': 542, 'avg': (0.5899786181403178, 0.6860743814079584, 0.17289127923341058), 'mode_bucket': ((7, 10), 101009), 'avg_bucket': (8, 9)}
{'path': '1746.jpg', 'num': 1746, 'avg': (0.0, 0.0, 0.0), 'mode_bucket': ((0, 0), 737280), 'avg_bucket': (0, 0)}
{'path': '1702.jpg', 'num': 1702, 'avg': (0.0, 0.0, 0.0), 'mode_bucket': ((0, 0), 737280), 'avg_bucket': (0, 0)}
{'path': '442.jpg', 'num': 442, 'avg': (0.44853133759483077, 0.2741789096401638, 0.1924364011019324), 'mode_bucket': ((0, 0), 89517), 'avg_bucket': (6, 4)}
{'path': '302.jpg', 'num': 302, 'avg': (0.48238780273373316, 0.4115750826298835, 0.31173874931865964), 'mode_bucket': ((7, 4), 68452), 'avg_bucket': (6, 5)}
{'path': '10.jpg', 'num': 10, 'avg': (0.26723153387326654, 0.5478026411802582, 0.03615124804300293), 'mode_bucket': ((2, 12), 142286), 'avg_bucket': (4, 7)}
{'path': '458.jpg', 'num': 458, 'avg': (0.8773072829909784, 0.8083627699683548, 0.23975636467729827), 'mode_bucket': ((12, 12), 296117), 'avg_bucket': (11, 10)}
{'path': '1526.jpg', 'num': 1526, 'avg': (0.36169667305789716, 0.7665748269969344, 0.39771779577722793), 'mode_bucket': ((4, 12), 164269), 'avg_bucket': (5, 10)}
{'path': '1038.jpg', 'num': 1038, 'avg': (0.0, 0.0, 0.0), 'mode_bucket': ((0, 0), 737280), 'avg_bucket': (0, 0)}
{'path': '298.jpg', 'num': 298, 'avg': (0.5067975919321659, 0.18091015869792335, 0.6764482113352988), 'mode_bucket': ((6, 2), 124145), 'avg_bucket': (7, 3)}
{'path': '198.jpg', 'num': 198, 'avg': (0.24700339995819026, 0.218527925779924, 0.3757941750920416), 'mode_bucket': ((2, 4), 82650), 'avg_bucket': (3, 3)}
{'path': '906.jpg', 'num': 906, 'avg': (0.6039526546589981, 0.31155729182718345, 0.2216553159898285), 'mode_bucket': ((9, 3), 78693), 'avg_bucket': (8, 4)}
{'path': '966.jpg', 'num': 966, 'avg': (0.19114833533333667, 0.35169154604723174, 0.3088066576458654), 'mode_bucket': ((2, 5), 71695), 'avg_bucket': (3, 5)}
{'path': '1406.jpg', 'num': 1406, 'avg': (0.1764625004675802, 0.17621257285176045, 0.0606684666054224), 'mode_bucket': ((0, 0), 534466), 'avg_bucket': (3, 3)}
{'path': '1534.jpg', 'num': 1534, 'avg': (0.44777331408486076, 0.746443246685071, 0.42219944639906387), 'mode_bucket': ((8, 12), 349491), 'avg_bucket': (6, 9)}
{'path': '182.jpg', 'num': 182, 'avg': (0.2706753410699585, 0.10009307777358575, 0.2583616036476653), 'mode_bucket': ((2, 2), 100241), 'avg_bucket': (4, 2)}
!1218.jpg
{'path': '590.jpg', 'num': 590, 'avg': (0.3690421241948781, 0.347483421385343, 0.11513897399319496), 'mode_bucket': ((5, 3), 63622), 'avg_bucket': (5, 5)}
{'path': '1598.jpg', 'num': 1598, 'avg': (0.59252521939, 0.4933488040616457, 0.5682722396689559), 'mode_bucket': ((8, 7), 276282), 'avg_bucket': (8, 6)}
{'path': '546.jpg', 'num': 546, 'avg': (0.5671395454635375, 0.7290608882236458, 0.4112431225746599), 'mode_bucket': ((7, 9), 275769), 'avg_bucket': (7, 9)}
{'path': '1538.jpg', 'num': 1538, 'avg': (0.3765913339064906, 0.8741343626636151, 0.36235504216926384), 'mode_bucket': ((2, 11), 96533), 'avg_bucket': (5, 11)}
{'path': '742.jpg', 'num': 742, 'avg': (0.5992750340999616, 0.26157842178990864, 0.37105954903542865), 'mode_bucket': ((10, 1), 91523), 'avg_bucket': (8, 4)}
{'path': '554.jpg', 'num': 554, 'avg': (0.6008063773220969, 0.6490832686996371, 0.16726377399943118), 'mode_bucket': ((7, 9), 101633), 'avg_bucket': (8, 8)}
{'path': '1706.jpg', 'num': 1706, 'avg': (0.0, 0.0, 0.0), 'mode_bucket': ((0, 0), 737280), 'avg_bucket': (0, 0)}
{'path': '94.jpg', 'num': 94, 'avg': (0.4336024466204208, 0.561011717675966, 0.17173874399983932), 'mode_bucket': ((0, 0), 88220), 'avg_bucket': (6, 7)}
{'path': '1730.jpg', 'num': 1730, 'avg': (0.0, 0.0, 0.0), 'mode_bucket': ((0, 0), 737280), 'avg_bucket': (0, 0)}
{'path': '1678.jpg', 'num': 1678, 'avg': (0.008255438785003654, 0.009099501461526884, 0.0053201273999182635), 'mode_bucket': ((0, 0), 724411), 'avg_bucket': (1, 1)}
{'path': '582.jpg', 'num': 582, 'avg': (0.2791634418870992, 0.33163744159311204, 0.08302417896437544), 'mode_bucket': ((0, 0), 135155), 'avg_bucket': (4, 4)}
{'path': '230.jpg', 'num': 230, 'avg': (0.27408916588370946, 0.4155038302247105, 0.0997096481828801), 'mode_bucket': ((2, 10), 91432), 'avg_bucket': (4, 5)}
{'path': '790.jpg', 'num': 790, 'avg': (0.32511692428117184, 0.5299881806477604, 0.14319886450814984), 'mode_bucket': ((4, 8), 93301), 'avg_bucket': (4, 7)}
{'path': '578.jpg', 'num': 578, 'avg': (0.2768481400045487, 0.3878686740669992, 0.08351733770790766), 'mode_bucket': ((2, 4), 81921), 'avg_bucket': (4, 5)}
{'path': '1154.jpg', 'num': 1154, 'avg': (0.6273129676906736, 0.3689095990619506, 0.41303456158897567), 'mode_bucket': ((8, 4), 231842), 'avg_bucket': (8, 5)}
{'path': '1622.jpg', 'num': 1622, 'avg': (0.31828530229849916, 0.32310370906620317, 0.43713806019419293), 'mode_bucket': ((2, 5), 70421), 'avg_bucket': (4, 4)}
{'path': '530.jpg', 'num': 530, 'avg': (0.5273636616548905, 0.550886231893032, 0.13537436491551333), 'mode_bucket': ((7, 10), 92198), 'avg_bucket': (7, 7)}
{'path': '1462.jpg', 'num': 1462, 'avg': (0.5925923728923665, 0.8240783573115291, 0.31851559840572646), 'mode_bucket': ((8, 12), 236194), 'avg_bucket': (8, 10)}
{'path': '462.jpg', 'num': 462, 'avg': (0.6378685396003575, 0.26357416114521454, 0.31880959371575723), 'mode_bucket': ((11, 3), 37218), 'avg_bucket': (8, 4)}
{'path': '434.jpg', 'num': 434, 'avg': (0.6006435143491405, 0.5238294953929731, 0.17690319584903355), 'mode_bucket': ((8, 6), 107473), 'avg_bucket': (8, 7)}
{'path': '1494.jpg', 'num': 1494, 'avg': (0.22717036386578932, 0.2679208327730337, 0.020505945542306732), 'mode_bucket': ((0, 0), 523651), 'avg_bucket': (3, 4)}
{'path': '334.jpg', 'num': 334, 'avg': (0.5764046018546826, 0.26561419888755733, 0.4853630248760018), 'mode_bucket': ((6, 1), 61646), 'avg_bucket': (7, 4)}
{'path': '1662.jpg', 'num': 1662, 'avg': (0.01895044484306555, 0.01976874037345702, 0.013031758493330043), 'mode_bucket': ((0, 0), 708289), 'avg_bucket': (1, 1)}
{'path': '50.jpg', 'num': 50, 'avg': (0.21591126233489494, 0.3549084301390161, 0.4119983894162765), 'mode_bucket': ((1, 6), 95291), 'avg_bucket': (3, 5)}
{'path': '1162.jpg', 'num': 1162, 'avg': (0.5623603481356705, 0.362713985069381, 0.45170231970723607), 'mode_bucket': ((8, 4), 209904), 'avg_bucket': (7, 5)}
{'path': '810.jpg', 'num': 810, 'avg': (0.385682127707712, 0.4056040654256486, 0.2632001889289369), 'mode_bucket': ((7, 3), 91915), 'avg_bucket': (5, 5)}
{'path': '66.jpg', 'num': 66, 'avg': (0.14151700052778599, 0.3903097155241867, 0.2949254812600432), 'mode_bucket': ((1, 5), 94038), 'avg_bucket': (2, 5)}
{'path': '910.jpg', 'num': 910, 'avg': (0.6061636782710791, 0.2503533739344619, 0.39912443406152043), 'mode_bucket': ((10, 1), 145596), 'avg_bucket': (8, 4)}
{'path': '610.jpg', 'num': 610, 'avg': (0.4208835344159866, 0.2962803477755873, 0.2191931391695005), 'mode_bucket': ((0, 0), 128762), 'avg_bucket': (6, 4)}
{'path': '286.jpg', 'num': 286, 'avg': (0.4942857773713925, 0.14650099882668824, 0.4416165832650357), 'mode_bucket': ((6, 1), 116841), 'avg_bucket': (6, 2)}
{'path': '1086.jpg', 'num': 1086, 'avg': (0.20247663924529333, 0.25506807206251575, 0.41461551840726407), 'mode_bucket': ((1, 3), 106107), 'avg_bucket': (3, 4)}
{'path': '1530.jpg', 'num': 1530, 'avg': (0.15862906157870377, 0.5615351281195019, 0.27449030458518475), 'mode_bucket': ((1, 8), 55231), 'avg_bucket': (2, 7)}
{'path': '1634.jpg', 'num': 1634, 'avg': (0.548748737542822, 0.18302988444302895, 0.4472155575554232), 'mode_bucket': ((8, 3), 143862), 'avg_bucket': (7, 3)}
{'path': '1610.jpg', 'num': 1610, 'avg': (0.622367090550163, 0.09315421446847039, 0.7261113398289862), 'mode_bucket': ((9, 1), 446211), 'avg_bucket': (8, 2)}
{'path': '314.jpg', 'num': 314, 'avg': (0.5200576540922625, 0.40947803484982526, 0.3193215124583459), 'mode_bucket': ((8, 10), 85599), 'avg_bucket': (7, 5)}
{'path': '222.jpg', 'num': 222, 'avg': (0.45510754042387574, 0.31573311125341996, 0.14037419470801066), 'mode_bucket': ((0, 0), 144397), 'avg_bucket': (6, 4)}
{'path': '70.jpg', 'num': 70, 'avg': (0.16795685590232784, 0.2779612345794129, 0.24070974179619917), 'mode_bucket': ((2, 2), 81058), 'avg_bucket': (3, 4)}
{'path': '186.jpg', 'num': 186, 'avg': (0.3416625772774038, 0.2430488982104231, 0.4040466281983416), 'mode_bucket': ((6, 3), 182566), 'avg_bucket': (5, 3)}
{'path': '42.jpg', 'num': 42, 'avg': (0.1644498987958369, 0.3880111681406185, 0.4770238087630968), 'mode_bucket': ((1, 5), 64442), 'avg_bucket': (2, 5)}
{'path': '1306.jpg', 'num': 1306, 'avg': (0.5606145274240891, 0.9377387591698322, 0.2914565089272606), 'mode_bucket': ((12, 12), 320710), 'avg_bucket': (7, 12)}
{'path': '1694.jpg', 'num': 1694, 'avg': (0.0, 0.0, 8.510348583877995e-08), 'mode_bucket': ((0, 0), 737280), 'avg_bucket': (0, 0)}
{'path': '1466.jpg', 'num': 1466, 'avg': (0.5525029106217961, 0.5275209412994672, 0.30654731966645415), 'mode_bucket': ((7, 7), 225536), 'avg_bucket': (7, 7)}
{'path': '282.jpg', 'num': 282, 'avg': (0.6155408885283498, 0.21879016741800056, 0.6753181859749684), 'mode_bucket': ((8, 3), 275068), 'avg_bucket': (8, 3)}
{'path': '206.jpg', 'num': 206, 'avg': (0.41590224886384025, 0.3342030014222631, 0.06611156322363294), 'mode_bucket': ((0, 0), 168138), 'avg_bucket': (5, 5)}
{'path': '194.jpg', 'num': 194, 'avg': (0.19504273519506604, 0.25712905466792785, 0.3490625585084427), 'mode_bucket': ((2, 2), 60048), 'avg_bucket': (3, 4)}
{'path': '922.jpg', 'num': 922, 'avg': (0.6317299413348616, 0.24552112995668882, 0.30997293177262175), 'mode_bucket': ((8, 3), 172388), 'avg_bucket': (8, 3)}
{'path': '758.jpg', 'num': 758, 'avg': (0.36395989371965987, 0.1552691706119664, 0.42839662905052117), 'mode_bucket': ((1, 2), 82041), 'avg_bucket': (5, 2)}
{'path': '650.jpg', 'num': 650, 'avg': (0.5525282299013503, 0.34541944094305016, 0.41255282798891274), 'mode_bucket': ((7, 5), 149083), 'avg_bucket': (7, 5)}
{'path': '274.jpg', 'num': 274, 'avg': (0.6256780918901157, 0.17445783914501617, 0.516818326396723), 'mode_bucket': ((8, 2), 149844), 'avg_bucket': (8, 3)}
{'path': '82.jpg', 'num': 82, 'avg': (0.19698891645969907, 0.26128022871009493, 0.3563671343109419), 'mode_bucket': ((1, 6), 86464), 'avg_bucket': (3, 4)}
{'path': '814.jpg', 'num': 814, 'avg': (0.5115166415959974, 0.38067505727524553, 0.15478480519923332), 'mode_bucket': ((0, 0), 62307), 'avg_bucket': (7, 5)}
{'path': '1190.jpg', 'num': 1190, 'avg': (0.22912623680591737, 0.6961979849911512, 0.11361935019244077), 'mode_bucket': ((0, 0), 191662), 'avg_bucket': (3, 9)}
{'path': '522.jpg', 'num': 522, 'avg': (0.4736450614575004, 0.5518710427511044, 0.13437437236218513), 'mode_bucket': ((4, 9), 97312), 'avg_bucket': (6, 7)}
{'path': '550.jpg', 'num': 550, 'avg': (0.5802668660667628, 0.7136681945082495, 0.17794816559479085), 'mode_bucket': ((7, 10), 103583), 'avg_bucket': (7, 9)}
{'path': '1238.jpg', 'num': 1238, 'avg': (0.4561232707466246, 0.48545148950708433, 0.18400143824893403), 'mode_bucket': ((0, 0), 181172), 'avg_bucket': (6, 6)}
{'path': '1546.jpg', 'num': 1546, 'avg': (0.29272163800741063, 0.41888226608614887, 0.2095559938384412), 'mode_bucket': ((0, 0), 225653), 'avg_bucket': (4, 6)}
{'path': '566.jpg', 'num': 566, 'avg': (0.5788633182358015, 0.5917422459403271, 0.1531972688168396), 'mode_bucket': ((12, 11), 88766), 'avg_bucket': (7, 8)}
{'path': '802.jpg', 'num': 802, 'avg': (0.3602561498242489, 0.40295938062123043, 0.24243274165129544), 'mode_bucket': ((7, 3), 82456), 'avg_bucket': (5, 5)}
{'path': '342.jpg', 'num': 342, 'avg': (0.5707321292714741, 0.3447071539385113, 0.48131973166715175), 'mode_bucket': ((12, 12), 118306), 'avg_bucket': (7, 5)}
{'path': '218.jpg', 'num': 218, 'avg': (0.22455553036306503, 0.15488684161188096, 0.21089603332482285), 'mode_bucket': ((0, 0), 357006), 'avg_bucket': (3, 2)}
{'path': '1158.jpg', 'num': 1158, 'avg': (0.3829815483995179, 0.5800701187265481, 0.11627690865810722), 'mode_bucket': ((2, 12), 105895), 'avg_bucket': (5, 7)}
{'path': '954.jpg', 'num': 954, 'avg': (0.4396361757771472, 0.40825541542883526, 0.20457994515104952), 'mode_bucket': ((2, 3), 42385), 'avg_bucket': (6, 5)}
{'path': '338.jpg', 'num': 338, 'avg': (0.597968070346865, 0.27022402005705337, 0.48714920875065726), 'mode_bucket': ((6, 1), 58058), 'avg_bucket': (8, 4)}
{'path': '1338.jpg', 'num': 1338, 'avg': (0.36227413954895915, 0.7364835457133219, 0.2814607215500744), 'mode_bucket': ((0, 12), 241849), 'avg_bucket': (5, 9)}
{'path': '738.jpg', 'num': 738, 'avg': (0.3875261758055621, 0.16094982667236535, 0.41814347277546693), 'mode_bucket': ((1, 2), 78289), 'avg_bucket': (5, 2)}
{'path': '214.jpg', 'num': 214, 'avg': (0.5355360062540068, 0.36345460041500094, 0.3088477626295703), 'mode_bucket': ((8, 6), 180712), 'avg_bucket': (7, 5)}
{'path': '6.jpg', 'num': 6, 'avg': (0.09115123607488981, 0.3924278052059767, 0.0065782228690028565), 'mode_bucket': ((0, 0), 436522), 'avg_bucket': (2, 5)}
{'path': '1026.jpg', 'num': 1026, 'avg': (0.0, 0.0, 0.0), 'mode_bucket': ((0, 0), 737280), 'avg_bucket': (0, 0)}
{'path': '362.jpg', 'num': 362, 'avg': (0.6057147143869103, 0.27230616002559965, 0.4849240504580314), 'mode_bucket': ((8, 1), 67229), 'avg_bucket': (8, 4)}
{'path': '1302.jpg', 'num': 1302, 'avg': (0.5196404557230565, 0.36036820657427976, 0.39078394671591016), 'mode_bucket': ((8, 2), 111362), 'avg_bucket': (7, 5)}
{'path': '118.jpg', 'num': 118, 'avg': (0.21298679432023626, 0.25981228492004005, 0.30208599813575104), 'mode_bucket': ((2, 4), 79271), 'avg_bucket': (3, 4)}
{'path': '1174.jpg', 'num': 1174, 'avg': (0.739501742545053, 0.7530686523775116, 0.1662651218257111), 'mode_bucket': ((12, 12), 248574), 'avg_bucket': (9, 10)}
{'path': '1574.jpg', 'num': 1574, 'avg': (0.5562761340941804, 0.38443255059218273, 0.5688698310272474), 'mode_bucket': ((7, 2), 165170), 'avg_bucket': (7, 5)}
{'path': '1358.jpg', 'num': 1358, 'avg': (0.34029939313579594, 0.8830284402133718, 0.21564222813693767), 'mode_bucket': ((0, 12), 253478), 'avg_bucket': (5, 11)}
{'path': '606.jpg', 'num': 606, 'avg': (0.40639499816391517, 0.347336784277747, 0.19218240442947632), 'mode_bucket': ((11, 2), 59243), 'avg_bucket': (5, 5)}
{'path': '1454.jpg', 'num': 1454, 'avg': (0.6291256849689824, 0.5846953144015825, 0.32274144390815207), 'mode_bucket': ((0, 0), 131792), 'avg_bucket': (8, 8)}
{'path': '1690.jpg', 'num': 1690, 'avg': (0.0727940772926342, 0.09226940793228652, 0.0551898020493044), 'mode_bucket': ((0, 0), 603890), 'avg_bucket': (1, 2)}
{'path': '1098.jpg', 'num': 1098, 'avg': (0.4004761034323503, 0.24166177179929377, 0.12489622161802841), 'mode_bucket': ((0, 0), 119550), 'avg_bucket': (5, 3)}
{'path': '1430.jpg', 'num': 1430, 'avg': (5.7870370370370345e-05, 8.680555555555556e-05, 0.00014485145186547723), 'mode_bucket': ((0, 0), 737216), 'avg_bucket': (1, 1)}
{'path': '1718.jpg', 'num': 1718, 'avg': (0.0, 0.0, 0.0), 'mode_bucket': ((0, 0), 737280), 'avg_bucket': (0, 0)}
{'path': '1722.jpg', 'num': 1722, 'avg': (0.0, 0.0, 0.0), 'mode_bucket': ((0, 0), 737280), 'avg_bucket': (0, 0)}
{'path': '1506.jpg', 'num': 1506, 'avg': (0.4123622420007743, 0.9144506085140408, 0.17200297968603048), 'mode_bucket': ((9, 12), 184937), 'avg_bucket': (5, 11)}
{'path': '1346.jpg', 'num': 1346, 'avg': (0.4053512274942106, 0.7431380894393655, 0.28659938704202526), 'mode_bucket': ((0, 12), 242256), 'avg_bucket': (5, 9)}
{'path': '1582.jpg', 'num': 1582, 'avg': (0.5705940013893748, 0.3707891923508032, 0.602537115757358), 'mode_bucket': ((8, 6), 266578), 'avg_bucket': (7, 5)}
{'path': '774.jpg', 'num': 774, 'avg': (0.42335251228528264, 0.2272309103498737, 0.45443929568295954), 'mode_bucket': ((7, 5), 82024), 'avg_bucket': (6, 3)}
{'path': '1102.jpg', 'num': 1102, 'avg': (0.3985374698193643, 0.29452392427466917, 0.03758623642641152), 'mode_bucket': ((0, 0), 176331), 'avg_bucket': (5, 4)}
{'path': '794.jpg', 'num': 794, 'avg': (0.24998569842616247, 0.32558159222679534, 0.12423976524190938), 'mode_bucket': ((0, 0), 318420), 'avg_bucket': (3, 4)}
{'path': '166.jpg', 'num': 166, 'avg': (0.21435788109937526, 0.17063753774138854, 0.5036472800895534), 'mode_bucket': ((2, 2), 103364), 'avg_bucket': (3, 3)}
{'path': '870.jpg', 'num': 870, 'avg': (0.6517829622211787, 0.6415125685086105, 0.1972245412922148), 'mode_bucket': ((12, 12), 131767), 'avg_bucket': (8, 8)}
{'path': '422.jpg', 'num': 422, 'avg': (0.47350875779451074, 0.4017120685841075, 0.170616489651023), 'mode_bucket': ((8, 7), 91959), 'avg_bucket': (6, 5)}
{'path': '942.jpg', 'num': 942, 'avg': (0.45847259210396046, 0.30893152188955697, 0.2457691121154734), 'mode_bucket': ((7, 3), 41638), 'avg_bucket': (6, 4)}
{'path': '1274.jpg', 'num': 1274, 'avg': (0.20367587375916477, 0.6478136929967532, 0.14561822363479587), 'mode_bucket': ((0, 0), 146741), 'avg_bucket': (3, 8)}
{'path': '1450.jpg', 'num': 1450, 'avg': (0.4156816731378229, 0.6503226797303874, 0.3018040449686762), 'mode_bucket': ((0, 0), 171745), 'avg_bucket': (5, 8)}
{'path': '1390.jpg', 'num': 1390, 'avg': (0.29639269606857593, 0.40610221865201135, 0.05918932546987683), 'mode_bucket': ((0, 0), 381930), 'avg_bucket': (4, 5)}
{'path': '930.jpg', 'num': 930, 'avg': (0.5786080716562312, 0.7286740156132946, 0.22112092992615354), 'mode_bucket': ((12, 12), 131580), 'avg_bucket': (7, 9)}
{'path': '1194.jpg', 'num': 1194, 'avg': (0.4970155567894762, 0.7910826798427651, 0.17406372868150843), 'mode_bucket': ((12, 12), 160550), 'avg_bucket': (6, 10)}
{'path': '190.jpg', 'num': 190, 'avg': (0.14386065479841809, 0.28743063455865664, 0.3122988951431287), 'mode_bucket': ((2, 2), 87502), 'avg_bucket': (2, 4)}
{'path': '558.jpg', 'num': 558, 'avg': (0.34720391941283296, 0.48678849103857325, 0.05757652930976182), 'mode_bucket': ((5, 4), 157458), 'avg_bucket': (5, 6)}
{'path': '1410.jpg', 'num': 1410, 'avg': (0.3461710339768803, 0.413636422590586, 0.07855867140702323), 'mode_bucket': ((0, 0), 344883), 'avg_bucket': (5, 5)}
{'path': '862.jpg', 'num': 862, 'avg': (0.46587225825467893, 0.4092353687057905, 0.11393580750410537), 'mode_bucket': ((8, 5), 135713), 'avg_bucket': (6, 5)}
{'path': '142.jpg', 'num': 142, 'avg': (0.10022861509956207, 0.5032649981174493, 0.3445369359755758), 'mode_bucket': ((1, 5), 93071), 'avg_bucket': (2, 7)}
{'path': '1262.jpg', 'num': 1262, 'avg': (0.3658117134997068, 0.7759325670124249, 0.1381916998571998), 'mode_bucket': ((12, 12), 94563), 'avg_bucket': (5, 10)}
{'path': '866.jpg', 'num': 866, 'avg': (0.4635451213164219, 0.4002668287514907, 0.11802648739580844), 'mode_bucket': ((8, 6), 157565), 'avg_bucket': (6, 5)}
{'path': '938.jpg', 'num': 938, 'avg': (0.2920958185077614, 0.44816690934779696, 0.14144268493027626), 'mode_bucket': ((2, 4), 70114), 'avg_bucket': (4, 6)}
{'path': '1094.jpg', 'num': 1094, 'avg': (0.431559641988064, 0.21243483061130464, 0.13423619621354807), 'mode_bucket': ((0, 0), 213126), 'avg_bucket': (6, 3)}
{'path': '638.jpg', 'num': 638, 'avg': (0.24745572510325786, 0.22072815017562383, 0.06613144552573041), 'mode_bucket': ((0, 0), 233544), 'avg_bucket': (3, 3)}
{'path': '1066.jpg', 'num': 1066, 'avg': (0.33283943940611266, 0.2647963657952875, 0.12927212584350536), 'mode_bucket': ((2, 3), 145647), 'avg_bucket': (4, 4)}
{'path': '1382.jpg', 'num': 1382, 'avg': (0.05761940981725558, 0.03885859040042742, 0.04347189244622552), 'mode_bucket': ((0, 0), 662646), 'avg_bucket': (1, 1)}
{'path': '1202.jpg', 'num': 1202, 'avg': (0.514590109301142, 0.8150913143573231, 0.1762092301112944), 'mode_bucket': ((12, 12), 150242), 'avg_bucket': (7, 10)}
{'path': '490.jpg', 'num': 490, 'avg': (0.4197301860934095, 0.1918912934256206, 0.3818267622809855), 'mode_bucket': ((2, 1), 72665), 'avg_bucket': (6, 3)}
{'path': '1738.jpg', 'num': 1738, 'avg': (0.0, 0.0, 0.0), 'mode_bucket': ((0, 0), 737280), 'avg_bucket': (0, 0)}
{'path': '290.jpg', 'num': 290, 'avg': (0.5883172341673949, 0.28007481583742977, 0.6535490653500122), 'mode_bucket': ((12, 12), 134673), 'avg_bucket': (8, 4)}
{'path': '106.jpg', 'num': 106, 'avg': (0.26769173020075604, 0.26577381089919433, 0.04410180185370445), 'mode_bucket': ((0, 0), 182554), 'avg_bucket': (4, 4)}
{'path': '466.jpg', 'num': 466, 'avg': (0.6575432309419631, 0.2987691876571602, 0.27177968409574443), 'mode_bucket': ((10, 2), 34731), 'avg_bucket': (8, 4)}
{'path': '1458.jpg', 'num': 1458, 'avg': (0.42041577155292914, 0.6246335084603492, 0.6291807034219384), 'mode_bucket': ((12, 12), 84066), 'avg_bucket': (6, 8)}
{'path': '1550.jpg', 'num': 1550, 'avg': (0.482799316837372, 0.2460536358038322, 0.47572584763029924), 'mode_bucket': ((6, 3), 113343), 'avg_bucket': (6, 3)}
{'path': '1014.jpg', 'num': 1014, 'avg': (0.35371839814247563, 0.39147014605686714, 0.09482805904469513), 'mode_bucket': ((0, 0), 256684), 'avg_bucket': (5, 5)}
{'path': '762.jpg', 'num': 762, 'avg': (0.4023634248815832, 0.36412525310605953, 0.13642630782863568), 'mode_bucket': ((2, 3), 53452), 'avg_bucket': (5, 5)}
{'path': '1418.jpg', 'num': 1418, 'avg': (0.6392956160990957, 0.6472809122450849, 0.1858113872718711), 'mode_bucket': ((9, 12), 180507), 'avg_bucket': (8, 8)}
{'path': '898.jpg', 'num': 898, 'avg': (0.557614340823049, 0.3915418608444518, 0.16801622710741398), 'mode_bucket': ((2, 4), 61994), 'avg_bucket': (7, 5)}
{'path': '1686.jpg', 'num': 1686, 'avg': (0.02172088971452744, 0.02497581221895142, 0.012775448069856046), 'mode_bucket': ((0, 0), 702201), 'avg_bucket': (1, 1)}
{'path': '1642.jpg', 'num': 1642, 'avg': (0.1051810574516796, 0.04065599413108671, 0.12664101860356827), 'mode_bucket': ((0, 0), 604187), 'avg_bucket': (2, 1)}
{'path': '1498.jpg', 'num': 1498, 'avg': (0.7287810766240183, 0.9286759482943536, 0.16624007480660408), 'mode_bucket': ((9, 12), 348162), 'avg_bucket': (9, 12)}
{'path': '1650.jpg', 'num': 1650, 'avg': (0.5388302337079209, 0.29856118519351327, 0.42769923257964715), 'mode_bucket': ((8, 4), 145659), 'avg_bucket': (7, 4)}
{'path': '1170.jpg', 'num': 1170, 'avg': (0.42831824907129734, 0.584952305183152, 0.3499656394676577), 'mode_bucket': ((0, 0), 226013), 'avg_bucket': (6, 8)}
{'path': '382.jpg', 'num': 382, 'avg': (0.2104469805058754, 0.4381584079767157, 0.23333778530927052), 'mode_bucket': ((2, 9), 47625), 'avg_bucket': (3, 6)}

{2: (((0, 0), 737280), (0, 0)), 6: (((0, 0), 436522), (2, 5)), 10: (((2, 12), 142286), (4, 7)), 14: (((0, 0), 168995), (3, 4)), 18: (((2, 4), 147121), (3, 4)), 22: (((0, 0), 737216), (1, 1)), 26: (((7, 12), 83280), (4, 9)), 30: (((1, 10), 181192), (1, 9)), 34: (((12, 11), 129405), (7, 7)), 38: (((1, 7), 142226), (2, 9)), 42: (((1, 5), 64442), (2, 5)), 46: (((2, 5), 103174), (2, 5)), 50: (((1, 6), 95291), (3, 5)), 54: (((1, 6), 60408), (3, 4)), 58: (((2, 4), 68239), (2, 5)), 62: (((5, 2), 45999), (5, 3)), 66: (((1, 5), 94038), (2, 5)), 70: (((2, 2), 81058), (3, 4)), 74: (((0, 0), 110559), (3, 4)), 78: (((1, 4), 78788), (3, 3)), 82: (((1, 6), 86464), (3, 4)), 86: (((0, 0), 706778), (1, 1)), 90: (((2, 3), 90933), (3, 4)), 94: (((0, 0), 88220), (6, 7)), 98: (((5, 4), 75494), (6, 5)), 102: (((0, 0), 128112), (5, 5)), 106: (((0, 0), 182554), (4, 4)), 110: (((2, 5), 92246), (2, 6)), 114: (((2, 12), 116541), (2, 7)), 118: (((2, 4), 79271), (3, 4)), 122: (((2, 6), 105813), (5, 4)), 126: (((2, 6), 104825), (5, 4)), 130: (((2, 4), 70553), (2, 5)), 134: (((2, 4), 78957), (2, 4)), 138: (((2, 2), 78491), (2, 4)), 142: (((1, 5), 93071), (2, 7)), 146: (((6, 3), 77270), (4, 5)), 150: (((1, 6), 108678), (3, 4)), 154: (((6, 2), 89399), (3, 4)), 158: (((6, 2), 96144), (3, 4)), 162: (((6, 2), 182099), (5, 2)), 166: (((2, 2), 103364), (3, 3)), 170: (((3, 1), 138801), (2, 3)), 174: (((1, 4), 85832), (4, 5)), 178: (((2, 4), 66614), (3, 4)), 182: (((2, 2), 100241), (4, 2)), 186: (((6, 3), 182566), (5, 3)), 190: (((2, 2), 87502), (2, 4)), 194: (((2, 2), 60048), (3, 4)), 198: (((2, 4), 82650), (3, 3)), 202: (((7, 2), 105827), (3, 3)), 206: (((0, 0), 168138), (5, 5)), 210: (((0, 0), 119912), (6, 5)), 214: (((8, 6), 180712), (7, 5)), 218: (((0, 0), 357006), (3, 2)), 222: (((0, 0), 144397), (6, 4)), 226: (((8, 3), 336044), (8, 4)), 230: (((2, 10), 91432), (4, 5)), 234: (((2, 4), 81589), (6, 3)), 238: (((2, 4), 75801), (6, 3)), 242: (((0, 0), 193064), (5, 3)), 246: (((2, 6), 142180), (5, 4)), 250: (((0, 0), 86382), (6, 4)), 254: (((8, 3), 160633), (7, 3)), 258: (((8, 3), 129120), (7, 3)), 262: (((0, 0), 111686), (6, 4)), 266: (((0, 0), 143435), (6, 3)), 270: (((0, 0), 88678), (6, 4)), 274: (((8, 2), 149844), (8, 3)), 278: (((8, 3), 147868), (8, 3)), 282: (((8, 3), 275068), (8, 3)), 286: (((6, 1), 116841), (6, 2)), 290: (((12, 12), 134673), (8, 4)), 294: (((12, 12), 102936), (7, 4)), 298: (((6, 2), 124145), (7, 3)), 302: (((7, 4), 68452), (6, 5)), 306: (((8, 10), 88793), (7, 6)), 310: (((8, 4), 97170), (7, 4)), 314: (((8, 10), 85599), (7, 5)), 318: (((8, 4), 90680), (7, 4)), 322: (((12, 12), 116261), (7, 5)), 326: (((6, 1), 111657), (7, 3)), 330: (((12, 12), 109544), (7, 4)), 334: (((6, 1), 61646), (7, 4)), 338: (((6, 1), 58058), (8, 4)), 342: (((12, 12), 118306), (7, 5)), 346: (((12, 12), 118622), (7, 5)), 350: (((12, 12), 118444), (7, 5)), 354: (((12, 12), 158765), (8, 5)), 358: (((6, 2), 63887), (8, 4)), 362: (((8, 1), 67229), (8, 4)), 366: (((8, 1), 67867), (8, 4)), 370: (((12, 12), 75057), (7, 4)), 374: (((2, 4), 213192), (3, 4)), 378: (((1, 8), 46586), (4, 5)), 382: (((2, 9), 47625), (3, 6)), 386: (((2, 6), 79860), (5, 4)), 390: (((2, 1), 146523), (4, 2)), 394: (((2, 6), 77680), (4, 3)), 398: (((12, 12), 293652), (10, 10)), 402: (((0, 0), 322805), (3, 3)), 406: (((2, 8), 67128), (4, 5)), 410: (((0, 0), 268285), (4, 4)), 414: (((0, 0), 179096), (5, 3)), 418: (((5, 4), 274310), (5, 4)), 422: (((8, 7), 91959), (6, 5)), 426: (((5, 3), 121624), (6, 5)), 430: (((11, 3), 79842), (10, 7)), 434: (((8, 6), 107473), (8, 7)), 438: (((5, 4), 128273), (6, 6)), 442: (((0, 0), 89517), (6, 4)), 446: (((2, 6), 196654), (7, 9)), 450: (((12, 12), 374467), (11, 11)), 454: (((12, 12), 342079), (11, 10)), 458: (((12, 12), 296117), (11, 10)), 462: (((11, 3), 37218), (8, 4)), 466: (((10, 2), 34731), (8, 4)), 470: (((10, 2), 34294), (8, 4)), 474: (((2, 1), 38779), (8, 4)), 478: (((11, 2), 33400), (8, 4)), 482: (((8, 1), 82910), (8, 3)), 486: (((7, 5), 179325), (7, 4)), 490: (((2, 1), 72665), (6, 3)), 494: (((11, 1), 220915), (8, 2)), 498: (((11, 2), 56377), (7, 3)), 502: (((7, 5), 122614), (8, 3)), 506: (((2, 1), 71186), (6, 3)), 510: (((12, 3), 50179), (7, 3)), 514: (((12, 2), 45304), (8, 3)), 518: (((5, 4), 127681), (5, 4)), 522: (((4, 9), 97312), (6, 7)), 526: (((0, 0), 301359), (2, 3)), 530: (((7, 10), 92198), (7, 7)), 534: (((7, 9), 103890), (8, 8)), 538: (((7, 9), 108514), (7, 8)), 542: (((7, 10), 101009), (8, 9)), 546: (((7, 9), 275769), (7, 9)), 550: (((7, 10), 103583), (7, 9)), 554: (((7, 9), 101633), (8, 8)), 558: (((5, 4), 157458), (5, 6)), 562: (((0, 0), 364826), (4, 4)), 566: (((12, 11), 88766), (7, 8)), 570: (((12, 12), 193014), (7, 10)), 574: (((5, 3), 158669), (6, 4)), 578: (((2, 4), 81921), (4, 5)), 582: (((0, 0), 135155), (4, 4)), 586: (((0, 0), 113601), (4, 5)), 590: (((5, 3), 63622), (5, 5)), 594: (((12, 4), 37383), (6, 4)), 598: (((1, 6), 70269), (4, 6)), 602: (((0, 0), 70819), (5, 7)), 606: (((11, 2), 59243), (5, 5)), 610: (((0, 0), 128762), (6, 4)), 614: (((2, 3), 64875), (4, 4)), 618: (((2, 4), 52090), (5, 4)), 622: (((2, 3), 202904), (6, 4)), 626: (((0, 0), 115387), (5, 5)), 630: (((5, 4), 106168), (5, 6)), 634: (((4, 9), 107080), (5, 7)), 638: (((0, 0), 233544), (3, 3)), 642: (((8, 5), 108726), (6, 5)), 646: (((8, 5), 183124), (7, 4)), 650: (((7, 5), 149083), (7, 5)), 654: (((2, 2), 92809), (5, 3)), 658: (((12, 6), 39634), (8, 7)), 662: (((8, 6), 166744), (8, 6)), 666: (((3, 2), 62063), (6, 3)), 670: (((5, 3), 106139), (6, 3)), 674: (((5, 3), 99706), (6, 3)), 678: (((3, 1), 63149), (5, 3)), 682: (((0, 0), 148045), (6, 5)), 686: (((8, 4), 90848), (6, 4)), 690: (((2, 3), 108213), (5, 4)), 694: (((5, 3), 87051), (6, 3)), 698: (((8, 4), 103318), (7, 5)), 702: (((7, 7), 48206), (6, 6)), 706: (((8, 4), 188949), (7, 6)), 710: (((1, 12), 80858), (4, 7)), 714: (((6, 2), 110225), (6, 3)), 718: (((2, 9), 42261), (4, 6)), 722: (((6, 2), 80511), (5, 3)), 726: (((2, 12), 115041), (3, 8)), 730: (((8, 7), 124792), (7, 6)), 734: (((1, 2), 97330), (5, 3)), 738: (((1, 2), 78289), (5, 2)), 742: (((10, 1), 91523), (8, 4)), 746: (((7, 5), 99086), (7, 4)), 750: (((1, 4), 67644), (5, 5)), 754: (((1, 2), 82282), (5, 2)), 758: (((1, 2), 82041), (5, 2)), 762: (((2, 3), 53452), (5, 5)), 766: (((5, 3), 53425), (6, 5)), 770: (((8, 4), 162256), (8, 5)), 774: (((7, 5), 82024), (6, 3)), 778: (((7, 5), 69005), (6, 4)), 782: (((0, 0), 306989), (3, 4)), 786: (((7, 4), 40452), (5, 5)), 790: (((4, 8), 93301), (4, 7)), 794: (((0, 0), 318420), (3, 4)), 798: (((7, 4), 98374), (5, 5)), 802: (((7, 3), 82456), (5, 5)), 806: (((6, 3), 81667), (5, 5)), 810: (((7, 3), 91915), (5, 5)), 814: (((0, 0), 62307), (7, 5)), 818: (((8, 8), 65303), (6, 5)), 822: (((8, 4), 429576), (8, 4)), 826: (((8, 4), 325514), (8, 4)), 830: (((2, 3), 66071), (4, 5)), 834: (((12, 2), 294353), (9, 3)), 838: (((7, 4), 194500), (7, 4)), 842: (((8, 2), 129538), (8, 4)), 846: (((0, 0), 39735), (6, 6)), 850: (((5, 4), 144402), (7, 5)), 854: (((9, 2), 76150), (9, 3)), 858: (((2, 12), 268674), (4, 7)), 862: (((8, 5), 135713), (6, 5)), 866: (((8, 6), 157565), (6, 5)), 870: (((12, 12), 131767), (8, 8)), 874: (((8, 4), 78479), (9, 5)), 878: (((2, 4), 117036), (4, 5)), 882: (((0, 0), 205327), (4, 5)), 886: (((4, 9), 178330), (4, 7)), 890: (((0, 0), 135907), (5, 4)), 894: (((0, 0), 217211), (6, 6)), 898: (((2, 4), 61994), (7, 5)), 902: (((0, 0), 77077), (7, 3)), 906: (((9, 3), 78693), (8, 4)), 910: (((10, 1), 145596), (8, 4)), 914: (((3, 12), 126835), (4, 7)), 918: (((0, 0), 135628), (5, 5)), 922: (((8, 3), 172388), (8, 3)), 926: (((8, 5), 73149), (7, 4)), 930: (((12, 12), 131580), (7, 9)), 934: (((8, 2), 140267), (7, 3)), 938: (((2, 4), 70114), (4, 6)), 942: (((7, 3), 41638), (6, 4)), 946: (((7, 2), 33642), (6, 4)), 950: (((7, 4), 132754), (4, 6)), 954: (((2, 3), 42385), (6, 5)), 958: (((8, 5), 104047), (6, 5)), 962: (((7, 2), 38871), (6, 4)), 966: (((2, 5), 71695), (3, 5)), 970: (((8, 2), 122318), (7, 3)), 974: (((1, 12), 91501), (5, 8)), 978: (((2, 1), 43989), (5, 3)), 982: (((0, 0), 86269), (7, 6)), 986: (((0, 0), 85630), (7, 6)), 990: (((0, 0), 62040), (7, 6)), 994: (((0, 0), 60927), (7, 6)), 998: (((0, 0), 78226), (7, 6)), 1002: (((0, 0), 82170), (7, 6)), 1006: (((12, 12), 236324), (9, 9)), 1010: (((0, 0), 97715), (7, 6)), 1014: (((0, 0), 256684), (5, 5)), 1018: (((0, 0), 735243), (1, 1)), 1022: (((0, 0), 737280), (0, 0)), 1026: (((0, 0), 737280), (0, 0)), 1030: (((0, 0), 737280), (0, 0)), 1034: (((0, 0), 737280), (0, 0)), 1038: (((0, 0), 737280), (0, 0)), 1042: (((0, 0), 737280), (0, 0)), 1046: (((0, 0), 737280), (0, 0)), 1050: (((2, 3), 76969), (4, 5)), 1054: (((0, 0), 523142), (2, 2)), 1058: (((0, 0), 79579), (6, 6)), 1062: (((0, 0), 46809), (8, 7)), 1066: (((2, 3), 145647), (4, 4)), 1070: (((2, 3), 114192), (4, 4)), 1074: (((9, 5), 60497), (9, 4)), 1078: (((8, 8), 39280), (8, 6)), 1082: (((1, 5), 148380), (4, 5)), 1086: (((1, 3), 106107), (3, 4)), 1090: (((4, 6), 271261), (4, 6)), 1094: (((0, 0), 213126), (6, 3)), 1098: (((0, 0), 119550), (5, 3)), 1102: (((0, 0), 176331), (5, 4)), 1106: (((12, 8), 70863), (7, 6)), 1110: (((5, 3), 174738), (6, 5)), 1114: (((12, 12), 91318), (6, 8)), 1118: (((0, 0), 733980), (1, 1)), 1122: (((0, 0), 210578), (4, 6)), 1126: (((8, 4), 116499), (7, 6)), 1130: (((12, 11), 115439), (7, 6)), 1134: (((8, 6), 62357), (7, 7)), 1138: (((12, 11), 97066), (7, 7)), 1142: (((2, 4), 89494), (4, 4)), 1146: (((7, 5), 68901), (6, 4)), 1150: (((12, 12), 125538), (8, 8)), 1154: (((8, 4), 231842), (8, 5)), 1158: (((2, 12), 105895), (5, 7)), 1162: (((8, 4), 209904), (7, 5)), 1166: (((1, 11), 202839), (4, 8)), 1170: (((0, 0), 226013), (6, 8)), 1174: (((12, 12), 248574), (9, 10)), 1178: (((4, 12), 169433), (4, 11)), 1182: (((0, 0), 109598), (5, 7)), 1186: (((8, 2), 75712), (7, 4)), 1190: (((0, 0), 191662), (3, 9)), 1194: (((12, 12), 160550), (6, 10)), 1198: (((0, 0), 168396), (4, 9)), 1202: (((12, 12), 150242), (7, 10)), 1234: (((0, 0), 245844), (6, 7)), 1238: (((0, 0), 181172), (6, 6)), 1242: (((0, 0), 299760), (4, 3)), 1246: (((0, 0), 214299), (4, 4)), 1250: (((0, 0), 213103), (4, 5)), 1254: (((12, 12), 122493), (6, 7)), 1258: (((11, 12), 70238), (9, 8)), 1262: (((12, 12), 94563), (5, 10)), 1266: (((12, 12), 83595), (4, 11)), 1270: (((4, 12), 163114), (5, 11)), 1274: (((0, 0), 146741), (3, 8)), 1278: (((12, 12), 400453), (8, 11)), 1282: (((0, 0), 326200), (3, 7)), 1286: (((6, 3), 43624), (6, 4)), 1290: (((8, 2), 54074), (6, 4)), 1294: (((7, 2), 51136), (8, 5)), 1298: (((9, 1), 154748), (9, 4)), 1302: (((8, 2), 111362), (7, 5)), 1306: (((12, 12), 320710), (7, 12)), 1310: (((12, 12), 335534), (7, 12)), 1314: (((0, 12), 210460), (5, 10)), 1318: (((8, 12), 194090), (7, 11)), 1322: (((12, 12), 100212), (5, 9)), 1326: (((0, 12), 77995), (5, 8)), 1330: (((12, 12), 283728), (6, 12)), 1334: (((0, 12), 172719), (5, 10)), 1338: (((0, 12), 241849), (5, 9)), 1342: (((12, 12), 66460), (6, 6)), 1346: (((0, 12), 242256), (5, 9)), 1350: (((1, 12), 272016), (4, 12)), 1354: (((12, 12), 486048), (10, 12)), 1358: (((0, 12), 253478), (5, 11)), 1362: (((1, 12), 433936), (2, 12)), 1366: (((0, 12), 241780), (4, 11)), 1370: (((0, 12), 202706), (4, 11)), 1374: (((0, 0), 737216), (1, 1)), 1378: (((0, 0), 659367), (1, 1)), 1382: (((0, 0), 662646), (1, 1)), 1386: (((0, 0), 712587), (1, 1)), 1390: (((0, 0), 381930), (4, 5)), 1394: (((0, 0), 325335), (5, 4)), 1398: (((0, 0), 612828), (2, 2)), 1402: (((0, 0), 649584), (1, 2)), 1406: (((0, 0), 534466), (3, 3)), 1410: (((0, 0), 344883), (5, 5)), 1414: (((0, 0), 670734), (1, 1)), 1418: (((9, 12), 180507), (8, 8)), 1422: (((0, 0), 531925), (3, 3)), 1426: (((0, 0), 310979), (5, 4)), 1430: (((0, 0), 737216), (1, 1)), 1434: (((0, 12), 219912), (4, 8)), 1438: (((0, 12), 204555), (6, 8)), 1442: (((12, 12), 334542), (6, 12)), 1446: (((7, 12), 97993), (9, 8)), 1450: (((0, 0), 171745), (5, 8)), 1454: (((0, 0), 131792), (8, 8)), 1458: (((12, 12), 84066), (6, 8)), 1462: (((8, 12), 236194), (8, 10)), 1466: (((7, 7), 225536), (7, 7)), 1470: (((0, 0), 366378), (5, 6)), 1474: (((0, 0), 251499), (3, 4)), 1478: (((0, 12), 305574), (3, 11)), 1482: (((0, 0), 370774), (4, 5)), 1486: (((12, 12), 111614), (10, 9)), 1490: (((0, 0), 408344), (4, 5)), 1494: (((0, 0), 523651), (3, 4)), 1498: (((9, 12), 348162), (9, 12)), 1502: (((7, 8), 198141), (8, 9)), 1506: (((9, 12), 184937), (5, 11)), 1510: (((9, 12), 177992), (6, 11)), 1514: (((8, 9), 160949), (7, 10)), 1518: (((0, 12), 173074), (5, 12)), 1522: (((8, 12), 445689), (9, 12)), 1526: (((4, 12), 164269), (5, 10)), 1530: (((1, 8), 55231), (2, 7)), 1534: (((8, 12), 349491), (6, 9)), 1538: (((2, 11), 96533), (5, 11)), 1542: (((1, 12), 309434), (5, 11)), 1546: (((0, 0), 225653), (4, 6)), 1550: (((6, 3), 113343), (6, 3)), 1554: (((7, 3), 124947), (7, 3)), 1558: (((7, 2), 203181), (7, 4)), 1562: (((6, 2), 227873), (7, 4)), 1566: (((6, 2), 216110), (6, 3)), 1570: (((7, 4), 168812), (8, 4)), 1574: (((7, 2), 165170), (7, 5)), 1578: (((7, 3), 143657), (8, 5)), 1582: (((8, 6), 266578), (7, 5)), 1586: (((8, 6), 303001), (7, 5)), 1590: (((8, 7), 269075), (7, 6)), 1594: (((8, 7), 277257), (7, 6)), 1598: (((8, 7), 276282), (8, 6)), 1602: (((7, 5), 267978), (6, 5)), 1606: (((6, 3), 129731), (6, 3)), 1610: (((9, 1), 446211), (8, 2)), 1614: (((9, 1), 465072), (8, 1)), 1618: (((6, 2), 136916), (4, 5)), 1622: (((2, 5), 70421), (4, 4)), 1626: (((2, 1), 105835), (4, 3)), 1630: (((7, 2), 107932), (6, 3)), 1634: (((8, 3), 143862), (7, 3)), 1638: (((7, 3), 160122), (7, 6)), 1642: (((0, 0), 604187), (2, 1)), 1646: (((8, 12), 129481), (7, 5)), 1650: (((8, 4), 145659), (7, 4)), 1654: (((0, 0), 709288), (1, 1)), 1658: (((0, 0), 715390), (1, 1)), 1662: (((0, 0), 708289), (1, 1)), 1666: (((0, 0), 671689), (1, 1)), 1670: (((0, 0), 643504), (1, 1)), 1674: (((0, 0), 737152), (1, 1)), 1678: (((0, 0), 724411), (1, 1)), 1682: (((0, 0), 719782), (1, 1)), 1686: (((0, 0), 702201), (1, 1)), 1690: (((0, 0), 603890), (1, 2)), 1694: (((0, 0), 737280), (0, 0)), 1698: (((0, 0), 702419), (1, 1)), 1702: (((0, 0), 737280), (0, 0)), 1706: (((0, 0), 737280), (0, 0)), 1710: (((0, 0), 737280), (0, 0)), 1714: (((0, 0), 737280), (0, 0)), 1718: (((0, 0), 737280), (0, 0)), 1722: (((0, 0), 737280), (0, 0)), 1726: (((0, 0), 737280), (0, 0)), 1730: (((0, 0), 737280), (0, 0)), 1734: (((0, 0), 737280), (0, 0)), 1738: (((0, 0), 737280), (0, 0)), 1742: (((0, 0), 737280), (0, 0)), 1746: (((0, 0), 737280), (0, 0)), 1750: (((0, 0), 737280), (0, 0))}


[(((0, 0), 737280), (0, 0)), (((0, 0), 436522), (2, 5)), (((2, 12), 142286), (4, 7)), (((0, 0), 168995), (3, 4)), (((2, 4), 147121), (3, 4)), (((0, 0), 737216), (1, 1)), (((7, 12), 83280), (4, 9)), (((1, 10), 181192), (1, 9)), (((12, 11), 129405), (7, 7)), (((1, 7), 142226), (2, 9)), (((1, 5), 64442), (2, 5)), (((2, 5), 103174), (2, 5)), (((1, 6), 95291), (3, 5)), (((1, 6), 60408), (3, 4)), (((2, 4), 68239), (2, 5)), (((5, 2), 45999), (5, 3)), (((1, 5), 94038), (2, 5)), (((2, 2), 81058), (3, 4)), (((0, 0), 110559), (3, 4)), (((1, 4), 78788), (3, 3)), (((1, 6), 86464), (3, 4)), (((0, 0), 706778), (1, 1)), (((2, 3), 90933), (3, 4)), (((0, 0), 88220), (6, 7)), (((5, 4), 75494), (6, 5)), (((0, 0), 128112), (5, 5)), (((0, 0), 182554), (4, 4)), (((2, 5), 92246), (2, 6)), (((2, 12), 116541), (2, 7)), (((2, 4), 79271), (3, 4)), (((2, 6), 105813), (5, 4)), (((2, 6), 104825), (5, 4)), (((2, 4), 70553), (2, 5)), (((2, 4), 78957), (2, 4)), (((2, 2), 78491), (2, 4)), (((1, 5), 93071), (2, 7)), (((6, 3), 77270), (4, 5)), (((1, 6), 108678), (3, 4)), (((6, 2), 89399), (3, 4)), (((6, 2), 96144), (3, 4)), (((6, 2), 182099), (5, 2)), (((2, 2), 103364), (3, 3)), (((3, 1), 138801), (2, 3)), (((1, 4), 85832), (4, 5)), (((2, 4), 66614), (3, 4)), (((2, 2), 100241), (4, 2)), (((6, 3), 182566), (5, 3)), (((2, 2), 87502), (2, 4)), (((2, 2), 60048), (3, 4)), (((2, 4), 82650), (3, 3)), (((7, 2), 105827), (3, 3)), (((0, 0), 168138), (5, 5)), (((0, 0), 119912), (6, 5)), (((8, 6), 180712), (7, 5)), (((0, 0), 357006), (3, 2)), (((0, 0), 144397), (6, 4)), (((8, 3), 336044), (8, 4)), (((2, 10), 91432), (4, 5)), (((2, 4), 81589), (6, 3)), (((2, 4), 75801), (6, 3)), (((0, 0), 193064), (5, 3)), (((2, 6), 142180), (5, 4)), (((0, 0), 86382), (6, 4)), (((8, 3), 160633), (7, 3)), (((8, 3), 129120), (7, 3)), (((0, 0), 111686), (6, 4)), (((0, 0), 143435), (6, 3)), (((0, 0), 88678), (6, 4)), (((8, 2), 149844), (8, 3)), (((8, 3), 147868), (8, 3)), (((8, 3), 275068), (8, 3)), (((6, 1), 116841), (6, 2)), (((12, 12), 134673), (8, 4)), (((12, 12), 102936), (7, 4)), (((6, 2), 124145), (7, 3)), (((7, 4), 68452), (6, 5)), (((8, 10), 88793), (7, 6)), (((8, 4), 97170), (7, 4)), (((8, 10), 85599), (7, 5)), (((8, 4), 90680), (7, 4)), (((12, 12), 116261), (7, 5)), (((6, 1), 111657), (7, 3)), (((12, 12), 109544), (7, 4)), (((6, 1), 61646), (7, 4)), (((6, 1), 58058), (8, 4)), (((12, 12), 118306), (7, 5)), (((12, 12), 118622), (7, 5)), (((12, 12), 118444), (7, 5)), (((12, 12), 158765), (8, 5)), (((6, 2), 63887), (8, 4)), (((8, 1), 67229), (8, 4)), (((8, 1), 67867), (8, 4)), (((12, 12), 75057), (7, 4)), (((2, 4), 213192), (3, 4)), (((1, 8), 46586), (4, 5)), (((2, 9), 47625), (3, 6)), (((2, 6), 79860), (5, 4)), (((2, 1), 146523), (4, 2)), (((2, 6), 77680), (4, 3)), (((12, 12), 293652), (10, 10)), (((0, 0), 322805), (3, 3)), (((2, 8), 67128), (4, 5)), (((0, 0), 268285), (4, 4)), (((0, 0), 179096), (5, 3)), (((5, 4), 274310), (5, 4)), (((8, 7), 91959), (6, 5)), (((5, 3), 121624), (6, 5)), (((11, 3), 79842), (10, 7)), (((8, 6), 107473), (8, 7)), (((5, 4), 128273), (6, 6)), (((0, 0), 89517), (6, 4)), (((2, 6), 196654), (7, 9)), (((12, 12), 374467), (11, 11)), (((12, 12), 342079), (11, 10)), (((12, 12), 296117), (11, 10)), (((11, 3), 37218), (8, 4)), (((10, 2), 34731), (8, 4)), (((10, 2), 34294), (8, 4)), (((2, 1), 38779), (8, 4)), (((11, 2), 33400), (8, 4)), (((8, 1), 82910), (8, 3)), (((7, 5), 179325), (7, 4)), (((2, 1), 72665), (6, 3)), (((11, 1), 220915), (8, 2)), (((11, 2), 56377), (7, 3)), (((7, 5), 122614), (8, 3)), (((2, 1), 71186), (6, 3)), (((12, 3), 50179), (7, 3)), (((12, 2), 45304), (8, 3)), (((5, 4), 127681), (5, 4)), (((4, 9), 97312), (6, 7)), (((0, 0), 301359), (2, 3)), (((7, 10), 92198), (7, 7)), (((7, 9), 103890), (8, 8)), (((7, 9), 108514), (7, 8)), (((7, 10), 101009), (8, 9)), (((7, 9), 275769), (7, 9)), (((7, 10), 103583), (7, 9)), (((7, 9), 101633), (8, 8)), (((5, 4), 157458), (5, 6)), (((0, 0), 364826), (4, 4)), (((12, 11), 88766), (7, 8)), (((12, 12), 193014), (7, 10)), (((5, 3), 158669), (6, 4)), (((2, 4), 81921), (4, 5)), (((0, 0), 135155), (4, 4)), (((0, 0), 113601), (4, 5)), (((5, 3), 63622), (5, 5)), (((12, 4), 37383), (6, 4)), (((1, 6), 70269), (4, 6)), (((0, 0), 70819), (5, 7)), (((11, 2), 59243), (5, 5)), (((0, 0), 128762), (6, 4)), (((2, 3), 64875), (4, 4)), (((2, 4), 52090), (5, 4)), (((2, 3), 202904), (6, 4)), (((0, 0), 115387), (5, 5)), (((5, 4), 106168), (5, 6)), (((4, 9), 107080), (5, 7)), (((0, 0), 233544), (3, 3)), (((8, 5), 108726), (6, 5)), (((8, 5), 183124), (7, 4)), (((7, 5), 149083), (7, 5)), (((2, 2), 92809), (5, 3)), (((12, 6), 39634), (8, 7)), (((8, 6), 166744), (8, 6)), (((3, 2), 62063), (6, 3)), (((5, 3), 106139), (6, 3)), (((5, 3), 99706), (6, 3)), (((3, 1), 63149), (5, 3)), (((0, 0), 148045), (6, 5)), (((8, 4), 90848), (6, 4)), (((2, 3), 108213), (5, 4)), (((5, 3), 87051), (6, 3)), (((8, 4), 103318), (7, 5)), (((7, 7), 48206), (6, 6)), (((8, 4), 188949), (7, 6)), (((1, 12), 80858), (4, 7)), (((6, 2), 110225), (6, 3)), (((2, 9), 42261), (4, 6)), (((6, 2), 80511), (5, 3)), (((2, 12), 115041), (3, 8)), (((8, 7), 124792), (7, 6)), (((1, 2), 97330), (5, 3)), (((1, 2), 78289), (5, 2)), (((10, 1), 91523), (8, 4)), (((7, 5), 99086), (7, 4)), (((1, 4), 67644), (5, 5)), (((1, 2), 82282), (5, 2)), (((1, 2), 82041), (5, 2)), (((2, 3), 53452), (5, 5)), (((5, 3), 53425), (6, 5)), (((8, 4), 162256), (8, 5)), (((7, 5), 82024), (6, 3)), (((7, 5), 69005), (6, 4)), (((0, 0), 306989), (3, 4)), (((7, 4), 40452), (5, 5)), (((4, 8), 93301), (4, 7)), (((0, 0), 318420), (3, 4)), (((7, 4), 98374), (5, 5)), (((7, 3), 82456), (5, 5)), (((6, 3), 81667), (5, 5)), (((7, 3), 91915), (5, 5)), (((0, 0), 62307), (7, 5)), (((8, 8), 65303), (6, 5)), (((8, 4), 429576), (8, 4)), (((8, 4), 325514), (8, 4)), (((2, 3), 66071), (4, 5)), (((12, 2), 294353), (9, 3)), (((7, 4), 194500), (7, 4)), (((8, 2), 129538), (8, 4)), (((0, 0), 39735), (6, 6)), (((5, 4), 144402), (7, 5)), (((9, 2), 76150), (9, 3)), (((2, 12), 268674), (4, 7)), (((8, 5), 135713), (6, 5)), (((8, 6), 157565), (6, 5)), (((12, 12), 131767), (8, 8)), (((8, 4), 78479), (9, 5)), (((2, 4), 117036), (4, 5)), (((0, 0), 205327), (4, 5)), (((4, 9), 178330), (4, 7)), (((0, 0), 135907), (5, 4)), (((0, 0), 217211), (6, 6)), (((2, 4), 61994), (7, 5)), (((0, 0), 77077), (7, 3)), (((9, 3), 78693), (8, 4)), (((10, 1), 145596), (8, 4)), (((3, 12), 126835), (4, 7)), (((0, 0), 135628), (5, 5)), (((8, 3), 172388), (8, 3)), (((8, 5), 73149), (7, 4)), (((12, 12), 131580), (7, 9)), (((8, 2), 140267), (7, 3)), (((2, 4), 70114), (4, 6)), (((7, 3), 41638), (6, 4)), (((7, 2), 33642), (6, 4)), (((7, 4), 132754), (4, 6)), (((2, 3), 42385), (6, 5)), (((8, 5), 104047), (6, 5)), (((7, 2), 38871), (6, 4)), (((2, 5), 71695), (3, 5)), (((8, 2), 122318), (7, 3)), (((1, 12), 91501), (5, 8)), (((2, 1), 43989), (5, 3)), (((0, 0), 86269), (7, 6)), (((0, 0), 85630), (7, 6)), (((0, 0), 62040), (7, 6)), (((0, 0), 60927), (7, 6)), (((0, 0), 78226), (7, 6)), (((0, 0), 82170), (7, 6)), (((12, 12), 236324), (9, 9)), (((0, 0), 97715), (7, 6)), (((0, 0), 256684), (5, 5)), (((0, 0), 735243), (1, 1)), (((0, 0), 737280), (0, 0)), (((0, 0), 737280), (0, 0)), (((0, 0), 737280), (0, 0)), (((0, 0), 737280), (0, 0)), (((0, 0), 737280), (0, 0)), (((0, 0), 737280), (0, 0)), (((0, 0), 737280), (0, 0)), (((2, 3), 76969), (4, 5)), (((0, 0), 523142), (2, 2)), (((0, 0), 79579), (6, 6)), (((0, 0), 46809), (8, 7)), (((2, 3), 145647), (4, 4)), (((2, 3), 114192), (4, 4)), (((9, 5), 60497), (9, 4)), (((8, 8), 39280), (8, 6)), (((1, 5), 148380), (4, 5)), (((1, 3), 106107), (3, 4)), (((4, 6), 271261), (4, 6)), (((0, 0), 213126), (6, 3)), (((0, 0), 119550), (5, 3)), (((0, 0), 176331), (5, 4)), (((12, 8), 70863), (7, 6)), (((5, 3), 174738), (6, 5)), (((12, 12), 91318), (6, 8)), (((0, 0), 733980), (1, 1)), (((0, 0), 210578), (4, 6)), (((8, 4), 116499), (7, 6)), (((12, 11), 115439), (7, 6)), (((8, 6), 62357), (7, 7)), (((12, 11), 97066), (7, 7)), (((2, 4), 89494), (4, 4)), (((7, 5), 68901), (6, 4)), (((12, 12), 125538), (8, 8)), (((8, 4), 231842), (8, 5)), (((2, 12), 105895), (5, 7)), (((8, 4), 209904), (7, 5)), (((1, 11), 202839), (4, 8)), (((0, 0), 226013), (6, 8)), (((12, 12), 248574), (9, 10)), (((4, 12), 169433), (4, 11)), (((0, 0), 109598), (5, 7)), (((8, 2), 75712), (7, 4)), (((0, 0), 191662), (3, 9)), (((12, 12), 160550), (6, 10)), (((0, 0), 168396), (4, 9)), (((12, 12), 150242), (7, 10)), (((0, 0), 245844), (6, 7)), (((0, 0), 181172), (6, 6)), (((0, 0), 299760), (4, 3)), (((0, 0), 214299), (4, 4)), (((0, 0), 213103), (4, 5)), (((12, 12), 122493), (6, 7)), (((11, 12), 70238), (9, 8)), (((12, 12), 94563), (5, 10)), (((12, 12), 83595), (4, 11)), (((4, 12), 163114), (5, 11)), (((0, 0), 146741), (3, 8)), (((12, 12), 400453), (8, 11)), (((0, 0), 326200), (3, 7)), (((6, 3), 43624), (6, 4)), (((8, 2), 54074), (6, 4)), (((7, 2), 51136), (8, 5)), (((9, 1), 154748), (9, 4)), (((8, 2), 111362), (7, 5)), (((12, 12), 320710), (7, 12)), (((12, 12), 335534), (7, 12)), (((0, 12), 210460), (5, 10)), (((8, 12), 194090), (7, 11)), (((12, 12), 100212), (5, 9)), (((0, 12), 77995), (5, 8)), (((12, 12), 283728), (6, 12)), (((0, 12), 172719), (5, 10)), (((0, 12), 241849), (5, 9)), (((12, 12), 66460), (6, 6)), (((0, 12), 242256), (5, 9)), (((1, 12), 272016), (4, 12)), (((12, 12), 486048), (10, 12)), (((0, 12), 253478), (5, 11)), (((1, 12), 433936), (2, 12)), (((0, 12), 241780), (4, 11)), (((0, 12), 202706), (4, 11)), (((0, 0), 737216), (1, 1)), (((0, 0), 659367), (1, 1)), (((0, 0), 662646), (1, 1)), (((0, 0), 712587), (1, 1)), (((0, 0), 381930), (4, 5)), (((0, 0), 325335), (5, 4)), (((0, 0), 612828), (2, 2)), (((0, 0), 649584), (1, 2)), (((0, 0), 534466), (3, 3)), (((0, 0), 344883), (5, 5)), (((0, 0), 670734), (1, 1)), (((9, 12), 180507), (8, 8)), (((0, 0), 531925), (3, 3)), (((0, 0), 310979), (5, 4)), (((0, 0), 737216), (1, 1)), (((0, 12), 219912), (4, 8)), (((0, 12), 204555), (6, 8)), (((12, 12), 334542), (6, 12)), (((7, 12), 97993), (9, 8)), (((0, 0), 171745), (5, 8)), (((0, 0), 131792), (8, 8)), (((12, 12), 84066), (6, 8)), (((8, 12), 236194), (8, 10)), (((7, 7), 225536), (7, 7)), (((0, 0), 366378), (5, 6)), (((0, 0), 251499), (3, 4)), (((0, 12), 305574), (3, 11)), (((0, 0), 370774), (4, 5)), (((12, 12), 111614), (10, 9)), (((0, 0), 408344), (4, 5)), (((0, 0), 523651), (3, 4)), (((9, 12), 348162), (9, 12)), (((7, 8), 198141), (8, 9)), (((9, 12), 184937), (5, 11)), (((9, 12), 177992), (6, 11)), (((8, 9), 160949), (7, 10)), (((0, 12), 173074), (5, 12)), (((8, 12), 445689), (9, 12)), (((4, 12), 164269), (5, 10)), (((1, 8), 55231), (2, 7)), (((8, 12), 349491), (6, 9)), (((2, 11), 96533), (5, 11)), (((1, 12), 309434), (5, 11)), (((0, 0), 225653), (4, 6)), (((6, 3), 113343), (6, 3)), (((7, 3), 124947), (7, 3)), (((7, 2), 203181), (7, 4)), (((6, 2), 227873), (7, 4)), (((6, 2), 216110), (6, 3)), (((7, 4), 168812), (8, 4)), (((7, 2), 165170), (7, 5)), (((7, 3), 143657), (8, 5)), (((8, 6), 266578), (7, 5)), (((8, 6), 303001), (7, 5)), (((8, 7), 269075), (7, 6)), (((8, 7), 277257), (7, 6)), (((8, 7), 276282), (8, 6)), (((7, 5), 267978), (6, 5)), (((6, 3), 129731), (6, 3)), (((9, 1), 446211), (8, 2)), (((9, 1), 465072), (8, 1)), (((6, 2), 136916), (4, 5)), (((2, 5), 70421), (4, 4)), (((2, 1), 105835), (4, 3)), (((7, 2), 107932), (6, 3)), (((8, 3), 143862), (7, 3)), (((7, 3), 160122), (7, 6)), (((0, 0), 604187), (2, 1)), (((8, 12), 129481), (7, 5)), (((8, 4), 145659), (7, 4)), (((0, 0), 709288), (1, 1)), (((0, 0), 715390), (1, 1)), (((0, 0), 708289), (1, 1)), (((0, 0), 671689), (1, 1)), (((0, 0), 643504), (1, 1)), (((0, 0), 737152), (1, 1)), (((0, 0), 724411), (1, 1)), (((0, 0), 719782), (1, 1)), (((0, 0), 702201), (1, 1)), (((0, 0), 603890), (1, 2)), (((0, 0), 737280), (0, 0)), (((0, 0), 702419), (1, 1)), (((0, 0), 737280), (0, 0)), (((0, 0), 737280), (0, 0)), (((0, 0), 737280), (0, 0)), (((0, 0), 737280), (0, 0)), (((0, 0), 737280), (0, 0)), (((0, 0), 737280), (0, 0)), (((0, 0), 737280), (0, 0)), (((0, 0), 737280), (0, 0)), (((0, 0), 737280), (0, 0)), (((0, 0), 737280), (0, 0)), (((0, 0), 737280), (0, 0)), (((0, 0), 737280), (0, 0)), (((0, 0), 737280), (0, 0))]
