{'path': '1685.jpg', 'num': 1685, 'avg': (0.028822856638399653, 0.042739800445573656, 0.017757767820681926), 'mode_bucket': ((0, 0), 680942), 'avg_bucket': (1, 1)}
{'path': '1505.jpg', 'num': 1505, 'avg': (0.7032084242641626, 0.892551381409672, 0.5423950674014906), 'mode_bucket': ((10, 12), 346501), 'avg_bucket': (9, 11)}
{'path': '1625.jpg', 'num': 1625, 'avg': (0.25644333607297437, 0.17118416909865267, 0.48916724643461157), 'mode_bucket': ((2, 1), 127267), 'avg_bucket': (4, 3)}
{'path': '429.jpg', 'num': 429, 'avg': (0.7639324321316165, 0.5613523070770075, 0.1622771405667014), 'mode_bucket': ((11, 3), 79931), 'avg_bucket': (10, 7)}
{'path': '761.jpg', 'num': 761, 'avg': (0.396865833310214, 0.3543370783973664, 0.14047582954695112), 'mode_bucket': ((2, 3), 60481), 'avg_bucket': (5, 5)}
{'path': '937.jpg', 'num': 937, 'avg': (0.28981068011387895, 0.423510683260535, 0.1465811748965046), 'mode_bucket': ((2, 6), 73805), 'avg_bucket': (4, 6)}
{'path': '1073.jpg', 'num': 1073, 'avg': (0.7332979316453716, 0.4026579947136256, 0.187470719082241), 'mode_bucket': ((9, 7), 84843), 'avg_bucket': (9, 5)}
{'path': '1661.jpg', 'num': 1661, 'avg': (0.0, 0.0, 9.148624727668831e-07), 'mode_bucket': ((0, 0), 737280), 'avg_bucket': (0, 0)}
{'path': '1093.jpg', 'num': 1093, 'avg': (0.3992737398282632, 0.19525877003046194, 0.12875810078683037), 'mode_bucket': ((0, 0), 258792), 'avg_bucket': (5, 3)}
{'path': '389.jpg', 'num': 389, 'avg': (0.2818024159804979, 0.2056512164236638, 0.41674800432284764), 'mode_bucket': ((2, 1), 109986), 'avg_bucket': (4, 3)}
{'path': '1441.jpg', 'num': 1441, 'avg': (0.2740238287611578, 0.39264787039284565, 0.18262147458808908), 'mode_bucket': ((0, 0), 407236), 'avg_bucket': (4, 5)}
{'path': '873.jpg', 'num': 873, 'avg': (0.24932012705081716, 0.22323238609627327, 0.1355369870381731), 'mode_bucket': ((0, 0), 293797), 'avg_bucket': (3, 3)}
{'path': '141.jpg', 'num': 141, 'avg': (0.16240944643514482, 0.4193485789762625, 0.29297223392250454), 'mode_bucket': ((2, 5), 182135), 'avg_bucket': (2, 6)}
{'path': '29.jpg', 'num': 29, 'avg': (0.05179597856960698, 0.7269514586298469, 0.34184310747038754), 'mode_bucket': ((1, 10), 192270), 'avg_bucket': (1, 9)}
{'path': '1061.jpg', 'num': 1061, 'avg': (0.40346187824002555, 0.7178288991036316, 0.19035420070861828), 'mode_bucket': ((12, 12), 98063), 'avg_bucket': (5, 9)}
{'path': '797.jpg', 'num': 797, 'avg': (0.423112134471153, 0.33911847492486835, 0.2722077493100692), 'mode_bucket': ((7, 3), 100117), 'avg_bucket': (6, 5)}
{'path': '437.jpg', 'num': 437, 'avg': (0.49670782051439843, 0.422690828783465, 0.13118236400537484), 'mode_bucket': ((8, 6), 131853), 'avg_bucket': (6, 6)}
{'path': '633.jpg', 'num': 633, 'avg': (0.36902570566611875, 0.5062620690519819, 0.08369112966460607), 'mode_bucket': ((5, 4), 91757), 'avg_bucket': (5, 7)}
{'path': '1529.jpg', 'num': 1529, 'avg': (0.1616900176513198, 0.6752873367880732, 0.3035723730679588), 'mode_bucket': ((1, 8), 62452), 'avg_bucket': (2, 9)}
{'path': '1033.jpg', 'num': 1033, 'avg': (0.0, 0.0, 0.0), 'mode_bucket': ((0, 0), 737280), 'avg_bucket': (0, 0)}
{'path': '1725.jpg', 'num': 1725, 'avg': (0.0, 0.0, 0.0), 'mode_bucket': ((0, 0), 737280), 'avg_bucket': (0, 0)}
{'path': '541.jpg', 'num': 541, 'avg': (0.3735998680354365, 0.4298793616319071, 0.10025424134521889), 'mode_bucket': ((0, 0), 121254), 'avg_bucket': (5, 6)}
{'path': '681.jpg', 'num': 681, 'avg': (0.5554000684439775, 0.3376514090057499, 0.2573880250891835), 'mode_bucket': ((7, 3), 78815), 'avg_bucket': (7, 5)}
{'path': '1501.jpg', 'num': 1501, 'avg': (0.5748963366468309, 0.6903110367955138, 0.4521105770854654), 'mode_bucket': ((7, 8), 226851), 'avg_bucket': (7, 9)}
{'path': '1457.jpg', 'num': 1457, 'avg': (0.14723455440571162, 0.5495534393869276, 0.7080474388080098), 'mode_bucket': ((2, 8), 77224), 'avg_bucket': (2, 7)}
{'path': '33.jpg', 'num': 33, 'avg': (0.09466235429361199, 0.673032049084183, 0.4103488179112809), 'mode_bucket': ((1, 9), 152621), 'avg_bucket': (2, 9)}
{'path': '181.jpg', 'num': 181, 'avg': (0.5152551554258562, 0.3417646257529598, 0.051978150744239324), 'mode_bucket': ((5, 4), 259057), 'avg_bucket': (7, 5)}
{'path': '1205.jpg', 'num': 1205, 'avg': (0.3120554448618841, 0.7251992030808877, 0.11129167411326275), 'mode_bucket': ((0, 0), 118170), 'avg_bucket': (4, 9)}
{'path': '1161.jpg', 'num': 1161, 'avg': (0.47436654769734216, 0.6856801562729931, 0.12649286407234672), 'mode_bucket': ((5, 8), 110006), 'avg_bucket': (6, 9)}
{'path': '1745.jpg', 'num': 1745, 'avg': (0.0, 0.0, 0.0), 'mode_bucket': ((0, 0), 737280), 'avg_bucket': (0, 0)}
{'path': '157.jpg', 'num': 157, 'avg': (0.21838532415499717, 0.28274729026755896, 0.5295497440511292), 'mode_bucket': ((6, 2), 99441), 'avg_bucket': (3, 4)}
{'path': '453.jpg', 'num': 453, 'avg': (0.8959834916783814, 0.8335106144680282, 0.2623396118433015), 'mode_bucket': ((12, 12), 344295), 'avg_bucket': (11, 11)}
{'path': '1329.jpg', 'num': 1329, 'avg': (0.2849450423080435, 0.6280372515901637, 0.14026929402404717), 'mode_bucket': ((0, 0), 249821), 'avg_bucket': (4, 8)}
{'path': '9.jpg', 'num': 9, 'avg': (0.2752438287805839, 0.5848159993569056, 0.02909291385855326), 'mode_bucket': ((2, 12), 171069), 'avg_bucket': (4, 8)}
{'path': '1697.jpg', 'num': 1697, 'avg': (0.019673537380903317, 0.02453285637812047, 0.0131385154973476), 'mode_bucket': ((0, 0), 704582), 'avg_bucket': (1, 1)}
{'path': '285.jpg', 'num': 285, 'avg': (0.506690719193227, 0.13952359834433822, 0.4461156694663421), 'mode_bucket': ((6, 1), 126143), 'avg_bucket': (7, 2)}
{'path': '1049.jpg', 'num': 1049, 'avg': (0.39938002317899784, 0.3722651937189657, 0.1380743687460613), 'mode_bucket': ((7, 4), 86455), 'avg_bucket': (5, 5)}
{'path': '917.jpg', 'num': 917, 'avg': (0.6248201800994695, 0.7190902700976696, 0.21168751702085287), 'mode_bucket': ((12, 12), 145096), 'avg_bucket': (8, 9)}
{'path': '933.jpg', 'num': 933, 'avg': (0.5947057404119925, 0.21994763877095724, 0.29918407564860616), 'mode_bucket': ((8, 2), 145329), 'avg_bucket': (8, 3)}
{'path': '909.jpg', 'num': 909, 'avg': (0.6091051876106469, 0.23249579379793175, 0.41928494987362613), 'mode_bucket': ((10, 1), 141625), 'avg_bucket': (8, 3)}
{'path': '1489.jpg', 'num': 1489, 'avg': (0.5461096516887393, 0.5731788660393169, 0.09133482158071522), 'mode_bucket': ((0, 0), 201240), 'avg_bucket': (7, 7)}
{'path': '1245.jpg', 'num': 1245, 'avg': (0.2198224631476269, 0.8799818758345433, 0.1409982798460775), 'mode_bucket': ((1, 12), 196557), 'avg_bucket': (3, 11)}
!1229.jpg
{'path': '853.jpg', 'num': 853, 'avg': (0.7118677923262602, 0.2311157399276443, 0.3546485385595952), 'mode_bucket': ((9, 2), 92545), 'avg_bucket': (9, 3)}
{'path': '961.jpg', 'num': 961, 'avg': (0.4638053444564947, 0.323239383816751, 0.2251396760961524), 'mode_bucket': ((7, 3), 37718), 'avg_bucket': (6, 4)}
{'path': '881.jpg', 'num': 881, 'avg': (0.2659316278006605, 0.3958768545634535, 0.07759368830059336), 'mode_bucket': ((2, 6), 124898), 'avg_bucket': (4, 5)}
{'path': '1069.jpg', 'num': 1069, 'avg': (0.3880291607495233, 0.24022600402608998, 0.14127552572780827), 'mode_bucket': ((0, 0), 116336), 'avg_bucket': (5, 3)}
{'path': '1721.jpg', 'num': 1721, 'avg': (0.0, 0.0, 0.0), 'mode_bucket': ((0, 0), 737280), 'avg_bucket': (0, 0)}
{'path': '1125.jpg', 'num': 1125, 'avg': (0.3165221192102107, 0.5389807617969559, 0.11349267365390432), 'mode_bucket': ((0, 0), 121694), 'avg_bucket': (4, 7)}
{'path': '1173.jpg', 'num': 1173, 'avg': (0.7593733950563044, 0.7547762693205916, 0.16558025684231395), 'mode_bucket': ((12, 12), 260726), 'avg_bucket': (10, 10)}
{'path': '645.jpg', 'num': 645, 'avg': (0.49909016909875503, 0.2833859380028519, 0.43940731804963307), 'mode_bucket': ((8, 6), 133423), 'avg_bucket': (6, 4)}
{'path': '1401.jpg', 'num': 1401, 'avg': (0.027628580797119016, 0.03562073599057135, 0.00512277241625722), 'mode_bucket': ((0, 0), 706653), 'avg_bucket': (1, 1)}
{'path': '825.jpg', 'num': 825, 'avg': (0.6011131304277836, 0.2865686179908788, 0.47256493395997246), 'mode_bucket': ((8, 4), 387237), 'avg_bucket': (8, 4)}
{'path': '509.jpg', 'num': 509, 'avg': (0.5624794957403492, 0.28218808716142885, 0.4270795675028612), 'mode_bucket': ((6, 1), 61753), 'avg_bucket': (7, 4)}
{'path': '1121.jpg', 'num': 1121, 'avg': (0.283701465436746, 0.5619079570198828, 0.019587769352713457), 'mode_bucket': ((0, 0), 154283), 'avg_bucket': (4, 7)}
{'path': '189.jpg', 'num': 189, 'avg': (0.18870343313678084, 0.24123761276377545, 0.2771902871389228), 'mode_bucket': ((3, 2), 74448), 'avg_bucket': (3, 3)}
{'path': '1673.jpg', 'num': 1673, 'avg': (0.015975968625045425, 0.01992066408022865, 0.010960435389433412), 'mode_bucket': ((0, 0), 709273), 'avg_bucket': (1, 1)}
{'path': '877.jpg', 'num': 877, 'avg': (0.6945564187886494, 0.33809157212266716, 0.12673431861825113), 'mode_bucket': ((8, 4), 86595), 'avg_bucket': (9, 5)}
{'path': '369.jpg', 'num': 369, 'avg': (0.5592422158811791, 0.2753007866764428, 0.5007281241480593), 'mode_bucket': ((12, 12), 78292), 'avg_bucket': (7, 4)}
{'path': '709.jpg', 'num': 709, 'avg': (0.3165247205719073, 0.5186860496123857, 0.1508684438404203), 'mode_bucket': ((1, 12), 88332), 'avg_bucket': (4, 7)}
{'path': '925.jpg', 'num': 925, 'avg': (0.590959984459595, 0.27555522421063455, 0.35040397029084136), 'mode_bucket': ((8, 6), 65901), 'avg_bucket': (8, 4)}
{'path': '449.jpg', 'num': 449, 'avg': (0.5730331731782441, 0.2529551392288457, 0.29632041249662894), 'mode_bucket': ((8, 3), 115816), 'avg_bucket': (7, 4)}
{'path': '433.jpg', 'num': 433, 'avg': (0.7548594470315005, 0.5562268764566998, 0.17757018378231756), 'mode_bucket': ((11, 3), 79652), 'avg_bucket': (10, 7)}
{'path': '393.jpg', 'num': 393, 'avg': (0.3344642166083637, 0.2522599008766297, 0.37039012501659335), 'mode_bucket': ((2, 6), 77472), 'avg_bucket': (5, 4)}
{'path': '677.jpg', 'num': 677, 'avg': (0.4500499952044125, 0.10918517670398488, 0.42096212150238965), 'mode_bucket': ((8, 1), 96965), 'avg_bucket': (6, 2)}
{'path': '1189.jpg', 'num': 1189, 'avg': (0.42684417291620497, 0.798078671537403, 0.16896639156961435), 'mode_bucket': ((0, 12), 163800), 'avg_bucket': (6, 10)}
{'path': '809.jpg', 'num': 809, 'avg': (0.5612820991126025, 0.7444552111041998, 0.2071926913126459), 'mode_bucket': ((12, 12), 170616), 'avg_bucket': (7, 9)}
{'path': '981.jpg', 'num': 981, 'avg': (0.5034697506384676, 0.4097544905281506, 0.16298008472032804), 'mode_bucket': ((0, 0), 107207), 'avg_bucket': (7, 5)}
{'path': '957.jpg', 'num': 957, 'avg': (0.4448337823489142, 0.7302487837380037, 0.16546207469569765), 'mode_bucket': ((12, 12), 97670), 'avg_bucket': (6, 9)}
{'path': '233.jpg', 'num': 233, 'avg': (0.47324827962227267, 0.16487241852911183, 0.13641817512594942), 'mode_bucket': ((0, 0), 78012), 'avg_bucket': (6, 2)}
{'path': '869.jpg', 'num': 869, 'avg': (0.5918168075367691, 0.3815053640005708, 0.16954538781679845), 'mode_bucket': ((0, 0), 34453), 'avg_bucket': (8, 5)}
{'path': '1461.jpg', 'num': 1461, 'avg': (0.596761142058389, 0.8387985342667434, 0.29138099554073865), 'mode_bucket': ((8, 12), 242363), 'avg_bucket': (8, 11)}
{'path': '821.jpg', 'num': 821, 'avg': (0.4455063070084343, 0.5004980152642159, 0.25794540504947505), 'mode_bucket': ((8, 4), 211488), 'avg_bucket': (6, 7)}
{'path': '673.jpg', 'num': 673, 'avg': (0.47101899423023164, 0.23717466661176292, 0.2254977968836306), 'mode_bucket': ((5, 3), 99423), 'avg_bucket': (6, 3)}
{'path': '165.jpg', 'num': 165, 'avg': (0.1420026089714008, 0.213847742090878, 0.4998911100893214), 'mode_bucket': ((2, 2), 101148), 'avg_bucket': (2, 3)}
{'path': '1753.jpg', 'num': 1753, 'avg': (0.0, 0.0, 0.0), 'mode_bucket': ((0, 0), 737280), 'avg_bucket': (0, 0)}
{'path': '549.jpg', 'num': 549, 'avg': (0.5873183781923811, 0.7198760575578539, 0.17982312836186992), 'mode_bucket': ((7, 10), 98464), 'avg_bucket': (8, 9)}
{'path': '1597.jpg', 'num': 1597, 'avg': (0.576125956776748, 0.4631453766907473, 0.5717515680313199), 'mode_bucket': ((8, 7), 266681), 'avg_bucket': (7, 6)}
{'path': '1017.jpg', 'num': 1017, 'avg': (0.0003874602141203683, 0.00035410003080173273, 0.007516052645016608), 'mode_bucket': ((0, 0), 736346), 'avg_bucket': (1, 1)}
{'path': '949.jpg', 'num': 949, 'avg': (0.3665643780876524, 0.36262967566806853, 0.14054770475931913), 'mode_bucket': ((2, 4), 93225), 'avg_bucket': (5, 5)}
{'path': '209.jpg', 'num': 209, 'avg': (0.42489265116447444, 0.4594516724167263, 0.2387740364142385), 'mode_bucket': ((2, 12), 91395), 'avg_bucket': (6, 6)}
{'path': '17.jpg', 'num': 17, 'avg': (0.20277331159211687, 0.24783285111457282, 0.11765443091315037), 'mode_bucket': ((0, 0), 156616), 'avg_bucket': (3, 3)}
{'path': '661.jpg', 'num': 661, 'avg': (0.5305133937632713, 0.3177859753967266, 0.3368381289150866), 'mode_bucket': ((8, 6), 69516), 'avg_bucket': (7, 4)}
{'path': '421.jpg', 'num': 421, 'avg': (0.4580132776505902, 0.308800053912599, 0.2531676155702399), 'mode_bucket': ((8, 7), 68553), 'avg_bucket': (6, 4)}
{'path': '985.jpg', 'num': 985, 'avg': (0.5117026017683838, 0.4125471236720111, 0.17167773543854914), 'mode_bucket': ((0, 0), 109836), 'avg_bucket': (7, 5)}
{'path': '1117.jpg', 'num': 1117, 'avg': (0.0008994216344259848, 0.000971860107551259, 0.0011414611417481187), 'mode_bucket': ((0, 0), 736049), 'avg_bucket': (1, 1)}
{'path': '713.jpg', 'num': 713, 'avg': (0.4777170608014093, 0.21345729886236697, 0.3263700225089414), 'mode_bucket': ((6, 2), 95758), 'avg_bucket': (6, 3)}
!1225.jpg
{'path': '1633.jpg', 'num': 1633, 'avg': (0.5058387489576484, 0.2127212511350639, 0.5873908760553133), 'mode_bucket': ((7, 2), 128336), 'avg_bucket': (7, 3)}
{'path': '329.jpg', 'num': 329, 'avg': (0.5686891866576033, 0.33109058374563727, 0.4880312957426442), 'mode_bucket': ((12, 12), 110147), 'avg_bucket': (7, 4)}
{'path': '1277.jpg', 'num': 1277, 'avg': (0.6028445084943604, 0.9205148668231701, 0.48596861064312724), 'mode_bucket': ((12, 12), 400284), 'avg_bucket': (8, 12)}
{'path': '525.jpg', 'num': 525, 'avg': (0.4302422700991724, 0.3587148599362031, 0.08192735992004142), 'mode_bucket': ((5, 4), 307843), 'avg_bucket': (6, 5)}
{'path': '1709.jpg', 'num': 1709, 'avg': (0.0, 0.0, 0.0), 'mode_bucket': ((0, 0), 737280), 'avg_bucket': (0, 0)}
{'path': '221.jpg', 'num': 221, 'avg': (0.3984045017066395, 0.25294502179855255, 0.12687234051561314), 'mode_bucket': ((0, 0), 234942), 'avg_bucket': (5, 4)}
{'path': '257.jpg', 'num': 257, 'avg': (0.5387138702864794, 0.20784860674699174, 0.16289915662453017), 'mode_bucket': ((8, 3), 148231), 'avg_bucket': (7, 3)}
{'path': '1437.jpg', 'num': 1437, 'avg': (0.39837308331687205, 0.7779986354799387, 0.2618288100829868), 'mode_bucket': ((0, 12), 233037), 'avg_bucket': (5, 10)}
{'path': '1665.jpg', 'num': 1665, 'avg': (0.03299437846427761, 0.049756951450368306, 0.02281721792451168), 'mode_bucket': ((0, 0), 671151), 'avg_bucket': (1, 1)}
{'path': '1057.jpg', 'num': 1057, 'avg': (0.4318870604156823, 0.4331499255470406, 0.13052690759482422), 'mode_bucket': ((0, 0), 89786), 'avg_bucket': (6, 6)}
{'path': '217.jpg', 'num': 217, 'avg': (0.2625924446524065, 0.1854461417166892, 0.06079044649571922), 'mode_bucket': ((0, 0), 353376), 'avg_bucket': (4, 3)}
{'path': '929.jpg', 'num': 929, 'avg': (0.3639149311606626, 0.3187914096640926, 0.1844515133520165), 'mode_bucket': ((0, 0), 192562), 'avg_bucket': (5, 4)}
{'path': '1717.jpg', 'num': 1717, 'avg': (0.0, 0.0, 0.0), 'mode_bucket': ((0, 0), 737280), 'avg_bucket': (0, 0)}
{'path': '1617.jpg', 'num': 1617, 'avg': (0.32649347657778305, 0.349619337727123, 0.5053793700636695), 'mode_bucket': ((6, 2), 124232), 'avg_bucket': (4, 5)}
{'path': '1.jpg', 'num': 1, 'avg': (0.0, 0.0, 0.0), 'mode_bucket': ((0, 0), 737280), 'avg_bucket': (0, 0)}
{'path': '1137.jpg', 'num': 1137, 'avg': (0.5654654087383525, 0.5859259153922979, 0.1760081146177666), 'mode_bucket': ((12, 11), 115248), 'avg_bucket': (7, 8)}
{'path': '425.jpg', 'num': 425, 'avg': (0.4117050967991487, 0.2951080310235802, 0.08981909658418977), 'mode_bucket': ((5, 3), 129508), 'avg_bucket': (5, 4)}
!1221.jpg
{'path': '1573.jpg', 'num': 1573, 'avg': (0.5457662148921876, 0.304697929903364, 0.6050333765242037), 'mode_bucket': ((7, 2), 202433), 'avg_bucket': (7, 4)}
{'path': '117.jpg', 'num': 117, 'avg': (0.2152227832368501, 0.2591046167746398, 0.3038607728242352), 'mode_bucket': ((2, 4), 77371), 'avg_bucket': (3, 4)}
{'path': '477.jpg', 'num': 477, 'avg': (0.6186075567631973, 0.2531925133200756, 0.33337344898858723), 'mode_bucket': ((11, 2), 36461), 'avg_bucket': (8, 4)}
{'path': '1021.jpg', 'num': 1021, 'avg': (0.0, 0.0, 0.0), 'mode_bucket': ((0, 0), 737280), 'avg_bucket': (0, 0)}
{'path': '405.jpg', 'num': 405, 'avg': (0.27372151675949036, 0.38078710443830877, 0.24854395382251077), 'mode_bucket': ((2, 6), 67128), 'avg_bucket': (4, 5)}
{'path': '1629.jpg', 'num': 1629, 'avg': (0.4748553996810803, 0.1850186900422641, 0.555434213941928), 'mode_bucket': ((7, 2), 95060), 'avg_bucket': (6, 3)}
{'path': '1693.jpg', 'num': 1693, 'avg': (0.008539474134194248, 0.009336222189815235, 0.0045522599230663485), 'mode_bucket': ((0, 0), 724300), 'avg_bucket': (1, 1)}
{'path': '61.jpg', 'num': 61, 'avg': (2.8935185185185173e-05, 0.00017361111111111112, 7.446555010893226e-07), 'mode_bucket': ((0, 0), 737152), 'avg_bucket': (1, 1)}
{'path': '1565.jpg', 'num': 1565, 'avg': (0.4712622555314294, 0.19470542015195358, 0.5715675583395505), 'mode_bucket': ((6, 2), 229283), 'avg_bucket': (6, 3)}
{'path': '229.jpg', 'num': 229, 'avg': (0.27165003060147036, 0.42047635666420063, 0.10564210048217136), 'mode_bucket': ((2, 12), 120166), 'avg_bucket': (4, 6)}
{'path': '365.jpg', 'num': 365, 'avg': (0.6078255175200391, 0.26458865857229047, 0.47169294236777853), 'mode_bucket': ((8, 1), 79146), 'avg_bucket': (8, 4)}
{'path': '317.jpg', 'num': 317, 'avg': (0.5398263317890732, 0.40267018363385254, 0.3090336658743734), 'mode_bucket': ((7, 4), 61488), 'avg_bucket': (7, 5)}
{'path': '325.jpg', 'num': 325, 'avg': (0.5568419875920726, 0.20381654782810144, 0.567161362590853), 'mode_bucket': ((6, 1), 111217), 'avg_bucket': (7, 3)}
{'path': '553.jpg', 'num': 553, 'avg': (0.5988796949708117, 0.6438435171601513, 0.1668766382423792), 'mode_bucket': ((7, 9), 103449), 'avg_bucket': (8, 8)}
{'path': '1001.jpg', 'num': 1001, 'avg': (0.5335503785079414, 0.4470703498920028, 0.16561245787356693), 'mode_bucket': ((0, 0), 73783), 'avg_bucket': (7, 6)}
{'path': '145.jpg', 'num': 145, 'avg': (0.24932101984648006, 0.3702733500760701, 0.4354245812916795), 'mode_bucket': ((6, 3), 76951), 'avg_bucket': (3, 5)}
{'path': '1053.jpg', 'num': 1053, 'avg': (0.13294663415863953, 0.11564657828882992, 0.13196857660168218), 'mode_bucket': ((0, 0), 471665), 'avg_bucket': (2, 2)}
{'path': '1713.jpg', 'num': 1713, 'avg': (0.0, 0.0, 0.0), 'mode_bucket': ((0, 0), 737280), 'avg_bucket': (0, 0)}
{'path': '1325.jpg', 'num': 1325, 'avg': (0.3741362431629322, 0.6276731900909917, 0.22491911445481622), 'mode_bucket': ((0, 12), 76699), 'avg_bucket': (5, 8)}
{'path': '457.jpg', 'num': 457, 'avg': (0.8804658771773933, 0.8157415850664238, 0.24372764969738372), 'mode_bucket': ((12, 12), 308093), 'avg_bucket': (11, 10)}
{'path': '601.jpg', 'num': 601, 'avg': (0.24707860897056555, 0.4399932814196356, 0.15014943108330298), 'mode_bucket': ((1, 6), 66886), 'avg_bucket': (3, 6)}
{'path': '1525.jpg', 'num': 1525, 'avg': (0.5367432724249238, 0.8754833800734746, 0.5829248365950465), 'mode_bucket': ((7, 11), 570050), 'avg_bucket': (7, 11)}
{'path': '1421.jpg', 'num': 1421, 'avg': (0.12658989422981368, 0.16850790694546725, 0.00511213979949341), 'mode_bucket': ((0, 0), 581681), 'avg_bucket': (2, 3)}
{'path': '1009.jpg', 'num': 1009, 'avg': (0.5150384369012939, 0.4437768786352959, 0.16568570006102634), 'mode_bucket': ((0, 0), 115638), 'avg_bucket': (7, 6)}
{'path': '1409.jpg', 'num': 1409, 'avg': (0.3796479782710743, 0.4384711144480334, 0.08730967669208772), 'mode_bucket': ((0, 0), 316250), 'avg_bucket': (5, 6)}
{'path': '1425.jpg', 'num': 1425, 'avg': (0.39344574290278483, 0.35356742496404836, 0.1371591179875975), 'mode_bucket': ((0, 0), 282303), 'avg_bucket': (5, 5)}
{'path': '1481.jpg', 'num': 1481, 'avg': (0.21577420977653364, 0.3385298434210311, 0.08604401765047913), 'mode_bucket': ((0, 0), 448321), 'avg_bucket': (3, 5)}
{'path': '125.jpg', 'num': 125, 'avg': (0.35419418100496713, 0.28555572641449445, 0.2274692616842953), 'mode_bucket': ((2, 6), 106342), 'avg_bucket': (5, 4)}
{'path': '1601.jpg', 'num': 1601, 'avg': (0.46214452897893465, 0.3194020278916143, 0.38295940457350475), 'mode_bucket': ((7, 5), 296971), 'avg_bucket': (6, 4)}
{'path': '1705.jpg', 'num': 1705, 'avg': (0.0, 0.0, 0.0), 'mode_bucket': ((0, 0), 737280), 'avg_bucket': (0, 0)}
{'path': '1553.jpg', 'num': 1553, 'avg': (0.4549948708058281, 0.17770071800302242, 0.5711289243350032), 'mode_bucket': ((6, 3), 148713), 'avg_bucket': (6, 3)}
{'path': '1509.jpg', 'num': 1509, 'avg': (0.3741484708207738, 0.9171527184179256, 0.13636567691343424), 'mode_bucket': ((9, 12), 148183), 'avg_bucket': (5, 12)}
{'path': '65.jpg', 'num': 65, 'avg': (0.1655780547558308, 0.3435065859069186, 0.2393234592010099), 'mode_bucket': ((1, 5), 74392), 'avg_bucket': (2, 5)}
{'path': '1397.jpg', 'num': 1397, 'avg': (0.059244102490122436, 0.05931210933779773, 0.022525094890402105), 'mode_bucket': ((0, 0), 662433), 'avg_bucket': (1, 1)}
{'path': '1733.jpg', 'num': 1733, 'avg': (0.0, 0.0, 0.0), 'mode_bucket': ((0, 0), 737280), 'avg_bucket': (0, 0)}
{'path': '309.jpg', 'num': 309, 'avg': (0.5571048158539481, 0.31391308438654714, 0.20752524914040582), 'mode_bucket': ((8, 4), 101275), 'avg_bucket': (7, 4)}
{'path': '1085.jpg', 'num': 1085, 'avg': (0.1637012119686792, 0.27935618059298367, 0.5674223430684625), 'mode_bucket': ((1, 4), 119130), 'avg_bucket': (2, 4)}
{'path': '913.jpg', 'num': 913, 'avg': (0.31855182646960645, 0.3416750629352852, 0.19726262510187312), 'mode_bucket': ((2, 3), 83205), 'avg_bucket': (4, 5)}
{'path': '1297.jpg', 'num': 1297, 'avg': (0.4833631205589545, 0.4052275234669132, 0.2830509440105192), 'mode_bucket': ((0, 12), 60117), 'avg_bucket': (6, 5)}
{'path': '1429.jpg', 'num': 1429, 'avg': (0.009302844440529694, 0.014646720312441979, 0.001190544577205836), 'mode_bucket': ((0, 0), 724640), 'avg_bucket': (1, 1)}
{'path': '801.jpg', 'num': 801, 'avg': (0.38552955533141364, 0.4028135261642399, 0.25271431185291976), 'mode_bucket': ((7, 3), 86997), 'avg_bucket': (5, 5)}
{'path': '5.jpg', 'num': 5, 'avg': (0.0006076388888888894, 0.002690972222222222, 1.1914488017429154e-05), 'mode_bucket': ((0, 0), 735296), 'avg_bucket': (1, 1)}
{'path': '1249.jpg', 'num': 1249, 'avg': (0.28277658647180537, 0.33275162686074194, 0.18476002944565922), 'mode_bucket': ((0, 0), 213443), 'avg_bucket': (4, 4)}
{'path': '313.jpg', 'num': 313, 'avg': (0.5610366502231091, 0.38801717926073953, 0.3214513548467174), 'mode_bucket': ((7, 4), 61417), 'avg_bucket': (7, 5)}
{'path': '1413.jpg', 'num': 1413, 'avg': (0.050333279182294806, 0.057359988522250493, 0.023113803572662003), 'mode_bucket': ((0, 0), 664822), 'avg_bucket': (1, 1)}
{'path': '697.jpg', 'num': 697, 'avg': (0.42874117765897907, 0.4177902026463562, 0.13922409024330779), 'mode_bucket': ((5, 4), 165920), 'avg_bucket': (6, 6)}
{'path': '513.jpg', 'num': 513, 'avg': (0.5484922470028053, 0.23739966759320438, 0.3192788117853311), 'mode_bucket': ((12, 3), 47273), 'avg_bucket': (7, 3)}
{'path': '57.jpg', 'num': 57, 'avg': (0.1281936958314316, 0.3496430200318598, 0.5209564036111237), 'mode_bucket': ((2, 5), 119463), 'avg_bucket': (2, 5)}
{'path': '241.jpg', 'num': 241, 'avg': (0.27862632805612014, 0.13806056919259557, 0.1707903507543825), 'mode_bucket': ((2, 2), 109044), 'avg_bucket': (4, 2)}
{'path': '321.jpg', 'num': 321, 'avg': (0.5712806463250681, 0.3379947105772554, 0.5080733102704711), 'mode_bucket': ((12, 12), 116507), 'avg_bucket': (7, 5)}
{'path': '357.jpg', 'num': 357, 'avg': (0.5882806237900369, 0.2714548401479474, 0.4840354424105782), 'mode_bucket': ((6, 2), 59512), 'avg_bucket': (8, 4)}
{'path': '753.jpg', 'num': 753, 'avg': (0.37543020940190125, 0.1518916273373663, 0.42847198818736915), 'mode_bucket': ((1, 2), 74356), 'avg_bucket': (5, 2)}
{'path': '1645.jpg', 'num': 1645, 'avg': (0.49228320721333546, 0.33845035842554333, 0.4753063672279032), 'mode_bucket': ((0, 0), 132890), 'avg_bucket': (6, 5)}
{'path': '1561.jpg', 'num': 1561, 'avg': (0.5158352951635305, 0.2779417215814669, 0.5081789290161384), 'mode_bucket': ((6, 2), 203752), 'avg_bucket': (7, 4)}
{'path': '1177.jpg', 'num': 1177, 'avg': (0.08599501117350752, 0.07927312729422807, 0.03912992855565007), 'mode_bucket': ((0, 0), 622563), 'avg_bucket': (2, 1)}
{'path': '1377.jpg', 'num': 1377, 'avg': (0.03800857091091137, 0.03522077117780784, 0.02543970311649033), 'mode_bucket': ((0, 0), 684712), 'avg_bucket': (1, 1)}
{'path': '1737.jpg', 'num': 1737, 'avg': (0.0, 0.0, 0.0), 'mode_bucket': ((0, 0), 737280), 'avg_bucket': (0, 0)}
{'path': '465.jpg', 'num': 465, 'avg': (0.6601884290246214, 0.2805146471904838, 0.30106392122843445), 'mode_bucket': ((11, 3), 38891), 'avg_bucket': (8, 4)}
{'path': '273.jpg', 'num': 273, 'avg': (0.6213749789369045, 0.18203468295791975, 0.52754129646492), 'mode_bucket': ((8, 2), 208389), 'avg_bucket': (8, 3)}
{'path': '1521.jpg', 'num': 1521, 'avg': (0.6777478395818207, 0.9781353295501466, 0.40703103724182726), 'mode_bucket': ((8, 12), 522748), 'avg_bucket': (9, 12)}
{'path': '745.jpg', 'num': 745, 'avg': (0.4800353437813282, 0.27156439719888936, 0.41090937861678034), 'mode_bucket': ((8, 4), 72720), 'avg_bucket': (6, 4)}
!1213.jpg
{'path': '1585.jpg', 'num': 1585, 'avg': (0.5655316717636825, 0.39062521855471466, 0.5857993185333531), 'mode_bucket': ((8, 6), 300948), 'avg_bucket': (7, 5)}
{'path': '865.jpg', 'num': 865, 'avg': (0.45322764128017734, 0.3812939621481804, 0.12160511557019975), 'mode_bucket': ((8, 6), 141489), 'avg_bucket': (6, 5)}
{'path': '565.jpg', 'num': 565, 'avg': (0.574576725644883, 0.5940910552078844, 0.15049903620341937), 'mode_bucket': ((12, 12), 90157), 'avg_bucket': (7, 8)}
{'path': '817.jpg', 'num': 817, 'avg': (0.4693217137498427, 0.39065957367931, 0.21268987651434637), 'mode_bucket': ((8, 8), 64322), 'avg_bucket': (6, 5)}
{'path': '1541.jpg', 'num': 1541, 'avg': (0.5087281858948625, 0.8782759339547854, 0.3638818465754204), 'mode_bucket': ((7, 12), 226091), 'avg_bucket': (7, 11)}
{'path': '1077.jpg', 'num': 1077, 'avg': (0.1651488058010632, 0.548388408402041, 0.06158890335671353), 'mode_bucket': ((2, 6), 69249), 'avg_bucket': (2, 7)}
{'path': '945.jpg', 'num': 945, 'avg': (0.30818202245689413, 0.4088733203786324, 0.1426664624186374), 'mode_bucket': ((2, 6), 90411), 'avg_bucket': (4, 5)}
{'path': '185.jpg', 'num': 185, 'avg': (0.3069442546927558, 0.20739785167379254, 0.4681209097132218), 'mode_bucket': ((6, 3), 193924), 'avg_bucket': (4, 3)}
{'path': '953.jpg', 'num': 953, 'avg': (0.4589021295514127, 0.3809420997933113, 0.25690357881436415), 'mode_bucket': ((8, 5), 119436), 'avg_bucket': (6, 5)}
{'path': '649.jpg', 'num': 649, 'avg': (0.521381276371643, 0.25348430123914895, 0.49219068606183697), 'mode_bucket': ((7, 5), 142695), 'avg_bucket': (7, 4)}
{'path': '113.jpg', 'num': 113, 'avg': (0.12291838803845412, 0.5451385966116412, 0.16411120578879537), 'mode_bucket': ((2, 12), 130350), 'avg_bucket': (2, 7)}
{'path': '1153.jpg', 'num': 1153, 'avg': (0.6225733042969813, 0.36275104626547594, 0.4129893769568466), 'mode_bucket': ((8, 4), 213351), 'avg_bucket': (8, 5)}
{'path': '1477.jpg', 'num': 1477, 'avg': (0.19508383048466418, 0.8200333364110144, 0.0685517141977147), 'mode_bucket': ((0, 12), 298704), 'avg_bucket': (3, 10)}
{'path': '1169.jpg', 'num': 1169, 'avg': (0.5919967593270055, 0.7363533014051847, 0.1614969862725477), 'mode_bucket': ((12, 12), 195116), 'avg_bucket': (8, 9)}
{'path': '897.jpg', 'num': 897, 'avg': (0.5211161016439644, 0.24251177461728118, 0.13832272199461762), 'mode_bucket': ((0, 0), 118978), 'avg_bucket': (7, 3)}
{'path': '1321.jpg', 'num': 1321, 'avg': (0.3311431014602328, 0.6549095190380906, 0.21858712256516938), 'mode_bucket': ((0, 12), 110882), 'avg_bucket': (4, 8)}
{'path': '973.jpg', 'num': 973, 'avg': (0.46983467554214986, 0.3627360558561993, 0.32777977770996725), 'mode_bucket': ((8, 2), 42601), 'avg_bucket': (6, 5)}
!1217.jpg
{'path': '1045.jpg', 'num': 1045, 'avg': (0.0, 0.0, 0.0), 'mode_bucket': ((0, 0), 737280), 'avg_bucket': (0, 0)}
{'path': '1537.jpg', 'num': 1537, 'avg': (0.44532017925383255, 0.9503125989286286, 0.3743164860338313), 'mode_bucket': ((8, 12), 227074), 'avg_bucket': (6, 12)}
{'path': '293.jpg', 'num': 293, 'avg': (0.5747613816671772, 0.28448969940084845, 0.6395297606876851), 'mode_bucket': ((12, 12), 135022), 'avg_bucket': (7, 4)}
{'path': '1349.jpg', 'num': 1349, 'avg': (0.39589642326284163, 0.7493003344120859, 0.23928981141000735), 'mode_bucket': ((0, 12), 243167), 'avg_bucket': (5, 9)}
{'path': '1253.jpg', 'num': 1253, 'avg': (0.44435240864561343, 0.58750237606946, 0.22901191661504455), 'mode_bucket': ((0, 12), 155748), 'avg_bucket': (6, 8)}
{'path': '589.jpg', 'num': 589, 'avg': (0.35785651524765966, 0.3306876589097319, 0.11668705427132338), 'mode_bucket': ((0, 0), 69893), 'avg_bucket': (5, 4)}
{'path': '333.jpg', 'num': 333, 'avg': (0.5943565587451934, 0.26788017213666304, 0.4887802383325893), 'mode_bucket': ((6, 1), 56614), 'avg_bucket': (8, 4)}
{'path': '629.jpg', 'num': 629, 'avg': (0.36281754323967824, 0.46126481796525554, 0.08545819184952824), 'mode_bucket': ((4, 6), 113228), 'avg_bucket': (5, 6)}
{'path': '1569.jpg', 'num': 1569, 'avg': (0.614079866549635, 0.32438692299321037, 0.5399069021065385), 'mode_bucket': ((8, 5), 174527), 'avg_bucket': (8, 4)}
{'path': '409.jpg', 'num': 409, 'avg': (0.1962021071541595, 0.39055155681447634, 0.08787707226979392), 'mode_bucket': ((0, 0), 311107), 'avg_bucket': (3, 5)}
{'path': '37.jpg', 'num': 37, 'avg': (0.10729839363247348, 0.714144197332755, 0.435427187583313), 'mode_bucket': ((1, 7), 131691), 'avg_bucket': (2, 9)}
{'path': '41.jpg', 'num': 41, 'avg': (0.16143413070694174, 0.3912354708676487, 0.4782932176768009), 'mode_bucket': ((1, 6), 63745), 'avg_bucket': (2, 5)}
{'path': '669.jpg', 'num': 669, 'avg': (0.4172955546216502, 0.12136217742009965, 0.39822549657910966), 'mode_bucket': ((7, 1), 90003), 'avg_bucket': (6, 2)}
{'path': '1417.jpg', 'num': 1417, 'avg': (0.02860928474364409, 0.03980034459947697, 0.0033652365025859314), 'mode_bucket': ((0, 0), 704618), 'avg_bucket': (1, 1)}
{'path': '545.jpg', 'num': 545, 'avg': (0.5532300372917421, 0.7468129914895908, 0.27776994293811164), 'mode_bucket': ((7, 10), 252606), 'avg_bucket': (7, 9)}
{'path': '1497.jpg', 'num': 1497, 'avg': (0.7170582965083288, 0.958618763514016, 0.07490833822740052), 'mode_bucket': ((9, 12), 413051), 'avg_bucket': (9, 12)}
{'path': '281.jpg', 'num': 281, 'avg': (0.612289206636603, 0.21745972043030568, 0.6671042315563068), 'mode_bucket': ((8, 3), 255191), 'avg_bucket': (8, 3)}
{'path': '53.jpg', 'num': 53, 'avg': (0.25175147850116353, 0.30894628009396385, 0.21956032347852303), 'mode_bucket': ((1, 6), 55114), 'avg_bucket': (4, 4)}
{'path': '205.jpg', 'num': 205, 'avg': (0.5740617382081221, 0.24975259190229998, 0.5808218975514615), 'mode_bucket': ((8, 4), 332465), 'avg_bucket': (7, 3)}
{'path': '85.jpg', 'num': 85, 'avg': (0.13987804775333657, 0.27493583242227065, 0.19218206933553933), 'mode_bucket': ((2, 3), 110941), 'avg_bucket': (2, 4)}
{'path': '789.jpg', 'num': 789, 'avg': (0.469084027702377, 0.6782866000104998, 0.23558669279383085), 'mode_bucket': ((1, 12), 107890), 'avg_bucket': (6, 9)}
{'path': '997.jpg', 'num': 997, 'avg': (0.5131413771245462, 0.4318689649117784, 0.16727728949633708), 'mode_bucket': ((0, 0), 92239), 'avg_bucket': (7, 6)}
{'path': '1345.jpg', 'num': 1345, 'avg': (0.4107804417785118, 0.7164794514870577, 0.30351647071585613), 'mode_bucket': ((0, 12), 223075), 'avg_bucket': (5, 9)}
{'path': '1333.jpg', 'num': 1333, 'avg': (0.33801068802602646, 0.7590821116590376, 0.16227688525472106), 'mode_bucket': ((0, 12), 171019), 'avg_bucket': (5, 10)}
{'path': '1677.jpg', 'num': 1677, 'avg': (0.02221525754935358, 0.026869269928171978, 0.017945011446424606), 'mode_bucket': ((0, 0), 698113), 'avg_bucket': (1, 1)}
{'path': '1405.jpg', 'num': 1405, 'avg': (0.09751300719981794, 0.1463299932218423, 0.026687384046527172), 'mode_bucket': ((0, 0), 626756), 'avg_bucket': (2, 2)}
{'path': '1185.jpg', 'num': 1185, 'avg': (0.24311304065475012, 0.7001257500655296, 0.13294507527402566), 'mode_bucket': ((0, 0), 161179), 'avg_bucket': (3, 9)}
{'path': '361.jpg', 'num': 361, 'avg': (0.6033594791594, 0.27362315433017886, 0.48470529726663614), 'mode_bucket': ((8, 1), 66339), 'avg_bucket': (8, 4)}
{'path': '1577.jpg', 'num': 1577, 'avg': (0.6372732136483356, 0.38841942982452654, 0.495266506886983), 'mode_bucket': ((7, 3), 147237), 'avg_bucket': (8, 5)}
{'path': '1257.jpg', 'num': 1257, 'avg': (0.7255369247906783, 0.6207424212133941, 0.22391212745933214), 'mode_bucket': ((12, 12), 92642), 'avg_bucket': (9, 8)}
{'path': '1545.jpg', 'num': 1545, 'avg': (0.23646318538408834, 0.7056448164259173, 0.3283152860749261), 'mode_bucket': ((12, 12), 111443), 'avg_bucket': (3, 9)}
{'path': '1341.jpg', 'num': 1341, 'avg': (0.477586420290333, 0.45182963093624856, 0.24181179470426012), 'mode_bucket': ((12, 12), 63255), 'avg_bucket': (6, 6)}
{'path': '1133.jpg', 'num': 1133, 'avg': (0.571627865546972, 0.5769429170397979, 0.05063300504712187), 'mode_bucket': ((8, 6), 105704), 'avg_bucket': (7, 7)}
{'path': '149.jpg', 'num': 149, 'avg': (0.220308415482096, 0.3199483316740515, 0.5294485294116497), 'mode_bucket': ((1, 6), 115146), 'avg_bucket': (3, 4)}
{'path': '1729.jpg', 'num': 1729, 'avg': (0.0, 0.0, 0.0), 'mode_bucket': ((0, 0), 737280), 'avg_bucket': (0, 0)}
{'path': '885.jpg', 'num': 885, 'avg': (0.3077194662813986, 0.5304989641592491, 0.05963934206563283), 'mode_bucket': ((4, 9), 209907), 'avg_bucket': (4, 7)}
{'path': '893.jpg', 'num': 893, 'avg': (0.573157985369621, 0.4797104439842084, 0.2418415330538147), 'mode_bucket': ((0, 0), 212297), 'avg_bucket': (7, 6)}
{'path': '521.jpg', 'num': 521, 'avg': (0.5407532192897927, 0.6789745159242759, 0.14358029833010244), 'mode_bucket': ((12, 12), 187692), 'avg_bucket': (7, 9)}
{'path': '445.jpg', 'num': 445, 'avg': (0.5446269826342276, 0.6585302629768475, 0.13127252050979396), 'mode_bucket': ((2, 6), 175790), 'avg_bucket': (7, 8)}
{'path': '1485.jpg', 'num': 1485, 'avg': (0.6427674442242938, 0.7644780125281846, 0.34311437802018885), 'mode_bucket': ((12, 12), 186203), 'avg_bucket': (8, 10)}
{'path': '473.jpg', 'num': 473, 'avg': (0.6287160176117874, 0.2609512645227153, 0.33240169483565407), 'mode_bucket': ((10, 2), 36283), 'avg_bucket': (8, 4)}
{'path': '1465.jpg', 'num': 1465, 'avg': (0.5207183584798634, 0.6361137852972416, 0.14157299964274225), 'mode_bucket': ((8, 12), 219444), 'avg_bucket': (7, 8)}
{'path': '757.jpg', 'num': 757, 'avg': (0.3527190303456865, 0.1576784114616442, 0.42221455758921184), 'mode_bucket': ((1, 2), 83567), 'avg_bucket': (5, 2)}
{'path': '381.jpg', 'num': 381, 'avg': (0.17131419826641633, 0.5257564306965162, 0.2264319087008449), 'mode_bucket': ((2, 9), 63443), 'avg_bucket': (3, 7)}
{'path': '253.jpg', 'num': 253, 'avg': (0.42280483491042475, 0.37520459169993936, 0.13561686198049508), 'mode_bucket': ((2, 3), 81097), 'avg_bucket': (6, 5)}
{'path': '197.jpg', 'num': 197, 'avg': (0.25427625337187154, 0.21953690688554212, 0.35752487149412815), 'mode_bucket': ((1, 4), 78881), 'avg_bucket': (4, 3)}
{'path': '1393.jpg', 'num': 1393, 'avg': (0.34242479093801, 0.26681347656662463, 0.2568330599383207), 'mode_bucket': ((0, 0), 335848), 'avg_bucket': (5, 4)}
{'path': '73.jpg', 'num': 73, 'avg': (0.20918409553630019, 0.36819860376809266, 0.40289851302873214), 'mode_bucket': ((7, 4), 74730), 'avg_bucket': (3, 5)}
{'path': '301.jpg', 'num': 301, 'avg': (0.5205512576713344, 0.38963982355847476, 0.3111231745294079), 'mode_bucket': ((7, 4), 64304), 'avg_bucket': (7, 5)}
{'path': '161.jpg', 'num': 161, 'avg': (0.2263356520876221, 0.27802254783347025, 0.5312352877347295), 'mode_bucket': ((6, 2), 82264), 'avg_bucket': (3, 4)}
{'path': '1013.jpg', 'num': 1013, 'avg': (0.41160109446725907, 0.4915041759594564, 0.09704793560209296), 'mode_bucket': ((0, 0), 139456), 'avg_bucket': (5, 6)}
{'path': '177.jpg', 'num': 177, 'avg': (0.20793830769228863, 0.2662851129040641, 0.42670623978571387), 'mode_bucket': ((1, 6), 75885), 'avg_bucket': (3, 4)}
{'path': '733.jpg', 'num': 733, 'avg': (0.46334579224352507, 0.27599553942777283, 0.16311540990180634), 'mode_bucket': ((8, 3), 100213), 'avg_bucket': (6, 4)}
{'path': '1649.jpg', 'num': 1649, 'avg': (0.547486719407213, 0.2915892479329932, 0.43207712077932414), 'mode_bucket': ((8, 4), 144908), 'avg_bucket': (7, 4)}
{'path': '653.jpg', 'num': 653, 'avg': (0.3931350119188655, 0.2590545973141832, 0.3504510750689825), 'mode_bucket': ((2, 3), 56492), 'avg_bucket': (5, 4)}
{'path': '1165.jpg', 'num': 1165, 'avg': (0.5834582917412029, 0.6875489703102903, 0.3234938544636636), 'mode_bucket': ((12, 12), 305450), 'avg_bucket': (8, 9)}
{'path': '1141.jpg', 'num': 1141, 'avg': (0.3615602234549823, 0.30545952234511226, 0.06661646092956318), 'mode_bucket': ((0, 0), 118999), 'avg_bucket': (5, 4)}
{'path': '1105.jpg', 'num': 1105, 'avg': (0.3603326287590011, 0.5348312067902877, 0.11100437006422151), 'mode_bucket': ((0, 0), 92106), 'avg_bucket': (5, 7)}
{'path': '49.jpg', 'num': 49, 'avg': (0.22087911409313066, 0.35265678099964665, 0.41293453839870925), 'mode_bucket': ((1, 6), 92763), 'avg_bucket': (3, 5)}
{'path': '561.jpg', 'num': 561, 'avg': (0.2760037348083112, 0.24171597237397818, 0.0759362287664645), 'mode_bucket': ((0, 0), 372937), 'avg_bucket': (4, 3)}
{'path': '701.jpg', 'num': 701, 'avg': (0.4715738998908393, 0.4790828257348967, 0.16133559283121215), 'mode_bucket': ((7, 8), 52913), 'avg_bucket': (6, 6)}
{'path': '1149.jpg', 'num': 1149, 'avg': (0.5888403990212756, 0.5087487978380864, 0.10431889020839162), 'mode_bucket': ((12, 12), 85722), 'avg_bucket': (8, 7)}
{'path': '737.jpg', 'num': 737, 'avg': (0.39369865015927724, 0.165738453490974, 0.4063153913914753), 'mode_bucket': ((1, 2), 84772), 'avg_bucket': (5, 2)}
{'path': '577.jpg', 'num': 577, 'avg': (0.4737692112688332, 0.32107212099992183, 0.07184600630649625), 'mode_bucket': ((5, 3), 150393), 'avg_bucket': (6, 4)}
{'path': '1293.jpg', 'num': 1293, 'avg': (0.5880216312488116, 0.3450742481285683, 0.40722324346391503), 'mode_bucket': ((7, 2), 59972), 'avg_bucket': (8, 5)}
{'path': '109.jpg', 'num': 109, 'avg': (0.12231337314376528, 0.48783900575757916, 0.1955856449568595), 'mode_bucket': ((2, 6), 83298), 'avg_bucket': (2, 6)}
{'path': '1037.jpg', 'num': 1037, 'avg': (0.0, 0.0, 0.0), 'mode_bucket': ((0, 0), 737280), 'avg_bucket': (0, 0)}
{'path': '829.jpg', 'num': 829, 'avg': (0.31603729648431184, 0.40149717364218945, 0.1555866342854841), 'mode_bucket': ((2, 3), 57509), 'avg_bucket': (4, 5)}
{'path': '1025.jpg', 'num': 1025, 'avg': (0.0, 0.0, 0.0), 'mode_bucket': ((0, 0), 737280), 'avg_bucket': (0, 0)}
{'path': '461.jpg', 'num': 461, 'avg': (0.6287278196944567, 0.27415236020442757, 0.30950495302263475), 'mode_bucket': ((11, 3), 38997), 'avg_bucket': (8, 4)}
{'path': '493.jpg', 'num': 493, 'avg': (0.6351130427182833, 0.14272246813590878, 0.53872564444287), 'mode_bucket': ((11, 1), 195161), 'avg_bucket': (8, 2)}
{'path': '1233.jpg', 'num': 1233, 'avg': (0.2646546153292236, 0.629643273987202, 0.11763312844679101), 'mode_bucket': ((0, 0), 226551), 'avg_bucket': (4, 8)}
{'path': '469.jpg', 'num': 469, 'avg': (0.6350968771416071, 0.2650496394847356, 0.32913106149554994), 'mode_bucket': ((11, 3), 40778), 'avg_bucket': (8, 4)}
{'path': '201.jpg', 'num': 201, 'avg': (0.209096590493212, 0.2547281704134804, 0.44011736302448706), 'mode_bucket': ((2, 4), 112877), 'avg_bucket': (3, 4)}
{'path': '497.jpg', 'num': 497, 'avg': (0.5894571675951785, 0.21617739023329438, 0.33885185823435476), 'mode_bucket': ((11, 2), 64247), 'avg_bucket': (8, 3)}
{'path': '1365.jpg', 'num': 1365, 'avg': (0.39783820192488356, 0.8542468881627759, 0.22639085158813255), 'mode_bucket': ((12, 12), 212016), 'avg_bucket': (5, 11)}
{'path': '1549.jpg', 'num': 1549, 'avg': (0.3372930545977383, 0.7011739457377151, 0.20571861383445283), 'mode_bucket': ((1, 12), 78657), 'avg_bucket': (5, 9)}
{'path': '1285.jpg', 'num': 1285, 'avg': (0.532590262336399, 0.366270001514699, 0.3162947963473187), 'mode_bucket': ((7, 3), 99084), 'avg_bucket': (7, 5)}
{'path': '89.jpg', 'num': 89, 'avg': (0.08331794651458012, 0.4197102415633012, 0.45002929155443394), 'mode_bucket': ((1, 2), 137361), 'avg_bucket': (1, 6)}
{'path': '1145.jpg', 'num': 1145, 'avg': (0.4261342648719214, 0.2997423921623199, 0.2036888531451488), 'mode_bucket': ((8, 3), 52979), 'avg_bucket': (6, 4)}
{'path': '1261.jpg', 'num': 1261, 'avg': (0.3748007324959556, 0.7789468223510494, 0.13772777416100546), 'mode_bucket': ((12, 12), 101553), 'avg_bucket': (5, 10)}
{'path': '501.jpg', 'num': 501, 'avg': (0.5114120627150246, 0.26894896752446196, 0.40085909841173994), 'mode_bucket': ((6, 1), 58328), 'avg_bucket': (7, 4)}
{'path': '1373.jpg', 'num': 1373, 'avg': (0.0414486229469549, 0.0578464869266465, 0.01838493264060284), 'mode_bucket': ((0, 0), 674407), 'avg_bucket': (1, 1)}
{'path': '977.jpg', 'num': 977, 'avg': (0.353375448239561, 0.1922302695761813, 0.34221464801109347), 'mode_bucket': ((2, 1), 46214), 'avg_bucket': (5, 3)}
{'path': '1637.jpg', 'num': 1637, 'avg': (0.5264371478034127, 0.26882277006900324, 0.5555293064502885), 'mode_bucket': ((7, 3), 118859), 'avg_bucket': (7, 4)}
{'path': '749.jpg', 'num': 749, 'avg': (0.3616269902219807, 0.15817923525672026, 0.4197757789092709), 'mode_bucket': ((1, 2), 75636), 'avg_bucket': (5, 2)}
{'path': '1181.jpg', 'num': 1181, 'avg': (0.19946591561538668, 0.12349774274721488, 0.10306035858351827), 'mode_bucket': ((0, 0), 508674), 'avg_bucket': (3, 2)}
{'path': '1701.jpg', 'num': 1701, 'avg': (2.8935185185185173e-05, 0.00017361111111111112, 6.808278867102378e-07), 'mode_bucket': ((0, 0), 737152), 'avg_bucket': (1, 1)}
{'path': '1473.jpg', 'num': 1473, 'avg': (0.5400405550181099, 0.5521987573247568, 0.07244841133085973), 'mode_bucket': ((9, 12), 113467), 'avg_bucket': (7, 7)}
{'path': '845.jpg', 'num': 845, 'avg': (0.48420695616343085, 0.36550082472034484, 0.1563845752069764), 'mode_bucket': ((7, 6), 49835), 'avg_bucket': (6, 5)}
{'path': '605.jpg', 'num': 605, 'avg': (0.3988580575130622, 0.37043767043203174, 0.1783734702649033), 'mode_bucket': ((12, 4), 37907), 'avg_bucket': (5, 5)}
{'path': '345.jpg', 'num': 345, 'avg': (0.5779538533688293, 0.34701771486548727, 0.4802857934607318), 'mode_bucket': ((12, 12), 118414), 'avg_bucket': (7, 5)}
{'path': '1309.jpg', 'num': 1309, 'avg': (0.5919364771624971, 0.9687830395425145, 0.2797806032135002), 'mode_bucket': ((12, 12), 405433), 'avg_bucket': (8, 12)}
{'path': '717.jpg', 'num': 717, 'avg': (0.4627671878855569, 0.2415666234070571, 0.3037921953712055), 'mode_bucket': ((6, 2), 106095), 'avg_bucket': (6, 3)}
{'path': '69.jpg', 'num': 69, 'avg': (0.1622556830698178, 0.2843218134336053, 0.24649468847891015), 'mode_bucket': ((2, 2), 79624), 'avg_bucket': (2, 4)}
{'path': '377.jpg', 'num': 377, 'avg': (0.20643508307318004, 0.446156338436469, 0.14908848315843537), 'mode_bucket': ((1, 8), 57528), 'avg_bucket': (3, 6)}
{'path': '965.jpg', 'num': 965, 'avg': (0.26424461221121825, 0.26424504272940375, 0.21860595703107524), 'mode_bucket': ((2, 4), 66238), 'avg_bucket': (4, 4)}
{'path': '21.jpg', 'num': 21, 'avg': (5.7870370370370345e-05, 8.680555555555556e-05, 6.808278867102384e-07), 'mode_bucket': ((0, 0), 737216), 'avg_bucket': (1, 1)}
{'path': '1581.jpg', 'num': 1581, 'avg': (0.5633955978594832, 0.39158692589959615, 0.5791955220663845), 'mode_bucket': ((8, 6), 247643), 'avg_bucket': (7, 5)}
{'path': '1241.jpg', 'num': 1241, 'avg': (0.2680312668255007, 0.227823203496699, 0.18464687372339575), 'mode_bucket': ((0, 0), 298421), 'avg_bucket': (4, 3)}
{'path': '1361.jpg', 'num': 1361, 'avg': (0.27374428637717957, 0.9158496615542879, 0.22717913326315792), 'mode_bucket': ((1, 12), 220041), 'avg_bucket': (4, 11)}
{'path': '1433.jpg', 'num': 1433, 'avg': (0.2059837325809612, 0.2886756451150365, 0.04482791543274164), 'mode_bucket': ((0, 0), 515834), 'avg_bucket': (3, 4)}
{'path': '1337.jpg', 'num': 1337, 'avg': (0.37269425626840963, 0.7142449207419489, 0.2907101726319695), 'mode_bucket': ((0, 12), 239591), 'avg_bucket': (5, 9)}
{'path': '657.jpg', 'num': 657, 'avg': (0.5812068219592081, 0.46444106040491157, 0.22427011527219626), 'mode_bucket': ((8, 8), 29426), 'avg_bucket': (7, 6)}
{'path': '129.jpg', 'num': 129, 'avg': (0.13489016789299177, 0.32334231938129, 0.25664382170026717), 'mode_bucket': ((2, 4), 68488), 'avg_bucket': (2, 4)}
{'path': '617.jpg', 'num': 617, 'avg': (0.3623192730762914, 0.3219946533654309, 0.16512964984198145), 'mode_bucket': ((2, 4), 57681), 'avg_bucket': (5, 4)}
{'path': '805.jpg', 'num': 805, 'avg': (0.5579158219791227, 0.7854631210206471, 0.21889767582413733), 'mode_bucket': ((12, 12), 192056), 'avg_bucket': (7, 10)}
{'path': '413.jpg', 'num': 413, 'avg': (0.39592605195999897, 0.23741002943699355, 0.30225779015919924), 'mode_bucket': ((0, 0), 198496), 'avg_bucket': (5, 3)}
{'path': '581.jpg', 'num': 581, 'avg': (0.28016747610729553, 0.35090188832215047, 0.08363005727489428), 'mode_bucket': ((0, 0), 115594), 'avg_bucket': (4, 5)}
{'path': '1513.jpg', 'num': 1513, 'avg': (0.5591875552943242, 0.8327524299735102, 0.347214031011358), 'mode_bucket': ((8, 9), 168829), 'avg_bucket': (7, 10)}
{'path': '1389.jpg', 'num': 1389, 'avg': (0.24033214919558504, 0.3227447058672147, 0.047513254867982385), 'mode_bucket': ((0, 0), 455638), 'avg_bucket': (3, 4)}
{'path': '597.jpg', 'num': 597, 'avg': (0.49783531428724664, 0.41501190493781903, 0.2971752185034107), 'mode_bucket': ((12, 7), 77297), 'avg_bucket': (6, 5)}
{'path': '613.jpg', 'num': 613, 'avg': (0.32844560707911835, 0.3119280053080571, 0.16250042019877645), 'mode_bucket': ((2, 3), 62634), 'avg_bucket': (4, 4)}
{'path': '121.jpg', 'num': 121, 'avg': (0.3538726107939374, 0.28661132068919903, 0.2299764635667421), 'mode_bucket': ((2, 6), 104880), 'avg_bucket': (5, 4)}
{'path': '481.jpg', 'num': 481, 'avg': (0.6165324406982948, 0.25775392243812756, 0.33219026054392964), 'mode_bucket': ((6, 1), 39461), 'avg_bucket': (8, 4)}
{'path': '401.jpg', 'num': 401, 'avg': (0.26068137712411615, 0.18609245581383876, 0.04916424121764821), 'mode_bucket': ((0, 0), 278761), 'avg_bucket': (4, 3)}
{'path': '833.jpg', 'num': 833, 'avg': (0.6042811544967661, 0.22520178006227606, 0.42156501587175593), 'mode_bucket': ((12, 2), 240330), 'avg_bucket': (8, 3)}
{'path': '385.jpg', 'num': 385, 'avg': (0.3470762523028568, 0.26283934033344636, 0.3532865583294642), 'mode_bucket': ((2, 6), 84650), 'avg_bucket': (5, 4)}
{'path': '265.jpg', 'num': 265, 'avg': (0.4262605426908771, 0.2575615636284885, 0.1333353332654111), 'mode_bucket': ((5, 4), 166059), 'avg_bucket': (6, 4)}
{'path': '1305.jpg', 'num': 1305, 'avg': (0.46852326798610044, 0.8953616473999301, 0.36284481804903157), 'mode_bucket': ((12, 12), 203900), 'avg_bucket': (6, 11)}
{'path': '1657.jpg', 'num': 1657, 'avg': (0.020828544080650616, 0.022137690179644145, 0.020263485711130128), 'mode_bucket': ((0, 0), 702275), 'avg_bucket': (1, 1)}
{'path': '1101.jpg', 'num': 1101, 'avg': (0.38187453222164586, 0.5457382976488874, 0.13316994527884884), 'mode_bucket': ((0, 0), 71640), 'avg_bucket': (5, 7)}
{'path': '1097.jpg', 'num': 1097, 'avg': (0.33643767224909094, 0.5834673444225139, 0.137342531956561), 'mode_bucket': ((0, 0), 79631), 'avg_bucket': (5, 8)}
{'path': '861.jpg', 'num': 861, 'avg': (0.6748283944306814, 0.5697598776722583, 0.16487175968591555), 'mode_bucket': ((12, 12), 122034), 'avg_bucket': (9, 7)}
{'path': '489.jpg', 'num': 489, 'avg': (0.4151761836586514, 0.195459583423464, 0.3811635933675499), 'mode_bucket': ((10, 1), 76103), 'avg_bucket': (5, 3)}
{'path': '245.jpg', 'num': 245, 'avg': (0.36316500486140896, 0.3226727595554301, 0.41499997872291217), 'mode_bucket': ((2, 6), 123124), 'avg_bucket': (5, 4)}
{'path': '609.jpg', 'num': 609, 'avg': (0.3591693574281654, 0.3830743872046124, 0.21933548006890488), 'mode_bucket': ((1, 5), 72567), 'avg_bucket': (5, 5)}
{'path': '1385.jpg', 'num': 1385, 'avg': (0.016695047518446894, 0.023655923536534746, 0.0037581539777360802), 'mode_bucket': ((0, 0), 714463), 'avg_bucket': (1, 1)}
{'path': '1609.jpg', 'num': 1609, 'avg': (0.6273544953925668, 0.09947365264199551, 0.7322762948521812), 'mode_bucket': ((9, 1), 454319), 'avg_bucket': (8, 2)}
{'path': '781.jpg', 'num': 781, 'avg': (0.26829414541016766, 0.3392547227560197, 0.11947115098166812), 'mode_bucket': ((0, 0), 299250), 'avg_bucket': (4, 5)}
{'path': '1533.jpg', 'num': 1533, 'avg': (0.4424497275321084, 0.7353138850547329, 0.43135652296835303), 'mode_bucket': ((8, 12), 274468), 'avg_bucket': (6, 9)}
{'path': '1317.jpg', 'num': 1317, 'avg': (0.5112180846188497, 0.880215153716391, 0.1474104339000814), 'mode_bucket': ((8, 12), 197000), 'avg_bucket': (7, 11)}
{'path': '1265.jpg', 'num': 1265, 'avg': (0.342238157416536, 0.7972234000493359, 0.13934077244195645), 'mode_bucket': ((12, 12), 91159), 'avg_bucket': (5, 10)}
{'path': '1469.jpg', 'num': 1469, 'avg': (0.12783653099514117, 0.18631688747270497, 0.015436745770372204), 'mode_bucket': ((0, 0), 586188), 'avg_bucket': (2, 3)}
{'path': '1109.jpg', 'num': 1109, 'avg': (0.5779799470269312, 0.6130816619745568, 0.1382064759500034), 'mode_bucket': ((12, 12), 132794), 'avg_bucket': (7, 8)}
{'path': '621.jpg', 'num': 621, 'avg': (0.4734882105714908, 0.2809828533407825, 0.21254946108238432), 'mode_bucket': ((1, 4), 64384), 'avg_bucket': (6, 4)}
{'path': '941.jpg', 'num': 941, 'avg': (0.4669739149417166, 0.3093101225805986, 0.24692196648640494), 'mode_bucket': ((7, 3), 42091), 'avg_bucket': (6, 4)}
{'path': '765.jpg', 'num': 765, 'avg': (0.4023430885373803, 0.34634003686375386, 0.13554719413890742), 'mode_bucket': ((5, 3), 50017), 'avg_bucket': (5, 5)}
{'path': '705.jpg', 'num': 705, 'avg': (0.5339831183855287, 0.4441236631129945, 0.17643438734046693), 'mode_bucket': ((8, 4), 110456), 'avg_bucket': (7, 6)}
{'path': '1353.jpg', 'num': 1353, 'avg': (0.7140181363475863, 0.9406052815993985, 0.3644435295815605), 'mode_bucket': ((12, 12), 450265), 'avg_bucket': (9, 12)}
{'path': '1493.jpg', 'num': 1493, 'avg': (0.2286497219874689, 0.29352645145799855, 0.026243064065953912), 'mode_bucket': ((0, 0), 497314), 'avg_bucket': (3, 4)}
{'path': '1681.jpg', 'num': 1681, 'avg': (0.017969877478344814, 0.02010235381396068, 0.011277717141545966), 'mode_bucket': ((0, 0), 709348), 'avg_bucket': (1, 1)}
{'path': '729.jpg', 'num': 729, 'avg': (0.24853073041506835, 0.5950259450915881, 0.1695613819532372), 'mode_bucket': ((2, 12), 107512), 'avg_bucket': (3, 8)}
{'path': '641.jpg', 'num': 641, 'avg': (0.17503118130376993, 0.1707530364983266, 0.030990971584173806), 'mode_bucket': ((0, 0), 407005), 'avg_bucket': (3, 3)}
{'path': '105.jpg', 'num': 105, 'avg': (0.2522866493901357, 0.2769840993498213, 0.061584882217112634), 'mode_bucket': ((0, 0), 163995), 'avg_bucket': (4, 4)}
{'path': '1237.jpg', 'num': 1237, 'avg': (0.4667437164306714, 0.5019199423941696, 0.15960728464575152), 'mode_bucket': ((0, 0), 183613), 'avg_bucket': (6, 7)}
{'path': '269.jpg', 'num': 269, 'avg': (0.35528463433891666, 0.28881819465681957, 0.08981318189188567), 'mode_bucket': ((0, 0), 162900), 'avg_bucket': (5, 4)}
{'path': '1453.jpg', 'num': 1453, 'avg': (0.26597203639830974, 0.8158046454616239, 0.7431180374692256), 'mode_bucket': ((1, 11), 246670), 'avg_bucket': (4, 10)}
{'path': '993.jpg', 'num': 993, 'avg': (0.5062030622513185, 0.4467256778988488, 0.16583802466276823), 'mode_bucket': ((0, 0), 78483), 'avg_bucket': (7, 6)}
{'path': '213.jpg', 'num': 213, 'avg': (0.5177155719553883, 0.2635280804263836, 0.634760800694315), 'mode_bucket': ((6, 2), 154026), 'avg_bucket': (7, 4)}
{'path': '341.jpg', 'num': 341, 'avg': (0.5970353357815046, 0.34749928059567803, 0.4834547760060281), 'mode_bucket': ((12, 12), 118956), 'avg_bucket': (8, 5)}
{'path': '397.jpg', 'num': 397, 'avg': (0.7321528106256977, 0.8932548836400029, 0.19225671572920525), 'mode_bucket': ((12, 12), 441194), 'avg_bucket': (9, 11)}
{'path': '841.jpg', 'num': 841, 'avg': (0.33505381869831047, 0.14186665504263352, 0.6377777777777192), 'mode_bucket': ((2, 2), 161609), 'avg_bucket': (5, 2)}
{'path': '505.jpg', 'num': 505, 'avg': (0.4961120158992826, 0.1839160897421138, 0.38601783769101305), 'mode_bucket': ((2, 1), 75019), 'avg_bucket': (6, 3)}
{'path': '785.jpg', 'num': 785, 'avg': (0.3003197159823876, 0.39887403835202156, 0.1192689610561873), 'mode_bucket': ((0, 0), 245321), 'avg_bucket': (4, 5)}
{'path': '133.jpg', 'num': 133, 'avg': (0.12008255374479856, 0.3306603788598761, 0.2563737085554744), 'mode_bucket': ((2, 4), 69746), 'avg_bucket': (2, 4)}
{'path': '1517.jpg', 'num': 1517, 'avg': (0.4856232423248844, 0.9845148540912335, 0.2356703016500337), 'mode_bucket': ((12, 12), 203776), 'avg_bucket': (6, 12)}
{'path': '1653.jpg', 'num': 1653, 'avg': (0.002219871238425961, 0.004229058159722222, 2.84671160130718e-05), 'mode_bucket': ((0, 0), 734162), 'avg_bucket': (1, 1)}
{'path': '573.jpg', 'num': 573, 'avg': (0.5209689549641021, 0.8689447190653237, 0.11594399977882952), 'mode_bucket': ((12, 12), 221827), 'avg_bucket': (7, 11)}
{'path': '249.jpg', 'num': 249, 'avg': (0.3174973730774739, 0.345868404180375, 0.3620766580260957), 'mode_bucket': ((2, 6), 175053), 'avg_bucket': (4, 5)}
{'path': '769.jpg', 'num': 769, 'avg': (0.3821378312852471, 0.3338285063662312, 0.12635517195232673), 'mode_bucket': ((2, 3), 51137), 'avg_bucket': (5, 5)}
{'path': '1041.jpg', 'num': 1041, 'avg': (0.0, 0.0, 0.0), 'mode_bucket': ((0, 0), 737280), 'avg_bucket': (0, 0)}
{'path': '1089.jpg', 'num': 1089, 'avg': (0.5165471704026205, 0.1374797565306959, 0.6370190961573284), 'mode_bucket': ((7, 2), 245148), 'avg_bucket': (7, 2)}
{'path': '837.jpg', 'num': 837, 'avg': (0.5426774710731506, 0.27471109922188663, 0.3701759461375755), 'mode_bucket': ((7, 3), 112213), 'avg_bucket': (7, 4)}
{'path': '137.jpg', 'num': 137, 'avg': (0.1199451546303427, 0.3139721656600722, 0.2602544062339541), 'mode_bucket': ((2, 4), 80207), 'avg_bucket': (2, 4)}
{'path': '261.jpg', 'num': 261, 'avg': (0.5031869887605266, 0.179681987026645, 0.23311561202248293), 'mode_bucket': ((0, 0), 122724), 'avg_bucket': (7, 3)}
{'path': '593.jpg', 'num': 593, 'avg': (0.5359305632993462, 0.24725569693604557, 0.15005249821356498), 'mode_bucket': ((0, 0), 39654), 'avg_bucket': (7, 3)}
{'path': '1005.jpg', 'num': 1005, 'avg': (0.7512601949711039, 0.6750919925841065, 0.16956665836917378), 'mode_bucket': ((12, 12), 245487), 'avg_bucket': (10, 9)}
{'path': '1605.jpg', 'num': 1605, 'avg': (0.4687940963946293, 0.22601357258042631, 0.5889439348883334), 'mode_bucket': ((6, 3), 115105), 'avg_bucket': (6, 3)}
{'path': '689.jpg', 'num': 689, 'avg': (0.4644564288894066, 0.2572733709887956, 0.23664042819777914), 'mode_bucket': ((5, 4), 64717), 'avg_bucket': (6, 4)}
{'path': '693.jpg', 'num': 693, 'avg': (0.5415577714677224, 0.5029281537397688, 0.44576928764117), 'mode_bucket': ((7, 6), 268167), 'avg_bucket': (7, 7)}
{'path': '557.jpg', 'num': 557, 'avg': (0.3475006928369446, 0.5254430947372876, 0.061487704674006466), 'mode_bucket': ((5, 4), 168951), 'avg_bucket': (5, 7)}
{'path': '1449.jpg', 'num': 1449, 'avg': (0.4566512139653734, 0.5647386789457933, 0.39607647931096285), 'mode_bucket': ((0, 0), 137232), 'avg_bucket': (6, 7)}
{'path': '849.jpg', 'num': 849, 'avg': (0.22490083506343211, 0.32493237649074896, 0.023184939449067462), 'mode_bucket': ((0, 0), 185700), 'avg_bucket': (3, 4)}
{'path': '721.jpg', 'num': 721, 'avg': (0.3712686740683442, 0.23188814627695808, 0.323687140436783), 'mode_bucket': ((6, 2), 83581), 'avg_bucket': (5, 3)}
{'path': '277.jpg', 'num': 277, 'avg': (0.626363519262249, 0.2547743348964665, 0.5956381697628136), 'mode_bucket': ((7, 2), 229779), 'avg_bucket': (8, 4)}
{'path': '349.jpg', 'num': 349, 'avg': (0.549609169388068, 0.34803517716231597, 0.47757628995439877), 'mode_bucket': ((12, 12), 117519), 'avg_bucket': (7, 5)}
{'path': '773.jpg', 'num': 773, 'avg': (0.45651498743074825, 0.24281358334177097, 0.4405624702133029), 'mode_bucket': ((7, 5), 88973), 'avg_bucket': (6, 3)}
{'path': '1197.jpg', 'num': 1197, 'avg': (0.2452922907412042, 0.703296349501531, 0.12267967473457217), 'mode_bucket': ((0, 12), 177211), 'avg_bucket': (3, 9)}
{'path': '373.jpg', 'num': 373, 'avg': (0.23932639164836594, 0.30483125259187066, 0.09815693508263973), 'mode_bucket': ((2, 4), 198819), 'avg_bucket': (3, 4)}
{'path': '857.jpg', 'num': 857, 'avg': (0.4896818719717926, 0.46633636885697155, 0.09263806444834995), 'mode_bucket': ((8, 5), 95222), 'avg_bucket': (6, 6)}
{'path': '289.jpg', 'num': 289, 'avg': (0.5184326555049299, 0.1423829864321068, 0.4447333548217199), 'mode_bucket': ((6, 1), 120136), 'avg_bucket': (7, 2)}
{'path': '1157.jpg', 'num': 1157, 'avg': (0.38738555871895186, 0.5808947712902904, 0.11649678415167622), 'mode_bucket': ((2, 12), 103626), 'avg_bucket': (5, 7)}
{'path': '441.jpg', 'num': 441, 'avg': (0.4563933791494568, 0.28078300513367294, 0.20166741132275104), 'mode_bucket': ((7, 4), 77048), 'avg_bucket': (6, 4)}
{'path': '777.jpg', 'num': 777, 'avg': (0.30444886030418494, 0.4183405874992806, 0.24465234162156196), 'mode_bucket': ((3, 8), 43691), 'avg_bucket': (4, 6)}
{'path': '1613.jpg', 'num': 1613, 'avg': (0.6315874443282213, 0.09646849399413567, 0.7314920343165932), 'mode_bucket': ((9, 1), 469379), 'avg_bucket': (8, 2)}
!1209.jpg
{'path': '97.jpg', 'num': 97, 'avg': (0.4124046754667726, 0.34175740870924814, 0.08445462494923604), 'mode_bucket': ((0, 0), 84896), 'avg_bucket': (5, 5)}
{'path': '1669.jpg', 'num': 1669, 'avg': (0.04158586864455331, 0.07363335265771723, 0.02724356724028868), 'mode_bucket': ((0, 0), 643970), 'avg_bucket': (1, 1)}
{'path': '297.jpg', 'num': 297, 'avg': (0.511233087993925, 0.18326550580852055, 0.6818483732443629), 'mode_bucket': ((6, 2), 132915), 'avg_bucket': (7, 3)}
{'path': '193.jpg', 'num': 193, 'avg': (0.1680434967684359, 0.25638432352887947, 0.25364176964159924), 'mode_bucket': ((2, 3), 79586), 'avg_bucket': (3, 4)}
{'path': '237.jpg', 'num': 237, 'avg': (0.406666093293612, 0.19106850224372238, 0.12039778433071992), 'mode_bucket': ((2, 4), 107571), 'avg_bucket': (5, 3)}
{'path': '1589.jpg', 'num': 1589, 'avg': (0.5753359209029142, 0.4421806542516654, 0.5935693093429381), 'mode_bucket': ((8, 7), 272486), 'avg_bucket': (7, 6)}
{'path': '1741.jpg', 'num': 1741, 'avg': (0.0, 0.0, 0.0), 'mode_bucket': ((0, 0), 737280), 'avg_bucket': (0, 0)}
{'path': '685.jpg', 'num': 685, 'avg': (0.4590012080983491, 0.29906121301223926, 0.21115073742106982), 'mode_bucket': ((8, 4), 89866), 'avg_bucket': (6, 4)}
{'path': '353.jpg', 'num': 353, 'avg': (0.6515531633071135, 0.34748619715058526, 0.5619526835255546), 'mode_bucket': ((12, 12), 162684), 'avg_bucket': (8, 5)}
{'path': '1357.jpg', 'num': 1357, 'avg': (0.6996011848963128, 0.9509365381727205, 0.3753675353605084), 'mode_bucket': ((12, 12), 450005), 'avg_bucket': (9, 12)}
{'path': '1113.jpg', 'num': 1113, 'avg': (0.4496830017808696, 0.589217746630354, 0.19550532854205332), 'mode_bucket': ((12, 12), 105289), 'avg_bucket': (6, 8)}
{'path': '725.jpg', 'num': 725, 'avg': (0.24695840764532184, 0.6030083363633886, 0.18182619847011536), 'mode_bucket': ((2, 12), 108364), 'avg_bucket': (3, 8)}
{'path': '637.jpg', 'num': 637, 'avg': (0.2170283363220734, 0.20508056150645362, 0.06055317265848286), 'mode_bucket': ((0, 0), 274632), 'avg_bucket': (3, 3)}
{'path': '537.jpg', 'num': 537, 'avg': (0.5919541088858432, 0.6019645312895047, 0.17129629097790577), 'mode_bucket': ((7, 9), 105018), 'avg_bucket': (8, 8)}
{'path': '1313.jpg', 'num': 1313, 'avg': (0.36195448514919193, 0.8261653552139159, 0.24576033581835932), 'mode_bucket': ((0, 12), 208454), 'avg_bucket': (5, 10)}
{'path': '1593.jpg', 'num': 1593, 'avg': (0.5730524023426833, 0.4390983463607819, 0.5975560672406961), 'mode_bucket': ((8, 7), 272173), 'avg_bucket': (7, 6)}
{'path': '305.jpg', 'num': 305, 'avg': (0.5363447468268762, 0.30947133551171035, 0.20603253931755983), 'mode_bucket': ((8, 4), 98348), 'avg_bucket': (7, 4)}
{'path': '793.jpg', 'num': 793, 'avg': (0.39873955329071215, 0.39716986456417913, 0.2031511959167203), 'mode_bucket': ((2, 9), 40486), 'avg_bucket': (5, 5)}
{'path': '337.jpg', 'num': 337, 'avg': (0.5966902371031675, 0.27359446874405563, 0.4853507061464463), 'mode_bucket': ((6, 1), 60225), 'avg_bucket': (8, 4)}
{'path': '1445.jpg', 'num': 1445, 'avg': (0.3447734754243801, 0.8899688047962403, 0.37293804891689747), 'mode_bucket': ((5, 12), 296753), 'avg_bucket': (5, 11)}
{'path': '569.jpg', 'num': 569, 'avg': (0.5271856334232097, 0.8736577290298793, 0.10716843150039382), 'mode_bucket': ((12, 12), 219601), 'avg_bucket': (7, 11)}
{'path': '1201.jpg', 'num': 1201, 'avg': (0.2673822050508685, 0.6255229365686189, 0.11365681168303726), 'mode_bucket': ((0, 0), 211800), 'avg_bucket': (4, 8)}
{'path': '1301.jpg', 'num': 1301, 'avg': (0.6617005220592195, 0.37899577891858893, 0.38558423543093834), 'mode_bucket': ((8, 2), 73721), 'avg_bucket': (8, 5)}
{'path': '901.jpg', 'num': 901, 'avg': (0.5966395026394603, 0.20897490546003566, 0.385040908181892), 'mode_bucket': ((11, 1), 68636), 'avg_bucket': (8, 3)}
{'path': '81.jpg', 'num': 81, 'avg': (0.09923050492791034, 0.38360549587930437, 0.38207906220159044), 'mode_bucket': ((1, 6), 189604), 'avg_bucket': (2, 5)}
{'path': '905.jpg', 'num': 905, 'avg': (0.4911670819403955, 0.16123215025166562, 0.3233657577606783), 'mode_bucket': ((8, 2), 81097), 'avg_bucket': (6, 2)}
{'path': '889.jpg', 'num': 889, 'avg': (0.38629153576045083, 0.31555981084812135, 0.07817011016688633), 'mode_bucket': ((0, 0), 139519), 'avg_bucket': (5, 4)}
{'path': '25.jpg', 'num': 25, 'avg': (0.18647570524289062, 0.6674081733526589, 0.394049803619713), 'mode_bucket': ((1, 9), 118385), 'avg_bucket': (3, 9)}
{'path': '169.jpg', 'num': 169, 'avg': (0.19187217741702495, 0.3996106364379598, 0.359478985821911), 'mode_bucket': ((1, 6), 165934), 'avg_bucket': (3, 5)}
{'path': '417.jpg', 'num': 417, 'avg': (0.4043127908620285, 0.2923178400682573, 0.08327927134450247), 'mode_bucket': ((5, 4), 338473), 'avg_bucket': (5, 4)}
{'path': '93.jpg', 'num': 93, 'avg': (0.5067160153582286, 0.6786438924284104, 0.1945076656965816), 'mode_bucket': ((7, 9), 131438), 'avg_bucket': (7, 9)}
{'path': '153.jpg', 'num': 153, 'avg': (0.22266029510942073, 0.2836970900560097, 0.534691005199787), 'mode_bucket': ((6, 2), 92162), 'avg_bucket': (3, 4)}
{'path': '813.jpg', 'num': 813, 'avg': (0.4773014472587505, 0.3841475067569269, 0.14561462801322497), 'mode_bucket': ((0, 0), 84773), 'avg_bucket': (6, 5)}
{'path': '1557.jpg', 'num': 1557, 'avg': (0.23432337288847951, 0.28819769710262805, 0.2197413864633508), 'mode_bucket': ((0, 0), 342809), 'avg_bucket': (3, 4)}
{'path': '533.jpg', 'num': 533, 'avg': (0.5722308765695484, 0.5924521323615758, 0.1857505648748142), 'mode_bucket': ((7, 9), 120186), 'avg_bucket': (7, 8)}
{'path': '1369.jpg', 'num': 1369, 'avg': (0.3276984975371937, 0.8352839961281452, 0.21856730941077612), 'mode_bucket': ((0, 12), 201758), 'avg_bucket': (4, 11)}
{'path': '1029.jpg', 'num': 1029, 'avg': (0.0, 0.0, 0.0), 'mode_bucket': ((0, 0), 737280), 'avg_bucket': (0, 0)}
{'path': '77.jpg', 'num': 77, 'avg': (0.15862994003796888, 0.30735981273529156, 0.31672501574273154), 'mode_bucket': ((1, 5), 78545), 'avg_bucket': (2, 4)}
{'path': '969.jpg', 'num': 969, 'avg': (0.4023523019013696, 0.20660338251686666, 0.3450198184741846), 'mode_bucket': ((8, 1), 44336), 'avg_bucket': (5, 3)}
{'path': '485.jpg', 'num': 485, 'avg': (0.6466752017002343, 0.239237985649424, 0.4381593339366408), 'mode_bucket': ((10, 1), 73015), 'avg_bucket': (8, 3)}
{'path': '1381.jpg', 'num': 1381, 'avg': (0.05378202845527065, 0.03612507163582362, 0.041203889867587655), 'mode_bucket': ((0, 0), 667002), 'avg_bucket': (1, 1)}
{'path': '1273.jpg', 'num': 1273, 'avg': (0.19183950615509882, 0.6377337180021454, 0.14630791292199904), 'mode_bucket': ((0, 0), 140138), 'avg_bucket': (3, 8)}
{'path': '1129.jpg', 'num': 1129, 'avg': (0.5471819414435899, 0.48065552653695487, 0.10108205358996408), 'mode_bucket': ((12, 11), 117235), 'avg_bucket': (7, 6)}
{'path': '1641.jpg', 'num': 1641, 'avg': (0.04160822691450934, 0.015266711497633308, 0.04621274063010029), 'mode_bucket': ((0, 0), 686485), 'avg_bucket': (1, 1)}
{'path': '517.jpg', 'num': 517, 'avg': (0.4175247631530341, 0.3345309662626346, 0.05414144412128552), 'mode_bucket': ((5, 4), 315362), 'avg_bucket': (6, 5)}
{'path': '625.jpg', 'num': 625, 'avg': (0.2884635869527379, 0.33478515948138693, 0.0849365393950727), 'mode_bucket': ((2, 4), 152664), 'avg_bucket': (4, 5)}
{'path': '1281.jpg', 'num': 1281, 'avg': (0.4355764582670338, 0.6897451660087477, 0.19247149565124275), 'mode_bucket': ((12, 12), 165168), 'avg_bucket': (6, 9)}
{'path': '989.jpg', 'num': 989, 'avg': (0.5129705339030644, 0.43725081167389135, 0.16518542453852622), 'mode_bucket': ((0, 0), 79605), 'avg_bucket': (7, 6)}
{'path': '1193.jpg', 'num': 1193, 'avg': (0.267301396793639, 0.6097574280987575, 0.12194969958472919), 'mode_bucket': ((0, 0), 209621), 'avg_bucket': (4, 8)}
{'path': '225.jpg', 'num': 225, 'avg': (0.6188911043237936, 0.31676703176188037, 0.19971138748543463), 'mode_bucket': ((8, 3), 230277), 'avg_bucket': (8, 4)}
{'path': '1081.jpg', 'num': 1081, 'avg': (0.42245299333188435, 0.4497303726629357, 0.14415107677195033), 'mode_bucket': ((1, 6), 70409), 'avg_bucket': (6, 6)}
{'path': '529.jpg', 'num': 529, 'avg': (0.43073413958960205, 0.5475767000542549, 0.10090658615885033), 'mode_bucket': ((12, 12), 165612), 'avg_bucket': (6, 7)}
{'path': '585.jpg', 'num': 585, 'avg': (0.29018785931342284, 0.35167895035255786, 0.08261017710060253), 'mode_bucket': ((0, 0), 100321), 'avg_bucket': (4, 5)}
{'path': '1065.jpg', 'num': 1065, 'avg': (0.4736309794474039, 0.36203643073927033, 0.1454525218296101), 'mode_bucket': ((0, 0), 82738), 'avg_bucket': (6, 5)}
{'path': '665.jpg', 'num': 665, 'avg': (0.45715342240903367, 0.20129588262490153, 0.38732788351883657), 'mode_bucket': ((3, 2), 50474), 'avg_bucket': (6, 3)}
{'path': '1621.jpg', 'num': 1621, 'avg': (0.33122142817524974, 0.31044140433444856, 0.4315083848214387), 'mode_bucket': ((2, 5), 80452), 'avg_bucket': (4, 4)}
{'path': '173.jpg', 'num': 173, 'avg': (0.2608905047464405, 0.3266045804059417, 0.44692482809047623), 'mode_bucket': ((1, 4), 87531), 'avg_bucket': (4, 4)}
{'path': '45.jpg', 'num': 45, 'avg': (0.1335646512828172, 0.33761523376554486, 0.5563846071186732), 'mode_bucket': ((2, 5), 110174), 'avg_bucket': (2, 5)}
{'path': '1749.jpg', 'num': 1749, 'avg': (0.0, 0.0, 0.0), 'mode_bucket': ((0, 0), 737280), 'avg_bucket': (0, 0)}
{'path': '1269.jpg', 'num': 1269, 'avg': (0.3561758642341398, 0.8857928330286484, 0.12419761242174344), 'mode_bucket': ((4, 12), 198852), 'avg_bucket': (5, 11)}
{'path': '1289.jpg', 'num': 1289, 'avg': (0.3464234190600069, 0.316209939330608, 0.16875467005383005), 'mode_bucket': ((0, 0), 219348), 'avg_bucket': (5, 4)}
{'path': '1689.jpg', 'num': 1689, 'avg': (0.013219039992331795, 0.015658585508833138, 0.008986140897331048), 'mode_bucket': ((0, 0), 715283), 'avg_bucket': (1, 1)}
{'path': '921.jpg', 'num': 921, 'avg': (0.5897351649849423, 0.40075041620501567, 0.20892013782547225), 'mode_bucket': ((8, 6), 72481), 'avg_bucket': (8, 5)}
{'path': '101.jpg', 'num': 101, 'avg': (0.31485499104250597, 0.3270697966898672, 0.05669142646240418), 'mode_bucket': ((0, 0), 162389), 'avg_bucket': (4, 4)}
{'path': '13.jpg', 'num': 13, 'avg': (0.18639539272952504, 0.37144794112178653, 0.07352881072190331), 'mode_bucket': ((2, 5), 140039), 'avg_bucket': (3, 5)}
{'path': '741.jpg', 'num': 741, 'avg': (0.3728205655594646, 0.15937196645103432, 0.4189346852018287), 'mode_bucket': ((1, 2), 81716), 'avg_bucket': (5, 2)}

{1: (((0, 0), 737280), (0, 0)), 5: (((0, 0), 735296), (1, 1)), 9: (((2, 12), 171069), (4, 8)), 13: (((2, 5), 140039), (3, 5)), 17: (((0, 0), 156616), (3, 3)), 21: (((0, 0), 737216), (1, 1)), 25: (((1, 9), 118385), (3, 9)), 29: (((1, 10), 192270), (1, 9)), 33: (((1, 9), 152621), (2, 9)), 37: (((1, 7), 131691), (2, 9)), 41: (((1, 6), 63745), (2, 5)), 45: (((2, 5), 110174), (2, 5)), 49: (((1, 6), 92763), (3, 5)), 53: (((1, 6), 55114), (4, 4)), 57: (((2, 5), 119463), (2, 5)), 61: (((0, 0), 737152), (1, 1)), 65: (((1, 5), 74392), (2, 5)), 69: (((2, 2), 79624), (2, 4)), 73: (((7, 4), 74730), (3, 5)), 77: (((1, 5), 78545), (2, 4)), 81: (((1, 6), 189604), (2, 5)), 85: (((2, 3), 110941), (2, 4)), 89: (((1, 2), 137361), (1, 6)), 93: (((7, 9), 131438), (7, 9)), 97: (((0, 0), 84896), (5, 5)), 101: (((0, 0), 162389), (4, 4)), 105: (((0, 0), 163995), (4, 4)), 109: (((2, 6), 83298), (2, 6)), 113: (((2, 12), 130350), (2, 7)), 117: (((2, 4), 77371), (3, 4)), 121: (((2, 6), 104880), (5, 4)), 125: (((2, 6), 106342), (5, 4)), 129: (((2, 4), 68488), (2, 4)), 133: (((2, 4), 69746), (2, 4)), 137: (((2, 4), 80207), (2, 4)), 141: (((2, 5), 182135), (2, 6)), 145: (((6, 3), 76951), (3, 5)), 149: (((1, 6), 115146), (3, 4)), 153: (((6, 2), 92162), (3, 4)), 157: (((6, 2), 99441), (3, 4)), 161: (((6, 2), 82264), (3, 4)), 165: (((2, 2), 101148), (2, 3)), 169: (((1, 6), 165934), (3, 5)), 173: (((1, 4), 87531), (4, 4)), 177: (((1, 6), 75885), (3, 4)), 181: (((5, 4), 259057), (7, 5)), 185: (((6, 3), 193924), (4, 3)), 189: (((3, 2), 74448), (3, 3)), 193: (((2, 3), 79586), (3, 4)), 197: (((1, 4), 78881), (4, 3)), 201: (((2, 4), 112877), (3, 4)), 205: (((8, 4), 332465), (7, 3)), 209: (((2, 12), 91395), (6, 6)), 213: (((6, 2), 154026), (7, 4)), 217: (((0, 0), 353376), (4, 3)), 221: (((0, 0), 234942), (5, 4)), 225: (((8, 3), 230277), (8, 4)), 229: (((2, 12), 120166), (4, 6)), 233: (((0, 0), 78012), (6, 2)), 237: (((2, 4), 107571), (5, 3)), 241: (((2, 2), 109044), (4, 2)), 245: (((2, 6), 123124), (5, 4)), 249: (((2, 6), 175053), (4, 5)), 253: (((2, 3), 81097), (6, 5)), 257: (((8, 3), 148231), (7, 3)), 261: (((0, 0), 122724), (7, 3)), 265: (((5, 4), 166059), (6, 4)), 269: (((0, 0), 162900), (5, 4)), 273: (((8, 2), 208389), (8, 3)), 277: (((7, 2), 229779), (8, 4)), 281: (((8, 3), 255191), (8, 3)), 285: (((6, 1), 126143), (7, 2)), 289: (((6, 1), 120136), (7, 2)), 293: (((12, 12), 135022), (7, 4)), 297: (((6, 2), 132915), (7, 3)), 301: (((7, 4), 64304), (7, 5)), 305: (((8, 4), 98348), (7, 4)), 309: (((8, 4), 101275), (7, 4)), 313: (((7, 4), 61417), (7, 5)), 317: (((7, 4), 61488), (7, 5)), 321: (((12, 12), 116507), (7, 5)), 325: (((6, 1), 111217), (7, 3)), 329: (((12, 12), 110147), (7, 4)), 333: (((6, 1), 56614), (8, 4)), 337: (((6, 1), 60225), (8, 4)), 341: (((12, 12), 118956), (8, 5)), 345: (((12, 12), 118414), (7, 5)), 349: (((12, 12), 117519), (7, 5)), 353: (((12, 12), 162684), (8, 5)), 357: (((6, 2), 59512), (8, 4)), 361: (((8, 1), 66339), (8, 4)), 365: (((8, 1), 79146), (8, 4)), 369: (((12, 12), 78292), (7, 4)), 373: (((2, 4), 198819), (3, 4)), 377: (((1, 8), 57528), (3, 6)), 381: (((2, 9), 63443), (3, 7)), 385: (((2, 6), 84650), (5, 4)), 389: (((2, 1), 109986), (4, 3)), 393: (((2, 6), 77472), (5, 4)), 397: (((12, 12), 441194), (9, 11)), 401: (((0, 0), 278761), (4, 3)), 405: (((2, 6), 67128), (4, 5)), 409: (((0, 0), 311107), (3, 5)), 413: (((0, 0), 198496), (5, 3)), 417: (((5, 4), 338473), (5, 4)), 421: (((8, 7), 68553), (6, 4)), 425: (((5, 3), 129508), (5, 4)), 429: (((11, 3), 79931), (10, 7)), 433: (((11, 3), 79652), (10, 7)), 437: (((8, 6), 131853), (6, 6)), 441: (((7, 4), 77048), (6, 4)), 445: (((2, 6), 175790), (7, 8)), 449: (((8, 3), 115816), (7, 4)), 453: (((12, 12), 344295), (11, 11)), 457: (((12, 12), 308093), (11, 10)), 461: (((11, 3), 38997), (8, 4)), 465: (((11, 3), 38891), (8, 4)), 469: (((11, 3), 40778), (8, 4)), 473: (((10, 2), 36283), (8, 4)), 477: (((11, 2), 36461), (8, 4)), 481: (((6, 1), 39461), (8, 4)), 485: (((10, 1), 73015), (8, 3)), 489: (((10, 1), 76103), (5, 3)), 493: (((11, 1), 195161), (8, 2)), 497: (((11, 2), 64247), (8, 3)), 501: (((6, 1), 58328), (7, 4)), 505: (((2, 1), 75019), (6, 3)), 509: (((6, 1), 61753), (7, 4)), 513: (((12, 3), 47273), (7, 3)), 517: (((5, 4), 315362), (6, 5)), 521: (((12, 12), 187692), (7, 9)), 525: (((5, 4), 307843), (6, 5)), 529: (((12, 12), 165612), (6, 7)), 533: (((7, 9), 120186), (7, 8)), 537: (((7, 9), 105018), (8, 8)), 541: (((0, 0), 121254), (5, 6)), 545: (((7, 10), 252606), (7, 9)), 549: (((7, 10), 98464), (8, 9)), 553: (((7, 9), 103449), (8, 8)), 557: (((5, 4), 168951), (5, 7)), 561: (((0, 0), 372937), (4, 3)), 565: (((12, 12), 90157), (7, 8)), 569: (((12, 12), 219601), (7, 11)), 573: (((12, 12), 221827), (7, 11)), 577: (((5, 3), 150393), (6, 4)), 581: (((0, 0), 115594), (4, 5)), 585: (((0, 0), 100321), (4, 5)), 589: (((0, 0), 69893), (5, 4)), 593: (((0, 0), 39654), (7, 3)), 597: (((12, 7), 77297), (6, 5)), 601: (((1, 6), 66886), (3, 6)), 605: (((12, 4), 37907), (5, 5)), 609: (((1, 5), 72567), (5, 5)), 613: (((2, 3), 62634), (4, 4)), 617: (((2, 4), 57681), (5, 4)), 621: (((1, 4), 64384), (6, 4)), 625: (((2, 4), 152664), (4, 5)), 629: (((4, 6), 113228), (5, 6)), 633: (((5, 4), 91757), (5, 7)), 637: (((0, 0), 274632), (3, 3)), 641: (((0, 0), 407005), (3, 3)), 645: (((8, 6), 133423), (6, 4)), 649: (((7, 5), 142695), (7, 4)), 653: (((2, 3), 56492), (5, 4)), 657: (((8, 8), 29426), (7, 6)), 661: (((8, 6), 69516), (7, 4)), 665: (((3, 2), 50474), (6, 3)), 669: (((7, 1), 90003), (6, 2)), 673: (((5, 3), 99423), (6, 3)), 677: (((8, 1), 96965), (6, 2)), 681: (((7, 3), 78815), (7, 5)), 685: (((8, 4), 89866), (6, 4)), 689: (((5, 4), 64717), (6, 4)), 693: (((7, 6), 268167), (7, 7)), 697: (((5, 4), 165920), (6, 6)), 701: (((7, 8), 52913), (6, 6)), 705: (((8, 4), 110456), (7, 6)), 709: (((1, 12), 88332), (4, 7)), 713: (((6, 2), 95758), (6, 3)), 717: (((6, 2), 106095), (6, 3)), 721: (((6, 2), 83581), (5, 3)), 725: (((2, 12), 108364), (3, 8)), 729: (((2, 12), 107512), (3, 8)), 733: (((8, 3), 100213), (6, 4)), 737: (((1, 2), 84772), (5, 2)), 741: (((1, 2), 81716), (5, 2)), 745: (((8, 4), 72720), (6, 4)), 749: (((1, 2), 75636), (5, 2)), 753: (((1, 2), 74356), (5, 2)), 757: (((1, 2), 83567), (5, 2)), 761: (((2, 3), 60481), (5, 5)), 765: (((5, 3), 50017), (5, 5)), 769: (((2, 3), 51137), (5, 5)), 773: (((7, 5), 88973), (6, 3)), 777: (((3, 8), 43691), (4, 6)), 781: (((0, 0), 299250), (4, 5)), 785: (((0, 0), 245321), (4, 5)), 789: (((1, 12), 107890), (6, 9)), 793: (((2, 9), 40486), (5, 5)), 797: (((7, 3), 100117), (6, 5)), 801: (((7, 3), 86997), (5, 5)), 805: (((12, 12), 192056), (7, 10)), 809: (((12, 12), 170616), (7, 9)), 813: (((0, 0), 84773), (6, 5)), 817: (((8, 8), 64322), (6, 5)), 821: (((8, 4), 211488), (6, 7)), 825: (((8, 4), 387237), (8, 4)), 829: (((2, 3), 57509), (4, 5)), 833: (((12, 2), 240330), (8, 3)), 837: (((7, 3), 112213), (7, 4)), 841: (((2, 2), 161609), (5, 2)), 845: (((7, 6), 49835), (6, 5)), 849: (((0, 0), 185700), (3, 4)), 853: (((9, 2), 92545), (9, 3)), 857: (((8, 5), 95222), (6, 6)), 861: (((12, 12), 122034), (9, 7)), 865: (((8, 6), 141489), (6, 5)), 869: (((0, 0), 34453), (8, 5)), 873: (((0, 0), 293797), (3, 3)), 877: (((8, 4), 86595), (9, 5)), 881: (((2, 6), 124898), (4, 5)), 885: (((4, 9), 209907), (4, 7)), 889: (((0, 0), 139519), (5, 4)), 893: (((0, 0), 212297), (7, 6)), 897: (((0, 0), 118978), (7, 3)), 901: (((11, 1), 68636), (8, 3)), 905: (((8, 2), 81097), (6, 2)), 909: (((10, 1), 141625), (8, 3)), 913: (((2, 3), 83205), (4, 5)), 917: (((12, 12), 145096), (8, 9)), 921: (((8, 6), 72481), (8, 5)), 925: (((8, 6), 65901), (8, 4)), 929: (((0, 0), 192562), (5, 4)), 933: (((8, 2), 145329), (8, 3)), 937: (((2, 6), 73805), (4, 6)), 941: (((7, 3), 42091), (6, 4)), 945: (((2, 6), 90411), (4, 5)), 949: (((2, 4), 93225), (5, 5)), 953: (((8, 5), 119436), (6, 5)), 957: (((12, 12), 97670), (6, 9)), 961: (((7, 3), 37718), (6, 4)), 965: (((2, 4), 66238), (4, 4)), 969: (((8, 1), 44336), (5, 3)), 973: (((8, 2), 42601), (6, 5)), 977: (((2, 1), 46214), (5, 3)), 981: (((0, 0), 107207), (7, 5)), 985: (((0, 0), 109836), (7, 5)), 989: (((0, 0), 79605), (7, 6)), 993: (((0, 0), 78483), (7, 6)), 997: (((0, 0), 92239), (7, 6)), 1001: (((0, 0), 73783), (7, 6)), 1005: (((12, 12), 245487), (10, 9)), 1009: (((0, 0), 115638), (7, 6)), 1013: (((0, 0), 139456), (5, 6)), 1017: (((0, 0), 736346), (1, 1)), 1021: (((0, 0), 737280), (0, 0)), 1025: (((0, 0), 737280), (0, 0)), 1029: (((0, 0), 737280), (0, 0)), 1033: (((0, 0), 737280), (0, 0)), 1037: (((0, 0), 737280), (0, 0)), 1041: (((0, 0), 737280), (0, 0)), 1045: (((0, 0), 737280), (0, 0)), 1049: (((7, 4), 86455), (5, 5)), 1053: (((0, 0), 471665), (2, 2)), 1057: (((0, 0), 89786), (6, 6)), 1061: (((12, 12), 98063), (5, 9)), 1065: (((0, 0), 82738), (6, 5)), 1069: (((0, 0), 116336), (5, 3)), 1073: (((9, 7), 84843), (9, 5)), 1077: (((2, 6), 69249), (2, 7)), 1081: (((1, 6), 70409), (6, 6)), 1085: (((1, 4), 119130), (2, 4)), 1089: (((7, 2), 245148), (7, 2)), 1093: (((0, 0), 258792), (5, 3)), 1097: (((0, 0), 79631), (5, 8)), 1101: (((0, 0), 71640), (5, 7)), 1105: (((0, 0), 92106), (5, 7)), 1109: (((12, 12), 132794), (7, 8)), 1113: (((12, 12), 105289), (6, 8)), 1117: (((0, 0), 736049), (1, 1)), 1121: (((0, 0), 154283), (4, 7)), 1125: (((0, 0), 121694), (4, 7)), 1129: (((12, 11), 117235), (7, 6)), 1133: (((8, 6), 105704), (7, 7)), 1137: (((12, 11), 115248), (7, 8)), 1141: (((0, 0), 118999), (5, 4)), 1145: (((8, 3), 52979), (6, 4)), 1149: (((12, 12), 85722), (8, 7)), 1153: (((8, 4), 213351), (8, 5)), 1157: (((2, 12), 103626), (5, 7)), 1161: (((5, 8), 110006), (6, 9)), 1165: (((12, 12), 305450), (8, 9)), 1169: (((12, 12), 195116), (8, 9)), 1173: (((12, 12), 260726), (10, 10)), 1177: (((0, 0), 622563), (2, 1)), 1181: (((0, 0), 508674), (3, 2)), 1185: (((0, 0), 161179), (3, 9)), 1189: (((0, 12), 163800), (6, 10)), 1193: (((0, 0), 209621), (4, 8)), 1197: (((0, 12), 177211), (3, 9)), 1201: (((0, 0), 211800), (4, 8)), 1205: (((0, 0), 118170), (4, 9)), 1233: (((0, 0), 226551), (4, 8)), 1237: (((0, 0), 183613), (6, 7)), 1241: (((0, 0), 298421), (4, 3)), 1245: (((1, 12), 196557), (3, 11)), 1249: (((0, 0), 213443), (4, 4)), 1253: (((0, 12), 155748), (6, 8)), 1257: (((12, 12), 92642), (9, 8)), 1261: (((12, 12), 101553), (5, 10)), 1265: (((12, 12), 91159), (5, 10)), 1269: (((4, 12), 198852), (5, 11)), 1273: (((0, 0), 140138), (3, 8)), 1277: (((12, 12), 400284), (8, 12)), 1281: (((12, 12), 165168), (6, 9)), 1285: (((7, 3), 99084), (7, 5)), 1289: (((0, 0), 219348), (5, 4)), 1293: (((7, 2), 59972), (8, 5)), 1297: (((0, 12), 60117), (6, 5)), 1301: (((8, 2), 73721), (8, 5)), 1305: (((12, 12), 203900), (6, 11)), 1309: (((12, 12), 405433), (8, 12)), 1313: (((0, 12), 208454), (5, 10)), 1317: (((8, 12), 197000), (7, 11)), 1321: (((0, 12), 110882), (4, 8)), 1325: (((0, 12), 76699), (5, 8)), 1329: (((0, 0), 249821), (4, 8)), 1333: (((0, 12), 171019), (5, 10)), 1337: (((0, 12), 239591), (5, 9)), 1341: (((12, 12), 63255), (6, 6)), 1345: (((0, 12), 223075), (5, 9)), 1349: (((0, 12), 243167), (5, 9)), 1353: (((12, 12), 450265), (9, 12)), 1357: (((12, 12), 450005), (9, 12)), 1361: (((1, 12), 220041), (4, 11)), 1365: (((12, 12), 212016), (5, 11)), 1369: (((0, 12), 201758), (4, 11)), 1373: (((0, 0), 674407), (1, 1)), 1377: (((0, 0), 684712), (1, 1)), 1381: (((0, 0), 667002), (1, 1)), 1385: (((0, 0), 714463), (1, 1)), 1389: (((0, 0), 455638), (3, 4)), 1393: (((0, 0), 335848), (5, 4)), 1397: (((0, 0), 662433), (1, 1)), 1401: (((0, 0), 706653), (1, 1)), 1405: (((0, 0), 626756), (2, 2)), 1409: (((0, 0), 316250), (5, 6)), 1413: (((0, 0), 664822), (1, 1)), 1417: (((0, 0), 704618), (1, 1)), 1421: (((0, 0), 581681), (2, 3)), 1425: (((0, 0), 282303), (5, 5)), 1429: (((0, 0), 724640), (1, 1)), 1433: (((0, 0), 515834), (3, 4)), 1437: (((0, 12), 233037), (5, 10)), 1441: (((0, 0), 407236), (4, 5)), 1445: (((5, 12), 296753), (5, 11)), 1449: (((0, 0), 137232), (6, 7)), 1453: (((1, 11), 246670), (4, 10)), 1457: (((2, 8), 77224), (2, 7)), 1461: (((8, 12), 242363), (8, 11)), 1465: (((8, 12), 219444), (7, 8)), 1469: (((0, 0), 586188), (2, 3)), 1473: (((9, 12), 113467), (7, 7)), 1477: (((0, 12), 298704), (3, 10)), 1481: (((0, 0), 448321), (3, 5)), 1485: (((12, 12), 186203), (8, 10)), 1489: (((0, 0), 201240), (7, 7)), 1493: (((0, 0), 497314), (3, 4)), 1497: (((9, 12), 413051), (9, 12)), 1501: (((7, 8), 226851), (7, 9)), 1505: (((10, 12), 346501), (9, 11)), 1509: (((9, 12), 148183), (5, 12)), 1513: (((8, 9), 168829), (7, 10)), 1517: (((12, 12), 203776), (6, 12)), 1521: (((8, 12), 522748), (9, 12)), 1525: (((7, 11), 570050), (7, 11)), 1529: (((1, 8), 62452), (2, 9)), 1533: (((8, 12), 274468), (6, 9)), 1537: (((8, 12), 227074), (6, 12)), 1541: (((7, 12), 226091), (7, 11)), 1545: (((12, 12), 111443), (3, 9)), 1549: (((1, 12), 78657), (5, 9)), 1553: (((6, 3), 148713), (6, 3)), 1557: (((0, 0), 342809), (3, 4)), 1561: (((6, 2), 203752), (7, 4)), 1565: (((6, 2), 229283), (6, 3)), 1569: (((8, 5), 174527), (8, 4)), 1573: (((7, 2), 202433), (7, 4)), 1577: (((7, 3), 147237), (8, 5)), 1581: (((8, 6), 247643), (7, 5)), 1585: (((8, 6), 300948), (7, 5)), 1589: (((8, 7), 272486), (7, 6)), 1593: (((8, 7), 272173), (7, 6)), 1597: (((8, 7), 266681), (7, 6)), 1601: (((7, 5), 296971), (6, 4)), 1605: (((6, 3), 115105), (6, 3)), 1609: (((9, 1), 454319), (8, 2)), 1613: (((9, 1), 469379), (8, 2)), 1617: (((6, 2), 124232), (4, 5)), 1621: (((2, 5), 80452), (4, 4)), 1625: (((2, 1), 127267), (4, 3)), 1629: (((7, 2), 95060), (6, 3)), 1633: (((7, 2), 128336), (7, 3)), 1637: (((7, 3), 118859), (7, 4)), 1641: (((0, 0), 686485), (1, 1)), 1645: (((0, 0), 132890), (6, 5)), 1649: (((8, 4), 144908), (7, 4)), 1653: (((0, 0), 734162), (1, 1)), 1657: (((0, 0), 702275), (1, 1)), 1661: (((0, 0), 737280), (0, 0)), 1665: (((0, 0), 671151), (1, 1)), 1669: (((0, 0), 643970), (1, 1)), 1673: (((0, 0), 709273), (1, 1)), 1677: (((0, 0), 698113), (1, 1)), 1681: (((0, 0), 709348), (1, 1)), 1685: (((0, 0), 680942), (1, 1)), 1689: (((0, 0), 715283), (1, 1)), 1693: (((0, 0), 724300), (1, 1)), 1697: (((0, 0), 704582), (1, 1)), 1701: (((0, 0), 737152), (1, 1)), 1705: (((0, 0), 737280), (0, 0)), 1709: (((0, 0), 737280), (0, 0)), 1713: (((0, 0), 737280), (0, 0)), 1717: (((0, 0), 737280), (0, 0)), 1721: (((0, 0), 737280), (0, 0)), 1725: (((0, 0), 737280), (0, 0)), 1729: (((0, 0), 737280), (0, 0)), 1733: (((0, 0), 737280), (0, 0)), 1737: (((0, 0), 737280), (0, 0)), 1741: (((0, 0), 737280), (0, 0)), 1745: (((0, 0), 737280), (0, 0)), 1749: (((0, 0), 737280), (0, 0)), 1753: (((0, 0), 737280), (0, 0))}


[(((0, 0), 737280), (0, 0)), (((0, 0), 735296), (1, 1)), (((2, 12), 171069), (4, 8)), (((2, 5), 140039), (3, 5)), (((0, 0), 156616), (3, 3)), (((0, 0), 737216), (1, 1)), (((1, 9), 118385), (3, 9)), (((1, 10), 192270), (1, 9)), (((1, 9), 152621), (2, 9)), (((1, 7), 131691), (2, 9)), (((1, 6), 63745), (2, 5)), (((2, 5), 110174), (2, 5)), (((1, 6), 92763), (3, 5)), (((1, 6), 55114), (4, 4)), (((2, 5), 119463), (2, 5)), (((0, 0), 737152), (1, 1)), (((1, 5), 74392), (2, 5)), (((2, 2), 79624), (2, 4)), (((7, 4), 74730), (3, 5)), (((1, 5), 78545), (2, 4)), (((1, 6), 189604), (2, 5)), (((2, 3), 110941), (2, 4)), (((1, 2), 137361), (1, 6)), (((7, 9), 131438), (7, 9)), (((0, 0), 84896), (5, 5)), (((0, 0), 162389), (4, 4)), (((0, 0), 163995), (4, 4)), (((2, 6), 83298), (2, 6)), (((2, 12), 130350), (2, 7)), (((2, 4), 77371), (3, 4)), (((2, 6), 104880), (5, 4)), (((2, 6), 106342), (5, 4)), (((2, 4), 68488), (2, 4)), (((2, 4), 69746), (2, 4)), (((2, 4), 80207), (2, 4)), (((2, 5), 182135), (2, 6)), (((6, 3), 76951), (3, 5)), (((1, 6), 115146), (3, 4)), (((6, 2), 92162), (3, 4)), (((6, 2), 99441), (3, 4)), (((6, 2), 82264), (3, 4)), (((2, 2), 101148), (2, 3)), (((1, 6), 165934), (3, 5)), (((1, 4), 87531), (4, 4)), (((1, 6), 75885), (3, 4)), (((5, 4), 259057), (7, 5)), (((6, 3), 193924), (4, 3)), (((3, 2), 74448), (3, 3)), (((2, 3), 79586), (3, 4)), (((1, 4), 78881), (4, 3)), (((2, 4), 112877), (3, 4)), (((8, 4), 332465), (7, 3)), (((2, 12), 91395), (6, 6)), (((6, 2), 154026), (7, 4)), (((0, 0), 353376), (4, 3)), (((0, 0), 234942), (5, 4)), (((8, 3), 230277), (8, 4)), (((2, 12), 120166), (4, 6)), (((0, 0), 78012), (6, 2)), (((2, 4), 107571), (5, 3)), (((2, 2), 109044), (4, 2)), (((2, 6), 123124), (5, 4)), (((2, 6), 175053), (4, 5)), (((2, 3), 81097), (6, 5)), (((8, 3), 148231), (7, 3)), (((0, 0), 122724), (7, 3)), (((5, 4), 166059), (6, 4)), (((0, 0), 162900), (5, 4)), (((8, 2), 208389), (8, 3)), (((7, 2), 229779), (8, 4)), (((8, 3), 255191), (8, 3)), (((6, 1), 126143), (7, 2)), (((6, 1), 120136), (7, 2)), (((12, 12), 135022), (7, 4)), (((6, 2), 132915), (7, 3)), (((7, 4), 64304), (7, 5)), (((8, 4), 98348), (7, 4)), (((8, 4), 101275), (7, 4)), (((7, 4), 61417), (7, 5)), (((7, 4), 61488), (7, 5)), (((12, 12), 116507), (7, 5)), (((6, 1), 111217), (7, 3)), (((12, 12), 110147), (7, 4)), (((6, 1), 56614), (8, 4)), (((6, 1), 60225), (8, 4)), (((12, 12), 118956), (8, 5)), (((12, 12), 118414), (7, 5)), (((12, 12), 117519), (7, 5)), (((12, 12), 162684), (8, 5)), (((6, 2), 59512), (8, 4)), (((8, 1), 66339), (8, 4)), (((8, 1), 79146), (8, 4)), (((12, 12), 78292), (7, 4)), (((2, 4), 198819), (3, 4)), (((1, 8), 57528), (3, 6)), (((2, 9), 63443), (3, 7)), (((2, 6), 84650), (5, 4)), (((2, 1), 109986), (4, 3)), (((2, 6), 77472), (5, 4)), (((12, 12), 441194), (9, 11)), (((0, 0), 278761), (4, 3)), (((2, 6), 67128), (4, 5)), (((0, 0), 311107), (3, 5)), (((0, 0), 198496), (5, 3)), (((5, 4), 338473), (5, 4)), (((8, 7), 68553), (6, 4)), (((5, 3), 129508), (5, 4)), (((11, 3), 79931), (10, 7)), (((11, 3), 79652), (10, 7)), (((8, 6), 131853), (6, 6)), (((7, 4), 77048), (6, 4)), (((2, 6), 175790), (7, 8)), (((8, 3), 115816), (7, 4)), (((12, 12), 344295), (11, 11)), (((12, 12), 308093), (11, 10)), (((11, 3), 38997), (8, 4)), (((11, 3), 38891), (8, 4)), (((11, 3), 40778), (8, 4)), (((10, 2), 36283), (8, 4)), (((11, 2), 36461), (8, 4)), (((6, 1), 39461), (8, 4)), (((10, 1), 73015), (8, 3)), (((10, 1), 76103), (5, 3)), (((11, 1), 195161), (8, 2)), (((11, 2), 64247), (8, 3)), (((6, 1), 58328), (7, 4)), (((2, 1), 75019), (6, 3)), (((6, 1), 61753), (7, 4)), (((12, 3), 47273), (7, 3)), (((5, 4), 315362), (6, 5)), (((12, 12), 187692), (7, 9)), (((5, 4), 307843), (6, 5)), (((12, 12), 165612), (6, 7)), (((7, 9), 120186), (7, 8)), (((7, 9), 105018), (8, 8)), (((0, 0), 121254), (5, 6)), (((7, 10), 252606), (7, 9)), (((7, 10), 98464), (8, 9)), (((7, 9), 103449), (8, 8)), (((5, 4), 168951), (5, 7)), (((0, 0), 372937), (4, 3)), (((12, 12), 90157), (7, 8)), (((12, 12), 219601), (7, 11)), (((12, 12), 221827), (7, 11)), (((5, 3), 150393), (6, 4)), (((0, 0), 115594), (4, 5)), (((0, 0), 100321), (4, 5)), (((0, 0), 69893), (5, 4)), (((0, 0), 39654), (7, 3)), (((12, 7), 77297), (6, 5)), (((1, 6), 66886), (3, 6)), (((12, 4), 37907), (5, 5)), (((1, 5), 72567), (5, 5)), (((2, 3), 62634), (4, 4)), (((2, 4), 57681), (5, 4)), (((1, 4), 64384), (6, 4)), (((2, 4), 152664), (4, 5)), (((4, 6), 113228), (5, 6)), (((5, 4), 91757), (5, 7)), (((0, 0), 274632), (3, 3)), (((0, 0), 407005), (3, 3)), (((8, 6), 133423), (6, 4)), (((7, 5), 142695), (7, 4)), (((2, 3), 56492), (5, 4)), (((8, 8), 29426), (7, 6)), (((8, 6), 69516), (7, 4)), (((3, 2), 50474), (6, 3)), (((7, 1), 90003), (6, 2)), (((5, 3), 99423), (6, 3)), (((8, 1), 96965), (6, 2)), (((7, 3), 78815), (7, 5)), (((8, 4), 89866), (6, 4)), (((5, 4), 64717), (6, 4)), (((7, 6), 268167), (7, 7)), (((5, 4), 165920), (6, 6)), (((7, 8), 52913), (6, 6)), (((8, 4), 110456), (7, 6)), (((1, 12), 88332), (4, 7)), (((6, 2), 95758), (6, 3)), (((6, 2), 106095), (6, 3)), (((6, 2), 83581), (5, 3)), (((2, 12), 108364), (3, 8)), (((2, 12), 107512), (3, 8)), (((8, 3), 100213), (6, 4)), (((1, 2), 84772), (5, 2)), (((1, 2), 81716), (5, 2)), (((8, 4), 72720), (6, 4)), (((1, 2), 75636), (5, 2)), (((1, 2), 74356), (5, 2)), (((1, 2), 83567), (5, 2)), (((2, 3), 60481), (5, 5)), (((5, 3), 50017), (5, 5)), (((2, 3), 51137), (5, 5)), (((7, 5), 88973), (6, 3)), (((3, 8), 43691), (4, 6)), (((0, 0), 299250), (4, 5)), (((0, 0), 245321), (4, 5)), (((1, 12), 107890), (6, 9)), (((2, 9), 40486), (5, 5)), (((7, 3), 100117), (6, 5)), (((7, 3), 86997), (5, 5)), (((12, 12), 192056), (7, 10)), (((12, 12), 170616), (7, 9)), (((0, 0), 84773), (6, 5)), (((8, 8), 64322), (6, 5)), (((8, 4), 211488), (6, 7)), (((8, 4), 387237), (8, 4)), (((2, 3), 57509), (4, 5)), (((12, 2), 240330), (8, 3)), (((7, 3), 112213), (7, 4)), (((2, 2), 161609), (5, 2)), (((7, 6), 49835), (6, 5)), (((0, 0), 185700), (3, 4)), (((9, 2), 92545), (9, 3)), (((8, 5), 95222), (6, 6)), (((12, 12), 122034), (9, 7)), (((8, 6), 141489), (6, 5)), (((0, 0), 34453), (8, 5)), (((0, 0), 293797), (3, 3)), (((8, 4), 86595), (9, 5)), (((2, 6), 124898), (4, 5)), (((4, 9), 209907), (4, 7)), (((0, 0), 139519), (5, 4)), (((0, 0), 212297), (7, 6)), (((0, 0), 118978), (7, 3)), (((11, 1), 68636), (8, 3)), (((8, 2), 81097), (6, 2)), (((10, 1), 141625), (8, 3)), (((2, 3), 83205), (4, 5)), (((12, 12), 145096), (8, 9)), (((8, 6), 72481), (8, 5)), (((8, 6), 65901), (8, 4)), (((0, 0), 192562), (5, 4)), (((8, 2), 145329), (8, 3)), (((2, 6), 73805), (4, 6)), (((7, 3), 42091), (6, 4)), (((2, 6), 90411), (4, 5)), (((2, 4), 93225), (5, 5)), (((8, 5), 119436), (6, 5)), (((12, 12), 97670), (6, 9)), (((7, 3), 37718), (6, 4)), (((2, 4), 66238), (4, 4)), (((8, 1), 44336), (5, 3)), (((8, 2), 42601), (6, 5)), (((2, 1), 46214), (5, 3)), (((0, 0), 107207), (7, 5)), (((0, 0), 109836), (7, 5)), (((0, 0), 79605), (7, 6)), (((0, 0), 78483), (7, 6)), (((0, 0), 92239), (7, 6)), (((0, 0), 73783), (7, 6)), (((12, 12), 245487), (10, 9)), (((0, 0), 115638), (7, 6)), (((0, 0), 139456), (5, 6)), (((0, 0), 736346), (1, 1)), (((0, 0), 737280), (0, 0)), (((0, 0), 737280), (0, 0)), (((0, 0), 737280), (0, 0)), (((0, 0), 737280), (0, 0)), (((0, 0), 737280), (0, 0)), (((0, 0), 737280), (0, 0)), (((0, 0), 737280), (0, 0)), (((7, 4), 86455), (5, 5)), (((0, 0), 471665), (2, 2)), (((0, 0), 89786), (6, 6)), (((12, 12), 98063), (5, 9)), (((0, 0), 82738), (6, 5)), (((0, 0), 116336), (5, 3)), (((9, 7), 84843), (9, 5)), (((2, 6), 69249), (2, 7)), (((1, 6), 70409), (6, 6)), (((1, 4), 119130), (2, 4)), (((7, 2), 245148), (7, 2)), (((0, 0), 258792), (5, 3)), (((0, 0), 79631), (5, 8)), (((0, 0), 71640), (5, 7)), (((0, 0), 92106), (5, 7)), (((12, 12), 132794), (7, 8)), (((12, 12), 105289), (6, 8)), (((0, 0), 736049), (1, 1)), (((0, 0), 154283), (4, 7)), (((0, 0), 121694), (4, 7)), (((12, 11), 117235), (7, 6)), (((8, 6), 105704), (7, 7)), (((12, 11), 115248), (7, 8)), (((0, 0), 118999), (5, 4)), (((8, 3), 52979), (6, 4)), (((12, 12), 85722), (8, 7)), (((8, 4), 213351), (8, 5)), (((2, 12), 103626), (5, 7)), (((5, 8), 110006), (6, 9)), (((12, 12), 305450), (8, 9)), (((12, 12), 195116), (8, 9)), (((12, 12), 260726), (10, 10)), (((0, 0), 622563), (2, 1)), (((0, 0), 508674), (3, 2)), (((0, 0), 161179), (3, 9)), (((0, 12), 163800), (6, 10)), (((0, 0), 209621), (4, 8)), (((0, 12), 177211), (3, 9)), (((0, 0), 211800), (4, 8)), (((0, 0), 118170), (4, 9)), (((0, 0), 226551), (4, 8)), (((0, 0), 183613), (6, 7)), (((0, 0), 298421), (4, 3)), (((1, 12), 196557), (3, 11)), (((0, 0), 213443), (4, 4)), (((0, 12), 155748), (6, 8)), (((12, 12), 92642), (9, 8)), (((12, 12), 101553), (5, 10)), (((12, 12), 91159), (5, 10)), (((4, 12), 198852), (5, 11)), (((0, 0), 140138), (3, 8)), (((12, 12), 400284), (8, 12)), (((12, 12), 165168), (6, 9)), (((7, 3), 99084), (7, 5)), (((0, 0), 219348), (5, 4)), (((7, 2), 59972), (8, 5)), (((0, 12), 60117), (6, 5)), (((8, 2), 73721), (8, 5)), (((12, 12), 203900), (6, 11)), (((12, 12), 405433), (8, 12)), (((0, 12), 208454), (5, 10)), (((8, 12), 197000), (7, 11)), (((0, 12), 110882), (4, 8)), (((0, 12), 76699), (5, 8)), (((0, 0), 249821), (4, 8)), (((0, 12), 171019), (5, 10)), (((0, 12), 239591), (5, 9)), (((12, 12), 63255), (6, 6)), (((0, 12), 223075), (5, 9)), (((0, 12), 243167), (5, 9)), (((12, 12), 450265), (9, 12)), (((12, 12), 450005), (9, 12)), (((1, 12), 220041), (4, 11)), (((12, 12), 212016), (5, 11)), (((0, 12), 201758), (4, 11)), (((0, 0), 674407), (1, 1)), (((0, 0), 684712), (1, 1)), (((0, 0), 667002), (1, 1)), (((0, 0), 714463), (1, 1)), (((0, 0), 455638), (3, 4)), (((0, 0), 335848), (5, 4)), (((0, 0), 662433), (1, 1)), (((0, 0), 706653), (1, 1)), (((0, 0), 626756), (2, 2)), (((0, 0), 316250), (5, 6)), (((0, 0), 664822), (1, 1)), (((0, 0), 704618), (1, 1)), (((0, 0), 581681), (2, 3)), (((0, 0), 282303), (5, 5)), (((0, 0), 724640), (1, 1)), (((0, 0), 515834), (3, 4)), (((0, 12), 233037), (5, 10)), (((0, 0), 407236), (4, 5)), (((5, 12), 296753), (5, 11)), (((0, 0), 137232), (6, 7)), (((1, 11), 246670), (4, 10)), (((2, 8), 77224), (2, 7)), (((8, 12), 242363), (8, 11)), (((8, 12), 219444), (7, 8)), (((0, 0), 586188), (2, 3)), (((9, 12), 113467), (7, 7)), (((0, 12), 298704), (3, 10)), (((0, 0), 448321), (3, 5)), (((12, 12), 186203), (8, 10)), (((0, 0), 201240), (7, 7)), (((0, 0), 497314), (3, 4)), (((9, 12), 413051), (9, 12)), (((7, 8), 226851), (7, 9)), (((10, 12), 346501), (9, 11)), (((9, 12), 148183), (5, 12)), (((8, 9), 168829), (7, 10)), (((12, 12), 203776), (6, 12)), (((8, 12), 522748), (9, 12)), (((7, 11), 570050), (7, 11)), (((1, 8), 62452), (2, 9)), (((8, 12), 274468), (6, 9)), (((8, 12), 227074), (6, 12)), (((7, 12), 226091), (7, 11)), (((12, 12), 111443), (3, 9)), (((1, 12), 78657), (5, 9)), (((6, 3), 148713), (6, 3)), (((0, 0), 342809), (3, 4)), (((6, 2), 203752), (7, 4)), (((6, 2), 229283), (6, 3)), (((8, 5), 174527), (8, 4)), (((7, 2), 202433), (7, 4)), (((7, 3), 147237), (8, 5)), (((8, 6), 247643), (7, 5)), (((8, 6), 300948), (7, 5)), (((8, 7), 272486), (7, 6)), (((8, 7), 272173), (7, 6)), (((8, 7), 266681), (7, 6)), (((7, 5), 296971), (6, 4)), (((6, 3), 115105), (6, 3)), (((9, 1), 454319), (8, 2)), (((9, 1), 469379), (8, 2)), (((6, 2), 124232), (4, 5)), (((2, 5), 80452), (4, 4)), (((2, 1), 127267), (4, 3)), (((7, 2), 95060), (6, 3)), (((7, 2), 128336), (7, 3)), (((7, 3), 118859), (7, 4)), (((0, 0), 686485), (1, 1)), (((0, 0), 132890), (6, 5)), (((8, 4), 144908), (7, 4)), (((0, 0), 734162), (1, 1)), (((0, 0), 702275), (1, 1)), (((0, 0), 737280), (0, 0)), (((0, 0), 671151), (1, 1)), (((0, 0), 643970), (1, 1)), (((0, 0), 709273), (1, 1)), (((0, 0), 698113), (1, 1)), (((0, 0), 709348), (1, 1)), (((0, 0), 680942), (1, 1)), (((0, 0), 715283), (1, 1)), (((0, 0), 724300), (1, 1)), (((0, 0), 704582), (1, 1)), (((0, 0), 737152), (1, 1)), (((0, 0), 737280), (0, 0)), (((0, 0), 737280), (0, 0)), (((0, 0), 737280), (0, 0)), (((0, 0), 737280), (0, 0)), (((0, 0), 737280), (0, 0)), (((0, 0), 737280), (0, 0)), (((0, 0), 737280), (0, 0)), (((0, 0), 737280), (0, 0)), (((0, 0), 737280), (0, 0)), (((0, 0), 737280), (0, 0)), (((0, 0), 737280), (0, 0)), (((0, 0), 737280), (0, 0)), (((0, 0), 737280), (0, 0))]
