{'path': '236.jpg', 'num': 236, 'avg': (0.5085024975262725, 0.19876597152312517, 0.21807395386555967), 'mode_bucket': ((8, 2), 75171), 'avg_bucket': (7, 3)}
{'path': '1632.jpg', 'num': 1632, 'avg': (0.5521742967972297, 0.15674574956410278, 0.5960455601521876), 'mode_bucket': ((8, 3), 77231), 'avg_bucket': (7, 2)}
{'path': '436.jpg', 'num': 436, 'avg': (0.6052209307014398, 0.5348404109599418, 0.18128989757820194), 'mode_bucket': ((8, 6), 108037), 'avg_bucket': (8, 7)}
{'path': '1292.jpg', 'num': 1292, 'avg': (0.4003808514208905, 0.20904945066118424, 0.38145215801166116), 'mode_bucket': ((6, 2), 136574), 'avg_bucket': (5, 3)}
{'path': '1488.jpg', 'num': 1488, 'avg': (0.679302459774801, 0.933615556347272, 0.17457249327699687), 'mode_bucket': ((12, 12), 320178), 'avg_bucket': (9, 12)}
{'path': '1532.jpg', 'num': 1532, 'avg': (0.6741870101173598, 0.8635011600909106, 0.47259955512123814), 'mode_bucket': ((12, 12), 241732), 'avg_bucket': (9, 11)}
{'path': '400.jpg', 'num': 400, 'avg': (0.7178244883688447, 0.7191806883559251, 0.20527660760511424), 'mode_bucket': ((12, 11), 204542), 'avg_bucket': (9, 9)}
{'path': '1500.jpg', 'num': 1500, 'avg': (0.5545278452323024, 0.6381419446882557, 0.42423689831731004), 'mode_bucket': ((7, 9), 170309), 'avg_bucket': (7, 8)}
{'path': '1504.jpg', 'num': 1504, 'avg': (0.4395235236494846, 0.48715873319810077, 0.5029566387107535), 'mode_bucket': ((0, 0), 109033), 'avg_bucket': (6, 6)}
{'path': '1200.jpg', 'num': 1200, 'avg': (0.4903726853630026, 0.27411878198699563, 0.31915016190930595), 'mode_bucket': ((8, 2), 54972), 'avg_bucket': (6, 4)}
{'path': '380.jpg', 'num': 380, 'avg': (0.1936526146308494, 0.4715194451738425, 0.2312238945056135), 'mode_bucket': ((2, 9), 66142), 'avg_bucket': (3, 6)}
{'path': '1724.jpg', 'num': 1724, 'avg': (0.0, 0.0, 0.0), 'mode_bucket': ((0, 0), 737280), 'avg_bucket': (0, 0)}
{'path': '1320.jpg', 'num': 1320, 'avg': (0.35708315785569006, 0.638140112604476, 0.20874006416733973), 'mode_bucket': ((0, 12), 102330), 'avg_bucket': (5, 8)}
{'path': '1620.jpg', 'num': 1620, 'avg': (0.3288804832131714, 0.3183990272203704, 0.4316272477963248), 'mode_bucket': ((2, 5), 76317), 'avg_bucket': (4, 4)}
{'path': '344.jpg', 'num': 344, 'avg': (0.5756555551727625, 0.3448383070195819, 0.4811296796263401), 'mode_bucket': ((12, 12), 117820), 'avg_bucket': (7, 5)}
{'path': '1380.jpg', 'num': 1380, 'avg': (0.06289571607765473, 0.0518500834641194, 0.04137136820874814), 'mode_bucket': ((0, 0), 656034), 'avg_bucket': (1, 1)}
{'path': '628.jpg', 'num': 628, 'avg': (0.37823633426531683, 0.46078403179558763, 0.09386725664653292), 'mode_bucket': ((4, 6), 119344), 'avg_bucket': (5, 6)}
{'path': '692.jpg', 'num': 692, 'avg': (0.5080700705378035, 0.46762124563579915, 0.3218618993817188), 'mode_bucket': ((8, 4), 111937), 'avg_bucket': (7, 6)}
{'path': '1420.jpg', 'num': 1420, 'avg': (0.12963407230294155, 0.17002893483881945, 0.0041395771633281845), 'mode_bucket': ((0, 0), 584918), 'avg_bucket': (2, 3)}
{'path': '1628.jpg', 'num': 1628, 'avg': (0.24010613095167932, 0.19183049498623547, 0.4629140284592705), 'mode_bucket': ((2, 1), 104168), 'avg_bucket': (3, 3)}
{'path': '1344.jpg', 'num': 1344, 'avg': (0.39610337254134886, 0.7325501175577788, 0.28246408632879577), 'mode_bucket': ((0, 12), 249326), 'avg_bucket': (5, 9)}
{'path': '868.jpg', 'num': 868, 'avg': (0.3392449348416202, 0.4390110931664596, 0.1049521984357166), 'mode_bucket': ((5, 4), 166755), 'avg_bucket': (5, 6)}
{'path': '1172.jpg', 'num': 1172, 'avg': (0.3655037582577661, 0.30134270502945537, 0.4252866551349244), 'mode_bucket': ((1, 5), 122905), 'avg_bucket': (5, 4)}
{'path': '520.jpg', 'num': 520, 'avg': (0.5317949024626417, 0.6938642733934426, 0.14541774641695132), 'mode_bucket': ((12, 12), 195727), 'avg_bucket': (7, 9)}
{'path': '1296.jpg', 'num': 1296, 'avg': (0.5874041711709408, 0.3316666273516074, 0.3785454644096829), 'mode_bucket': ((8, 2), 56372), 'avg_bucket': (8, 4)}
{'path': '644.jpg', 'num': 644, 'avg': (0.4027012800472251, 0.17430018310269663, 0.4469687095751766), 'mode_bucket': ((2, 2), 102126), 'avg_bucket': (5, 3)}
{'path': '680.jpg', 'num': 680, 'avg': (0.5576882824295194, 0.33879518311670875, 0.25702964367242254), 'mode_bucket': ((8, 4), 74622), 'avg_bucket': (7, 5)}
{'path': '1284.jpg', 'num': 1284, 'avg': (0.47364986520688823, 0.6833676119342933, 0.1684960831120833), 'mode_bucket': ((12, 12), 135563), 'avg_bucket': (6, 9)}
{'path': '1248.jpg', 'num': 1248, 'avg': (0.2969981529077588, 0.3223645775711963, 0.18834366276874945), 'mode_bucket': ((0, 0), 211673), 'avg_bucket': (4, 4)}
{'path': '952.jpg', 'num': 952, 'avg': (0.4676604082439477, 0.37591205619343393, 0.26265076082519434), 'mode_bucket': ((8, 5), 104303), 'avg_bucket': (6, 5)}
{'path': '856.jpg', 'num': 856, 'avg': (0.6341047349095997, 0.2338490523239463, 0.36420155377602087), 'mode_bucket': ((8, 2), 155679), 'avg_bucket': (8, 3)}
{'path': '8.jpg', 'num': 8, 'avg': (0.29798488619271296, 0.643489185715858, 0.024358367587656065), 'mode_bucket': ((2, 12), 221774), 'avg_bucket': (4, 8)}
{'path': '768.jpg', 'num': 768, 'avg': (0.3775537484944965, 0.3306882772601254, 0.1345603234791062), 'mode_bucket': ((0, 0), 93939), 'avg_bucket': (5, 4)}
!1216.jpg
{'path': '804.jpg', 'num': 804, 'avg': (0.5390670215437471, 0.7813073016548501, 0.2174102211416708), 'mode_bucket': ((12, 12), 180434), 'avg_bucket': (7, 10)}
{'path': '1604.jpg', 'num': 1604, 'avg': (0.4662168628039482, 0.21850073907753362, 0.5953830029200762), 'mode_bucket': ((6, 3), 126326), 'avg_bucket': (6, 3)}
{'path': '128.jpg', 'num': 128, 'avg': (0.1241725588965753, 0.32920550220762923, 0.2618322408179848), 'mode_bucket': ((2, 4), 78184), 'avg_bucket': (2, 4)}
{'path': '1128.jpg', 'num': 1128, 'avg': (0.5368655917697802, 0.4831806034269276, 0.09578728702876965), 'mode_bucket': ((8, 4), 117594), 'avg_bucket': (7, 6)}
{'path': '688.jpg', 'num': 688, 'avg': (0.4550437758105268, 0.2496144745666012, 0.23806847532813863), 'mode_bucket': ((5, 3), 76889), 'avg_bucket': (6, 3)}
{'path': '1336.jpg', 'num': 1336, 'avg': (0.38836716082211153, 0.7165336216547885, 0.2922706248294305), 'mode_bucket': ((0, 12), 227731), 'avg_bucket': (5, 9)}
{'path': '1256.jpg', 'num': 1256, 'avg': (0.769199351991002, 0.5446136657568356, 0.3290966903257535), 'mode_bucket': ((12, 3), 95525), 'avg_bucket': (10, 7)}
{'path': '1512.jpg', 'num': 1512, 'avg': (0.64641048856975, 0.982202753433156, 0.39045958010029047), 'mode_bucket': ((9, 12), 311326), 'avg_bucket': (8, 12)}
{'path': '20.jpg', 'num': 20, 'avg': (0.17688022291859382, 0.2977864496487935, 0.11922373387301652), 'mode_bucket': ((2, 4), 143955), 'avg_bucket': (3, 4)}
{'path': '1312.jpg', 'num': 1312, 'avg': (0.3520996586977804, 0.8219537254532282, 0.24259373085170377), 'mode_bucket': ((0, 12), 211716), 'avg_bucket': (5, 10)}
{'path': '148.jpg', 'num': 148, 'avg': (0.22687556988904814, 0.3141589189540887, 0.5282666653896655), 'mode_bucket': ((1, 6), 97784), 'avg_bucket': (3, 4)}
{'path': '1508.jpg', 'num': 1508, 'avg': (0.3769513835393345, 0.9070331738385421, 0.12669919747447655), 'mode_bucket': ((9, 12), 131457), 'avg_bucket': (5, 11)}
{'path': '1476.jpg', 'num': 1476, 'avg': (0.2230298910874208, 0.7789116317497309, 0.08899295981511336), 'mode_bucket': ((0, 12), 302687), 'avg_bucket': (3, 10)}
{'path': '1108.jpg', 'num': 1108, 'avg': (0.5761684482634511, 0.5981158319177782, 0.14352182691676438), 'mode_bucket': ((12, 12), 121699), 'avg_bucket': (7, 8)}
{'path': '1260.jpg', 'num': 1260, 'avg': (0.5969339317640244, 0.49917483753159075, 0.10482921326082087), 'mode_bucket': ((0, 0), 140516), 'avg_bucket': (8, 6)}
{'path': '1352.jpg', 'num': 1352, 'avg': (0.7471634099370946, 0.9392843585444033, 0.3676631646576931), 'mode_bucket': ((12, 12), 470434), 'avg_bucket': (9, 12)}
{'path': '16.jpg', 'num': 16, 'avg': (0.17066993139753636, 0.24513220906622157, 0.09179700797461972), 'mode_bucket': ((0, 0), 186694), 'avg_bucket': (3, 3)}
{'path': '824.jpg', 'num': 824, 'avg': (0.59917026624217, 0.2979992093846778, 0.46722933900149144), 'mode_bucket': ((8, 4), 385100), 'avg_bucket': (8, 4)}
{'path': '776.jpg', 'num': 776, 'avg': (0.2520074244280327, 0.26210415490107886, 0.37835156675460885), 'mode_bucket': ((2, 2), 91071), 'avg_bucket': (4, 4)}
{'path': '1004.jpg', 'num': 1004, 'avg': (0.7593384160495233, 0.6818013692747594, 0.17017279730916102), 'mode_bucket': ((12, 12), 258189), 'avg_bucket': (10, 9)}
{'path': '620.jpg', 'num': 620, 'avg': (0.48282764355372265, 0.26504262714805144, 0.20977573635821906), 'mode_bucket': ((12, 5), 55355), 'avg_bucket': (6, 4)}
!1212.jpg
{'path': '1700.jpg', 'num': 1700, 'avg': (0.0051543785210605795, 0.00609969389615808, 0.0013862187670206413), 'mode_bucket': ((0, 0), 730296), 'avg_bucket': (1, 1)}
{'path': '1384.jpg', 'num': 1384, 'avg': (0.049662926992700376, 0.03880791563040907, 0.034578849443442874), 'mode_bucket': ((0, 0), 673391), 'avg_bucket': (1, 1)}
{'path': '1196.jpg', 'num': 1196, 'avg': (0.3059783765206933, 0.691210712837227, 0.12809127774382276), 'mode_bucket': ((0, 12), 164837), 'avg_bucket': (4, 9)}
{'path': '1680.jpg', 'num': 1680, 'avg': (0.0076862779420484055, 0.009149030565204776, 0.005948467711737413), 'mode_bucket': ((0, 0), 723877), 'avg_bucket': (1, 1)}
{'path': '560.jpg', 'num': 560, 'avg': (0.19793810315973406, 0.28094097762213505, 0.07602364600413171), 'mode_bucket': ((2, 4), 308516), 'avg_bucket': (3, 4)}
{'path': '472.jpg', 'num': 472, 'avg': (0.6284685161896696, 0.25999773637400514, 0.3335626393567955), 'mode_bucket': ((11, 3), 39901), 'avg_bucket': (8, 4)}
{'path': '1000.jpg', 'num': 1000, 'avg': (0.5445231919257911, 0.44276709352282007, 0.16109894663143765), 'mode_bucket': ((5, 4), 66684), 'avg_bucket': (7, 6)}
{'path': '512.jpg', 'num': 512, 'avg': (0.5506551074324553, 0.2396181190640479, 0.3211575297439336), 'mode_bucket': ((12, 3), 58571), 'avg_bucket': (7, 3)}
{'path': '964.jpg', 'num': 964, 'avg': (0.35220336688902404, 0.2511797947078183, 0.15824996915002307), 'mode_bucket': ((0, 0), 58004), 'avg_bucket': (5, 4)}
{'path': '168.jpg', 'num': 168, 'avg': (0.30471402830056377, 0.24970100042430804, 0.47317126970127565), 'mode_bucket': ((7, 2), 156684), 'avg_bucket': (4, 3)}
{'path': '1560.jpg', 'num': 1560, 'avg': (0.6028178104701876, 0.3239781324030549, 0.4774365021620658), 'mode_bucket': ((7, 3), 57048), 'avg_bucket': (8, 4)}
{'path': '1392.jpg', 'num': 1392, 'avg': (0.21521606244741112, 0.1827463338837771, 0.15646498204309203), 'mode_bucket': ((0, 0), 471209), 'avg_bucket': (3, 3)}
{'path': '132.jpg', 'num': 132, 'avg': (0.11977734148677723, 0.3284082641149387, 0.26217274518409633), 'mode_bucket': ((2, 5), 73852), 'avg_bucket': (2, 4)}
{'path': '552.jpg', 'num': 552, 'avg': (0.6060143088327439, 0.6541231760154429, 0.16137433619306193), 'mode_bucket': ((7, 10), 100797), 'avg_bucket': (8, 8)}
{'path': '384.jpg', 'num': 384, 'avg': (0.48060842937781273, 0.44995629758394795, 0.061525527854712186), 'mode_bucket': ((8, 5), 122454), 'avg_bucket': (6, 6)}
{'path': '632.jpg', 'num': 632, 'avg': (0.3594888900607084, 0.4952008336601666, 0.09299854153908382), 'mode_bucket': ((4, 6), 107757), 'avg_bucket': (5, 6)}
{'path': '1592.jpg', 'num': 1592, 'avg': (0.5698085371105872, 0.4362095275426344, 0.5882293581492612), 'mode_bucket': ((8, 7), 257582), 'avg_bucket': (7, 6)}
{'path': '468.jpg', 'num': 468, 'avg': (0.6514307941837576, 0.26424303639413993, 0.329582237625728), 'mode_bucket': ((11, 3), 36975), 'avg_bucket': (8, 4)}
{'path': '1304.jpg', 'num': 1304, 'avg': (0.5826440576574222, 0.3003977229721609, 0.3104208260998911), 'mode_bucket': ((7, 2), 105973), 'avg_bucket': (7, 4)}
{'path': '1132.jpg', 'num': 1132, 'avg': (0.3129866275865991, 0.510515901956818, 0.10161324295371855), 'mode_bucket': ((0, 0), 113516), 'avg_bucket': (4, 7)}
{'path': '160.jpg', 'num': 160, 'avg': (0.22546917671009134, 0.2811175835568248, 0.5243995363987091), 'mode_bucket': ((6, 2), 97833), 'avg_bucket': (3, 4)}
{'path': '936.jpg', 'num': 936, 'avg': (0.28857551518318425, 0.4416257095581973, 0.1424592088357763), 'mode_bucket': ((2, 6), 84018), 'avg_bucket': (4, 6)}
{'path': '100.jpg', 'num': 100, 'avg': (0.3187434383475232, 0.33220298674561943, 0.056735084550635285), 'mode_bucket': ((0, 0), 161312), 'avg_bucket': (4, 4)}
{'path': '1252.jpg', 'num': 1252, 'avg': (0.49324053597003603, 0.5978531191191614, 0.2308571942225366), 'mode_bucket': ((0, 12), 148921), 'avg_bucket': (6, 8)}
{'path': '972.jpg', 'num': 972, 'avg': (0.48632440450984205, 0.35651314797808925, 0.3285142527065188), 'mode_bucket': ((8, 2), 49134), 'avg_bucket': (6, 5)}
{'path': '648.jpg', 'num': 648, 'avg': (0.29418074641427555, 0.1733063821313742, 0.47335224226461764), 'mode_bucket': ((2, 2), 144433), 'avg_bucket': (4, 3)}
{'path': '736.jpg', 'num': 736, 'avg': (0.3644094971130877, 0.17326243648818865, 0.3919671245241191), 'mode_bucket': ((1, 2), 93103), 'avg_bucket': (5, 3)}
!1224.jpg
{'path': '208.jpg', 'num': 208, 'avg': (0.5423560475315978, 0.3071017152262594, 0.4453947418796838), 'mode_bucket': ((8, 4), 111962), 'avg_bucket': (7, 4)}
{'path': '1364.jpg', 'num': 1364, 'avg': (0.29205191927065005, 0.8031629251746069, 0.21408413224236506), 'mode_bucket': ((0, 12), 184918), 'avg_bucket': (4, 10)}
{'path': '96.jpg', 'num': 96, 'avg': (0.45449737453511835, 0.3535848805474158, 0.08550024892799366), 'mode_bucket': ((0, 0), 78865), 'avg_bucket': (6, 5)}
{'path': '1112.jpg', 'num': 1112, 'avg': (0.4082749735927491, 0.45115082926837746, 0.12476022624723368), 'mode_bucket': ((0, 0), 189714), 'avg_bucket': (5, 6)}
{'path': '360.jpg', 'num': 360, 'avg': (0.5932819335698089, 0.270712511467958, 0.485427549275071), 'mode_bucket': ((6, 2), 65187), 'avg_bucket': (8, 4)}
{'path': '1188.jpg', 'num': 1188, 'avg': (0.2774801504436059, 0.6832733469461357, 0.10853399671505072), 'mode_bucket': ((0, 0), 166387), 'avg_bucket': (4, 9)}
{'path': '240.jpg', 'num': 240, 'avg': (0.3159291531424575, 0.17968333916369308, 0.12044239983304424), 'mode_bucket': ((0, 0), 159094), 'avg_bucket': (4, 3)}
{'path': '1748.jpg', 'num': 1748, 'avg': (0.0, 0.0, 0.0), 'mode_bucket': ((0, 0), 737280), 'avg_bucket': (0, 0)}
{'path': '744.jpg', 'num': 744, 'avg': (0.5977107171892063, 0.2620616951810409, 0.37160607298353104), 'mode_bucket': ((10, 1), 102774), 'avg_bucket': (8, 4)}
{'path': '844.jpg', 'num': 844, 'avg': (0.5881443518101338, 0.2853444186106557, 0.3628786839165825), 'mode_bucket': ((8, 2), 161106), 'avg_bucket': (8, 4)}
{'path': '1492.jpg', 'num': 1492, 'avg': (0.452417292572819, 0.49940637067579596, 0.04299991915179226), 'mode_bucket': ((0, 0), 320781), 'avg_bucket': (6, 6)}
{'path': '340.jpg', 'num': 340, 'avg': (0.5940031970136495, 0.3469919581816032, 0.48259281598768333), 'mode_bucket': ((12, 12), 118865), 'avg_bucket': (8, 5)}
{'path': '1264.jpg', 'num': 1264, 'avg': (0.35556350555472316, 0.7972038987949664, 0.14311297913275547), 'mode_bucket': ((12, 12), 97364), 'avg_bucket': (5, 10)}
{'path': '1072.jpg', 'num': 1072, 'avg': (0.36666709709832185, 0.2914174328642248, 0.12020529088285672), 'mode_bucket': ((0, 0), 161453), 'avg_bucket': (5, 4)}
{'path': '1020.jpg', 'num': 1020, 'avg': (0.0, 0.0, 0.0022966186257487695), 'mode_bucket': ((0, 0), 737280), 'avg_bucket': (0, 0)}
{'path': '80.jpg', 'num': 80, 'avg': (0.09379570197268657, 0.3913331717419184, 0.39974229600655625), 'mode_bucket': ((1, 6), 193850), 'avg_bucket': (2, 5)}
{'path': '1528.jpg', 'num': 1528, 'avg': (0.5018891611079959, 0.5991417676461994, 0.4566388697427038), 'mode_bucket': ((4, 7), 170887), 'avg_bucket': (7, 8)}
{'path': '548.jpg', 'num': 548, 'avg': (0.5152537271419287, 0.6590063088807716, 0.24883577899502182), 'mode_bucket': ((7, 10), 134083), 'avg_bucket': (7, 8)}
{'path': '1548.jpg', 'num': 1548, 'avg': (0.36088562521230727, 0.7048205764556879, 0.2068923398352731), 'mode_bucket': ((2, 12), 96141), 'avg_bucket': (5, 9)}
{'path': '1648.jpg', 'num': 1648, 'avg': (0.5406729206680019, 0.2948470341863526, 0.44200233609103673), 'mode_bucket': ((7, 3), 136945), 'avg_bucket': (7, 4)}
{'path': '1124.jpg', 'num': 1124, 'avg': (0.6024777648988417, 0.5200210325107014, 0.0927689057396144), 'mode_bucket': ((8, 4), 166103), 'avg_bucket': (8, 7)}
{'path': '1316.jpg', 'num': 1316, 'avg': (0.35528707959613176, 0.8211925548690843, 0.24351183789489536), 'mode_bucket': ((0, 12), 203113), 'avg_bucket': (5, 10)}
{'path': '396.jpg', 'num': 396, 'avg': (0.30626660932400124, 0.25789610285642106, 0.37663027428821977), 'mode_bucket': ((2, 6), 82772), 'avg_bucket': (4, 4)}
{'path': '756.jpg', 'num': 756, 'avg': (0.3545239157275376, 0.15448914901227456, 0.4260355764481383), 'mode_bucket': ((1, 2), 78297), 'avg_bucket': (5, 2)}
{'path': '432.jpg', 'num': 432, 'avg': (0.7536190049272425, 0.5536367313906545, 0.16764436742710917), 'mode_bucket': ((11, 3), 80135), 'avg_bucket': (10, 7)}
{'path': '916.jpg', 'num': 916, 'avg': (0.37208180865234824, 0.6510260505918283, 0.08931225213663833), 'mode_bucket': ((3, 12), 101813), 'avg_bucket': (5, 8)}
{'path': '368.jpg', 'num': 368, 'avg': (0.5446040330335792, 0.27456057446570836, 0.4980798153671606), 'mode_bucket': ((12, 12), 78139), 'avg_bucket': (7, 4)}
{'path': '840.jpg', 'num': 840, 'avg': (0.33968790528918774, 0.13095575808001791, 0.4968292781537821), 'mode_bucket': ((2, 1), 141762), 'avg_bucket': (5, 2)}
{'path': '300.jpg', 'num': 300, 'avg': (0.5027886761196756, 0.42473825040597596, 0.2863003972196416), 'mode_bucket': ((8, 10), 56669), 'avg_bucket': (7, 6)}
{'path': '1576.jpg', 'num': 1576, 'avg': (0.6294723650611562, 0.3862681127866586, 0.49250279245975837), 'mode_bucket': ((7, 3), 168055), 'avg_bucket': (8, 5)}
{'path': '116.jpg', 'num': 116, 'avg': (0.20498913418654022, 0.2616751451253179, 0.30663269973738855), 'mode_bucket': ((2, 4), 71447), 'avg_bucket': (3, 4)}
{'path': '988.jpg', 'num': 988, 'avg': (0.5041629016677709, 0.4388589422914563, 0.17054005608297296), 'mode_bucket': ((0, 0), 77954), 'avg_bucket': (7, 6)}
{'path': '1616.jpg', 'num': 1616, 'avg': (0.3422416080817501, 0.3039421480313066, 0.5463472307322493), 'mode_bucket': ((6, 2), 169610), 'avg_bucket': (5, 4)}
{'path': '1460.jpg', 'num': 1460, 'avg': (0.6071262182412941, 0.8611795930985596, 0.24578807955471543), 'mode_bucket': ((8, 12), 284716), 'avg_bucket': (8, 11)}
{'path': '1096.jpg', 'num': 1096, 'avg': (0.1502157093312009, 0.1938227613215108, 0.017374163858484358), 'mode_bucket': ((0, 0), 410765), 'avg_bucket': (2, 3)}
{'path': '908.jpg', 'num': 908, 'avg': (0.5873861417698957, 0.22953186030308959, 0.418313174444509), 'mode_bucket': ((10, 1), 115127), 'avg_bucket': (8, 3)}
{'path': '1180.jpg', 'num': 1180, 'avg': (0.3742470833728317, 0.9064495886473088, 0.13644407318053156), 'mode_bucket': ((4, 12), 184634), 'avg_bucket': (5, 11)}
{'path': '1436.jpg', 'num': 1436, 'avg': (0.4641401608655745, 0.6706962206912545, 0.20925961031155238), 'mode_bucket': ((0, 12), 232227), 'avg_bucket': (6, 9)}
{'path': '124.jpg', 'num': 124, 'avg': (0.34258325574458903, 0.2854556005490906, 0.22739722158365597), 'mode_bucket': ((2, 6), 100659), 'avg_bucket': (5, 4)}
{'path': '1712.jpg', 'num': 1712, 'avg': (0.0, 0.0, 0.0), 'mode_bucket': ((0, 0), 737280), 'avg_bucket': (0, 0)}
{'path': '156.jpg', 'num': 156, 'avg': (0.21890301388467975, 0.2837394436772392, 0.5379098317929889), 'mode_bucket': ((6, 2), 91897), 'avg_bucket': (3, 4)}
{'path': '220.jpg', 'num': 220, 'avg': (0.3925032972207278, 0.22686213682545228, 0.1430106315524959), 'mode_bucket': ((0, 0), 245413), 'avg_bucket': (5, 3)}
{'path': '1232.jpg', 'num': 1232, 'avg': (0.27058821435404673, 0.6251121903040758, 0.11873996842671769), 'mode_bucket': ((0, 0), 227416), 'avg_bucket': (4, 8)}
{'path': '336.jpg', 'num': 336, 'avg': (0.5958517461371032, 0.27230998816761876, 0.48515974988110394), 'mode_bucket': ((6, 1), 58746), 'avg_bucket': (8, 4)}
{'path': '572.jpg', 'num': 572, 'avg': (0.552482764256391, 0.8639261952653732, 0.1161465088423322), 'mode_bucket': ((12, 12), 221588), 'avg_bucket': (7, 11)}
{'path': '72.jpg', 'num': 72, 'avg': (0.20763592615263982, 0.3766072136712422, 0.4083098926413436), 'mode_bucket': ((7, 4), 67447), 'avg_bucket': (3, 5)}
{'path': '1656.jpg', 'num': 1656, 'avg': (0.021869902026420994, 0.0256744925910478, 0.014743737447238559), 'mode_bucket': ((0, 0), 701290), 'avg_bucket': (1, 1)}
{'path': '724.jpg', 'num': 724, 'avg': (0.3705687959127495, 0.22667535369064057, 0.31974050883280736), 'mode_bucket': ((6, 2), 77415), 'avg_bucket': (5, 3)}
{'path': '1664.jpg', 'num': 1664, 'avg': (0.029733826016506756, 0.03835864812311465, 0.021434403296920704), 'mode_bucket': ((0, 0), 683041), 'avg_bucket': (1, 1)}
{'path': '88.jpg', 'num': 88, 'avg': (0.08299874155681447, 0.41951557232052933, 0.4540765793064451), 'mode_bucket': ((1, 2), 126717), 'avg_bucket': (1, 6)}
{'path': '996.jpg', 'num': 996, 'avg': (0.5079399522809585, 0.45741507773458745, 0.1673360906860519), 'mode_bucket': ((12, 12), 59441), 'avg_bucket': (7, 6)}
{'path': '696.jpg', 'num': 696, 'avg': (0.5613708249313342, 0.46306173517511245, 0.3961603381583382), 'mode_bucket': ((7, 6), 165819), 'avg_bucket': (7, 6)}
{'path': '192.jpg', 'num': 192, 'avg': (0.22114155674399352, 0.2519007439329611, 0.34249959043917205), 'mode_bucket': ((1, 4), 46861), 'avg_bucket': (3, 4)}
{'path': '504.jpg', 'num': 504, 'avg': (0.5060227022672236, 0.18555989300870468, 0.3884479624101771), 'mode_bucket': ((2, 1), 65710), 'avg_bucket': (7, 3)}
{'path': '1164.jpg', 'num': 1164, 'avg': (0.759104286434937, 0.6436705204219979, 0.1921732504853683), 'mode_bucket': ((12, 12), 170672), 'avg_bucket': (10, 8)}
{'path': '1160.jpg', 'num': 1160, 'avg': (0.49471573915282, 0.6830074562670888, 0.12705577044148372), 'mode_bucket': ((5, 8), 90440), 'avg_bucket': (6, 9)}
{'path': '924.jpg', 'num': 924, 'avg': (0.5537283857584907, 0.2612484972156703, 0.36551988123849116), 'mode_bucket': ((8, 5), 70757), 'avg_bucket': (7, 4)}
{'path': '720.jpg', 'num': 720, 'avg': (0.3739110887722973, 0.23009158594382645, 0.32095063253059564), 'mode_bucket': ((6, 2), 75297), 'avg_bucket': (5, 3)}
{'path': '296.jpg', 'num': 296, 'avg': (0.515244472249787, 0.18388325536037595, 0.6756229787899491), 'mode_bucket': ((6, 2), 137939), 'avg_bucket': (7, 3)}
{'path': '960.jpg', 'num': 960, 'avg': (0.3439736963970575, 0.3627644749831994, 0.25900827312218233), 'mode_bucket': ((7, 3), 100180), 'avg_bucket': (5, 5)}
{'path': '704.jpg', 'num': 704, 'avg': (0.483478206303061, 0.46332180085436286, 0.1859394254666934), 'mode_bucket': ((7, 8), 50668), 'avg_bucket': (6, 6)}
{'path': '764.jpg', 'num': 764, 'avg': (0.40463661868959694, 0.35772285091480627, 0.1392628548824523), 'mode_bucket': ((5, 3), 37610), 'avg_bucket': (5, 5)}
{'path': '588.jpg', 'num': 588, 'avg': (0.3568990181499552, 0.3288211420635608, 0.11643355758182991), 'mode_bucket': ((0, 0), 64028), 'avg_bucket': (5, 4)}
{'path': '864.jpg', 'num': 864, 'avg': (0.4714238604591391, 0.39065886571733366, 0.11865135974058548), 'mode_bucket': ((8, 6), 131314), 'avg_bucket': (6, 5)}
{'path': '1720.jpg', 'num': 1720, 'avg': (0.0, 0.0, 0.0), 'mode_bucket': ((0, 0), 737280), 'avg_bucket': (0, 0)}
{'path': '1652.jpg', 'num': 1652, 'avg': (0.5051351966833234, 0.2726657943890595, 0.38661504608374586), 'mode_bucket': ((8, 4), 159517), 'avg_bucket': (7, 4)}
{'path': '464.jpg', 'num': 464, 'avg': (0.6082753738658983, 0.25673085875822355, 0.3099030352159657), 'mode_bucket': ((11, 2), 40175), 'avg_bucket': (8, 4)}
{'path': '536.jpg', 'num': 536, 'avg': (0.5915275277930498, 0.601074812675845, 0.17988812083032918), 'mode_bucket': ((7, 9), 105030), 'avg_bucket': (8, 8)}
{'path': '748.jpg', 'num': 748, 'avg': (0.35164355433699557, 0.16116833495587848, 0.4181690995622268), 'mode_bucket': ((1, 2), 75695), 'avg_bucket': (5, 2)}
{'path': '944.jpg', 'num': 944, 'avg': (0.3038497074545486, 0.404071076922562, 0.14108676619561647), 'mode_bucket': ((2, 4), 93828), 'avg_bucket': (4, 5)}
{'path': '48.jpg', 'num': 48, 'avg': (0.25294350682428474, 0.35590394732848885, 0.3407567508325648), 'mode_bucket': ((2, 4), 89899), 'avg_bucket': (4, 5)}
{'path': '44.jpg', 'num': 44, 'avg': (0.1434732191741301, 0.34632125019283233, 0.5279733509072082), 'mode_bucket': ((2, 5), 129275), 'avg_bucket': (2, 5)}
{'path': '312.jpg', 'num': 312, 'avg': (0.5109250087648621, 0.4000825535431218, 0.31142381855035617), 'mode_bucket': ((7, 4), 76053), 'avg_bucket': (7, 5)}
{'path': '796.jpg', 'num': 796, 'avg': (0.45640528567816663, 0.3666572726554955, 0.15528213933191834), 'mode_bucket': ((5, 4), 67486), 'avg_bucket': (6, 5)}
{'path': '1684.jpg', 'num': 1684, 'avg': (0.030923138789016338, 0.04188505399854766, 0.01786755131741362), 'mode_bucket': ((0, 0), 681879), 'avg_bucket': (1, 1)}
{'path': '800.jpg', 'num': 800, 'avg': (0.3771738076773774, 0.41471411362393323, 0.15932276773628087), 'mode_bucket': ((3, 8), 58482), 'avg_bucket': (5, 5)}
{'path': '1660.jpg', 'num': 1660, 'avg': (0.00789499194896423, 0.010188763566218078, 0.007144453593069142), 'mode_bucket': ((0, 0), 722137), 'avg_bucket': (1, 1)}
{'path': '1688.jpg', 'num': 1688, 'avg': (0.013260645141443818, 0.01600279817827726, 0.009642522807733984), 'mode_bucket': ((0, 0), 714253), 'avg_bucket': (1, 1)}
{'path': '1612.jpg', 'num': 1612, 'avg': (0.6330804421461824, 0.10291090418095952, 0.7297828956918113), 'mode_bucket': ((9, 1), 466251), 'avg_bucket': (8, 2)}
{'path': '600.jpg', 'num': 600, 'avg': (0.23803149844400326, 0.43694094637146424, 0.15162666802849672), 'mode_bucket': ((1, 6), 71076), 'avg_bucket': (3, 6)}
{'path': '32.jpg', 'num': 32, 'avg': (0.12056477952305371, 0.6556090936413228, 0.5359526696957053), 'mode_bucket': ((2, 6), 182896), 'avg_bucket': (2, 8)}
{'path': '1640.jpg', 'num': 1640, 'avg': (0.02684468549476269, 0.023061128260532544, 0.02497464448019246), 'mode_bucket': ((0, 0), 700003), 'avg_bucket': (1, 1)}
{'path': '760.jpg', 'num': 760, 'avg': (0.406176840092523, 0.3459022326500148, 0.13969270195139807), 'mode_bucket': ((5, 3), 45100), 'avg_bucket': (5, 5)}
{'path': '1440.jpg', 'num': 1440, 'avg': (0.2677293839044497, 0.36089841638117603, 0.3186048985564287), 'mode_bucket': ((0, 0), 284318), 'avg_bucket': (4, 5)}
{'path': '1104.jpg', 'num': 1104, 'avg': (0.29407935917330363, 0.5903450136732971, 0.10402993196001965), 'mode_bucket': ((2, 4), 77511), 'avg_bucket': (4, 8)}
{'path': '812.jpg', 'num': 812, 'avg': (0.3433845868908612, 0.373509899917384, 0.14327966494804228), 'mode_bucket': ((2, 4), 120443), 'avg_bucket': (5, 5)}
{'path': '352.jpg', 'num': 352, 'avg': (0.56108407351387, 0.3488548969674086, 0.47262170862103886), 'mode_bucket': ((12, 12), 117611), 'avg_bucket': (7, 5)}
{'path': '896.jpg', 'num': 896, 'avg': (0.5587148993265085, 0.2537495164947039, 0.1391680761955034), 'mode_bucket': ((11, 3), 107967), 'avg_bucket': (7, 4)}
{'path': '200.jpg', 'num': 200, 'avg': (0.1182821324774534, 0.2955643293246959, 0.2549499963825805), 'mode_bucket': ((1, 5), 115632), 'avg_bucket': (2, 4)}
{'path': '708.jpg', 'num': 708, 'avg': (0.5301598622493597, 0.40458280902472277, 0.16163915696518585), 'mode_bucket': ((8, 4), 159859), 'avg_bucket': (7, 5)}
{'path': '1236.jpg', 'num': 1236, 'avg': (0.452902192464616, 0.5155444760800467, 0.13975960924742872), 'mode_bucket': ((0, 0), 199164), 'avg_bucket': (6, 7)}
{'path': '1544.jpg', 'num': 1544, 'avg': (0.4881801903048242, 0.8787627153081873, 0.45226592286380124), 'mode_bucket': ((8, 12), 226353), 'avg_bucket': (6, 11)}
{'path': '1244.jpg', 'num': 1244, 'avg': (0.5199080418294529, 0.2678648324248573, 0.3600121006522192), 'mode_bucket': ((12, 2), 123793), 'avg_bucket': (7, 4)}
{'path': '120.jpg', 'num': 120, 'avg': (0.34782306198905166, 0.29037198153003996, 0.23102461405525376), 'mode_bucket': ((2, 6), 106778), 'avg_bucket': (5, 4)}
{'path': '1052.jpg', 'num': 1052, 'avg': (0.22500474711384064, 0.4008982627303773, 0.19133534815742767), 'mode_bucket': ((2, 3), 115695), 'avg_bucket': (3, 5)}
{'path': '928.jpg', 'num': 928, 'avg': (0.5236398092068978, 0.7338899626851595, 0.21138328269705248), 'mode_bucket': ((1, 12), 121107), 'avg_bucket': (7, 9)}
{'path': '76.jpg', 'num': 76, 'avg': (0.1804314633777458, 0.30923901468870174, 0.30471877021139426), 'mode_bucket': ((0, 0), 94704), 'avg_bucket': (3, 4)}
{'path': '308.jpg', 'num': 308, 'avg': (0.5509076793585178, 0.29735953142077537, 0.22310637829316854), 'mode_bucket': ((8, 4), 100956), 'avg_bucket': (7, 4)}
{'path': '1732.jpg', 'num': 1732, 'avg': (0.0, 0.0, 0.0), 'mode_bucket': ((0, 0), 737280), 'avg_bucket': (0, 0)}
{'path': '1368.jpg', 'num': 1368, 'avg': (0.3372527315426625, 0.8051653341933822, 0.21997138927181853), 'mode_bucket': ((12, 12), 199366), 'avg_bucket': (5, 10)}
{'path': '488.jpg', 'num': 488, 'avg': (0.5597478199097231, 0.2610090246865988, 0.39126160066877247), 'mode_bucket': ((7, 5), 172774), 'avg_bucket': (7, 4)}
{'path': '316.jpg', 'num': 316, 'avg': (0.5473043465930677, 0.4024338975688729, 0.3117323771948167), 'mode_bucket': ((8, 10), 80005), 'avg_bucket': (7, 5)}
{'path': '1360.jpg', 'num': 1360, 'avg': (0.2565754654002485, 0.9154526931286242, 0.2245580416407254), 'mode_bucket': ((1, 12), 223635), 'avg_bucket': (4, 11)}
{'path': '528.jpg', 'num': 528, 'avg': (0.24049449989577182, 0.20026263057364924, 0.06279230919811205), 'mode_bucket': ((0, 0), 254005), 'avg_bucket': (3, 3)}
{'path': '1696.jpg', 'num': 1696, 'avg': (0.01947347769643829, 0.023865235876236627, 0.01307946963507893), 'mode_bucket': ((0, 0), 704957), 'avg_bucket': (1, 1)}
{'path': '1624.jpg', 'num': 1624, 'avg': (0.2565263295677566, 0.17386996102262758, 0.48694148709882623), 'mode_bucket': ((2, 1), 120815), 'avg_bucket': (4, 3)}
{'path': '104.jpg', 'num': 104, 'avg': (0.3177742698562711, 0.3306383127761945, 0.05790185334148928), 'mode_bucket': ((0, 0), 141665), 'avg_bucket': (4, 4)}
{'path': '752.jpg', 'num': 752, 'avg': (0.35678398232384073, 0.15350454687182524, 0.42973788126343415), 'mode_bucket': ((1, 2), 75918), 'avg_bucket': (5, 2)}
{'path': '832.jpg', 'num': 832, 'avg': (0.3095690602344447, 0.4019611167881863, 0.15076833022772626), 'mode_bucket': ((2, 3), 81444), 'avg_bucket': (4, 5)}
{'path': '264.jpg', 'num': 264, 'avg': (0.419167891572069, 0.26942574103434486, 0.1443505752996358), 'mode_bucket': ((5, 4), 143322), 'avg_bucket': (6, 4)}
{'path': '444.jpg', 'num': 444, 'avg': (0.5914533134746055, 0.6510784953225396, 0.14323458669454545), 'mode_bucket': ((2, 6), 149561), 'avg_bucket': (8, 8)}
{'path': '1472.jpg', 'num': 1472, 'avg': (0.523160874370131, 0.5452380278395434, 0.07061059091628591), 'mode_bucket': ((9, 12), 115055), 'avg_bucket': (7, 7)}
{'path': '1540.jpg', 'num': 1540, 'avg': (0.5067102847754481, 0.8592029366011671, 0.27149403424603147), 'mode_bucket': ((8, 12), 116436), 'avg_bucket': (7, 11)}
{'path': '332.jpg', 'num': 332, 'avg': (0.5878374895903988, 0.26620788027432823, 0.4886325359139238), 'mode_bucket': ((6, 2), 53336), 'avg_bucket': (8, 4)}
{'path': '1520.jpg', 'num': 1520, 'avg': (0.4913615207648563, 0.9803676451999336, 0.292414588014443), 'mode_bucket': ((8, 12), 231484), 'avg_bucket': (6, 12)}
{'path': '1716.jpg', 'num': 1716, 'avg': (0.0, 0.0, 0.0), 'mode_bucket': ((0, 0), 737280), 'avg_bucket': (0, 0)}
{'path': '460.jpg', 'num': 460, 'avg': (0.8905013172699341, 0.8199761186752209, 0.25022412534919586), 'mode_bucket': ((12, 12), 313133), 'avg_bucket': (11, 10)}
{'path': '1008.jpg', 'num': 1008, 'avg': (0.5138561935225899, 0.455639471980567, 0.16366763578236446), 'mode_bucket': ((0, 0), 112094), 'avg_bucket': (7, 6)}
{'path': '1568.jpg', 'num': 1568, 'avg': (0.5812663968516345, 0.27850256964150905, 0.5221341773466455), 'mode_bucket': ((8, 3), 153012), 'avg_bucket': (7, 4)}
{'path': '64.jpg', 'num': 64, 'avg': (0.16049212944749244, 0.4198925701730235, 0.29654389424995603), 'mode_bucket': ((1, 5), 88481), 'avg_bucket': (2, 6)}
{'path': '672.jpg', 'num': 672, 'avg': (0.4833794828772272, 0.2358094134385025, 0.23884187453157651), 'mode_bucket': ((5, 3), 100775), 'avg_bucket': (6, 3)}
{'path': '1736.jpg', 'num': 1736, 'avg': (0.0, 0.0, 0.0), 'mode_bucket': ((0, 0), 737280), 'avg_bucket': (0, 0)}
{'path': '424.jpg', 'num': 424, 'avg': (0.3624927941481198, 0.2794034676778476, 0.060937861689932434), 'mode_bucket': ((5, 3), 143441), 'avg_bucket': (5, 4)}
{'path': '288.jpg', 'num': 288, 'avg': (0.5647181235695589, 0.16296892237696364, 0.4469674808942), 'mode_bucket': ((6, 1), 112654), 'avg_bucket': (7, 2)}
{'path': '172.jpg', 'num': 172, 'avg': (0.27481815137278254, 0.32297607496345093, 0.4430654488352701), 'mode_bucket': ((1, 4), 86977), 'avg_bucket': (4, 4)}
{'path': '496.jpg', 'num': 496, 'avg': (0.5859301355146105, 0.223507172459979, 0.3384630682782256), 'mode_bucket': ((11, 2), 60712), 'avg_bucket': (8, 3)}
{'path': '140.jpg', 'num': 140, 'avg': (0.12568513579154997, 0.3008504127076242, 0.2630788898690272), 'mode_bucket': ((2, 2), 81118), 'avg_bucket': (2, 4)}
{'path': '1176.jpg', 'num': 1176, 'avg': (0.5403918703012832, 0.33094876600801204, 0.33415370434189223), 'mode_bucket': ((7, 3), 80538), 'avg_bucket': (7, 4)}
{'path': '516.jpg', 'num': 516, 'avg': (0.39571891774650664, 0.32260842951374985, 0.05456979124139594), 'mode_bucket': ((5, 4), 307577), 'avg_bucket': (5, 4)}
{'path': '624.jpg', 'num': 624, 'avg': (0.3325060158047852, 0.21343957255024415, 0.05545772378007066), 'mode_bucket': ((0, 0), 246136), 'avg_bucket': (4, 3)}
{'path': '136.jpg', 'num': 136, 'avg': (0.11637394199907285, 0.32360213229079904, 0.2598040811388098), 'mode_bucket': ((2, 2), 76727), 'avg_bucket': (2, 4)}
{'path': '684.jpg', 'num': 684, 'avg': (0.4413291266548995, 0.2944043852529318, 0.20780437793562825), 'mode_bucket': ((5, 3), 73338), 'avg_bucket': (6, 4)}
{'path': '892.jpg', 'num': 892, 'avg': (0.34460916436285915, 0.30577925810490314, 0.1259506857204723), 'mode_bucket': ((0, 0), 340423), 'avg_bucket': (5, 4)}
{'path': '1692.jpg', 'num': 1692, 'avg': (0.06320162202846819, 0.08630229410288051, 0.04218075022981104), 'mode_bucket': ((0, 0), 619646), 'avg_bucket': (1, 2)}
{'path': '976.jpg', 'num': 976, 'avg': (0.4569459301951201, 0.2376726571511176, 0.35959374255361726), 'mode_bucket': ((8, 2), 70639), 'avg_bucket': (6, 3)}
{'path': '1600.jpg', 'num': 1600, 'avg': (0.4538377320353905, 0.31417330027648915, 0.38687265433544704), 'mode_bucket': ((7, 5), 254447), 'avg_bucket': (6, 4)}
{'path': '92.jpg', 'num': 92, 'avg': (0.5096774526185317, 0.6782412530531138, 0.19543093745752904), 'mode_bucket': ((7, 9), 133770), 'avg_bucket': (7, 9)}
{'path': '956.jpg', 'num': 956, 'avg': (0.4347202042061913, 0.4088227687165685, 0.2051245064000144), 'mode_bucket': ((2, 3), 42852), 'avg_bucket': (6, 5)}
{'path': '1400.jpg', 'num': 1400, 'avg': (0.11042081042078442, 0.10106635664174593, 0.0288310344754626), 'mode_bucket': ((0, 0), 626260), 'avg_bucket': (2, 2)}
{'path': '12.jpg', 'num': 12, 'avg': (0.21970927201917942, 0.3991269705213441, 0.05521955635598055), 'mode_bucket': ((2, 5), 174638), 'avg_bucket': (3, 5)}
{'path': '428.jpg', 'num': 428, 'avg': (0.8162239008555646, 0.8266814121270275, 0.22117372600034962), 'mode_bucket': ((12, 12), 430975), 'avg_bucket': (10, 10)}
{'path': '476.jpg', 'num': 476, 'avg': (0.6087316449659784, 0.26800663729642316, 0.32023157722278794), 'mode_bucket': ((6, 1), 34807), 'avg_bucket': (8, 4)}
{'path': '1348.jpg', 'num': 1348, 'avg': (0.4740016437773209, 0.9807705525303198, 0.24877324388992467), 'mode_bucket': ((12, 12), 323057), 'avg_bucket': (6, 12)}
{'path': '292.jpg', 'num': 292, 'avg': (0.5827197733354578, 0.28201130452500317, 0.6415566970044909), 'mode_bucket': ((12, 12), 135350), 'avg_bucket': (7, 4)}
{'path': '1016.jpg', 'num': 1016, 'avg': (0.00015281394675926023, 0.0001038482409439937, 0.0063364598226441264), 'mode_bucket': ((0, 0), 737012), 'avg_bucket': (1, 1)}
{'path': '252.jpg', 'num': 252, 'avg': (0.4185721114095933, 0.3745504814760936, 0.12322467745908902), 'mode_bucket': ((5, 3), 79025), 'avg_bucket': (6, 5)}
{'path': '656.jpg', 'num': 656, 'avg': (0.6038581720874716, 0.4517085053266453, 0.23079614842875204), 'mode_bucket': ((12, 6), 28915), 'avg_bucket': (8, 6)}
{'path': '1272.jpg', 'num': 1272, 'avg': (0.3505199187348361, 0.9291515553039582, 0.10479400701266638), 'mode_bucket': ((4, 12), 216831), 'avg_bucket': (5, 12)}
{'path': '40.jpg', 'num': 40, 'avg': (0.21071278141791455, 0.4017618817034848, 0.4222250838273133), 'mode_bucket': ((1, 2), 95981), 'avg_bucket': (3, 5)}
{'path': '1608.jpg', 'num': 1608, 'avg': (0.4657484336711113, 0.21909472039215988, 0.5981159949884822), 'mode_bucket': ((6, 3), 131156), 'avg_bucket': (6, 3)}
{'path': '564.jpg', 'num': 564, 'avg': (0.42106530538923115, 0.3188309599429185, 0.12553968375562), 'mode_bucket': ((5, 4), 174394), 'avg_bucket': (6, 4)}
{'path': '500.jpg', 'num': 500, 'avg': (0.48937145002588855, 0.27095593959397973, 0.3950041700688512), 'mode_bucket': ((5, 1), 61253), 'avg_bucket': (6, 4)}
{'path': '1140.jpg', 'num': 1140, 'avg': (0.3098464472328382, 0.29317961494304634, 0.06275677849308221), 'mode_bucket': ((0, 0), 133794), 'avg_bucket': (4, 4)}
{'path': '1148.jpg', 'num': 1148, 'avg': (0.602818570127331, 0.5145341758207687, 0.10472844541501708), 'mode_bucket': ((12, 12), 89718), 'avg_bucket': (8, 7)}
{'path': '1184.jpg', 'num': 1184, 'avg': (0.16060648702169145, 0.13951184983018253, 0.08901535266888384), 'mode_bucket': ((0, 0), 508317), 'avg_bucket': (2, 2)}
{'path': '1404.jpg', 'num': 1404, 'avg': (0.10617709287090943, 0.16030544100150526, 0.030766739855695432), 'mode_bucket': ((0, 0), 615151), 'avg_bucket': (2, 2)}
{'path': '24.jpg', 'num': 24, 'avg': (0.18688829653086253, 0.6746147773637022, 0.38530041530085746), 'mode_bucket': ((1, 9), 120517), 'avg_bucket': (3, 9)}
{'path': '1452.jpg', 'num': 1452, 'avg': (0.5293729847924044, 0.7732567836982635, 0.5723828124995023), 'mode_bucket': ((12, 12), 238191), 'avg_bucket': (7, 10)}
{'path': '492.jpg', 'num': 492, 'avg': (0.40288980976414807, 0.19705258866058845, 0.3812229104972227), 'mode_bucket': ((2, 1), 83729), 'avg_bucket': (5, 3)}
{'path': '664.jpg', 'num': 664, 'avg': (0.5307041910130414, 0.30343800541446375, 0.3476285222209575), 'mode_bucket': ((8, 3), 60887), 'avg_bucket': (7, 4)}
{'path': '740.jpg', 'num': 740, 'avg': (0.357536425648247, 0.16021071838503276, 0.41930955010007565), 'mode_bucket': ((1, 2), 83143), 'avg_bucket': (5, 2)}
{'path': '1704.jpg', 'num': 1704, 'avg': (0.0, 0.0, 0.0), 'mode_bucket': ((0, 0), 737280), 'avg_bucket': (0, 0)}
{'path': '204.jpg', 'num': 204, 'avg': (0.5301039930359203, 0.17879876360294414, 0.554184378827618), 'mode_bucket': ((7, 3), 442986), 'avg_bucket': (7, 3)}
{'path': '660.jpg', 'num': 660, 'avg': (0.45967148822461507, 0.2179275878698753, 0.38744334235469235), 'mode_bucket': ((3, 2), 62937), 'avg_bucket': (6, 3)}
{'path': '260.jpg', 'num': 260, 'avg': (0.49407329467809413, 0.1666638408164734, 0.22948864506831718), 'mode_bucket': ((0, 0), 140009), 'avg_bucket': (6, 2)}
{'path': '304.jpg', 'num': 304, 'avg': (0.5321149379150687, 0.30937759055245445, 0.19562748927680004), 'mode_bucket': ((8, 4), 79658), 'avg_bucket': (7, 4)}
{'path': '1280.jpg', 'num': 1280, 'avg': (0.5175905478501984, 0.920517647323742, 0.4448636003883405), 'mode_bucket': ((12, 12), 353510), 'avg_bucket': (7, 12)}
{'path': '1116.jpg', 'num': 1116, 'avg': (0.29626210705191314, 0.3409005725191367, 0.060166547522418394), 'mode_bucket': ((0, 0), 142082), 'avg_bucket': (4, 5)}
{'path': '1064.jpg', 'num': 1064, 'avg': (0.4646398521561196, 0.37321178343129796, 0.1332695961417636), 'mode_bucket': ((0, 0), 84494), 'avg_bucket': (6, 5)}
{'path': '1668.jpg', 'num': 1668, 'avg': (0.036847833836583556, 0.07087254552396063, 0.027144086584311902), 'mode_bucket': ((0, 0), 646119), 'avg_bucket': (1, 1)}
{'path': '248.jpg', 'num': 248, 'avg': (0.3363951858394015, 0.33617977517180275, 0.4066166896419777), 'mode_bucket': ((2, 6), 171773), 'avg_bucket': (5, 5)}
{'path': '1596.jpg', 'num': 1596, 'avg': (0.5740407306939308, 0.4488921458964492, 0.587401381017243), 'mode_bucket': ((8, 7), 261158), 'avg_bucket': (7, 6)}
{'path': '1300.jpg', 'num': 1300, 'avg': (0.5158268286395776, 0.3430314501336079, 0.29562714886256747), 'mode_bucket': ((0, 0), 64035), 'avg_bucket': (7, 5)}
{'path': '1088.jpg', 'num': 1088, 'avg': (0.41269072255555833, 0.47787389812990844, 0.02646084920537496), 'mode_bucket': ((5, 4), 268528), 'avg_bucket': (5, 6)}
{'path': '440.jpg', 'num': 440, 'avg': (0.4676640696239928, 0.2933601705315398, 0.2131003465845246), 'mode_bucket': ((7, 4), 91027), 'avg_bucket': (6, 4)}
{'path': '404.jpg', 'num': 404, 'avg': (0.2677482679408357, 0.3997856099866765, 0.23442930666154374), 'mode_bucket': ((2, 8), 72670), 'avg_bucket': (4, 5)}
{'path': '1744.jpg', 'num': 1744, 'avg': (0.0, 0.0, 0.0), 'mode_bucket': ((0, 0), 737280), 'avg_bucket': (0, 0)}
{'path': '392.jpg', 'num': 392, 'avg': (0.31709871637277376, 0.2567816434393061, 0.36946218852091584), 'mode_bucket': ((2, 6), 80290), 'avg_bucket': (4, 4)}
{'path': '1588.jpg', 'num': 1588, 'avg': (0.5727256466281206, 0.4391967920920804, 0.5963629748782243), 'mode_bucket': ((8, 7), 270637), 'avg_bucket': (7, 6)}
{'path': '788.jpg', 'num': 788, 'avg': (0.4605267533969575, 0.679088295739092, 0.23579824410278785), 'mode_bucket': ((1, 12), 112104), 'avg_bucket': (6, 9)}
{'path': '1416.jpg', 'num': 1416, 'avg': (0.062357282352614354, 0.08271418521400713, 0.01568995523559683), 'mode_bucket': ((0, 0), 658083), 'avg_bucket': (1, 1)}
{'path': '1340.jpg', 'num': 1340, 'avg': (0.46811655841229705, 0.4489132956635448, 0.2475743272564019), 'mode_bucket': ((12, 12), 63413), 'avg_bucket': (6, 6)}
!1228.jpg
{'path': '568.jpg', 'num': 568, 'avg': (0.5337546101130348, 0.6410263108392994, 0.1490113740813168), 'mode_bucket': ((7, 10), 150028), 'avg_bucket': (7, 8)}
{'path': '1428.jpg', 'num': 1428, 'avg': (0.3246524587643081, 0.2946946003443824, 0.12630161526412098), 'mode_bucket': ((0, 0), 359404), 'avg_bucket': (4, 4)}
{'path': '940.jpg', 'num': 940, 'avg': (0.4717557841533265, 0.3054839435212812, 0.24890997859662237), 'mode_bucket': ((7, 3), 42591), 'avg_bucket': (6, 4)}
{'path': '324.jpg', 'num': 324, 'avg': (0.53410408206451, 0.19659134532969813, 0.5725241906646438), 'mode_bucket': ((6, 1), 103192), 'avg_bucket': (7, 3)}
{'path': '268.jpg', 'num': 268, 'avg': (0.4609984703259858, 0.24568895272476687, 0.13015088848004439), 'mode_bucket': ((0, 0), 123305), 'avg_bucket': (6, 3)}
{'path': '880.jpg', 'num': 880, 'avg': (0.27166500760480417, 0.3676741934285269, 0.08265309585267032), 'mode_bucket': ((2, 4), 120251), 'avg_bucket': (4, 5)}
{'path': '112.jpg', 'num': 112, 'avg': (0.12521172101727004, 0.48748499618551633, 0.19766165407151529), 'mode_bucket': ((2, 6), 86697), 'avg_bucket': (2, 6)}
{'path': '1516.jpg', 'num': 1516, 'avg': (0.5061728943003133, 0.98355696352941, 0.25394750391561194), 'mode_bucket': ((12, 12), 168988), 'avg_bucket': (7, 12)}
{'path': '4.jpg', 'num': 4, 'avg': (0.6308494188592426, 0.9199711016757246, 0.15597409981734986), 'mode_bucket': ((8, 12), 564617), 'avg_bucket': (8, 12)}
{'path': '480.jpg', 'num': 480, 'avg': (0.6017983203722069, 0.26262640090501166, 0.3311950071908981), 'mode_bucket': ((11, 2), 34974), 'avg_bucket': (8, 4)}
{'path': '52.jpg', 'num': 52, 'avg': (0.17676194313841062, 0.2945094866554523, 0.5571745802268938), 'mode_bucket': ((2, 4), 76695), 'avg_bucket': (3, 4)}
{'path': '1268.jpg', 'num': 1268, 'avg': (0.19639644803061485, 0.40847513286860754, 0.11850774760865118), 'mode_bucket': ((0, 0), 338657), 'avg_bucket': (3, 5)}
{'path': '912.jpg', 'num': 912, 'avg': (0.6275663227333698, 0.24866273151850982, 0.3954226398672141), 'mode_bucket': ((11, 1), 113213), 'avg_bucket': (8, 3)}
{'path': '584.jpg', 'num': 584, 'avg': (0.28674456081945676, 0.35369846056684934, 0.08252337154506446), 'mode_bucket': ((0, 0), 106034), 'avg_bucket': (4, 5)}
{'path': '1040.jpg', 'num': 1040, 'avg': (0.0, 0.0, 0.0), 'mode_bucket': ((0, 0), 737280), 'avg_bucket': (0, 0)}
{'path': '712.jpg', 'num': 712, 'avg': (0.33062632749953524, 0.3952763156263059, 0.14371730962278162), 'mode_bucket': ((0, 0), 241134), 'avg_bucket': (4, 5)}
{'path': '216.jpg', 'num': 216, 'avg': (0.32181167176389863, 0.22490889614822154, 0.06816697197563161), 'mode_bucket': ((8, 4), 235596), 'avg_bucket': (4, 3)}
{'path': '888.jpg', 'num': 888, 'avg': (0.3817909572209096, 0.30571002902057487, 0.07524509272062778), 'mode_bucket': ((0, 0), 155995), 'avg_bucket': (5, 4)}
{'path': '1556.jpg', 'num': 1556, 'avg': (0.2814606348026655, 0.42061866100421114, 0.1548153999013097), 'mode_bucket': ((0, 0), 270850), 'avg_bucket': (4, 6)}
{'path': '1144.jpg', 'num': 1144, 'avg': (0.387128851269556, 0.3087486767182603, 0.15568810423479662), 'mode_bucket': ((0, 0), 72655), 'avg_bucket': (5, 4)}
{'path': '1432.jpg', 'num': 1432, 'avg': (0.019760904306700498, 0.028199410451079692, 0.0011650028935184127), 'mode_bucket': ((0, 0), 714413), 'avg_bucket': (1, 1)}
{'path': '1084.jpg', 'num': 1084, 'avg': (0.29484292243809435, 0.24736012848921826, 0.4078699076204754), 'mode_bucket': ((1, 4), 99644), 'avg_bucket': (4, 3)}
{'path': '420.jpg', 'num': 420, 'avg': (0.42893593914720235, 0.29859571543496927, 0.17473008365571704), 'mode_bucket': ((5, 4), 188332), 'avg_bucket': (6, 4)}
{'path': '820.jpg', 'num': 820, 'avg': (0.4800289420268871, 0.46002608127903594, 0.3197532743559918), 'mode_bucket': ((8, 4), 161647), 'avg_bucket': (6, 6)}
{'path': '56.jpg', 'num': 56, 'avg': (0.12467464858342264, 0.3540693391362898, 0.5240803664124898), 'mode_bucket': ((2, 5), 121961), 'avg_bucket': (2, 5)}
{'path': '904.jpg', 'num': 904, 'avg': (0.5183211730728176, 0.15489435862940037, 0.34609256918840486), 'mode_bucket': ((8, 2), 96856), 'avg_bucket': (7, 2)}
{'path': '1552.jpg', 'num': 1552, 'avg': (0.4600707013291078, 0.18062576159209165, 0.5787285379655069), 'mode_bucket': ((6, 3), 170431), 'avg_bucket': (6, 3)}
{'path': '716.jpg', 'num': 716, 'avg': (0.46556067542551294, 0.23636747772038844, 0.3184698818754992), 'mode_bucket': ((6, 2), 119839), 'avg_bucket': (6, 3)}
{'path': '376.jpg', 'num': 376, 'avg': (0.26551082693291983, 0.33761101411903865, 0.23055962456608292), 'mode_bucket': ((2, 3), 61944), 'avg_bucket': (4, 5)}
{'path': '1356.jpg', 'num': 1356, 'avg': (0.7443496614540189, 0.9283345711002244, 0.3526911583857771), 'mode_bucket': ((12, 12), 447922), 'avg_bucket': (9, 12)}
{'path': '244.jpg', 'num': 244, 'avg': (0.3207064011077991, 0.3385118094726571, 0.3473741425809852), 'mode_bucket': ((2, 6), 168812), 'avg_bucket': (4, 5)}
{'path': '276.jpg', 'num': 276, 'avg': (0.6131183135622843, 0.3337473418751802, 0.30505793951593874), 'mode_bucket': ((8, 3), 156819), 'avg_bucket': (8, 5)}
{'path': '1676.jpg', 'num': 1676, 'avg': (0.013628188590398686, 0.01748069130861438, 0.00932993238528035), 'mode_bucket': ((0, 0), 712876), 'avg_bucket': (1, 1)}
{'path': '784.jpg', 'num': 784, 'avg': (0.22782601932968072, 0.3257542719658397, 0.1385917447487315), 'mode_bucket': ((0, 0), 297113), 'avg_bucket': (3, 4)}
{'path': '780.jpg', 'num': 780, 'avg': (0.2280630923634196, 0.26901886729512825, 0.11571474162559951), 'mode_bucket': ((0, 0), 364152), 'avg_bucket': (3, 4)}
{'path': '1484.jpg', 'num': 1484, 'avg': (0.5101331388916398, 0.6317386792714305, 0.2694674862124748), 'mode_bucket': ((12, 12), 155784), 'avg_bucket': (7, 8)}
{'path': '1192.jpg', 'num': 1192, 'avg': (0.248575268773969, 0.6115142377743782, 0.11344303704561046), 'mode_bucket': ((0, 0), 217951), 'avg_bucket': (3, 8)}
{'path': '1572.jpg', 'num': 1572, 'avg': (0.6230418742080294, 0.3728556512823079, 0.42988743468337093), 'mode_bucket': ((8, 4), 89057), 'avg_bucket': (8, 5)}
{'path': '1328.jpg', 'num': 1328, 'avg': (0.4451041869547478, 0.7472898762212606, 0.31271493417385055), 'mode_bucket': ((0, 12), 214310), 'avg_bucket': (6, 9)}
{'path': '556.jpg', 'num': 556, 'avg': (0.6045270289741508, 0.6408156310277777, 0.1781703867529923), 'mode_bucket': ((7, 9), 105170), 'avg_bucket': (8, 8)}
{'path': '1388.jpg', 'num': 1388, 'avg': (0.13106668366411667, 0.17569588293465624, 0.02165448623032372), 'mode_bucket': ((0, 0), 582821), 'avg_bucket': (2, 3)}
{'path': '576.jpg', 'num': 576, 'avg': (0.4818615489206015, 0.3089492771488951, 0.07518398309878692), 'mode_bucket': ((5, 3), 148447), 'avg_bucket': (6, 4)}
{'path': '484.jpg', 'num': 484, 'avg': (0.5744886154019264, 0.25039178142795154, 0.4046713888446534), 'mode_bucket': ((8, 5), 79952), 'avg_bucket': (7, 4)}
{'path': '1740.jpg', 'num': 1740, 'avg': (0.0, 0.0, 0.0), 'mode_bucket': ((0, 0), 737280), 'avg_bucket': (0, 0)}
{'path': '1372.jpg', 'num': 1372, 'avg': (0.03384014433153612, 0.03676143124402061, 0.01247463384225479), 'mode_bucket': ((0, 0), 695658), 'avg_bucket': (1, 1)}
{'path': '1324.jpg', 'num': 1324, 'avg': (0.39381428189843926, 0.6231568974163278, 0.22728784764691726), 'mode_bucket': ((12, 12), 78963), 'avg_bucket': (5, 8)}
{'path': '1100.jpg', 'num': 1100, 'avg': (0.45118192104061633, 0.22807003963217581, 0.12191132855024434), 'mode_bucket': ((0, 0), 94523), 'avg_bucket': (6, 3)}
{'path': '920.jpg', 'num': 920, 'avg': (0.5732255648485886, 0.38830133964322117, 0.20256235426062094), 'mode_bucket': ((8, 6), 78944), 'avg_bucket': (7, 5)}
{'path': '1080.jpg', 'num': 1080, 'avg': (0.23921616461701736, 0.391041856411483, 0.025599357256176854), 'mode_bucket': ((2, 4), 138384), 'avg_bucket': (3, 5)}
{'path': '232.jpg', 'num': 232, 'avg': (0.30259261742007443, 0.22741627352244345, 0.10173956312090511), 'mode_bucket': ((0, 0), 119841), 'avg_bucket': (4, 3)}
{'path': '860.jpg', 'num': 860, 'avg': (0.30333433278431143, 0.5603943410065384, 0.08378130212557178), 'mode_bucket': ((2, 12), 241800), 'avg_bucket': (4, 7)}
{'path': '580.jpg', 'num': 580, 'avg': (0.2864331194533594, 0.359988522989283, 0.08430337477897809), 'mode_bucket': ((0, 0), 92174), 'avg_bucket': (4, 5)}
{'path': '1564.jpg', 'num': 1564, 'avg': (0.4750670489916073, 0.20390741420101588, 0.563605159187032), 'mode_bucket': ((6, 2), 233709), 'avg_bucket': (6, 3)}
{'path': '1288.jpg', 'num': 1288, 'avg': (0.14770743724716603, 0.15068839435654477, 0.0752281996783455), 'mode_bucket': ((0, 0), 484987), 'avg_bucket': (2, 2)}
{'path': '1120.jpg', 'num': 1120, 'avg': (0.4702897917818696, 0.46896230009725015, 0.09717400046011312), 'mode_bucket': ((0, 0), 130343), 'avg_bucket': (6, 6)}
{'path': '36.jpg', 'num': 36, 'avg': (0.11658768566649523, 0.7162192943178031, 0.35047344664750235), 'mode_bucket': ((1, 7), 117975), 'avg_bucket': (2, 9)}
{'path': '612.jpg', 'num': 612, 'avg': (0.3080390117932898, 0.391571021061867, 0.17274618842772357), 'mode_bucket': ((1, 5), 35829), 'avg_bucket': (4, 5)}
{'path': '616.jpg', 'num': 616, 'avg': (0.3379008831024145, 0.3109065158179738, 0.16431619349158047), 'mode_bucket': ((2, 3), 58118), 'avg_bucket': (5, 4)}
{'path': '836.jpg', 'num': 836, 'avg': (0.5440168971668086, 0.2879717833723173, 0.3582499265984354), 'mode_bucket': ((7, 3), 101870), 'avg_bucket': (7, 4)}
{'path': '1456.jpg', 'num': 1456, 'avg': (0.2883481176015896, 0.6229690950665895, 0.6065581331270228), 'mode_bucket': ((12, 12), 71377), 'avg_bucket': (4, 8)}
{'path': '1056.jpg', 'num': 1056, 'avg': (0.5935645825465544, 0.4245495626604044, 0.1734572227331696), 'mode_bucket': ((8, 4), 28573), 'avg_bucket': (8, 6)}
{'path': '728.jpg', 'num': 728, 'avg': (0.24474641346647508, 0.5975642646421648, 0.17846790853955088), 'mode_bucket': ((2, 12), 111684), 'avg_bucket': (3, 8)}
{'path': '792.jpg', 'num': 792, 'avg': (0.38245215775686603, 0.3848772651313355, 0.21306937423406005), 'mode_bucket': ((7, 4), 38615), 'avg_bucket': (5, 5)}
{'path': '1708.jpg', 'num': 1708, 'avg': (0.0, 0.0, 0.0), 'mode_bucket': ((0, 0), 737280), 'avg_bucket': (0, 0)}
{'path': '1240.jpg', 'num': 1240, 'avg': (0.35560798669061555, 0.4239155823924957, 0.23852874157471726), 'mode_bucket': ((0, 0), 205671), 'avg_bucket': (5, 6)}
{'path': '1448.jpg', 'num': 1448, 'avg': (0.2448575136325317, 0.5183940134082403, 0.25961590669257884), 'mode_bucket': ((0, 0), 300094), 'avg_bucket': (3, 7)}
{'path': '732.jpg', 'num': 732, 'avg': (0.4626604836438396, 0.31117430919923506, 0.15825278820375555), 'mode_bucket': ((8, 3), 65111), 'avg_bucket': (6, 4)}
{'path': '388.jpg', 'num': 388, 'avg': (0.295078657131557, 0.16421489928220262, 0.4704812814887289), 'mode_bucket': ((2, 1), 136835), 'avg_bucket': (4, 2)}
{'path': '412.jpg', 'num': 412, 'avg': (0.3650288717471407, 0.21792456992113735, 0.259324198536848), 'mode_bucket': ((0, 0), 239512), 'avg_bucket': (5, 3)}
{'path': '968.jpg', 'num': 968, 'avg': (0.4013733083887981, 0.20597721705639604, 0.340775941670138), 'mode_bucket': ((8, 1), 47280), 'avg_bucket': (5, 3)}
{'path': '932.jpg', 'num': 932, 'avg': (0.599238413250218, 0.2267545834142721, 0.30332951431456184), 'mode_bucket': ((8, 2), 138620), 'avg_bucket': (8, 3)}
{'path': '1412.jpg', 'num': 1412, 'avg': (0.14253384057263263, 0.16855717335031156, 0.0437003261591713), 'mode_bucket': ((0, 0), 555422), 'avg_bucket': (2, 3)}
{'path': '808.jpg', 'num': 808, 'avg': (0.386765596934274, 0.42447860510503105, 0.25239709392885445), 'mode_bucket': ((7, 4), 106625), 'avg_bucket': (5, 6)}
{'path': '1308.jpg', 'num': 1308, 'avg': (0.5850874272828236, 0.9650336989370871, 0.2782162149799406), 'mode_bucket': ((12, 12), 402844), 'avg_bucket': (8, 12)}
{'path': '984.jpg', 'num': 984, 'avg': (0.5142404734739356, 0.42639057323559015, 0.17152875646762966), 'mode_bucket': ((0, 0), 96669), 'avg_bucket': (7, 6)}
{'path': '1092.jpg', 'num': 1092, 'avg': (0.36634277286335415, 0.6185724005167061, 0.1314189357386815), 'mode_bucket': ((12, 12), 61824), 'avg_bucket': (5, 8)}
{'path': '180.jpg', 'num': 180, 'avg': (0.1521069660401143, 0.3675179481776309, 0.1828658971187696), 'mode_bucket': ((2, 5), 111350), 'avg_bucket': (2, 5)}
{'path': '1376.jpg', 'num': 1376, 'avg': (0.020364249974140047, 0.016349865334257634, 0.012704333469499876), 'mode_bucket': ((0, 0), 711693), 'avg_bucket': (1, 1)}
{'path': '816.jpg', 'num': 816, 'avg': (0.48950502433092336, 0.34590299078084685, 0.2051024592778427), 'mode_bucket': ((3, 2), 74835), 'avg_bucket': (6, 5)}
{'path': '1276.jpg', 'num': 1276, 'avg': (0.21331968635710316, 0.6720788646716053, 0.13292203350497747), 'mode_bucket': ((0, 12), 129454), 'avg_bucket': (3, 9)}
{'path': '280.jpg', 'num': 280, 'avg': (0.6149388187779845, 0.21658424315442318, 0.6603422117532572), 'mode_bucket': ((8, 3), 222670), 'avg_bucket': (8, 3)}
{'path': '1396.jpg', 'num': 1396, 'avg': (0.015885091927726348, 0.017477491150652075, 0.005990093954247935), 'mode_bucket': ((0, 0), 714597), 'avg_bucket': (1, 1)}
{'path': '164.jpg', 'num': 164, 'avg': (0.15331773574046834, 0.21407612145849012, 0.49925523280030454), 'mode_bucket': ((2, 1), 127893), 'avg_bucket': (2, 3)}
{'path': '1024.jpg', 'num': 1024, 'avg': (0.0, 0.0, 0.0), 'mode_bucket': ((0, 0), 737280), 'avg_bucket': (0, 0)}
{'path': '1028.jpg', 'num': 1028, 'avg': (0.0, 0.0, 0.0), 'mode_bucket': ((0, 0), 737280), 'avg_bucket': (0, 0)}
{'path': '416.jpg', 'num': 416, 'avg': (0.2899897050203404, 0.4637535383847718, 0.11935225077504508), 'mode_bucket': ((2, 4), 44209), 'avg_bucket': (4, 6)}
{'path': '152.jpg', 'num': 152, 'avg': (0.2177159016363134, 0.284082358145262, 0.5337568880633474), 'mode_bucket': ((6, 2), 88320), 'avg_bucket': (3, 4)}
{'path': '1580.jpg', 'num': 1580, 'avg': (0.5989360273939397, 0.4317298663251023, 0.5189230473006141), 'mode_bucket': ((8, 5), 273094), 'avg_bucket': (8, 6)}
{'path': '284.jpg', 'num': 284, 'avg': (0.49675274808537295, 0.13619354127505734, 0.44731131493377924), 'mode_bucket': ((6, 1), 105493), 'avg_bucket': (6, 2)}
{'path': '408.jpg', 'num': 408, 'avg': (0.19358981051548846, 0.2962331269330388, 0.09697516148419122), 'mode_bucket': ((2, 4), 159657), 'avg_bucket': (3, 4)}
{'path': '1156.jpg', 'num': 1156, 'avg': (0.583601833712574, 0.34448904765354693, 0.41060531982007836), 'mode_bucket': ((8, 4), 311398), 'avg_bucket': (8, 5)}
{'path': '608.jpg', 'num': 608, 'avg': (0.3423690580367329, 0.3861081491282748, 0.21837450214478143), 'mode_bucket': ((1, 5), 65625), 'avg_bucket': (5, 5)}
{'path': '828.jpg', 'num': 828, 'avg': (0.590151776577675, 0.26408551970509014, 0.4948874506393795), 'mode_bucket': ((8, 4), 292275), 'avg_bucket': (8, 4)}
{'path': '348.jpg', 'num': 348, 'avg': (0.5675536580830318, 0.3467178844592809, 0.47634986361999937), 'mode_bucket': ((12, 12), 119048), 'avg_bucket': (7, 5)}
{'path': '184.jpg', 'num': 184, 'avg': (0.462542565149227, 0.2808335946989452, 0.09226306125771384), 'mode_bucket': ((0, 0), 72227), 'avg_bucket': (6, 4)}
{'path': '524.jpg', 'num': 524, 'avg': (0.42733341021842236, 0.3732653795880301, 0.08135953882457102), 'mode_bucket': ((5, 4), 258856), 'avg_bucket': (6, 5)}
{'path': '1644.jpg', 'num': 1644, 'avg': (0.40638988810129834, 0.27048575971810085, 0.4008739170571367), 'mode_bucket': ((0, 0), 228777), 'avg_bucket': (5, 4)}
{'path': '1032.jpg', 'num': 1032, 'avg': (0.0, 0.0, 0.0), 'mode_bucket': ((0, 0), 737280), 'avg_bucket': (0, 0)}
{'path': '372.jpg', 'num': 372, 'avg': (0.0, 0.0, 8.510348583877995e-08), 'mode_bucket': ((0, 0), 737280), 'avg_bucket': (0, 0)}
{'path': '272.jpg', 'num': 272, 'avg': (0.27549357991092555, 0.35685937633783943, 0.059793235762631576), 'mode_bucket': ((2, 4), 187221), 'avg_bucket': (4, 5)}
{'path': '448.jpg', 'num': 448, 'avg': (0.5825418236447583, 0.2760467842174785, 0.2397164032715531), 'mode_bucket': ((8, 3), 101490), 'avg_bucket': (7, 4)}
{'path': '1496.jpg', 'num': 1496, 'avg': (0.7809538331248193, 0.9568411829926196, 0.19061602690119497), 'mode_bucket': ((9, 12), 270413), 'avg_bucket': (10, 12)}
{'path': '1464.jpg', 'num': 1464, 'avg': (0.5284724513745396, 0.6598649378572824, 0.12941227000774178), 'mode_bucket': ((8, 12), 225277), 'avg_bucket': (7, 8)}
{'path': '848.jpg', 'num': 848, 'avg': (0.2279265353657241, 0.3157707070280378, 0.02356464992701707), 'mode_bucket': ((0, 0), 185194), 'avg_bucket': (3, 4)}
{'path': '224.jpg', 'num': 224, 'avg': (0.5974729115372523, 0.3537029269231458, 0.30767487702574137), 'mode_bucket': ((8, 3), 227825), 'avg_bucket': (8, 5)}
{'path': '1672.jpg', 'num': 1672, 'avg': (0.012084026152256065, 0.014538218513572135, 0.00944038075299548), 'mode_bucket': ((0, 0), 715710), 'avg_bucket': (1, 1)}
{'path': '1136.jpg', 'num': 1136, 'avg': (0.5292619522946346, 0.5294832444571151, 0.051237899348592464), 'mode_bucket': ((8, 6), 74162), 'avg_bucket': (7, 7)}
{'path': '1408.jpg', 'num': 1408, 'avg': (0.3474231848024381, 0.38678414466746525, 0.0861025369350701), 'mode_bucket': ((0, 0), 352189), 'avg_bucket': (5, 5)}
{'path': '84.jpg', 'num': 84, 'avg': (0.14894870902401613, 0.40297979762533526, 0.40680714592671213), 'mode_bucket': ((1, 5), 107085), 'avg_bucket': (2, 5)}
{'path': '636.jpg', 'num': 636, 'avg': (0.3647293697418855, 0.47741125418244934, 0.11991673155723155), 'mode_bucket': ((5, 4), 79254), 'avg_bucket': (5, 6)}
{'path': '852.jpg', 'num': 852, 'avg': (0.7455989664249231, 0.20493821224109046, 0.4017936144711641), 'mode_bucket': ((11, 2), 108725), 'avg_bucket': (9, 3)}
{'path': '700.jpg', 'num': 700, 'avg': (0.4875392985477662, 0.47238204748731955, 0.17637190010594195), 'mode_bucket': ((7, 8), 56341), 'avg_bucket': (6, 6)}
{'path': '596.jpg', 'num': 596, 'avg': (0.4003343106112689, 0.28349420608202364, 0.13027155458595113), 'mode_bucket': ((1, 4), 37355), 'avg_bucket': (5, 4)}
{'path': '1012.jpg', 'num': 1012, 'avg': (0.42736487533865747, 0.4369671436417046, 0.09158421202676349), 'mode_bucket': ((0, 0), 196414), 'avg_bucket': (6, 6)}
{'path': '640.jpg', 'num': 640, 'avg': (0.24396146529197024, 0.18750849868512887, 0.0307975685935686), 'mode_bucket': ((0, 0), 355967), 'avg_bucket': (3, 3)}
{'path': '676.jpg', 'num': 676, 'avg': (0.45968132259923106, 0.11795714567965723, 0.4200366902403521), 'mode_bucket': ((8, 1), 109608), 'avg_bucket': (6, 2)}
{'path': '356.jpg', 'num': 356, 'avg': (0.5853974167109666, 0.26844515863146706, 0.4854209165221975), 'mode_bucket': ((6, 2), 69710), 'avg_bucket': (8, 4)}
{'path': '1536.jpg', 'num': 1536, 'avg': (0.17255381752330592, 0.9733224906856763, 0.7546811012868228), 'mode_bucket': ((2, 12), 557129), 'avg_bucket': (3, 12)}
{'path': '212.jpg', 'num': 212, 'avg': (0.6351238835093703, 0.3420669143421244, 0.10748300057871965), 'mode_bucket': ((0, 0), 115214), 'avg_bucket': (8, 5)}
{'path': '1168.jpg', 'num': 1168, 'avg': (0.617947513859842, 0.7405566850633882, 0.16292110268551246), 'mode_bucket': ((12, 12), 139346), 'avg_bucket': (8, 9)}
{'path': '1332.jpg', 'num': 1332, 'avg': (0.3336826249621335, 0.758567590852311, 0.17972789224178226), 'mode_bucket': ((0, 12), 193430), 'avg_bucket': (5, 10)}
{'path': '196.jpg', 'num': 196, 'avg': (0.13776760511272795, 0.3344964294998458, 0.29984212771482993), 'mode_bucket': ((1, 4), 136788), 'avg_bucket': (2, 5)}
{'path': '544.jpg', 'num': 544, 'avg': (0.5841922147088396, 0.6969656075562998, 0.17339161858351188), 'mode_bucket': ((7, 10), 115882), 'avg_bucket': (8, 9)}
{'path': '1524.jpg', 'num': 1524, 'avg': (0.5414250125989488, 0.8832531138048667, 0.587800633375884), 'mode_bucket': ((7, 11), 542856), 'avg_bucket': (7, 11)}
{'path': '668.jpg', 'num': 668, 'avg': (0.39712891078634177, 0.21495971243883727, 0.3477433906496624), 'mode_bucket': ((6, 1), 60641), 'avg_bucket': (5, 3)}
{'path': '60.jpg', 'num': 60, 'avg': (0.1655680996191122, 0.3594717948108378, 0.41517609506892433), 'mode_bucket': ((2, 4), 79693), 'avg_bucket': (2, 5)}
{'path': '320.jpg', 'num': 320, 'avg': (0.5508316124383328, 0.41117391537736186, 0.17808051747211853), 'mode_bucket': ((8, 5), 79578), 'avg_bucket': (7, 5)}
{'path': '1152.jpg', 'num': 1152, 'avg': (0.26913192821459797, 0.47663668086639815, 0.11260248587335839), 'mode_bucket': ((3, 9), 85221), 'avg_bucket': (4, 6)}
{'path': '28.jpg', 'num': 28, 'avg': (0.15228676649035178, 0.9075196763064238, 0.4675338392710167), 'mode_bucket': ((1, 11), 190189), 'avg_bucket': (2, 11)}
{'path': '1444.jpg', 'num': 1444, 'avg': (0.32742095820825456, 0.8442516897772361, 0.3148943227463075), 'mode_bucket': ((5, 12), 301478), 'avg_bucket': (4, 11)}
{'path': '1728.jpg', 'num': 1728, 'avg': (0.0, 0.0, 0.0), 'mode_bucket': ((0, 0), 737280), 'avg_bucket': (0, 0)}
{'path': '108.jpg', 'num': 108, 'avg': (8.680555555555579e-05, 0.0005208333333333333, 2.0424836601307124e-06), 'mode_bucket': ((0, 0), 736896), 'avg_bucket': (1, 1)}
{'path': '1044.jpg', 'num': 1044, 'avg': (0.0, 0.0, 0.0), 'mode_bucket': ((0, 0), 737280), 'avg_bucket': (0, 0)}
{'path': '876.jpg', 'num': 876, 'avg': (0.7049164474112654, 0.34613392542607274, 0.1319135465596099), 'mode_bucket': ((8, 4), 95086), 'avg_bucket': (9, 5)}
{'path': '980.jpg', 'num': 980, 'avg': (0.394339838825406, 0.5680648132207977, 0.12112588188565176), 'mode_bucket': ((2, 4), 60655), 'avg_bucket': (5, 7)}
{'path': '1048.jpg', 'num': 1048, 'avg': (0.0, 0.0, 0.0), 'mode_bucket': ((0, 0), 737280), 'avg_bucket': (0, 0)}
{'path': '456.jpg', 'num': 456, 'avg': (0.8840088520698932, 0.8224203994667225, 0.246243064066271), 'mode_bucket': ((12, 12), 325149), 'avg_bucket': (11, 10)}
{'path': '772.jpg', 'num': 772, 'avg': (0.4398094535014295, 0.2419332127189251, 0.43528689980727553), 'mode_bucket': ((7, 5), 97383), 'avg_bucket': (6, 3)}
{'path': '992.jpg', 'num': 992, 'avg': (0.5022331797692688, 0.43809476312153806, 0.16920764931382), 'mode_bucket': ((0, 0), 73864), 'avg_bucket': (7, 6)}
{'path': '604.jpg', 'num': 604, 'avg': (0.21669035506143405, 0.38229953579468, 0.0689170315479474), 'mode_bucket': ((0, 0), 243383), 'avg_bucket': (3, 5)}
{'path': '1424.jpg', 'num': 1424, 'avg': (0.2416500598732717, 0.2888553776299861, 0.03538479541127884), 'mode_bucket': ((0, 0), 440864), 'avg_bucket': (3, 4)}
{'path': '652.jpg', 'num': 652, 'avg': (0.3926893321939638, 0.2516876923809714, 0.4598360481349251), 'mode_bucket': ((3, 2), 150099), 'avg_bucket': (5, 4)}
{'path': '68.jpg', 'num': 68, 'avg': (0.19693476664661563, 0.3169393023537915, 0.37477041207068257), 'mode_bucket': ((2, 3), 75847), 'avg_bucket': (3, 4)}
{'path': '256.jpg', 'num': 256, 'avg': (0.4633532807929482, 0.1850773548694478, 0.14170876629734683), 'mode_bucket': ((0, 0), 145832), 'avg_bucket': (6, 3)}
{'path': '592.jpg', 'num': 592, 'avg': (0.361908581934556, 0.3502761942382192, 0.11817082822802549), 'mode_bucket': ((5, 3), 66637), 'avg_bucket': (5, 5)}
{'path': '1480.jpg', 'num': 1480, 'avg': (0.18406608867457147, 0.47946907253454224, 0.03314157922313352), 'mode_bucket': ((0, 0), 232459), 'avg_bucket': (3, 6)}
{'path': '188.jpg', 'num': 188, 'avg': (0.21387740886403062, 0.22274997077661973, 0.4012709141817904), 'mode_bucket': ((6, 3), 93643), 'avg_bucket': (3, 3)}
{'path': '884.jpg', 'num': 884, 'avg': (0.3306664172023317, 0.4936672605159587, 0.05956216384190781), 'mode_bucket': ((4, 9), 164270), 'avg_bucket': (4, 6)}
{'path': '1068.jpg', 'num': 1068, 'avg': (0.3400907162486173, 0.23644916768316548, 0.1300215311829057), 'mode_bucket': ((0, 0), 141549), 'avg_bucket': (5, 3)}
{'path': '328.jpg', 'num': 328, 'avg': (0.5881317124714838, 0.3032594916058493, 0.5150333392899666), 'mode_bucket': ((12, 12), 86953), 'avg_bucket': (8, 4)}
{'path': '452.jpg', 'num': 452, 'avg': (0.8982807240102758, 0.8389653413339855, 0.26729117732184626), 'mode_bucket': ((12, 12), 352586), 'avg_bucket': (11, 11)}
{'path': '1076.jpg', 'num': 1076, 'avg': (0.26640881216188167, 0.5680918708089725, 0.07058360779230556), 'mode_bucket': ((4, 6), 49735), 'avg_bucket': (4, 7)}
{'path': '1752.jpg', 'num': 1752, 'avg': (0.0, 0.0, 0.0), 'mode_bucket': ((0, 0), 737280), 'avg_bucket': (0, 0)}
{'path': '364.jpg', 'num': 364, 'avg': (0.6078662623415945, 0.26417509033197667, 0.4679672394130275), 'mode_bucket': ((8, 1), 67529), 'avg_bucket': (8, 4)}
{'path': '508.jpg', 'num': 508, 'avg': (0.5785348441234547, 0.2519516183155362, 0.44865515748265133), 'mode_bucket': ((8, 1), 71214), 'avg_bucket': (7, 4)}
{'path': '176.jpg', 'num': 176, 'avg': (0.2642460799699761, 0.3312752903810357, 0.45052822669816445), 'mode_bucket': ((1, 4), 85173), 'avg_bucket': (4, 4)}
{'path': '144.jpg', 'num': 144, 'avg': (0.3973932030138255, 0.44649411307930004, 0.3164797740922243), 'mode_bucket': ((2, 6), 66500), 'avg_bucket': (5, 6)}
{'path': '1060.jpg', 'num': 1060, 'avg': (0.43484945957911364, 0.6858621630433709, 0.2012601539103292), 'mode_bucket': ((12, 12), 95296), 'avg_bucket': (6, 9)}
{'path': '948.jpg', 'num': 948, 'avg': (0.48516963056629187, 0.2951836831384336, 0.2380232481448168), 'mode_bucket': ((7, 2), 33942), 'avg_bucket': (6, 4)}
!1208.jpg
{'path': '1204.jpg', 'num': 1204, 'avg': (0.28608036106725954, 0.7060124681833713, 0.10089762369796788), 'mode_bucket': ((0, 0), 139935), 'avg_bucket': (4, 9)}
{'path': '1036.jpg', 'num': 1036, 'avg': (0.0, 0.0, 0.0), 'mode_bucket': ((0, 0), 737280), 'avg_bucket': (0, 0)}
{'path': '1468.jpg', 'num': 1468, 'avg': (0.3557859404723912, 0.44249408090524, 0.02037564678659126), 'mode_bucket': ((0, 0), 363403), 'avg_bucket': (5, 6)}
!1220.jpg
{'path': '1584.jpg', 'num': 1584, 'avg': (0.5690782493417569, 0.39508500873510793, 0.5853454084537996), 'mode_bucket': ((8, 6), 293305), 'avg_bucket': (7, 5)}
{'path': '540.jpg', 'num': 540, 'avg': (0.39024791839535256, 0.44758246122980205, 0.10162540743312472), 'mode_bucket': ((0, 0), 109168), 'avg_bucket': (5, 6)}
{'path': '900.jpg', 'num': 900, 'avg': (0.5777988094573406, 0.2950804439208063, 0.19124321299673983), 'mode_bucket': ((8, 6), 91936), 'avg_bucket': (7, 4)}
{'path': '872.jpg', 'num': 872, 'avg': (0.24412795269650692, 0.23427896741738266, 0.13122510722991254), 'mode_bucket': ((0, 0), 282936), 'avg_bucket': (3, 3)}
{'path': '228.jpg', 'num': 228, 'avg': (0.2520113355613281, 0.4321783175042375, 0.10814211643899484), 'mode_bucket': ((2, 12), 104028), 'avg_bucket': (4, 6)}
{'path': '532.jpg', 'num': 532, 'avg': (0.53636686231261, 0.6354744012956405, 0.1655286522163879), 'mode_bucket': ((7, 10), 147109), 'avg_bucket': (7, 8)}
{'path': '1636.jpg', 'num': 1636, 'avg': (0.4514696796693925, 0.22287163864533843, 0.45329780794759506), 'mode_bucket': ((7, 4), 86623), 'avg_bucket': (6, 3)}

{4: (((8, 12), 564617), (8, 12)), 8: (((2, 12), 221774), (4, 8)), 12: (((2, 5), 174638), (3, 5)), 16: (((0, 0), 186694), (3, 3)), 20: (((2, 4), 143955), (3, 4)), 24: (((1, 9), 120517), (3, 9)), 28: (((1, 11), 190189), (2, 11)), 32: (((2, 6), 182896), (2, 8)), 36: (((1, 7), 117975), (2, 9)), 40: (((1, 2), 95981), (3, 5)), 44: (((2, 5), 129275), (2, 5)), 48: (((2, 4), 89899), (4, 5)), 52: (((2, 4), 76695), (3, 4)), 56: (((2, 5), 121961), (2, 5)), 60: (((2, 4), 79693), (2, 5)), 64: (((1, 5), 88481), (2, 6)), 68: (((2, 3), 75847), (3, 4)), 72: (((7, 4), 67447), (3, 5)), 76: (((0, 0), 94704), (3, 4)), 80: (((1, 6), 193850), (2, 5)), 84: (((1, 5), 107085), (2, 5)), 88: (((1, 2), 126717), (1, 6)), 92: (((7, 9), 133770), (7, 9)), 96: (((0, 0), 78865), (6, 5)), 100: (((0, 0), 161312), (4, 4)), 104: (((0, 0), 141665), (4, 4)), 108: (((0, 0), 736896), (1, 1)), 112: (((2, 6), 86697), (2, 6)), 116: (((2, 4), 71447), (3, 4)), 120: (((2, 6), 106778), (5, 4)), 124: (((2, 6), 100659), (5, 4)), 128: (((2, 4), 78184), (2, 4)), 132: (((2, 5), 73852), (2, 4)), 136: (((2, 2), 76727), (2, 4)), 140: (((2, 2), 81118), (2, 4)), 144: (((2, 6), 66500), (5, 6)), 148: (((1, 6), 97784), (3, 4)), 152: (((6, 2), 88320), (3, 4)), 156: (((6, 2), 91897), (3, 4)), 160: (((6, 2), 97833), (3, 4)), 164: (((2, 1), 127893), (2, 3)), 168: (((7, 2), 156684), (4, 3)), 172: (((1, 4), 86977), (4, 4)), 176: (((1, 4), 85173), (4, 4)), 180: (((2, 5), 111350), (2, 5)), 184: (((0, 0), 72227), (6, 4)), 188: (((6, 3), 93643), (3, 3)), 192: (((1, 4), 46861), (3, 4)), 196: (((1, 4), 136788), (2, 5)), 200: (((1, 5), 115632), (2, 4)), 204: (((7, 3), 442986), (7, 3)), 208: (((8, 4), 111962), (7, 4)), 212: (((0, 0), 115214), (8, 5)), 216: (((8, 4), 235596), (4, 3)), 220: (((0, 0), 245413), (5, 3)), 224: (((8, 3), 227825), (8, 5)), 228: (((2, 12), 104028), (4, 6)), 232: (((0, 0), 119841), (4, 3)), 236: (((8, 2), 75171), (7, 3)), 240: (((0, 0), 159094), (4, 3)), 244: (((2, 6), 168812), (4, 5)), 248: (((2, 6), 171773), (5, 5)), 252: (((5, 3), 79025), (6, 5)), 256: (((0, 0), 145832), (6, 3)), 260: (((0, 0), 140009), (6, 2)), 264: (((5, 4), 143322), (6, 4)), 268: (((0, 0), 123305), (6, 3)), 272: (((2, 4), 187221), (4, 5)), 276: (((8, 3), 156819), (8, 5)), 280: (((8, 3), 222670), (8, 3)), 284: (((6, 1), 105493), (6, 2)), 288: (((6, 1), 112654), (7, 2)), 292: (((12, 12), 135350), (7, 4)), 296: (((6, 2), 137939), (7, 3)), 300: (((8, 10), 56669), (7, 6)), 304: (((8, 4), 79658), (7, 4)), 308: (((8, 4), 100956), (7, 4)), 312: (((7, 4), 76053), (7, 5)), 316: (((8, 10), 80005), (7, 5)), 320: (((8, 5), 79578), (7, 5)), 324: (((6, 1), 103192), (7, 3)), 328: (((12, 12), 86953), (8, 4)), 332: (((6, 2), 53336), (8, 4)), 336: (((6, 1), 58746), (8, 4)), 340: (((12, 12), 118865), (8, 5)), 344: (((12, 12), 117820), (7, 5)), 348: (((12, 12), 119048), (7, 5)), 352: (((12, 12), 117611), (7, 5)), 356: (((6, 2), 69710), (8, 4)), 360: (((6, 2), 65187), (8, 4)), 364: (((8, 1), 67529), (8, 4)), 368: (((12, 12), 78139), (7, 4)), 372: (((0, 0), 737280), (0, 0)), 376: (((2, 3), 61944), (4, 5)), 380: (((2, 9), 66142), (3, 6)), 384: (((8, 5), 122454), (6, 6)), 388: (((2, 1), 136835), (4, 2)), 392: (((2, 6), 80290), (4, 4)), 396: (((2, 6), 82772), (4, 4)), 400: (((12, 11), 204542), (9, 9)), 404: (((2, 8), 72670), (4, 5)), 408: (((2, 4), 159657), (3, 4)), 412: (((0, 0), 239512), (5, 3)), 416: (((2, 4), 44209), (4, 6)), 420: (((5, 4), 188332), (6, 4)), 424: (((5, 3), 143441), (5, 4)), 428: (((12, 12), 430975), (10, 10)), 432: (((11, 3), 80135), (10, 7)), 436: (((8, 6), 108037), (8, 7)), 440: (((7, 4), 91027), (6, 4)), 444: (((2, 6), 149561), (8, 8)), 448: (((8, 3), 101490), (7, 4)), 452: (((12, 12), 352586), (11, 11)), 456: (((12, 12), 325149), (11, 10)), 460: (((12, 12), 313133), (11, 10)), 464: (((11, 2), 40175), (8, 4)), 468: (((11, 3), 36975), (8, 4)), 472: (((11, 3), 39901), (8, 4)), 476: (((6, 1), 34807), (8, 4)), 480: (((11, 2), 34974), (8, 4)), 484: (((8, 5), 79952), (7, 4)), 488: (((7, 5), 172774), (7, 4)), 492: (((2, 1), 83729), (5, 3)), 496: (((11, 2), 60712), (8, 3)), 500: (((5, 1), 61253), (6, 4)), 504: (((2, 1), 65710), (7, 3)), 508: (((8, 1), 71214), (7, 4)), 512: (((12, 3), 58571), (7, 3)), 516: (((5, 4), 307577), (5, 4)), 520: (((12, 12), 195727), (7, 9)), 524: (((5, 4), 258856), (6, 5)), 528: (((0, 0), 254005), (3, 3)), 532: (((7, 10), 147109), (7, 8)), 536: (((7, 9), 105030), (8, 8)), 540: (((0, 0), 109168), (5, 6)), 544: (((7, 10), 115882), (8, 9)), 548: (((7, 10), 134083), (7, 8)), 552: (((7, 10), 100797), (8, 8)), 556: (((7, 9), 105170), (8, 8)), 560: (((2, 4), 308516), (3, 4)), 564: (((5, 4), 174394), (6, 4)), 568: (((7, 10), 150028), (7, 8)), 572: (((12, 12), 221588), (7, 11)), 576: (((5, 3), 148447), (6, 4)), 580: (((0, 0), 92174), (4, 5)), 584: (((0, 0), 106034), (4, 5)), 588: (((0, 0), 64028), (5, 4)), 592: (((5, 3), 66637), (5, 5)), 596: (((1, 4), 37355), (5, 4)), 600: (((1, 6), 71076), (3, 6)), 604: (((0, 0), 243383), (3, 5)), 608: (((1, 5), 65625), (5, 5)), 612: (((1, 5), 35829), (4, 5)), 616: (((2, 3), 58118), (5, 4)), 620: (((12, 5), 55355), (6, 4)), 624: (((0, 0), 246136), (4, 3)), 628: (((4, 6), 119344), (5, 6)), 632: (((4, 6), 107757), (5, 6)), 636: (((5, 4), 79254), (5, 6)), 640: (((0, 0), 355967), (3, 3)), 644: (((2, 2), 102126), (5, 3)), 648: (((2, 2), 144433), (4, 3)), 652: (((3, 2), 150099), (5, 4)), 656: (((12, 6), 28915), (8, 6)), 660: (((3, 2), 62937), (6, 3)), 664: (((8, 3), 60887), (7, 4)), 668: (((6, 1), 60641), (5, 3)), 672: (((5, 3), 100775), (6, 3)), 676: (((8, 1), 109608), (6, 2)), 680: (((8, 4), 74622), (7, 5)), 684: (((5, 3), 73338), (6, 4)), 688: (((5, 3), 76889), (6, 3)), 692: (((8, 4), 111937), (7, 6)), 696: (((7, 6), 165819), (7, 6)), 700: (((7, 8), 56341), (6, 6)), 704: (((7, 8), 50668), (6, 6)), 708: (((8, 4), 159859), (7, 5)), 712: (((0, 0), 241134), (4, 5)), 716: (((6, 2), 119839), (6, 3)), 720: (((6, 2), 75297), (5, 3)), 724: (((6, 2), 77415), (5, 3)), 728: (((2, 12), 111684), (3, 8)), 732: (((8, 3), 65111), (6, 4)), 736: (((1, 2), 93103), (5, 3)), 740: (((1, 2), 83143), (5, 2)), 744: (((10, 1), 102774), (8, 4)), 748: (((1, 2), 75695), (5, 2)), 752: (((1, 2), 75918), (5, 2)), 756: (((1, 2), 78297), (5, 2)), 760: (((5, 3), 45100), (5, 5)), 764: (((5, 3), 37610), (5, 5)), 768: (((0, 0), 93939), (5, 4)), 772: (((7, 5), 97383), (6, 3)), 776: (((2, 2), 91071), (4, 4)), 780: (((0, 0), 364152), (3, 4)), 784: (((0, 0), 297113), (3, 4)), 788: (((1, 12), 112104), (6, 9)), 792: (((7, 4), 38615), (5, 5)), 796: (((5, 4), 67486), (6, 5)), 800: (((3, 8), 58482), (5, 5)), 804: (((12, 12), 180434), (7, 10)), 808: (((7, 4), 106625), (5, 6)), 812: (((2, 4), 120443), (5, 5)), 816: (((3, 2), 74835), (6, 5)), 820: (((8, 4), 161647), (6, 6)), 824: (((8, 4), 385100), (8, 4)), 828: (((8, 4), 292275), (8, 4)), 832: (((2, 3), 81444), (4, 5)), 836: (((7, 3), 101870), (7, 4)), 840: (((2, 1), 141762), (5, 2)), 844: (((8, 2), 161106), (8, 4)), 848: (((0, 0), 185194), (3, 4)), 852: (((11, 2), 108725), (9, 3)), 856: (((8, 2), 155679), (8, 3)), 860: (((2, 12), 241800), (4, 7)), 864: (((8, 6), 131314), (6, 5)), 868: (((5, 4), 166755), (5, 6)), 872: (((0, 0), 282936), (3, 3)), 876: (((8, 4), 95086), (9, 5)), 880: (((2, 4), 120251), (4, 5)), 884: (((4, 9), 164270), (4, 6)), 888: (((0, 0), 155995), (5, 4)), 892: (((0, 0), 340423), (5, 4)), 896: (((11, 3), 107967), (7, 4)), 900: (((8, 6), 91936), (7, 4)), 904: (((8, 2), 96856), (7, 2)), 908: (((10, 1), 115127), (8, 3)), 912: (((11, 1), 113213), (8, 3)), 916: (((3, 12), 101813), (5, 8)), 920: (((8, 6), 78944), (7, 5)), 924: (((8, 5), 70757), (7, 4)), 928: (((1, 12), 121107), (7, 9)), 932: (((8, 2), 138620), (8, 3)), 936: (((2, 6), 84018), (4, 6)), 940: (((7, 3), 42591), (6, 4)), 944: (((2, 4), 93828), (4, 5)), 948: (((7, 2), 33942), (6, 4)), 952: (((8, 5), 104303), (6, 5)), 956: (((2, 3), 42852), (6, 5)), 960: (((7, 3), 100180), (5, 5)), 964: (((0, 0), 58004), (5, 4)), 968: (((8, 1), 47280), (5, 3)), 972: (((8, 2), 49134), (6, 5)), 976: (((8, 2), 70639), (6, 3)), 980: (((2, 4), 60655), (5, 7)), 984: (((0, 0), 96669), (7, 6)), 988: (((0, 0), 77954), (7, 6)), 992: (((0, 0), 73864), (7, 6)), 996: (((12, 12), 59441), (7, 6)), 1000: (((5, 4), 66684), (7, 6)), 1004: (((12, 12), 258189), (10, 9)), 1008: (((0, 0), 112094), (7, 6)), 1012: (((0, 0), 196414), (6, 6)), 1016: (((0, 0), 737012), (1, 1)), 1020: (((0, 0), 737280), (0, 0)), 1024: (((0, 0), 737280), (0, 0)), 1028: (((0, 0), 737280), (0, 0)), 1032: (((0, 0), 737280), (0, 0)), 1036: (((0, 0), 737280), (0, 0)), 1040: (((0, 0), 737280), (0, 0)), 1044: (((0, 0), 737280), (0, 0)), 1048: (((0, 0), 737280), (0, 0)), 1052: (((2, 3), 115695), (3, 5)), 1056: (((8, 4), 28573), (8, 6)), 1060: (((12, 12), 95296), (6, 9)), 1064: (((0, 0), 84494), (6, 5)), 1068: (((0, 0), 141549), (5, 3)), 1072: (((0, 0), 161453), (5, 4)), 1076: (((4, 6), 49735), (4, 7)), 1080: (((2, 4), 138384), (3, 5)), 1084: (((1, 4), 99644), (4, 3)), 1088: (((5, 4), 268528), (5, 6)), 1092: (((12, 12), 61824), (5, 8)), 1096: (((0, 0), 410765), (2, 3)), 1100: (((0, 0), 94523), (6, 3)), 1104: (((2, 4), 77511), (4, 8)), 1108: (((12, 12), 121699), (7, 8)), 1112: (((0, 0), 189714), (5, 6)), 1116: (((0, 0), 142082), (4, 5)), 1120: (((0, 0), 130343), (6, 6)), 1124: (((8, 4), 166103), (8, 7)), 1128: (((8, 4), 117594), (7, 6)), 1132: (((0, 0), 113516), (4, 7)), 1136: (((8, 6), 74162), (7, 7)), 1140: (((0, 0), 133794), (4, 4)), 1144: (((0, 0), 72655), (5, 4)), 1148: (((12, 12), 89718), (8, 7)), 1152: (((3, 9), 85221), (4, 6)), 1156: (((8, 4), 311398), (8, 5)), 1160: (((5, 8), 90440), (6, 9)), 1164: (((12, 12), 170672), (10, 8)), 1168: (((12, 12), 139346), (8, 9)), 1172: (((1, 5), 122905), (5, 4)), 1176: (((7, 3), 80538), (7, 4)), 1180: (((4, 12), 184634), (5, 11)), 1184: (((0, 0), 508317), (2, 2)), 1188: (((0, 0), 166387), (4, 9)), 1192: (((0, 0), 217951), (3, 8)), 1196: (((0, 12), 164837), (4, 9)), 1200: (((8, 2), 54972), (6, 4)), 1204: (((0, 0), 139935), (4, 9)), 1232: (((0, 0), 227416), (4, 8)), 1236: (((0, 0), 199164), (6, 7)), 1240: (((0, 0), 205671), (5, 6)), 1244: (((12, 2), 123793), (7, 4)), 1248: (((0, 0), 211673), (4, 4)), 1252: (((0, 12), 148921), (6, 8)), 1256: (((12, 3), 95525), (10, 7)), 1260: (((0, 0), 140516), (8, 6)), 1264: (((12, 12), 97364), (5, 10)), 1268: (((0, 0), 338657), (3, 5)), 1272: (((4, 12), 216831), (5, 12)), 1276: (((0, 12), 129454), (3, 9)), 1280: (((12, 12), 353510), (7, 12)), 1284: (((12, 12), 135563), (6, 9)), 1288: (((0, 0), 484987), (2, 2)), 1292: (((6, 2), 136574), (5, 3)), 1296: (((8, 2), 56372), (8, 4)), 1300: (((0, 0), 64035), (7, 5)), 1304: (((7, 2), 105973), (7, 4)), 1308: (((12, 12), 402844), (8, 12)), 1312: (((0, 12), 211716), (5, 10)), 1316: (((0, 12), 203113), (5, 10)), 1320: (((0, 12), 102330), (5, 8)), 1324: (((12, 12), 78963), (5, 8)), 1328: (((0, 12), 214310), (6, 9)), 1332: (((0, 12), 193430), (5, 10)), 1336: (((0, 12), 227731), (5, 9)), 1340: (((12, 12), 63413), (6, 6)), 1344: (((0, 12), 249326), (5, 9)), 1348: (((12, 12), 323057), (6, 12)), 1352: (((12, 12), 470434), (9, 12)), 1356: (((12, 12), 447922), (9, 12)), 1360: (((1, 12), 223635), (4, 11)), 1364: (((0, 12), 184918), (4, 10)), 1368: (((12, 12), 199366), (5, 10)), 1372: (((0, 0), 695658), (1, 1)), 1376: (((0, 0), 711693), (1, 1)), 1380: (((0, 0), 656034), (1, 1)), 1384: (((0, 0), 673391), (1, 1)), 1388: (((0, 0), 582821), (2, 3)), 1392: (((0, 0), 471209), (3, 3)), 1396: (((0, 0), 714597), (1, 1)), 1400: (((0, 0), 626260), (2, 2)), 1404: (((0, 0), 615151), (2, 2)), 1408: (((0, 0), 352189), (5, 5)), 1412: (((0, 0), 555422), (2, 3)), 1416: (((0, 0), 658083), (1, 1)), 1420: (((0, 0), 584918), (2, 3)), 1424: (((0, 0), 440864), (3, 4)), 1428: (((0, 0), 359404), (4, 4)), 1432: (((0, 0), 714413), (1, 1)), 1436: (((0, 12), 232227), (6, 9)), 1440: (((0, 0), 284318), (4, 5)), 1444: (((5, 12), 301478), (4, 11)), 1448: (((0, 0), 300094), (3, 7)), 1452: (((12, 12), 238191), (7, 10)), 1456: (((12, 12), 71377), (4, 8)), 1460: (((8, 12), 284716), (8, 11)), 1464: (((8, 12), 225277), (7, 8)), 1468: (((0, 0), 363403), (5, 6)), 1472: (((9, 12), 115055), (7, 7)), 1476: (((0, 12), 302687), (3, 10)), 1480: (((0, 0), 232459), (3, 6)), 1484: (((12, 12), 155784), (7, 8)), 1488: (((12, 12), 320178), (9, 12)), 1492: (((0, 0), 320781), (6, 6)), 1496: (((9, 12), 270413), (10, 12)), 1500: (((7, 9), 170309), (7, 8)), 1504: (((0, 0), 109033), (6, 6)), 1508: (((9, 12), 131457), (5, 11)), 1512: (((9, 12), 311326), (8, 12)), 1516: (((12, 12), 168988), (7, 12)), 1520: (((8, 12), 231484), (6, 12)), 1524: (((7, 11), 542856), (7, 11)), 1528: (((4, 7), 170887), (7, 8)), 1532: (((12, 12), 241732), (9, 11)), 1536: (((2, 12), 557129), (3, 12)), 1540: (((8, 12), 116436), (7, 11)), 1544: (((8, 12), 226353), (6, 11)), 1548: (((2, 12), 96141), (5, 9)), 1552: (((6, 3), 170431), (6, 3)), 1556: (((0, 0), 270850), (4, 6)), 1560: (((7, 3), 57048), (8, 4)), 1564: (((6, 2), 233709), (6, 3)), 1568: (((8, 3), 153012), (7, 4)), 1572: (((8, 4), 89057), (8, 5)), 1576: (((7, 3), 168055), (8, 5)), 1580: (((8, 5), 273094), (8, 6)), 1584: (((8, 6), 293305), (7, 5)), 1588: (((8, 7), 270637), (7, 6)), 1592: (((8, 7), 257582), (7, 6)), 1596: (((8, 7), 261158), (7, 6)), 1600: (((7, 5), 254447), (6, 4)), 1604: (((6, 3), 126326), (6, 3)), 1608: (((6, 3), 131156), (6, 3)), 1612: (((9, 1), 466251), (8, 2)), 1616: (((6, 2), 169610), (5, 4)), 1620: (((2, 5), 76317), (4, 4)), 1624: (((2, 1), 120815), (4, 3)), 1628: (((2, 1), 104168), (3, 3)), 1632: (((8, 3), 77231), (7, 2)), 1636: (((7, 4), 86623), (6, 3)), 1640: (((0, 0), 700003), (1, 1)), 1644: (((0, 0), 228777), (5, 4)), 1648: (((7, 3), 136945), (7, 4)), 1652: (((8, 4), 159517), (7, 4)), 1656: (((0, 0), 701290), (1, 1)), 1660: (((0, 0), 722137), (1, 1)), 1664: (((0, 0), 683041), (1, 1)), 1668: (((0, 0), 646119), (1, 1)), 1672: (((0, 0), 715710), (1, 1)), 1676: (((0, 0), 712876), (1, 1)), 1680: (((0, 0), 723877), (1, 1)), 1684: (((0, 0), 681879), (1, 1)), 1688: (((0, 0), 714253), (1, 1)), 1692: (((0, 0), 619646), (1, 2)), 1696: (((0, 0), 704957), (1, 1)), 1700: (((0, 0), 730296), (1, 1)), 1704: (((0, 0), 737280), (0, 0)), 1708: (((0, 0), 737280), (0, 0)), 1712: (((0, 0), 737280), (0, 0)), 1716: (((0, 0), 737280), (0, 0)), 1720: (((0, 0), 737280), (0, 0)), 1724: (((0, 0), 737280), (0, 0)), 1728: (((0, 0), 737280), (0, 0)), 1732: (((0, 0), 737280), (0, 0)), 1736: (((0, 0), 737280), (0, 0)), 1740: (((0, 0), 737280), (0, 0)), 1744: (((0, 0), 737280), (0, 0)), 1748: (((0, 0), 737280), (0, 0)), 1752: (((0, 0), 737280), (0, 0))}


[(((8, 12), 564617), (8, 12)), (((2, 12), 221774), (4, 8)), (((2, 5), 174638), (3, 5)), (((0, 0), 186694), (3, 3)), (((2, 4), 143955), (3, 4)), (((1, 9), 120517), (3, 9)), (((1, 11), 190189), (2, 11)), (((2, 6), 182896), (2, 8)), (((1, 7), 117975), (2, 9)), (((1, 2), 95981), (3, 5)), (((2, 5), 129275), (2, 5)), (((2, 4), 89899), (4, 5)), (((2, 4), 76695), (3, 4)), (((2, 5), 121961), (2, 5)), (((2, 4), 79693), (2, 5)), (((1, 5), 88481), (2, 6)), (((2, 3), 75847), (3, 4)), (((7, 4), 67447), (3, 5)), (((0, 0), 94704), (3, 4)), (((1, 6), 193850), (2, 5)), (((1, 5), 107085), (2, 5)), (((1, 2), 126717), (1, 6)), (((7, 9), 133770), (7, 9)), (((0, 0), 78865), (6, 5)), (((0, 0), 161312), (4, 4)), (((0, 0), 141665), (4, 4)), (((0, 0), 736896), (1, 1)), (((2, 6), 86697), (2, 6)), (((2, 4), 71447), (3, 4)), (((2, 6), 106778), (5, 4)), (((2, 6), 100659), (5, 4)), (((2, 4), 78184), (2, 4)), (((2, 5), 73852), (2, 4)), (((2, 2), 76727), (2, 4)), (((2, 2), 81118), (2, 4)), (((2, 6), 66500), (5, 6)), (((1, 6), 97784), (3, 4)), (((6, 2), 88320), (3, 4)), (((6, 2), 91897), (3, 4)), (((6, 2), 97833), (3, 4)), (((2, 1), 127893), (2, 3)), (((7, 2), 156684), (4, 3)), (((1, 4), 86977), (4, 4)), (((1, 4), 85173), (4, 4)), (((2, 5), 111350), (2, 5)), (((0, 0), 72227), (6, 4)), (((6, 3), 93643), (3, 3)), (((1, 4), 46861), (3, 4)), (((1, 4), 136788), (2, 5)), (((1, 5), 115632), (2, 4)), (((7, 3), 442986), (7, 3)), (((8, 4), 111962), (7, 4)), (((0, 0), 115214), (8, 5)), (((8, 4), 235596), (4, 3)), (((0, 0), 245413), (5, 3)), (((8, 3), 227825), (8, 5)), (((2, 12), 104028), (4, 6)), (((0, 0), 119841), (4, 3)), (((8, 2), 75171), (7, 3)), (((0, 0), 159094), (4, 3)), (((2, 6), 168812), (4, 5)), (((2, 6), 171773), (5, 5)), (((5, 3), 79025), (6, 5)), (((0, 0), 145832), (6, 3)), (((0, 0), 140009), (6, 2)), (((5, 4), 143322), (6, 4)), (((0, 0), 123305), (6, 3)), (((2, 4), 187221), (4, 5)), (((8, 3), 156819), (8, 5)), (((8, 3), 222670), (8, 3)), (((6, 1), 105493), (6, 2)), (((6, 1), 112654), (7, 2)), (((12, 12), 135350), (7, 4)), (((6, 2), 137939), (7, 3)), (((8, 10), 56669), (7, 6)), (((8, 4), 79658), (7, 4)), (((8, 4), 100956), (7, 4)), (((7, 4), 76053), (7, 5)), (((8, 10), 80005), (7, 5)), (((8, 5), 79578), (7, 5)), (((6, 1), 103192), (7, 3)), (((12, 12), 86953), (8, 4)), (((6, 2), 53336), (8, 4)), (((6, 1), 58746), (8, 4)), (((12, 12), 118865), (8, 5)), (((12, 12), 117820), (7, 5)), (((12, 12), 119048), (7, 5)), (((12, 12), 117611), (7, 5)), (((6, 2), 69710), (8, 4)), (((6, 2), 65187), (8, 4)), (((8, 1), 67529), (8, 4)), (((12, 12), 78139), (7, 4)), (((0, 0), 737280), (0, 0)), (((2, 3), 61944), (4, 5)), (((2, 9), 66142), (3, 6)), (((8, 5), 122454), (6, 6)), (((2, 1), 136835), (4, 2)), (((2, 6), 80290), (4, 4)), (((2, 6), 82772), (4, 4)), (((12, 11), 204542), (9, 9)), (((2, 8), 72670), (4, 5)), (((2, 4), 159657), (3, 4)), (((0, 0), 239512), (5, 3)), (((2, 4), 44209), (4, 6)), (((5, 4), 188332), (6, 4)), (((5, 3), 143441), (5, 4)), (((12, 12), 430975), (10, 10)), (((11, 3), 80135), (10, 7)), (((8, 6), 108037), (8, 7)), (((7, 4), 91027), (6, 4)), (((2, 6), 149561), (8, 8)), (((8, 3), 101490), (7, 4)), (((12, 12), 352586), (11, 11)), (((12, 12), 325149), (11, 10)), (((12, 12), 313133), (11, 10)), (((11, 2), 40175), (8, 4)), (((11, 3), 36975), (8, 4)), (((11, 3), 39901), (8, 4)), (((6, 1), 34807), (8, 4)), (((11, 2), 34974), (8, 4)), (((8, 5), 79952), (7, 4)), (((7, 5), 172774), (7, 4)), (((2, 1), 83729), (5, 3)), (((11, 2), 60712), (8, 3)), (((5, 1), 61253), (6, 4)), (((2, 1), 65710), (7, 3)), (((8, 1), 71214), (7, 4)), (((12, 3), 58571), (7, 3)), (((5, 4), 307577), (5, 4)), (((12, 12), 195727), (7, 9)), (((5, 4), 258856), (6, 5)), (((0, 0), 254005), (3, 3)), (((7, 10), 147109), (7, 8)), (((7, 9), 105030), (8, 8)), (((0, 0), 109168), (5, 6)), (((7, 10), 115882), (8, 9)), (((7, 10), 134083), (7, 8)), (((7, 10), 100797), (8, 8)), (((7, 9), 105170), (8, 8)), (((2, 4), 308516), (3, 4)), (((5, 4), 174394), (6, 4)), (((7, 10), 150028), (7, 8)), (((12, 12), 221588), (7, 11)), (((5, 3), 148447), (6, 4)), (((0, 0), 92174), (4, 5)), (((0, 0), 106034), (4, 5)), (((0, 0), 64028), (5, 4)), (((5, 3), 66637), (5, 5)), (((1, 4), 37355), (5, 4)), (((1, 6), 71076), (3, 6)), (((0, 0), 243383), (3, 5)), (((1, 5), 65625), (5, 5)), (((1, 5), 35829), (4, 5)), (((2, 3), 58118), (5, 4)), (((12, 5), 55355), (6, 4)), (((0, 0), 246136), (4, 3)), (((4, 6), 119344), (5, 6)), (((4, 6), 107757), (5, 6)), (((5, 4), 79254), (5, 6)), (((0, 0), 355967), (3, 3)), (((2, 2), 102126), (5, 3)), (((2, 2), 144433), (4, 3)), (((3, 2), 150099), (5, 4)), (((12, 6), 28915), (8, 6)), (((3, 2), 62937), (6, 3)), (((8, 3), 60887), (7, 4)), (((6, 1), 60641), (5, 3)), (((5, 3), 100775), (6, 3)), (((8, 1), 109608), (6, 2)), (((8, 4), 74622), (7, 5)), (((5, 3), 73338), (6, 4)), (((5, 3), 76889), (6, 3)), (((8, 4), 111937), (7, 6)), (((7, 6), 165819), (7, 6)), (((7, 8), 56341), (6, 6)), (((7, 8), 50668), (6, 6)), (((8, 4), 159859), (7, 5)), (((0, 0), 241134), (4, 5)), (((6, 2), 119839), (6, 3)), (((6, 2), 75297), (5, 3)), (((6, 2), 77415), (5, 3)), (((2, 12), 111684), (3, 8)), (((8, 3), 65111), (6, 4)), (((1, 2), 93103), (5, 3)), (((1, 2), 83143), (5, 2)), (((10, 1), 102774), (8, 4)), (((1, 2), 75695), (5, 2)), (((1, 2), 75918), (5, 2)), (((1, 2), 78297), (5, 2)), (((5, 3), 45100), (5, 5)), (((5, 3), 37610), (5, 5)), (((0, 0), 93939), (5, 4)), (((7, 5), 97383), (6, 3)), (((2, 2), 91071), (4, 4)), (((0, 0), 364152), (3, 4)), (((0, 0), 297113), (3, 4)), (((1, 12), 112104), (6, 9)), (((7, 4), 38615), (5, 5)), (((5, 4), 67486), (6, 5)), (((3, 8), 58482), (5, 5)), (((12, 12), 180434), (7, 10)), (((7, 4), 106625), (5, 6)), (((2, 4), 120443), (5, 5)), (((3, 2), 74835), (6, 5)), (((8, 4), 161647), (6, 6)), (((8, 4), 385100), (8, 4)), (((8, 4), 292275), (8, 4)), (((2, 3), 81444), (4, 5)), (((7, 3), 101870), (7, 4)), (((2, 1), 141762), (5, 2)), (((8, 2), 161106), (8, 4)), (((0, 0), 185194), (3, 4)), (((11, 2), 108725), (9, 3)), (((8, 2), 155679), (8, 3)), (((2, 12), 241800), (4, 7)), (((8, 6), 131314), (6, 5)), (((5, 4), 166755), (5, 6)), (((0, 0), 282936), (3, 3)), (((8, 4), 95086), (9, 5)), (((2, 4), 120251), (4, 5)), (((4, 9), 164270), (4, 6)), (((0, 0), 155995), (5, 4)), (((0, 0), 340423), (5, 4)), (((11, 3), 107967), (7, 4)), (((8, 6), 91936), (7, 4)), (((8, 2), 96856), (7, 2)), (((10, 1), 115127), (8, 3)), (((11, 1), 113213), (8, 3)), (((3, 12), 101813), (5, 8)), (((8, 6), 78944), (7, 5)), (((8, 5), 70757), (7, 4)), (((1, 12), 121107), (7, 9)), (((8, 2), 138620), (8, 3)), (((2, 6), 84018), (4, 6)), (((7, 3), 42591), (6, 4)), (((2, 4), 93828), (4, 5)), (((7, 2), 33942), (6, 4)), (((8, 5), 104303), (6, 5)), (((2, 3), 42852), (6, 5)), (((7, 3), 100180), (5, 5)), (((0, 0), 58004), (5, 4)), (((8, 1), 47280), (5, 3)), (((8, 2), 49134), (6, 5)), (((8, 2), 70639), (6, 3)), (((2, 4), 60655), (5, 7)), (((0, 0), 96669), (7, 6)), (((0, 0), 77954), (7, 6)), (((0, 0), 73864), (7, 6)), (((12, 12), 59441), (7, 6)), (((5, 4), 66684), (7, 6)), (((12, 12), 258189), (10, 9)), (((0, 0), 112094), (7, 6)), (((0, 0), 196414), (6, 6)), (((0, 0), 737012), (1, 1)), (((0, 0), 737280), (0, 0)), (((0, 0), 737280), (0, 0)), (((0, 0), 737280), (0, 0)), (((0, 0), 737280), (0, 0)), (((0, 0), 737280), (0, 0)), (((0, 0), 737280), (0, 0)), (((0, 0), 737280), (0, 0)), (((0, 0), 737280), (0, 0)), (((2, 3), 115695), (3, 5)), (((8, 4), 28573), (8, 6)), (((12, 12), 95296), (6, 9)), (((0, 0), 84494), (6, 5)), (((0, 0), 141549), (5, 3)), (((0, 0), 161453), (5, 4)), (((4, 6), 49735), (4, 7)), (((2, 4), 138384), (3, 5)), (((1, 4), 99644), (4, 3)), (((5, 4), 268528), (5, 6)), (((12, 12), 61824), (5, 8)), (((0, 0), 410765), (2, 3)), (((0, 0), 94523), (6, 3)), (((2, 4), 77511), (4, 8)), (((12, 12), 121699), (7, 8)), (((0, 0), 189714), (5, 6)), (((0, 0), 142082), (4, 5)), (((0, 0), 130343), (6, 6)), (((8, 4), 166103), (8, 7)), (((8, 4), 117594), (7, 6)), (((0, 0), 113516), (4, 7)), (((8, 6), 74162), (7, 7)), (((0, 0), 133794), (4, 4)), (((0, 0), 72655), (5, 4)), (((12, 12), 89718), (8, 7)), (((3, 9), 85221), (4, 6)), (((8, 4), 311398), (8, 5)), (((5, 8), 90440), (6, 9)), (((12, 12), 170672), (10, 8)), (((12, 12), 139346), (8, 9)), (((1, 5), 122905), (5, 4)), (((7, 3), 80538), (7, 4)), (((4, 12), 184634), (5, 11)), (((0, 0), 508317), (2, 2)), (((0, 0), 166387), (4, 9)), (((0, 0), 217951), (3, 8)), (((0, 12), 164837), (4, 9)), (((8, 2), 54972), (6, 4)), (((0, 0), 139935), (4, 9)), (((0, 0), 227416), (4, 8)), (((0, 0), 199164), (6, 7)), (((0, 0), 205671), (5, 6)), (((12, 2), 123793), (7, 4)), (((0, 0), 211673), (4, 4)), (((0, 12), 148921), (6, 8)), (((12, 3), 95525), (10, 7)), (((0, 0), 140516), (8, 6)), (((12, 12), 97364), (5, 10)), (((0, 0), 338657), (3, 5)), (((4, 12), 216831), (5, 12)), (((0, 12), 129454), (3, 9)), (((12, 12), 353510), (7, 12)), (((12, 12), 135563), (6, 9)), (((0, 0), 484987), (2, 2)), (((6, 2), 136574), (5, 3)), (((8, 2), 56372), (8, 4)), (((0, 0), 64035), (7, 5)), (((7, 2), 105973), (7, 4)), (((12, 12), 402844), (8, 12)), (((0, 12), 211716), (5, 10)), (((0, 12), 203113), (5, 10)), (((0, 12), 102330), (5, 8)), (((12, 12), 78963), (5, 8)), (((0, 12), 214310), (6, 9)), (((0, 12), 193430), (5, 10)), (((0, 12), 227731), (5, 9)), (((12, 12), 63413), (6, 6)), (((0, 12), 249326), (5, 9)), (((12, 12), 323057), (6, 12)), (((12, 12), 470434), (9, 12)), (((12, 12), 447922), (9, 12)), (((1, 12), 223635), (4, 11)), (((0, 12), 184918), (4, 10)), (((12, 12), 199366), (5, 10)), (((0, 0), 695658), (1, 1)), (((0, 0), 711693), (1, 1)), (((0, 0), 656034), (1, 1)), (((0, 0), 673391), (1, 1)), (((0, 0), 582821), (2, 3)), (((0, 0), 471209), (3, 3)), (((0, 0), 714597), (1, 1)), (((0, 0), 626260), (2, 2)), (((0, 0), 615151), (2, 2)), (((0, 0), 352189), (5, 5)), (((0, 0), 555422), (2, 3)), (((0, 0), 658083), (1, 1)), (((0, 0), 584918), (2, 3)), (((0, 0), 440864), (3, 4)), (((0, 0), 359404), (4, 4)), (((0, 0), 714413), (1, 1)), (((0, 12), 232227), (6, 9)), (((0, 0), 284318), (4, 5)), (((5, 12), 301478), (4, 11)), (((0, 0), 300094), (3, 7)), (((12, 12), 238191), (7, 10)), (((12, 12), 71377), (4, 8)), (((8, 12), 284716), (8, 11)), (((8, 12), 225277), (7, 8)), (((0, 0), 363403), (5, 6)), (((9, 12), 115055), (7, 7)), (((0, 12), 302687), (3, 10)), (((0, 0), 232459), (3, 6)), (((12, 12), 155784), (7, 8)), (((12, 12), 320178), (9, 12)), (((0, 0), 320781), (6, 6)), (((9, 12), 270413), (10, 12)), (((7, 9), 170309), (7, 8)), (((0, 0), 109033), (6, 6)), (((9, 12), 131457), (5, 11)), (((9, 12), 311326), (8, 12)), (((12, 12), 168988), (7, 12)), (((8, 12), 231484), (6, 12)), (((7, 11), 542856), (7, 11)), (((4, 7), 170887), (7, 8)), (((12, 12), 241732), (9, 11)), (((2, 12), 557129), (3, 12)), (((8, 12), 116436), (7, 11)), (((8, 12), 226353), (6, 11)), (((2, 12), 96141), (5, 9)), (((6, 3), 170431), (6, 3)), (((0, 0), 270850), (4, 6)), (((7, 3), 57048), (8, 4)), (((6, 2), 233709), (6, 3)), (((8, 3), 153012), (7, 4)), (((8, 4), 89057), (8, 5)), (((7, 3), 168055), (8, 5)), (((8, 5), 273094), (8, 6)), (((8, 6), 293305), (7, 5)), (((8, 7), 270637), (7, 6)), (((8, 7), 257582), (7, 6)), (((8, 7), 261158), (7, 6)), (((7, 5), 254447), (6, 4)), (((6, 3), 126326), (6, 3)), (((6, 3), 131156), (6, 3)), (((9, 1), 466251), (8, 2)), (((6, 2), 169610), (5, 4)), (((2, 5), 76317), (4, 4)), (((2, 1), 120815), (4, 3)), (((2, 1), 104168), (3, 3)), (((8, 3), 77231), (7, 2)), (((7, 4), 86623), (6, 3)), (((0, 0), 700003), (1, 1)), (((0, 0), 228777), (5, 4)), (((7, 3), 136945), (7, 4)), (((8, 4), 159517), (7, 4)), (((0, 0), 701290), (1, 1)), (((0, 0), 722137), (1, 1)), (((0, 0), 683041), (1, 1)), (((0, 0), 646119), (1, 1)), (((0, 0), 715710), (1, 1)), (((0, 0), 712876), (1, 1)), (((0, 0), 723877), (1, 1)), (((0, 0), 681879), (1, 1)), (((0, 0), 714253), (1, 1)), (((0, 0), 619646), (1, 2)), (((0, 0), 704957), (1, 1)), (((0, 0), 730296), (1, 1)), (((0, 0), 737280), (0, 0)), (((0, 0), 737280), (0, 0)), (((0, 0), 737280), (0, 0)), (((0, 0), 737280), (0, 0)), (((0, 0), 737280), (0, 0)), (((0, 0), 737280), (0, 0)), (((0, 0), 737280), (0, 0)), (((0, 0), 737280), (0, 0)), (((0, 0), 737280), (0, 0)), (((0, 0), 737280), (0, 0)), (((0, 0), 737280), (0, 0)), (((0, 0), 737280), (0, 0)), (((0, 0), 737280), (0, 0))]
