{'path': '1163.jpg', 'num': 1163, 'avg': (0.5396714916915969, 0.3319090847088119, 0.41131798172821205), 'mode_bucket': ((7, 5), 202516), 'avg_bucket': (7, 4)}
{'path': '127.jpg', 'num': 127, 'avg': (0.3620663909474103, 0.28619316909400844, 0.23002486617448797), 'mode_bucket': ((2, 6), 102250), 'avg_bucket': (5, 4)}
{'path': '1115.jpg', 'num': 1115, 'avg': (0.3193752701834649, 0.5311080260099513, 0.1118341662837743), 'mode_bucket': ((1, 10), 52773), 'avg_bucket': (4, 7)}
{'path': '731.jpg', 'num': 731, 'avg': (0.4991771137092076, 0.37468560936601303, 0.16471291934815308), 'mode_bucket': ((8, 7), 63150), 'avg_bucket': (6, 5)}
{'path': '1107.jpg', 'num': 1107, 'avg': (0.5485296687909512, 0.46584620028407714, 0.19816224341132432), 'mode_bucket': ((8, 1), 38519), 'avg_bucket': (7, 6)}
{'path': '651.jpg', 'num': 651, 'avg': (0.4511102337554632, 0.2264612420812188, 0.39729857068664104), 'mode_bucket': ((7, 4), 90923), 'avg_bucket': (6, 3)}
{'path': '1271.jpg', 'num': 1271, 'avg': (0.33433879523884086, 0.9090691479699411, 0.12212484255851234), 'mode_bucket': ((4, 12), 229509), 'avg_bucket': (5, 11)}
{'path': '1019.jpg', 'num': 1019, 'avg': (0.0004268391927083344, 0.0003303905813235213, 0.007473628557325976), 'mode_bucket': ((0, 0), 736314), 'avg_bucket': (1, 1)}
{'path': '1307.jpg', 'num': 1307, 'avg': (0.6066438247689494, 0.9667041884141349, 0.2790173206870193), 'mode_bucket': ((12, 12), 418569), 'avg_bucket': (8, 12)}
{'path': '1411.jpg', 'num': 1411, 'avg': (0.2056817704505143, 0.22403448807466905, 0.06196648624733931), 'mode_bucket': ((0, 0), 496167), 'avg_bucket': (3, 3)}
{'path': '299.jpg', 'num': 299, 'avg': (0.49427900375387374, 0.4181564065233944, 0.2811545351639544), 'mode_bucket': ((8, 10), 58936), 'avg_bucket': (6, 6)}
{'path': '1491.jpg', 'num': 1491, 'avg': (0.1326476071984869, 0.1740012966664511, 0.009084951363353013), 'mode_bucket': ((0, 0), 589034), 'avg_bucket': (2, 3)}
{'path': '943.jpg', 'num': 943, 'avg': (0.4570846173861198, 0.3097972701358448, 0.24583557793789734), 'mode_bucket': ((7, 3), 43741), 'avg_bucket': (6, 4)}
{'path': '1183.jpg', 'num': 1183, 'avg': (0.1605560225186884, 0.13394530635488675, 0.08836736408977612), 'mode_bucket': ((0, 0), 508917), 'avg_bucket': (2, 2)}
{'path': '135.jpg', 'num': 135, 'avg': (0.11772421556502875, 0.3191355266919395, 0.2618568038120138), 'mode_bucket': ((2, 4), 76664), 'avg_bucket': (2, 4)}
{'path': '335.jpg', 'num': 335, 'avg': (0.5763564645403618, 0.26674674309548796, 0.4829631544460885), 'mode_bucket': ((6, 2), 60404), 'avg_bucket': (7, 4)}
{'path': '1647.jpg', 'num': 1647, 'avg': (0.5394003962177316, 0.40813004037265055, 0.4889350894417759), 'mode_bucket': ((8, 12), 120644), 'avg_bucket': (7, 5)}
{'path': '1351.jpg', 'num': 1351, 'avg': (0.7202268753443821, 0.9338540411962558, 0.3639982787815569), 'mode_bucket': ((12, 12), 444235), 'avg_bucket': (9, 12)}
{'path': '295.jpg', 'num': 295, 'avg': (0.4805810492536751, 0.16616226896585207, 0.6731676740761129), 'mode_bucket': ((6, 2), 204286), 'avg_bucket': (6, 2)}
{'path': '1387.jpg', 'num': 1387, 'avg': (0.03587171287502128, 0.04592544663095425, 0.005063806338505895), 'mode_bucket': ((0, 0), 695560), 'avg_bucket': (1, 1)}
{'path': '975.jpg', 'num': 975, 'avg': (0.6338470732233366, 0.14248036763245145, 0.6657225285949255), 'mode_bucket': ((8, 1), 214622), 'avg_bucket': (8, 2)}
{'path': '131.jpg', 'num': 131, 'avg': (0.11757278834386319, 0.33568897508929646, 0.2700618117259645), 'mode_bucket': ((2, 4), 83261), 'avg_bucket': (2, 5)}
{'path': '443.jpg', 'num': 443, 'avg': (0.45252129812223024, 0.2673158107607431, 0.1848590207574908), 'mode_bucket': ((0, 0), 87495), 'avg_bucket': (6, 4)}
{'path': '935.jpg', 'num': 935, 'avg': (0.28219697955801065, 0.4448763267314502, 0.1398767116442444), 'mode_bucket': ((2, 6), 88699), 'avg_bucket': (4, 6)}
{'path': '1575.jpg', 'num': 1575, 'avg': (0.6388008795683761, 0.3837801761924358, 0.4981162237048962), 'mode_bucket': ((7, 3), 163976), 'avg_bucket': (8, 5)}
{'path': '607.jpg', 'num': 607, 'avg': (0.36056357655968024, 0.3686719777996509, 0.22430894373821322), 'mode_bucket': ((1, 5), 73365), 'avg_bucket': (5, 5)}
{'path': '1175.jpg', 'num': 1175, 'avg': (0.5413146130681713, 0.32283831649468026, 0.3325791462417778), 'mode_bucket': ((7, 3), 69993), 'avg_bucket': (7, 4)}
{'path': '231.jpg', 'num': 231, 'avg': (0.2599636477595139, 0.4245979853667074, 0.09559843175633749), 'mode_bucket': ((2, 10), 100805), 'avg_bucket': (4, 6)}
{'path': '1727.jpg', 'num': 1727, 'avg': (0.0, 0.0, 0.0), 'mode_bucket': ((0, 0), 737280), 'avg_bucket': (0, 0)}
{'path': '331.jpg', 'num': 331, 'avg': (0.5925272672493622, 0.2675452383845328, 0.4869612736590401), 'mode_bucket': ((6, 1), 54327), 'avg_bucket': (8, 4)}
{'path': '803.jpg', 'num': 803, 'avg': (0.38834285449969286, 0.37972173183585134, 0.26341104345353383), 'mode_bucket': ((7, 3), 110691), 'avg_bucket': (5, 5)}
{'path': '1023.jpg', 'num': 1023, 'avg': (0.0, 0.0, 0.0), 'mode_bucket': ((0, 0), 737280), 'avg_bucket': (0, 0)}
{'path': '719.jpg', 'num': 719, 'avg': (0.3178780250052558, 0.41588731726937794, 0.19201422930312184), 'mode_bucket': ((2, 9), 42260), 'avg_bucket': (4, 5)}
{'path': '839.jpg', 'num': 839, 'avg': (0.5395828956222654, 0.2811351437183882, 0.3504500112762128), 'mode_bucket': ((7, 4), 209751), 'avg_bucket': (7, 4)}
{'path': '1715.jpg', 'num': 1715, 'avg': (0.0, 0.0, 0.0), 'mode_bucket': ((0, 0), 737280), 'avg_bucket': (0, 0)}
{'path': '587.jpg', 'num': 587, 'avg': (0.4871180270446119, 0.35829074363529434, 0.06439539824192424), 'mode_bucket': ((8, 4), 148775), 'avg_bucket': (6, 5)}
!1215.jpg
{'path': '499.jpg', 'num': 499, 'avg': (0.5788481509585498, 0.2263226204717859, 0.33824726179508857), 'mode_bucket': ((11, 2), 53304), 'avg_bucket': (7, 3)}
{'path': '1407.jpg', 'num': 1407, 'avg': (0.21440206036560483, 0.20414090570011093, 0.06285083912040933), 'mode_bucket': ((0, 0), 503273), 'avg_bucket': (3, 3)}
{'path': '1375.jpg', 'num': 1375, 'avg': (0.011345401479102861, 0.012601204216076415, 0.002498462818287048), 'mode_bucket': ((0, 0), 725097), 'avg_bucket': (1, 1)}
{'path': '539.jpg', 'num': 539, 'avg': (0.5918181771921766, 0.6302513643748147, 0.1702357632508507), 'mode_bucket': ((7, 9), 81670), 'avg_bucket': (8, 8)}
{'path': '1263.jpg', 'num': 1263, 'avg': (0.3707252657742198, 0.8084769462385982, 0.1303319089137263), 'mode_bucket': ((12, 12), 99907), 'avg_bucket': (5, 10)}
{'path': '1027.jpg', 'num': 1027, 'avg': (0.0, 0.0, 0.0), 'mode_bucket': ((0, 0), 737280), 'avg_bucket': (0, 0)}
{'path': '1687.jpg', 'num': 1687, 'avg': (0.01276913408180569, 0.015371584949246609, 0.009549297257965505), 'mode_bucket': ((0, 0), 714880), 'avg_bucket': (1, 1)}
{'path': '1619.jpg', 'num': 1619, 'avg': (0.32906801863323276, 0.355795465966965, 0.5019064510566615), 'mode_bucket': ((6, 2), 136212), 'avg_bucket': (4, 5)}
{'path': '687.jpg', 'num': 687, 'avg': (0.4562882021043928, 0.3016248477894105, 0.21570331116310695), 'mode_bucket': ((8, 4), 84363), 'avg_bucket': (6, 4)}
!1223.jpg
{'path': '507.jpg', 'num': 507, 'avg': (0.4848902486304967, 0.18478480927410576, 0.38919087860855905), 'mode_bucket': ((2, 1), 77283), 'avg_bucket': (6, 3)}
{'path': '403.jpg', 'num': 403, 'avg': (0.2826258229697522, 0.39859650710394595, 0.2241942082820067), 'mode_bucket': ((2, 8), 71124), 'avg_bucket': (4, 5)}
{'path': '695.jpg', 'num': 695, 'avg': (0.41726971883015235, 0.2133940480801522, 0.23683971928557399), 'mode_bucket': ((0, 0), 112418), 'avg_bucket': (6, 3)}
{'path': '1099.jpg', 'num': 1099, 'avg': (0.39265991538590017, 0.27005262819011494, 0.1236372910710463), 'mode_bucket': ((5, 3), 102063), 'avg_bucket': (5, 4)}
{'path': '647.jpg', 'num': 647, 'avg': (0.3349900645283507, 0.23677600637582888, 0.466110047317505), 'mode_bucket': ((8, 3), 47307), 'avg_bucket': (5, 3)}
{'path': '1087.jpg', 'num': 1087, 'avg': (0.23636331380330142, 0.23014881478576285, 0.3851098420053182), 'mode_bucket': ((1, 2), 91073), 'avg_bucket': (3, 3)}
{'path': '907.jpg', 'num': 907, 'avg': (0.42793659290543784, 0.3796000452106282, 0.1522309612872168), 'mode_bucket': ((2, 4), 56978), 'avg_bucket': (6, 5)}
{'path': '555.jpg', 'num': 555, 'avg': (0.6050223466301158, 0.6509538126355568, 0.16941920594216728), 'mode_bucket': ((7, 9), 102601), 'avg_bucket': (8, 8)}
{'path': '859.jpg', 'num': 859, 'avg': (0.2995839897344411, 0.48722535649263415, 0.08135598575337272), 'mode_bucket': ((0, 0), 183201), 'avg_bucket': (4, 6)}
{'path': '1239.jpg', 'num': 1239, 'avg': (0.4215615783404667, 0.46935010855875703, 0.20608008025256683), 'mode_bucket': ((0, 0), 188910), 'avg_bucket': (6, 6)}
{'path': '199.jpg', 'num': 199, 'avg': (0.09874347238744391, 0.27802662704198267, 0.2164747529864347), 'mode_bucket': ((0, 0), 172110), 'avg_bucket': (2, 4)}
{'path': '423.jpg', 'num': 423, 'avg': (0.46587427166011475, 0.4280966852759818, 0.12009764029296618), 'mode_bucket': ((8, 6), 79429), 'avg_bucket': (6, 6)}
{'path': '147.jpg', 'num': 147, 'avg': (0.22208064046933126, 0.31334142187053277, 0.519323703873557), 'mode_bucket': ((1, 6), 105322), 'avg_bucket': (3, 4)}
{'path': '1159.jpg', 'num': 1159, 'avg': (0.5618351333269133, 0.700479764394243, 0.32318178530015906), 'mode_bucket': ((12, 12), 292295), 'avg_bucket': (7, 9)}
{'path': '551.jpg', 'num': 551, 'avg': (0.3319406537732735, 0.3565992717048939, 0.09987187138344684), 'mode_bucket': ((0, 0), 245100), 'avg_bucket': (4, 5)}
{'path': '1143.jpg', 'num': 1143, 'avg': (0.35163282516292743, 0.2994420221968099, 0.12344133497597222), 'mode_bucket': ((2, 4), 97275), 'avg_bucket': (5, 4)}
{'path': '115.jpg', 'num': 115, 'avg': (0.13081654530180764, 0.5131658340268951, 0.16038353481601778), 'mode_bucket': ((2, 12), 104381), 'avg_bucket': (2, 7)}
{'path': '739.jpg', 'num': 739, 'avg': (0.38585847823123715, 0.1551769817213301, 0.4216831022769848), 'mode_bucket': ((1, 2), 74519), 'avg_bucket': (5, 2)}
{'path': '83.jpg', 'num': 83, 'avg': (0.1494998422658726, 0.4022134339358643, 0.4049071733724092), 'mode_bucket': ((1, 5), 117580), 'avg_bucket': (2, 5)}
{'path': '1739.jpg', 'num': 1739, 'avg': (0.0, 0.0, 0.0), 'mode_bucket': ((0, 0), 737280), 'avg_bucket': (0, 0)}
{'path': '279.jpg', 'num': 279, 'avg': (0.6459250440465364, 0.2417021286958954, 0.6026199746394464), 'mode_bucket': ((8, 3), 153871), 'avg_bucket': (8, 3)}
{'path': '303.jpg', 'num': 303, 'avg': (0.5217991258314297, 0.29459990110639106, 0.1950572799647724), 'mode_bucket': ((8, 4), 77164), 'avg_bucket': (7, 4)}
{'path': '595.jpg', 'num': 595, 'avg': (0.42822426863802554, 0.2846201661929582, 0.13570730039046575), 'mode_bucket': ((0, 0), 35033), 'avg_bucket': (6, 4)}
{'path': '1543.jpg', 'num': 1543, 'avg': (0.6054498883458552, 0.9187011425851225, 0.2095815089276513), 'mode_bucket': ((11, 12), 347755), 'avg_bucket': (8, 12)}
{'path': '795.jpg', 'num': 795, 'avg': (0.4418610503556711, 0.3860913275523688, 0.1515073103898989), 'mode_bucket': ((2, 4), 61691), 'avg_bucket': (6, 5)}
{'path': '195.jpg', 'num': 195, 'avg': (0.197932361378407, 0.26186970620122924, 0.3481718973393887), 'mode_bucket': ((2, 2), 55168), 'avg_bucket': (3, 4)}
{'path': '1743.jpg', 'num': 1743, 'avg': (0.0, 0.0, 0.0), 'mode_bucket': ((0, 0), 737280), 'avg_bucket': (0, 0)}
{'path': '947.jpg', 'num': 947, 'avg': (0.4943620443177916, 0.2978914635192972, 0.23909606268730008), 'mode_bucket': ((7, 2), 33610), 'avg_bucket': (6, 4)}
{'path': '1663.jpg', 'num': 1663, 'avg': (0.031247857912318218, 0.03714607827446846, 0.021404872387334833), 'mode_bucket': ((0, 0), 683662), 'avg_bucket': (1, 1)}
{'path': '75.jpg', 'num': 75, 'avg': (0.24504539157958, 0.30021997748159956, 0.46350575299326213), 'mode_bucket': ((6, 3), 109470), 'avg_bucket': (3, 4)}
{'path': '287.jpg', 'num': 287, 'avg': (0.5361149615292758, 0.1533741604565417, 0.45609037245517264), 'mode_bucket': ((6, 1), 105983), 'avg_bucket': (7, 2)}
{'path': '1047.jpg', 'num': 1047, 'avg': (0.0, 0.0, 0.0), 'mode_bucket': ((0, 0), 737280), 'avg_bucket': (0, 0)}
{'path': '871.jpg', 'num': 871, 'avg': (0.6271268598464406, 0.650872859197525, 0.2062077461193665), 'mode_bucket': ((12, 12), 131376), 'avg_bucket': (8, 8)}
{'path': '1283.jpg', 'num': 1283, 'avg': (0.7641217620578309, 0.8496920969988954, 0.3003642482383617), 'mode_bucket': ((12, 12), 439283), 'avg_bucket': (10, 11)}
{'path': '219.jpg', 'num': 219, 'avg': (0.26436354628425235, 0.17275214121631868, 0.1734898439618226), 'mode_bucket': ((0, 0), 342401), 'avg_bucket': (4, 3)}
{'path': '1707.jpg', 'num': 1707, 'avg': (0.0, 0.0, 0.0), 'mode_bucket': ((0, 0), 737280), 'avg_bucket': (0, 0)}
{'path': '951.jpg', 'num': 951, 'avg': (0.4484337595348164, 0.3884562139672026, 0.25787432768244495), 'mode_bucket': ((8, 5), 101106), 'avg_bucket': (6, 5)}
{'path': '31.jpg', 'num': 31, 'avg': (0.3455705255781337, 0.5202267324421564, 0.4191521192861027), 'mode_bucket': ((1, 9), 119728), 'avg_bucket': (5, 7)}
{'path': '315.jpg', 'num': 315, 'avg': (0.5623144249161366, 0.42481931860927175, 0.31120208141783307), 'mode_bucket': ((8, 10), 94433), 'avg_bucket': (7, 6)}
{'path': '1635.jpg', 'num': 1635, 'avg': (0.5397709699421742, 0.1827006826425184, 0.4446288743360518), 'mode_bucket': ((7, 3), 132712), 'avg_bucket': (7, 3)}
{'path': '1435.jpg', 'num': 1435, 'avg': (0.38312149390922035, 0.6235547928976308, 0.20253648280073241), 'mode_bucket': ((0, 12), 209882), 'avg_bucket': (5, 8)}
{'path': '959.jpg', 'num': 959, 'avg': (0.3431813387072247, 0.36420673750717936, 0.2572546094170391), 'mode_bucket': ((7, 4), 95639), 'avg_bucket': (5, 5)}
{'path': '847.jpg', 'num': 847, 'avg': (0.22448120546366793, 0.3514646686232073, 0.020332637612524247), 'mode_bucket': ((0, 0), 212554), 'avg_bucket': (3, 5)}
{'path': '1403.jpg', 'num': 1403, 'avg': (0.08245699441976241, 0.12446514293518794, 0.017028883059311276), 'mode_bucket': ((0, 0), 644377), 'avg_bucket': (1, 2)}
{'path': '1287.jpg', 'num': 1287, 'avg': (0.17323472455935127, 0.20925494631704714, 0.030399762986907056), 'mode_bucket': ((0, 0), 452561), 'avg_bucket': (3, 3)}
{'path': '1319.jpg', 'num': 1319, 'avg': (0.48229144628146564, 0.857413593566562, 0.15446777875637943), 'mode_bucket': ((8, 12), 180684), 'avg_bucket': (6, 11)}
{'path': '727.jpg', 'num': 727, 'avg': (0.24803782012169143, 0.6019134036646603, 0.17772526892723764), 'mode_bucket': ((2, 12), 109371), 'avg_bucket': (3, 8)}
{'path': '91.jpg', 'num': 91, 'avg': (0.20624711298333384, 0.28240084818704564, 0.35642700993099574), 'mode_bucket': ((2, 3), 95294), 'avg_bucket': (3, 4)}
{'path': '1119.jpg', 'num': 1119, 'avg': (0.08633098282448158, 0.053981144885608394, 0.05271008327376196), 'mode_bucket': ((0, 0), 618318), 'avg_bucket': (2, 1)}
{'path': '1075.jpg', 'num': 1075, 'avg': (0.6097816202226667, 0.41305685781798795, 0.18167001761692758), 'mode_bucket': ((8, 3), 34153), 'avg_bucket': (8, 5)}
{'path': '1651.jpg', 'num': 1651, 'avg': (0.5143328856545368, 0.2788087866356166, 0.40524616715209116), 'mode_bucket': ((8, 4), 122466), 'avg_bucket': (7, 4)}
{'path': '255.jpg', 'num': 255, 'avg': (0.377945035705598, 0.15824867463751155, 0.12285689742481591), 'mode_bucket': ((0, 0), 231616), 'avg_bucket': (5, 2)}
{'path': '1747.jpg', 'num': 1747, 'avg': (0.0, 0.0, 0.0), 'mode_bucket': ((0, 0), 737280), 'avg_bucket': (0, 0)}
{'path': '399.jpg', 'num': 399, 'avg': (0.8705601963268876, 0.9354171009442934, 0.23201511225154892), 'mode_bucket': ((12, 12), 540072), 'avg_bucket': (11, 12)}
{'path': '899.jpg', 'num': 899, 'avg': (0.5773886327595567, 0.2981859825434447, 0.1911553276906963), 'mode_bucket': ((8, 6), 97738), 'avg_bucket': (7, 4)}
{'path': '1511.jpg', 'num': 1511, 'avg': (0.5043222871215178, 0.92728660366788, 0.15397738055751475), 'mode_bucket': ((9, 12), 284318), 'avg_bucket': (7, 12)}
{'path': '823.jpg', 'num': 823, 'avg': (0.596583079284536, 0.2933666897533332, 0.463492609826356), 'mode_bucket': ((8, 4), 359276), 'avg_bucket': (8, 4)}
{'path': '47.jpg', 'num': 47, 'avg': (0.24583966018645234, 0.35693688310296373, 0.5657153799018522), 'mode_bucket': ((1, 7), 97134), 'avg_bucket': (3, 5)}
{'path': '807.jpg', 'num': 807, 'avg': (0.4592870589312422, 0.49591766697193035, 0.18856057027797296), 'mode_bucket': ((8, 11), 107833), 'avg_bucket': (6, 6)}
{'path': '79.jpg', 'num': 79, 'avg': (0.16957355597573595, 0.327034767305705, 0.2936763535701894), 'mode_bucket': ((1, 5), 130774), 'avg_bucket': (3, 4)}
{'path': '311.jpg', 'num': 311, 'avg': (0.5512715217606255, 0.412109961579173, 0.3159384999654678), 'mode_bucket': ((7, 4), 63724), 'avg_bucket': (7, 5)}
{'path': '487.jpg', 'num': 487, 'avg': (0.5729416774740671, 0.260597189602023, 0.3923969396784678), 'mode_bucket': ((7, 5), 175883), 'avg_bucket': (7, 4)}
{'path': '223.jpg', 'num': 223, 'avg': (0.4082212130683342, 0.26752415373785016, 0.19862971685971184), 'mode_bucket': ((0, 0), 200772), 'avg_bucket': (5, 4)}
{'path': '1135.jpg', 'num': 1135, 'avg': (0.5473380233859781, 0.5778157396330076, 0.05160983881450683), 'mode_bucket': ((8, 6), 104987), 'avg_bucket': (7, 7)}
{'path': '375.jpg', 'num': 375, 'avg': (0.22966841110682915, 0.28344179539200404, 0.09777211839546815), 'mode_bucket': ((2, 4), 205087), 'avg_bucket': (3, 4)}
{'path': '1055.jpg', 'num': 1055, 'avg': (0.06609554527926298, 0.07410944394459615, 0.08279224537039168), 'mode_bucket': ((0, 0), 582574), 'avg_bucket': (1, 1)}
{'path': '191.jpg', 'num': 191, 'avg': (0.3629098801133643, 0.16055197763516318, 0.33635275182075863), 'mode_bucket': ((7, 2), 80846), 'avg_bucket': (5, 2)}
{'path': '3.jpg', 'num': 3, 'avg': (0.6394140087157775, 0.9132485847324947, 0.3648452552668749), 'mode_bucket': ((8, 12), 626954), 'avg_bucket': (8, 11)}
{'path': '139.jpg', 'num': 139, 'avg': (0.12110462098199347, 0.308520131597589, 0.2645174951505286), 'mode_bucket': ((2, 2), 74607), 'avg_bucket': (2, 4)}
{'path': '531.jpg', 'num': 531, 'avg': (0.509060073147911, 0.5971050961580903, 0.13856312870238607), 'mode_bucket': ((7, 10), 127167), 'avg_bucket': (7, 8)}
{'path': '435.jpg', 'num': 435, 'avg': (0.605042957862262, 0.5342343354645146, 0.17566792407101706), 'mode_bucket': ((8, 6), 130155), 'avg_bucket': (8, 7)}
{'path': '1295.jpg', 'num': 1295, 'avg': (0.6231970151529812, 0.3155819979381273, 0.42403883591223135), 'mode_bucket': ((5, 1), 45872), 'avg_bucket': (8, 4)}
{'path': '251.jpg', 'num': 251, 'avg': (0.5118210316833297, 0.2913270100739756, 0.12152943729624396), 'mode_bucket': ((0, 0), 67252), 'avg_bucket': (7, 4)}
{'path': '683.jpg', 'num': 683, 'avg': (0.4167628114247009, 0.3601463393769174, 0.168606510203863), 'mode_bucket': ((0, 0), 160117), 'avg_bucket': (6, 5)}
{'path': '827.jpg', 'num': 827, 'avg': (0.5958464607749667, 0.26209301309698196, 0.4866068389159386), 'mode_bucket': ((8, 4), 313516), 'avg_bucket': (8, 4)}
{'path': '815.jpg', 'num': 815, 'avg': (0.5190305757136959, 0.37302958226145705, 0.16794823474202564), 'mode_bucket': ((8, 7), 78334), 'avg_bucket': (7, 5)}
{'path': '291.jpg', 'num': 291, 'avg': (0.5611944407678158, 0.2811511210709997, 0.6470147346033923), 'mode_bucket': ((12, 12), 134629), 'avg_bucket': (7, 4)}
{'path': '355.jpg', 'num': 355, 'avg': (0.6371832086839624, 0.34438071739981374, 0.5584656267020398), 'mode_bucket': ((12, 12), 158357), 'avg_bucket': (8, 5)}
{'path': '527.jpg', 'num': 527, 'avg': (0.2404672537781832, 0.1844304780455602, 0.059210074763527666), 'mode_bucket': ((0, 0), 299697), 'avg_bucket': (3, 3)}
{'path': '547.jpg', 'num': 547, 'avg': (0.522035661049545, 0.6742935761962784, 0.2577786341317579), 'mode_bucket': ((7, 10), 149452), 'avg_bucket': (7, 9)}
{'path': '767.jpg', 'num': 767, 'avg': (0.4273679601133482, 0.34168038691496627, 0.13844507421108662), 'mode_bucket': ((5, 3), 66806), 'avg_bucket': (6, 5)}
{'path': '1611.jpg', 'num': 1611, 'avg': (0.626950166892089, 0.09279243321085968, 0.7329136827284672), 'mode_bucket': ((9, 1), 466497), 'avg_bucket': (8, 2)}
{'path': '1399.jpg', 'num': 1399, 'avg': (0.14126165997473228, 0.1202564789498026, 0.03252380238122969), 'mode_bucket': ((0, 0), 602212), 'avg_bucket': (2, 2)}
{'path': '627.jpg', 'num': 627, 'avg': (0.3417024677017568, 0.38598515451044835, 0.11245726209281326), 'mode_bucket': ((2, 4), 86191), 'avg_bucket': (5, 5)}
{'path': '711.jpg', 'num': 711, 'avg': (0.31906543335952997, 0.5205926618478562, 0.1487826531439853), 'mode_bucket': ((1, 12), 85427), 'avg_bucket': (4, 7)}
{'path': '751.jpg', 'num': 751, 'avg': (0.402730348537048, 0.36111441155726537, 0.4261834065217629), 'mode_bucket': ((1, 4), 66047), 'avg_bucket': (5, 5)}
{'path': '939.jpg', 'num': 939, 'avg': (0.46231430254257366, 0.30816082491275076, 0.24525944861468563), 'mode_bucket': ((7, 3), 41296), 'avg_bucket': (6, 4)}
{'path': '1315.jpg', 'num': 1315, 'avg': (0.3586287648100265, 0.8243210418815948, 0.24327191521138375), 'mode_bucket': ((0, 12), 210157), 'avg_bucket': (5, 10)}
{'path': '1731.jpg', 'num': 1731, 'avg': (0.0, 0.0, 0.0), 'mode_bucket': ((0, 0), 737280), 'avg_bucket': (0, 0)}
{'path': '187.jpg', 'num': 187, 'avg': (0.2584514988348846, 0.3435595187438189, 0.20611455780147775), 'mode_bucket': ((2, 12), 94988), 'avg_bucket': (4, 5)}
{'path': '1563.jpg', 'num': 1563, 'avg': (0.47782016104616165, 0.22216096936808732, 0.5431632221039423), 'mode_bucket': ((6, 2), 245526), 'avg_bucket': (6, 3)}
{'path': '1615.jpg', 'num': 1615, 'avg': (0.6240091893154638, 0.11488724411309731, 0.7281835618388627), 'mode_bucket': ((9, 1), 471718), 'avg_bucket': (8, 2)}
{'path': '1515.jpg', 'num': 1515, 'avg': (0.5419607718796329, 0.9807675777617468, 0.2815907915905577), 'mode_bucket': ((8, 12), 239401), 'avg_bucket': (7, 12)}
{'path': '1579.jpg', 'num': 1579, 'avg': (0.5705748729548914, 0.2611513860462053, 0.5413009184792129), 'mode_bucket': ((8, 4), 163376), 'avg_bucket': (7, 4)}
{'path': '243.jpg', 'num': 243, 'avg': (0.4048118236562181, 0.20959553723839114, 0.0841296945203715), 'mode_bucket': ((5, 3), 262067), 'avg_bucket': (5, 3)}
{'path': '427.jpg', 'num': 427, 'avg': (0.47011001953288334, 0.36149403320797435, 0.12749982447496894), 'mode_bucket': ((8, 4), 59942), 'avg_bucket': (6, 5)}
{'path': '1187.jpg', 'num': 1187, 'avg': (0.2506771598564319, 0.6889932870384332, 0.10876970145698601), 'mode_bucket': ((0, 0), 178984), 'avg_bucket': (4, 9)}
{'path': '675.jpg', 'num': 675, 'avg': (0.4521508624674294, 0.1260145422833683, 0.42599791283713706), 'mode_bucket': ((6, 1), 92424), 'avg_bucket': (6, 2)}
{'path': '851.jpg', 'num': 851, 'avg': (0.4193877238213298, 0.19590687344625937, 0.5050882682695786), 'mode_bucket': ((1, 3), 187645), 'avg_bucket': (6, 3)}
{'path': '1539.jpg', 'num': 1539, 'avg': (0.39069080430818204, 0.8819970008644566, 0.3475269192970184), 'mode_bucket': ((7, 12), 109788), 'avg_bucket': (5, 11)}
{'path': '283.jpg', 'num': 283, 'avg': (0.6461737168202409, 0.19515588233555864, 0.5952824744254239), 'mode_bucket': ((8, 2), 290992), 'avg_bucket': (8, 3)}
{'path': '1203.jpg', 'num': 1203, 'avg': (0.2663786541135904, 0.6951504393296329, 0.10016883467804732), 'mode_bucket': ((0, 0), 154786), 'avg_bucket': (4, 9)}
{'path': '1071.jpg', 'num': 1071, 'avg': (0.3007314326569635, 0.3692334574226846, 0.0811950231490075), 'mode_bucket': ((0, 0), 117547), 'avg_bucket': (4, 5)}
{'path': '1039.jpg', 'num': 1039, 'avg': (0.0, 0.0, 0.0), 'mode_bucket': ((0, 0), 737280), 'avg_bucket': (0, 0)}
{'path': '747.jpg', 'num': 747, 'avg': (0.34684125054116033, 0.16062048538865056, 0.4170472069032905), 'mode_bucket': ((1, 2), 76538), 'avg_bucket': (5, 2)}
{'path': '1395.jpg', 'num': 1395, 'avg': (0.24837616989423783, 0.2347746336910786, 0.12171870212929961), 'mode_bucket': ((0, 0), 455629), 'avg_bucket': (3, 3)}
{'path': '151.jpg', 'num': 151, 'avg': (0.2199646155593459, 0.2852039523361545, 0.5352825967626379), 'mode_bucket': ((6, 2), 94198), 'avg_bucket': (3, 4)}
{'path': '23.jpg', 'num': 23, 'avg': (0.005111355251736577, 0.014670862268518412, 0.0007837392769601945), 'mode_bucket': ((0, 0), 726400), 'avg_bucket': (1, 1)}
{'path': '459.jpg', 'num': 459, 'avg': (0.8779435081325212, 0.8073122009098684, 0.2407714099097615), 'mode_bucket': ((12, 12), 288000), 'avg_bucket': (11, 10)}
{'path': '1383.jpg', 'num': 1383, 'avg': (0.0578148966947378, 0.038896937290588254, 0.045310266033506165), 'mode_bucket': ((0, 0), 661248), 'avg_bucket': (1, 1)}
{'path': '1695.jpg', 'num': 1695, 'avg': (0.019998889513980846, 0.025948307327882045, 0.013179647075846911), 'mode_bucket': ((0, 0), 703354), 'avg_bucket': (1, 1)}
{'path': '1139.jpg', 'num': 1139, 'avg': (0.533002386081542, 0.6010549513195408, 0.17967996834191205), 'mode_bucket': ((12, 11), 91166), 'avg_bucket': (7, 8)}
{'path': '275.jpg', 'num': 275, 'avg': (0.6144515160636761, 0.32793862633735377, 0.3161610349424891), 'mode_bucket': ((8, 3), 156037), 'avg_bucket': (8, 4)}
{'path': '679.jpg', 'num': 679, 'avg': (0.5505672670348974, 0.3594317255560851, 0.2548331546167171), 'mode_bucket': ((7, 3), 81270), 'avg_bucket': (7, 5)}
{'path': '583.jpg', 'num': 583, 'avg': (0.27882516268099505, 0.35980387327575414, 0.08245078359061699), 'mode_bucket': ((0, 0), 102452), 'avg_bucket': (4, 5)}
{'path': '7.jpg', 'num': 7, 'avg': (0.3532284570704171, 0.4511255713556, 0.03553321057188271), 'mode_bucket': ((2, 6), 297229), 'avg_bucket': (5, 6)}
{'path': '771.jpg', 'num': 771, 'avg': (0.5890608399168712, 0.48018607393526314, 0.3912386174090838), 'mode_bucket': ((7, 5), 175999), 'avg_bucket': (8, 6)}
{'path': '463.jpg', 'num': 463, 'avg': (0.6395815553823935, 0.25446501556937606, 0.32723084426907906), 'mode_bucket': ((11, 2), 42607), 'avg_bucket': (8, 4)}
{'path': '1279.jpg', 'num': 1279, 'avg': (0.5389909865153366, 0.918649839626254, 0.44021807768293986), 'mode_bucket': ((12, 12), 365862), 'avg_bucket': (7, 12)}
{'path': '775.jpg', 'num': 775, 'avg': (0.2758834187514337, 0.24010542884130248, 0.4539038511446859), 'mode_bucket': ((3, 2), 110053), 'avg_bucket': (4, 3)}
{'path': '1547.jpg', 'num': 1547, 'avg': (0.29648870456858245, 0.6865252559004639, 0.20639881408281388), 'mode_bucket': ((2, 12), 80419), 'avg_bucket': (4, 9)}
{'path': '983.jpg', 'num': 983, 'avg': (0.5103123010399823, 0.414580092201673, 0.16603523603432369), 'mode_bucket': ((0, 0), 104851), 'avg_bucket': (7, 5)}
{'path': '39.jpg', 'num': 39, 'avg': (0.1263498567861645, 0.6260682945242486, 0.6366510661332923), 'mode_bucket': ((1, 7), 138214), 'avg_bucket': (2, 8)}
{'path': '1275.jpg', 'num': 1275, 'avg': (0.22056736109877445, 0.7021782244913579, 0.1533793796379004), 'mode_bucket': ((0, 12), 126972), 'avg_bucket': (3, 9)}
{'path': '759.jpg', 'num': 759, 'avg': (0.37221058209007707, 0.1515395605441196, 0.4298877591397352), 'mode_bucket': ((1, 2), 82760), 'avg_bucket': (5, 2)}
{'path': '887.jpg', 'num': 887, 'avg': (0.2988778539377791, 0.4830103895954752, 0.06068329056950434), 'mode_bucket': ((4, 9), 164264), 'avg_bucket': (4, 6)}
{'path': '1447.jpg', 'num': 1447, 'avg': (0.5240304443876649, 0.7537543903432334, 0.33615370008687434), 'mode_bucket': ((7, 12), 302768), 'avg_bucket': (7, 10)}
{'path': '263.jpg', 'num': 263, 'avg': (0.42508526518564, 0.24953171296338575, 0.13431534245673493), 'mode_bucket': ((0, 0), 121226), 'avg_bucket': (6, 3)}
{'path': '1519.jpg', 'num': 1519, 'avg': (0.4209770288174532, 0.9831518813371727, 0.2509497708587319), 'mode_bucket': ((8, 12), 164225), 'avg_bucket': (6, 12)}
{'path': '1327.jpg', 'num': 1327, 'avg': (0.48479751011705996, 0.750743016041957, 0.3129690372256203), 'mode_bucket': ((12, 12), 234237), 'avg_bucket': (6, 10)}
{'path': '743.jpg', 'num': 743, 'avg': (0.6043223221299481, 0.2638377988392793, 0.3709560578775783), 'mode_bucket': ((10, 1), 91384), 'avg_bucket': (8, 4)}
{'path': '159.jpg', 'num': 159, 'avg': (0.22209976794724307, 0.2818688849593654, 0.5300900820395203), 'mode_bucket': ((6, 2), 97070), 'avg_bucket': (3, 4)}
{'path': '691.jpg', 'num': 691, 'avg': (0.40433173949387907, 0.3011137808019762, 0.42118031620230867), 'mode_bucket': ((2, 3), 103374), 'avg_bucket': (5, 4)}
{'path': '667.jpg', 'num': 667, 'avg': (0.3976622995009897, 0.21570049938604785, 0.3458768690843913), 'mode_bucket': ((6, 1), 58190), 'avg_bucket': (5, 3)}
{'path': '559.jpg', 'num': 559, 'avg': (0.18963387091676245, 0.293827494110648, 0.06052940219115743), 'mode_bucket': ((2, 4), 401458), 'avg_bucket': (3, 4)}
{'path': '239.jpg', 'num': 239, 'avg': (0.46014386388690653, 0.20571946900899538, 0.13489576418654275), 'mode_bucket': ((12, 3), 65666), 'avg_bucket': (6, 3)}
{'path': '1179.jpg', 'num': 1179, 'avg': (0.31645034351225576, 0.9193427329398027, 0.11840461282174788), 'mode_bucket': ((4, 12), 181772), 'avg_bucket': (4, 12)}
{'path': '1151.jpg', 'num': 1151, 'avg': (0.26074959953371113, 0.54657279207742, 0.10956695623158128), 'mode_bucket': ((3, 9), 101178), 'avg_bucket': (4, 7)}
{'path': '895.jpg', 'num': 895, 'avg': (0.3279730639257682, 0.49157027088083405, 0.0864886886823448), 'mode_bucket': ((0, 0), 218244), 'avg_bucket': (4, 6)}
{'path': '411.jpg', 'num': 411, 'avg': (0.3759075155619509, 0.3418109447387724, 0.22014777688354015), 'mode_bucket': ((0, 0), 151350), 'avg_bucket': (5, 5)}
{'path': '1463.jpg', 'num': 1463, 'avg': (0.5824121054220885, 0.8034513538216154, 0.3464730455990228), 'mode_bucket': ((8, 12), 220010), 'avg_bucket': (7, 10)}
!1227.jpg
{'path': '575.jpg', 'num': 575, 'avg': (0.47680081211242353, 0.30730453549836895, 0.07000082444036561), 'mode_bucket': ((5, 3), 151552), 'avg_bucket': (6, 4)}
{'path': '471.jpg', 'num': 471, 'avg': (0.6242798492472443, 0.2605925047855534, 0.33195949712335443), 'mode_bucket': ((11, 3), 39835), 'avg_bucket': (8, 4)}
{'path': '395.jpg', 'num': 395, 'avg': (0.3244591156669761, 0.24891918373683172, 0.3807135820905597), 'mode_bucket': ((2, 6), 79015), 'avg_bucket': (4, 3)}
{'path': '927.jpg', 'num': 927, 'avg': (0.5398392193064451, 0.7305373816975732, 0.2119684063949429), 'mode_bucket': ((12, 12), 120661), 'avg_bucket': (7, 9)}
{'path': '635.jpg', 'num': 635, 'avg': (0.3815084553797515, 0.5103263595930461, 0.12362545636644202), 'mode_bucket': ((4, 9), 92605), 'avg_bucket': (5, 7)}
{'path': '763.jpg', 'num': 763, 'avg': (0.4136577654967219, 0.34967624714592627, 0.13600529556519841), 'mode_bucket': ((5, 3), 50026), 'avg_bucket': (5, 5)}
{'path': '267.jpg', 'num': 267, 'avg': (0.4625987137303328, 0.250506389989954, 0.12495749080846116), 'mode_bucket': ((0, 0), 119045), 'avg_bucket': (6, 4)}
{'path': '379.jpg', 'num': 379, 'avg': (0.31201655071433354, 0.36814364972658303, 0.23296665432660824), 'mode_bucket': ((12, 3), 41592), 'avg_bucket': (4, 5)}
{'path': '247.jpg', 'num': 247, 'avg': (0.35039035395373386, 0.33155678762516577, 0.42959437550800555), 'mode_bucket': ((2, 6), 165461), 'avg_bucket': (5, 4)}
{'path': '1291.jpg', 'num': 1291, 'avg': (0.4226790327119113, 0.32117940225309893, 0.23497816563695245), 'mode_bucket': ((0, 0), 72368), 'avg_bucket': (6, 4)}
{'path': '663.jpg', 'num': 663, 'avg': (0.5785608447566284, 0.4090365092390246, 0.32147837520456357), 'mode_bucket': ((8, 6), 136176), 'avg_bucket': (7, 5)}
{'path': '1103.jpg', 'num': 1103, 'avg': (0.3753842106845389, 0.3061235796384023, 0.039455773846517626), 'mode_bucket': ((0, 0), 167648), 'avg_bucket': (5, 4)}
{'path': '1199.jpg', 'num': 1199, 'avg': (0.3253236512825132, 0.6822892517972451, 0.12975554023702496), 'mode_bucket': ((0, 0), 172206), 'avg_bucket': (4, 9)}
{'path': '1751.jpg', 'num': 1751, 'avg': (0.0, 0.0, 0.0), 'mode_bucket': ((0, 0), 737280), 'avg_bucket': (0, 0)}
{'path': '163.jpg', 'num': 163, 'avg': (0.1400690290901963, 0.20503810610099926, 0.5167204893023262), 'mode_bucket': ((2, 1), 130769), 'avg_bucket': (2, 3)}
{'path': '339.jpg', 'num': 339, 'avg': (0.5741919591323138, 0.34423758083349587, 0.4814561685118636), 'mode_bucket': ((12, 12), 117608), 'avg_bucket': (7, 5)}
{'path': '1063.jpg', 'num': 1063, 'avg': (0.4709796957808886, 0.38992457258218344, 0.1411774014081362), 'mode_bucket': ((0, 0), 67227), 'avg_bucket': (6, 5)}
{'path': '1347.jpg', 'num': 1347, 'avg': (0.4681591801913033, 0.9835620589104028, 0.25023402394847555), 'mode_bucket': ((12, 12), 318346), 'avg_bucket': (6, 12)}
{'path': '1631.jpg', 'num': 1631, 'avg': (0.5485083961434354, 0.15469580904874092, 0.5954525537438844), 'mode_bucket': ((8, 3), 78192), 'avg_bucket': (7, 2)}
{'path': '1371.jpg', 'num': 1371, 'avg': (0.3441105526192609, 0.8904649786912769, 0.22648567814741274), 'mode_bucket': ((0, 12), 231649), 'avg_bucket': (5, 11)}
{'path': '1423.jpg', 'num': 1423, 'avg': (0.1804399409769764, 0.23328545758582492, 0.01064403658598485), 'mode_bucket': ((0, 0), 525803), 'avg_bucket': (3, 3)}
{'path': '11.jpg', 'num': 11, 'avg': (0.25036289711161697, 0.4163050740388729, 0.047870237396472344), 'mode_bucket': ((2, 5), 185056), 'avg_bucket': (4, 5)}
{'path': '1603.jpg', 'num': 1603, 'avg': (0.46530285772914975, 0.2137783224131083, 0.5979273737498696), 'mode_bucket': ((6, 3), 140996), 'avg_bucket': (6, 3)}
{'path': '271.jpg', 'num': 271, 'avg': (0.4152520102510913, 0.24769508722546676, 0.2706750195724778), 'mode_bucket': ((0, 0), 132179), 'avg_bucket': (5, 3)}
{'path': '1499.jpg', 'num': 1499, 'avg': (0.759423219034382, 0.9436385475899226, 0.1927629378567879), 'mode_bucket': ((9, 12), 276568), 'avg_bucket': (10, 12)}
{'path': '1007.jpg', 'num': 1007, 'avg': (0.7200530320007832, 0.6777629984177207, 0.1688944631673213), 'mode_bucket': ((12, 12), 234570), 'avg_bucket': (9, 9)}
{'path': '367.jpg', 'num': 367, 'avg': (0.596172944257984, 0.26171951503907975, 0.47224542355994525), 'mode_bucket': ((8, 1), 77427), 'avg_bucket': (8, 4)}
{'path': '363.jpg', 'num': 363, 'avg': (0.5968929238559675, 0.27082485746703544, 0.48408569069998036), 'mode_bucket': ((6, 2), 65088), 'avg_bucket': (8, 4)}
{'path': '1235.jpg', 'num': 1235, 'avg': (0.4766004991062881, 0.5317172479777684, 0.12525910820067648), 'mode_bucket': ((0, 0), 208365), 'avg_bucket': (6, 7)}
{'path': '327.jpg', 'num': 327, 'avg': (0.5347000701206263, 0.23801882991889825, 0.5350470303125812), 'mode_bucket': ((5, 1), 60872), 'avg_bucket': (7, 3)}
{'path': '371.jpg', 'num': 371, 'avg': (0.5362574330859372, 0.31728522774362233, 0.49571633731516374), 'mode_bucket': ((12, 12), 111984), 'avg_bucket': (7, 4)}
{'path': '535.jpg', 'num': 535, 'avg': (0.5888654952872532, 0.6006190367502628, 0.1772886082606406), 'mode_bucket': ((7, 9), 104667), 'avg_bucket': (8, 8)}
{'path': '323.jpg', 'num': 323, 'avg': (0.548687537836131, 0.20540080614585263, 0.5444266471776378), 'mode_bucket': ((6, 1), 107065), 'avg_bucket': (7, 3)}
!1211.jpg
{'path': '1095.jpg', 'num': 1095, 'avg': (0.06273412798147276, 0.11792797448530568, 0.014466449014648084), 'mode_bucket': ((0, 0), 564621), 'avg_bucket': (1, 2)}
!1207.jpg
{'path': '599.jpg', 'num': 599, 'avg': (0.23613786368074427, 0.4372400837291538, 0.15220148356668775), 'mode_bucket': ((1, 6), 68169), 'avg_bucket': (3, 6)}
{'path': '1111.jpg', 'num': 1111, 'avg': (0.49434459364959, 0.3374157386154997, 0.07566454120720775), 'mode_bucket': ((8, 4), 116189), 'avg_bucket': (6, 5)}
{'path': '843.jpg', 'num': 843, 'avg': (0.6029003987109249, 0.2779570654274741, 0.38026585265081636), 'mode_bucket': ((8, 2), 124334), 'avg_bucket': (8, 4)}
{'path': '1595.jpg', 'num': 1595, 'avg': (0.5748457594607471, 0.44171674034404457, 0.5939655458545668), 'mode_bucket': ((8, 7), 278533), 'avg_bucket': (7, 6)}
{'path': '543.jpg', 'num': 543, 'avg': (0.5850396725433022, 0.6855321342492572, 0.16762338409792174), 'mode_bucket': ((7, 10), 109404), 'avg_bucket': (8, 9)}
{'path': '235.jpg', 'num': 235, 'avg': (0.42534430386392874, 0.18991589256544877, 0.1268701278252762), 'mode_bucket': ((2, 4), 104917), 'avg_bucket': (6, 3)}
{'path': '1439.jpg', 'num': 1439, 'avg': (0.4636258051748252, 0.4911233977543724, 0.3465766378165363), 'mode_bucket': ((0, 0), 209877), 'avg_bucket': (6, 6)}
{'path': '143.jpg', 'num': 143, 'avg': (0.08631031909826814, 0.4562695556836202, 0.4474518686595103), 'mode_bucket': ((1, 3), 87091), 'avg_bucket': (2, 6)}
{'path': '915.jpg', 'num': 915, 'avg': (0.30737465016187115, 0.6185591192378455, 0.07069388063431584), 'mode_bucket': ((0, 0), 126120), 'avg_bucket': (4, 8)}
{'path': '655.jpg', 'num': 655, 'avg': (0.56670629403067, 0.41682472014731003, 0.3706231968697335), 'mode_bucket': ((8, 6), 133261), 'avg_bucket': (7, 6)}
{'path': '971.jpg', 'num': 971, 'avg': (0.5608947696379766, 0.20831912216857632, 0.36626465375641765), 'mode_bucket': ((8, 2), 137487), 'avg_bucket': (7, 3)}
{'path': '1331.jpg', 'num': 1331, 'avg': (0.4873479175574645, 0.9144848274506452, 0.27146457248279426), 'mode_bucket': ((12, 12), 289858), 'avg_bucket': (6, 11)}
{'path': '623.jpg', 'num': 623, 'avg': (0.44552380839972205, 0.26167210936573304, 0.0971213639538747), 'mode_bucket': ((2, 3), 205255), 'avg_bucket': (6, 4)}
{'path': '447.jpg', 'num': 447, 'avg': (0.4119408894757045, 0.9059092156079877, 0.09999205346153404), 'mode_bucket': ((4, 12), 393778), 'avg_bucket': (5, 11)}
{'path': '919.jpg', 'num': 919, 'avg': (0.5910634606950999, 0.4145664202007439, 0.21436187278766294), 'mode_bucket': ((8, 6), 69510), 'avg_bucket': (8, 5)}
{'path': '779.jpg', 'num': 779, 'avg': (0.22855741779518673, 0.2822251914240698, 0.10495271969443777), 'mode_bucket': ((0, 0), 368457), 'avg_bucket': (3, 4)}
{'path': '1067.jpg', 'num': 1067, 'avg': (0.3231265626762634, 0.24314389808258546, 0.129292263455838), 'mode_bucket': ((2, 3), 132603), 'avg_bucket': (4, 3)}
{'path': '1507.jpg', 'num': 1507, 'avg': (0.3684433848213997, 0.9225391927442541, 0.1414895716319179), 'mode_bucket': ((1, 12), 150320), 'avg_bucket': (5, 12)}
{'path': '167.jpg', 'num': 167, 'avg': (0.11076998408662482, 0.34660322799070603, 0.4212200435726601), 'mode_bucket': ((2, 4), 174431), 'avg_bucket': (2, 5)}
{'path': '735.jpg', 'num': 735, 'avg': (0.35433668287733766, 0.1691412497520575, 0.40193057789583486), 'mode_bucket': ((1, 2), 94038), 'avg_bucket': (5, 3)}
{'path': '1675.jpg', 'num': 1675, 'avg': (0.014149344409031832, 0.01603284432538217, 0.009909114796091877), 'mode_bucket': ((0, 0), 713695), 'avg_bucket': (1, 1)}
{'path': '1171.jpg', 'num': 1171, 'avg': (0.561985903427471, 0.5780456856413666, 0.34584588077878853), 'mode_bucket': ((12, 12), 277000), 'avg_bucket': (7, 7)}
{'path': '407.jpg', 'num': 407, 'avg': (0.2654835968512397, 0.1673210889545169, 0.1186927945008581), 'mode_bucket': ((0, 0), 161879), 'avg_bucket': (4, 3)}
{'path': '1659.jpg', 'num': 1659, 'avg': (0.007040291747916348, 0.007630524075872844, 0.004944757199754877), 'mode_bucket': ((0, 0), 726102), 'avg_bucket': (1, 1)}
{'path': '1359.jpg', 'num': 1359, 'avg': (0.2644543399673306, 0.9111178049816093, 0.2177967718115834), 'mode_bucket': ((1, 12), 219156), 'avg_bucket': (4, 11)}
{'path': '931.jpg', 'num': 931, 'avg': (0.5768922394708186, 0.728124559608482, 0.22334101924236813), 'mode_bucket': ((12, 12), 129266), 'avg_bucket': (7, 9)}
{'path': '95.jpg', 'num': 95, 'avg': (0.431580643506013, 0.567798546640414, 0.17136096430716724), 'mode_bucket': ((2, 12), 89195), 'avg_bucket': (6, 7)}
{'path': '1671.jpg', 'num': 1671, 'avg': (0.019100671129596482, 0.023841524032544928, 0.011295088890592385), 'mode_bucket': ((0, 0), 705296), 'avg_bucket': (1, 1)}
{'path': '1527.jpg', 'num': 1527, 'avg': (0.40528864279729676, 0.7370969485749369, 0.4046157630805501), 'mode_bucket': ((4, 11), 129822), 'avg_bucket': (5, 9)}
{'path': '215.jpg', 'num': 215, 'avg': (0.4853996105021625, 0.34644643404961295, 0.05642886093261434), 'mode_bucket': ((8, 4), 136151), 'avg_bucket': (6, 5)}
{'path': '71.jpg', 'num': 71, 'avg': (0.18366349788831443, 0.30430948216630777, 0.3603643333415253), 'mode_bucket': ((2, 6), 70797), 'avg_bucket': (3, 4)}
{'path': '19.jpg', 'num': 19, 'avg': (0.20870372250217123, 0.27059262294460507, 0.12120496429917495), 'mode_bucket': ((2, 4), 156946), 'avg_bucket': (3, 4)}
{'path': '155.jpg', 'num': 155, 'avg': (0.21923785687510053, 0.28254623462982686, 0.5389417168777834), 'mode_bucket': ((6, 1), 90758), 'avg_bucket': (3, 4)}
{'path': '87.jpg', 'num': 87, 'avg': (0.004931640624999635, 0.0077880859375, 5.904054330065339e-05), 'mode_bucket': ((0, 0), 731538), 'avg_bucket': (1, 1)}
{'path': '1471.jpg', 'num': 1471, 'avg': (0.1968088190511038, 0.2547479038771136, 0.022401168258127803), 'mode_bucket': ((0, 0), 531926), 'avg_bucket': (3, 4)}
{'path': '67.jpg', 'num': 67, 'avg': (0.21077625023397736, 0.421015706203251, 0.21475213077870414), 'mode_bucket': ((1, 6), 62127), 'avg_bucket': (3, 6)}
{'path': '483.jpg', 'num': 483, 'avg': (0.5499046173546199, 0.2564030878983975, 0.39737062142420515), 'mode_bucket': ((8, 5), 89899), 'avg_bucket': (7, 4)}
{'path': '883.jpg', 'num': 883, 'avg': (0.3056495811728779, 0.513127176668885, 0.06010169866624162), 'mode_bucket': ((4, 9), 176304), 'avg_bucket': (4, 7)}
{'path': '631.jpg', 'num': 631, 'avg': (0.35444491754459917, 0.5126838643245917, 0.08600845503214215), 'mode_bucket': ((4, 6), 97753), 'avg_bucket': (5, 7)}
{'path': '387.jpg', 'num': 387, 'avg': (0.3273077922211314, 0.25133839716131073, 0.36816799853593823), 'mode_bucket': ((2, 6), 77913), 'avg_bucket': (4, 4)}
{'path': '831.jpg', 'num': 831, 'avg': (0.3197604511628522, 0.3945751769057861, 0.15321645965317965), 'mode_bucket': ((2, 3), 78371), 'avg_bucket': (4, 5)}
{'path': '1551.jpg', 'num': 1551, 'avg': (0.47922575774597104, 0.25115565141580287, 0.4710735857922025), 'mode_bucket': ((6, 3), 115264), 'avg_bucket': (6, 4)}
{'path': '1455.jpg', 'num': 1455, 'avg': (0.6336136447234214, 0.5310069789221638, 0.4069430030034125), 'mode_bucket': ((0, 0), 60771), 'avg_bucket': (8, 7)}
{'path': '1483.jpg', 'num': 1483, 'avg': (0.38271446897287326, 0.5325038229736498, 0.18660948244266432), 'mode_bucket': ((0, 0), 263150), 'avg_bucket': (5, 7)}
{'path': '643.jpg', 'num': 643, 'avg': (0.3597290514322441, 0.1728301823539503, 0.4934173091974433), 'mode_bucket': ((2, 2), 97548), 'avg_bucket': (5, 3)}
{'path': '819.jpg', 'num': 819, 'avg': (0.49246831321270357, 0.39380874280386463, 0.2234455263219221), 'mode_bucket': ((8, 8), 67458), 'avg_bucket': (6, 5)}
{'path': '671.jpg', 'num': 671, 'avg': (0.4538570948396057, 0.25997506410438453, 0.25310114974700476), 'mode_bucket': ((5, 3), 85741), 'avg_bucket': (6, 4)}
{'path': '1623.jpg', 'num': 1623, 'avg': (0.2709990923238752, 0.16537509677202905, 0.4911866351362211), 'mode_bucket': ((2, 1), 113825), 'avg_bucket': (4, 2)}
{'path': '699.jpg', 'num': 699, 'avg': (0.5467173586453596, 0.3788382705892239, 0.250786909382651), 'mode_bucket': ((8, 4), 107713), 'avg_bucket': (7, 5)}
{'path': '1127.jpg', 'num': 1127, 'avg': (0.53916135641485, 0.49899874926282456, 0.08846156832982115), 'mode_bucket': ((12, 11), 121508), 'avg_bucket': (7, 6)}
{'path': '1719.jpg', 'num': 1719, 'avg': (0.0, 0.0, 0.0), 'mode_bucket': ((0, 0), 737280), 'avg_bucket': (0, 0)}
{'path': '1703.jpg', 'num': 1703, 'avg': (0.0, 0.0, 0.0), 'mode_bucket': ((0, 0), 737280), 'avg_bucket': (0, 0)}
{'path': '1051.jpg', 'num': 1051, 'avg': (0.28447702768733785, 0.4090763809334836, 0.1729196240138923), 'mode_bucket': ((2, 3), 89666), 'avg_bucket': (4, 5)}
{'path': '1267.jpg', 'num': 1267, 'avg': (0.15505332631219115, 0.29790200018855517, 0.06299896705651492), 'mode_bucket': ((0, 0), 439921), 'avg_bucket': (2, 4)}
{'path': '811.jpg', 'num': 811, 'avg': (0.364954397829928, 0.4106176384120897, 0.23146180130022564), 'mode_bucket': ((7, 3), 104159), 'avg_bucket': (5, 5)}
{'path': '107.jpg', 'num': 107, 'avg': (0.2359244089864539, 0.7088346541116363, 0.22348020067273452), 'mode_bucket': ((1, 12), 253725), 'avg_bucket': (3, 9)}
{'path': '1735.jpg', 'num': 1735, 'avg': (0.0, 0.0, 0.0), 'mode_bucket': ((0, 0), 737280), 'avg_bucket': (0, 0)}
{'path': '703.jpg', 'num': 703, 'avg': (0.48534728102682173, 0.4831898460610443, 0.16989960448186273), 'mode_bucket': ((7, 8), 56634), 'avg_bucket': (6, 6)}
{'path': '1531.jpg', 'num': 1531, 'avg': (0.6313519715951144, 0.8787710170735055, 0.49759775730962613), 'mode_bucket': ((12, 12), 250048), 'avg_bucket': (8, 11)}
{'path': '1255.jpg', 'num': 1255, 'avg': (0.654272622695628, 0.610903481779054, 0.2854067627481963), 'mode_bucket': ((12, 12), 193851), 'avg_bucket': (8, 8)}
{'path': '351.jpg', 'num': 351, 'avg': (0.5784384872887273, 0.35030654021966384, 0.4736949433619726), 'mode_bucket': ((12, 12), 118721), 'avg_bucket': (7, 5)}
{'path': '1311.jpg', 'num': 1311, 'avg': (0.4114926249534294, 0.9653333401818819, 0.24455459495006274), 'mode_bucket': ((0, 12), 301141), 'avg_bucket': (5, 12)}
{'path': '455.jpg', 'num': 455, 'avg': (0.889388974292976, 0.8272003050766508, 0.25205250459594064), 'mode_bucket': ((12, 12), 331287), 'avg_bucket': (11, 10)}
{'path': '1571.jpg', 'num': 1571, 'avg': (0.6342471963929079, 0.30438306151104544, 0.48683821401932004), 'mode_bucket': ((8, 5), 146791), 'avg_bucket': (8, 4)}
{'path': '103.jpg', 'num': 103, 'avg': (0.34622717280609805, 0.29907114687798547, 0.06099013650629926), 'mode_bucket': ((0, 0), 150648), 'avg_bucket': (5, 4)}
{'path': '1431.jpg', 'num': 1431, 'avg': (0.0006519564788066577, 0.0010909092449346567, 0.0005373008578430441), 'mode_bucket': ((0, 0), 736350), 'avg_bucket': (1, 1)}
{'path': '1131.jpg', 'num': 1131, 'avg': (0.3348464836360673, 0.5104733974079771, 0.10716916019908734), 'mode_bucket': ((0, 0), 108738), 'avg_bucket': (5, 7)}
{'path': '15.jpg', 'num': 15, 'avg': (0.1659382748575197, 0.2914388850928589, 0.0942450044254649), 'mode_bucket': ((0, 0), 164166), 'avg_bucket': (2, 4)}
{'path': '1503.jpg', 'num': 1503, 'avg': (0.47954088384531957, 0.5538340847914733, 0.49635149654518634), 'mode_bucket': ((7, 8), 115576), 'avg_bucket': (6, 7)}
{'path': '1003.jpg', 'num': 1003, 'avg': (0.5037238866367273, 0.4560423279915502, 0.16494087435299012), 'mode_bucket': ((12, 12), 63067), 'avg_bucket': (7, 6)}
{'path': '27.jpg', 'num': 27, 'avg': (0.3344334958469489, 0.6722066684456715, 0.3348182721425968), 'mode_bucket': ((7, 12), 83743), 'avg_bucket': (5, 9)}
{'path': '879.jpg', 'num': 879, 'avg': (0.3085036247537085, 0.34407448569920723, 0.08599014714453462), 'mode_bucket': ((0, 0), 112824), 'avg_bucket': (4, 5)}
{'path': '55.jpg', 'num': 55, 'avg': (0.17421054933455976, 0.3500374104298306, 0.3026630157270074), 'mode_bucket': ((1, 7), 68562), 'avg_bucket': (3, 5)}
{'path': '415.jpg', 'num': 415, 'avg': (0.29616557954466144, 0.44554689595684965, 0.11714166113543961), 'mode_bucket': ((2, 4), 51234), 'avg_bucket': (4, 6)}
{'path': '911.jpg', 'num': 911, 'avg': (0.6188153733981875, 0.2510586843046722, 0.40382376344595006), 'mode_bucket': ((10, 1), 142263), 'avg_bucket': (8, 4)}
{'path': '111.jpg', 'num': 111, 'avg': (0.12581796753996924, 0.4752843706374945, 0.19477412471075786), 'mode_bucket': ((2, 5), 90257), 'avg_bucket': (2, 6)}
{'path': '567.jpg', 'num': 567, 'avg': (0.5282141851611548, 0.6800001131233964, 0.10561860660066841), 'mode_bucket': ((12, 12), 127908), 'avg_bucket': (7, 9)}
{'path': '183.jpg', 'num': 183, 'avg': (0.21013127032829998, 0.12399230246545567, 0.24967044207012848), 'mode_bucket': ((2, 2), 167680), 'avg_bucket': (3, 2)}
{'path': '1479.jpg', 'num': 1479, 'avg': (0.20377052765771578, 0.4757059868634014, 0.04069444976371891), 'mode_bucket': ((0, 0), 208096), 'avg_bucket': (3, 6)}
{'path': '1031.jpg', 'num': 1031, 'avg': (0.0, 0.0, 0.0), 'mode_bucket': ((0, 0), 737280), 'avg_bucket': (0, 0)}
{'path': '1299.jpg', 'num': 1299, 'avg': (0.626676183300305, 0.3160997450895088, 0.38900721464761323), 'mode_bucket': ((8, 2), 68084), 'avg_bucket': (8, 4)}
{'path': '439.jpg', 'num': 439, 'avg': (0.40522123866629634, 0.4244272626020051, 0.09136389505920908), 'mode_bucket': ((4, 5), 106540), 'avg_bucket': (5, 6)}
{'path': '995.jpg', 'num': 995, 'avg': (0.5148413423347878, 0.434616373567309, 0.16321011944251324), 'mode_bucket': ((0, 0), 89935), 'avg_bucket': (7, 6)}
{'path': '383.jpg', 'num': 383, 'avg': (0.20063000117813704, 0.29617781236435703, 0.38857527722270513), 'mode_bucket': ((0, 0), 75737), 'avg_bucket': (3, 4)}
{'path': '1599.jpg', 'num': 1599, 'avg': (0.5300715972933491, 0.3984222605977499, 0.46764636735695725), 'mode_bucket': ((7, 6), 212510), 'avg_bucket': (7, 5)}
{'path': '467.jpg', 'num': 467, 'avg': (0.6623268448286056, 0.2787231269383996, 0.30127570657151836), 'mode_bucket': ((11, 3), 35249), 'avg_bucket': (8, 4)}
{'path': '639.jpg', 'num': 639, 'avg': (0.2858565687320092, 0.23996962847419004, 0.0312861689817137), 'mode_bucket': ((0, 0), 255248), 'avg_bucket': (4, 3)}
{'path': '1011.jpg', 'num': 1011, 'avg': (0.5186719681356069, 0.43073228426937604, 0.1603866623686894), 'mode_bucket': ((0, 0), 135337), 'avg_bucket': (7, 6)}
{'path': '987.jpg', 'num': 987, 'avg': (0.5268340621895689, 0.43475066053674943, 0.16919042649590338), 'mode_bucket': ((0, 0), 80313), 'avg_bucket': (7, 6)}
{'path': '1451.jpg', 'num': 1451, 'avg': (0.34803279575331525, 0.5516609285769721, 0.44505606724035823), 'mode_bucket': ((0, 0), 193518), 'avg_bucket': (5, 7)}
{'path': '515.jpg', 'num': 515, 'avg': (0.24686666305167976, 0.2752582502108456, 0.045912341282130446), 'mode_bucket': ((0, 0), 332985), 'avg_bucket': (3, 4)}
{'path': '799.jpg', 'num': 799, 'avg': (0.39214896675855526, 0.4019859794788464, 0.15948044853860827), 'mode_bucket': ((3, 8), 43615), 'avg_bucket': (5, 5)}
{'path': '227.jpg', 'num': 227, 'avg': (0.6632839433648178, 0.27206919962614234, 0.042193010450961195), 'mode_bucket': ((8, 3), 338948), 'avg_bucket': (8, 4)}
{'path': '991.jpg', 'num': 991, 'avg': (0.5034872939000467, 0.43340308330952637, 0.17052250348899395), 'mode_bucket': ((0, 0), 80668), 'avg_bucket': (7, 6)}
{'path': '1123.jpg', 'num': 1123, 'avg': (0.5846221191287929, 0.5153054576097228, 0.08430740123767001), 'mode_bucket': ((8, 4), 150011), 'avg_bucket': (8, 7)}
{'path': '903.jpg', 'num': 903, 'avg': (0.6022011290422035, 0.21615233723419153, 0.39729461869392174), 'mode_bucket': ((10, 1), 82126), 'avg_bucket': (8, 3)}
{'path': '511.jpg', 'num': 511, 'avg': (0.5586706111285707, 0.2368231647657824, 0.3182630591301431), 'mode_bucket': ((12, 3), 45096), 'avg_bucket': (7, 3)}
{'path': '475.jpg', 'num': 475, 'avg': (0.5831972575380932, 0.25453525645087, 0.34091061261709465), 'mode_bucket': ((6, 1), 39329), 'avg_bucket': (7, 4)}
{'path': '1667.jpg', 'num': 1667, 'avg': (0.0003761574074074053, 0.0009548611111111111, 5.5583214188452976e-06), 'mode_bucket': ((0, 0), 736576), 'avg_bucket': (1, 1)}
{'path': '787.jpg', 'num': 787, 'avg': (0.4833762923491613, 0.3352567172946588, 0.2716551404631795), 'mode_bucket': ((7, 4), 92174), 'avg_bucket': (6, 5)}
{'path': '1559.jpg', 'num': 1559, 'avg': (0.5775482743588322, 0.28199297587594646, 0.5334929342836264), 'mode_bucket': ((7, 2), 204335), 'avg_bucket': (7, 4)}
{'path': '1655.jpg', 'num': 1655, 'avg': (0.019981112892988203, 0.024352318705320977, 0.014678292866628214), 'mode_bucket': ((0, 0), 702475), 'avg_bucket': (1, 1)}
{'path': '1339.jpg', 'num': 1339, 'avg': (0.47248385747306393, 0.44344472976915295, 0.25586783747715414), 'mode_bucket': ((12, 12), 65424), 'avg_bucket': (6, 6)}
{'path': '431.jpg', 'num': 431, 'avg': (0.7474051681274869, 0.5521293081805511, 0.16307800692020044), 'mode_bucket': ((11, 3), 80191), 'avg_bucket': (9, 7)}
{'path': '207.jpg', 'num': 207, 'avg': (0.49607375590208896, 0.37705480481067355, 0.24000824971763757), 'mode_bucket': ((5, 4), 157707), 'avg_bucket': (6, 5)}
{'path': '579.jpg', 'num': 579, 'avg': (0.28064816927535424, 0.3649699210204265, 0.08348147722657324), 'mode_bucket': ((0, 0), 94008), 'avg_bucket': (4, 5)}
{'path': '1323.jpg', 'num': 1323, 'avg': (0.3436462292332728, 0.6734153221576825, 0.20268810529769038), 'mode_bucket': ((1, 12), 88301), 'avg_bucket': (5, 9)}
{'path': '1459.jpg', 'num': 1459, 'avg': (0.42815163675103923, 0.8110077690855688, 0.4867833116325447), 'mode_bucket': ((7, 12), 295342), 'avg_bucket': (6, 10)}
{'path': '999.jpg', 'num': 999, 'avg': (0.5350402397569469, 0.4525023854789756, 0.16796006944422417), 'mode_bucket': ((12, 12), 64176), 'avg_bucket': (7, 6)}
{'path': '1259.jpg', 'num': 1259, 'avg': (0.6195093921112088, 0.5262061247155102, 0.1272774011947394), 'mode_bucket': ((0, 0), 116045), 'avg_bucket': (8, 7)}
{'path': '1247.jpg', 'num': 1247, 'avg': (0.3016111648389957, 0.3270010653754817, 0.18887390535621473), 'mode_bucket': ((0, 0), 207818), 'avg_bucket': (4, 4)}
{'path': '1467.jpg', 'num': 1467, 'avg': (0.5528404010388593, 0.531216670517627, 0.30445860885622106), 'mode_bucket': ((7, 7), 234988), 'avg_bucket': (7, 7)}
{'path': '343.jpg', 'num': 343, 'avg': (0.5657538565689184, 0.3470575218681706, 0.4793592239397203), 'mode_bucket': ((12, 12), 117649), 'avg_bucket': (7, 5)}
{'path': '855.jpg', 'num': 855, 'avg': (0.6558096930249331, 0.22815622794565826, 0.35577967558444323), 'mode_bucket': ((8, 2), 83476), 'avg_bucket': (8, 3)}
{'path': '1427.jpg', 'num': 1427, 'avg': (0.3652280608981647, 0.3185418959550193, 0.13401544309135222), 'mode_bucket': ((0, 0), 311166), 'avg_bucket': (5, 4)}
{'path': '359.jpg', 'num': 359, 'avg': (0.5933387669207625, 0.2702000073221168, 0.48514801091892795), 'mode_bucket': ((6, 2), 64109), 'avg_bucket': (8, 4)}
{'path': '1303.jpg', 'num': 1303, 'avg': (0.5106725484758283, 0.6124701877585285, 0.287007405067328), 'mode_bucket': ((12, 12), 149984), 'avg_bucket': (7, 8)}
{'path': '563.jpg', 'num': 563, 'avg': (0.4251237467535239, 0.31588221000227423, 0.12692499297916363), 'mode_bucket': ((5, 4), 157784), 'avg_bucket': (6, 4)}
{'path': '495.jpg', 'num': 495, 'avg': (0.6263099563021698, 0.1448972195040098, 0.5353497221339412), 'mode_bucket': ((11, 1), 252391), 'avg_bucket': (8, 2)}
{'path': '451.jpg', 'num': 451, 'avg': (0.9012022098265434, 0.8432101556653707, 0.26934016607970385), 'mode_bucket': ((12, 12), 358724), 'avg_bucket': (11, 11)}
{'path': '59.jpg', 'num': 59, 'avg': (0.1593247654280023, 0.36725758060324565, 0.4137241125833857), 'mode_bucket': ((2, 4), 67015), 'avg_bucket': (2, 5)}
{'path': '611.jpg', 'num': 611, 'avg': (0.24393911947408686, 0.42216170275964887, 0.21606497970306088), 'mode_bucket': ((1, 5), 78515), 'avg_bucket': (3, 6)}
{'path': '99.jpg', 'num': 99, 'avg': (0.34747771470396577, 0.31187304083402634, 0.06566263169807673), 'mode_bucket': ((0, 0), 80355), 'avg_bucket': (5, 4)}
{'path': '1495.jpg', 'num': 1495, 'avg': (0.6382605497979045, 0.8408027343733268, 0.7878499561694196), 'mode_bucket': ((10, 12), 244177), 'avg_bucket': (8, 11)}
{'path': '175.jpg', 'num': 175, 'avg': (0.2744217098997779, 0.33005140510954334, 0.44722087120394177), 'mode_bucket': ((1, 4), 81692), 'avg_bucket': (4, 4)}
{'path': '503.jpg', 'num': 503, 'avg': (0.5939907718561899, 0.19578381518439672, 0.5250803961966158), 'mode_bucket': ((10, 1), 213021), 'avg_bucket': (8, 3)}
{'path': '1679.jpg', 'num': 1679, 'avg': (0.0, 0.0, 3.723277505446622e-07), 'mode_bucket': ((0, 0), 737280), 'avg_bucket': (0, 0)}
{'path': '1587.jpg', 'num': 1587, 'avg': (0.5669854459182336, 0.3955259274370442, 0.5900264618651154), 'mode_bucket': ((8, 6), 298298), 'avg_bucket': (7, 5)}
{'path': '1723.jpg', 'num': 1723, 'avg': (0.0, 0.0, 0.0), 'mode_bucket': ((0, 0), 737280), 'avg_bucket': (0, 0)}
{'path': '1523.jpg', 'num': 1523, 'avg': (0.5459254098472813, 0.8770811721607205, 0.5840665158155047), 'mode_bucket': ((7, 11), 528067), 'avg_bucket': (7, 11)}
{'path': '1419.jpg', 'num': 1419, 'avg': (0.6446852500596713, 0.6463427985544828, 0.1922849009395374), 'mode_bucket': ((9, 12), 202053), 'avg_bucket': (8, 8)}
{'path': '615.jpg', 'num': 615, 'avg': (0.3456013588492132, 0.3270633897581175, 0.16864349830676817), 'mode_bucket': ((2, 4), 62934), 'avg_bucket': (5, 4)}
{'path': '867.jpg', 'num': 867, 'avg': (0.3370827608664904, 0.42603775713779024, 0.10475092869172228), 'mode_bucket': ((5, 4), 168620), 'avg_bucket': (5, 6)}
{'path': '891.jpg', 'num': 891, 'avg': (0.26736583120785623, 0.444121442650026, 0.047720199950519473), 'mode_bucket': ((0, 0), 303537), 'avg_bucket': (4, 6)}
{'path': '835.jpg', 'num': 835, 'avg': (0.5862319090924452, 0.285908858238192, 0.41880605128394816), 'mode_bucket': ((12, 3), 184466), 'avg_bucket': (8, 4)}
{'path': '1363.jpg', 'num': 1363, 'avg': (0.10704407884617594, 0.9338508752606743, 0.13650529450090465), 'mode_bucket': ((1, 12), 448379), 'avg_bucket': (2, 12)}
{'path': '1607.jpg', 'num': 1607, 'avg': (0.45520914401422186, 0.21653071179533123, 0.6014571950751041), 'mode_bucket': ((6, 3), 139090), 'avg_bucket': (6, 3)}
{'path': '419.jpg', 'num': 419, 'avg': (0.4510113384176346, 0.3089781371188819, 0.13827425555624198), 'mode_bucket': ((5, 4), 250589), 'avg_bucket': (6, 4)}
{'path': '51.jpg', 'num': 51, 'avg': (0.1733253993967265, 0.29914268830162677, 0.5528112872751539), 'mode_bucket': ((2, 4), 79539), 'avg_bucket': (3, 4)}
{'path': '863.jpg', 'num': 863, 'avg': (0.4779947882323267, 0.40020620627295467, 0.11864299832313077), 'mode_bucket': ((8, 5), 151503), 'avg_bucket': (6, 5)}
{'path': '979.jpg', 'num': 979, 'avg': (0.35580285020356267, 0.560197951219493, 0.09241020518500777), 'mode_bucket': ((12, 12), 52046), 'avg_bucket': (5, 7)}
{'path': '1035.jpg', 'num': 1035, 'avg': (0.0, 0.0, 0.0), 'mode_bucket': ((0, 0), 737280), 'avg_bucket': (0, 0)}
{'path': '783.jpg', 'num': 783, 'avg': (0.21867131436130252, 0.3120013611906766, 0.13874658522225844), 'mode_bucket': ((0, 0), 314284), 'avg_bucket': (3, 4)}
{'path': '1195.jpg', 'num': 1195, 'avg': (0.48725253414716985, 0.7874872900131484, 0.17082697184770484), 'mode_bucket': ((0, 12), 157917), 'avg_bucket': (6, 10)}
{'path': '43.jpg', 'num': 43, 'avg': (0.4511262164003479, 0.34388748273486897, 0.44022940708085734), 'mode_bucket': ((8, 3), 79365), 'avg_bucket': (6, 5)}
{'path': '1367.jpg', 'num': 1367, 'avg': (0.304790325856724, 0.8179016608781069, 0.20809708073776373), 'mode_bucket': ((0, 12), 227400), 'avg_bucket': (4, 10)}
{'path': '1231.jpg', 'num': 1231, 'avg': (0.2338337472652592, 0.6368720734127926, 0.11563823891113155), 'mode_bucket': ((0, 0), 229922), 'avg_bucket': (3, 8)}
{'path': '1243.jpg', 'num': 1243, 'avg': (0.5449574187840155, 0.2673931488685145, 0.3598907537193375), 'mode_bucket': ((12, 2), 127205), 'avg_bucket': (7, 4)}
{'path': '1683.jpg', 'num': 1683, 'avg': (0.02316815570595691, 0.027150625450434642, 0.015490632233803097), 'mode_bucket': ((0, 0), 697929), 'avg_bucket': (1, 1)}
{'path': '1083.jpg', 'num': 1083, 'avg': (0.3673926863304751, 0.20507601737530756, 0.3448256548720382), 'mode_bucket': ((6, 2), 51350), 'avg_bucket': (5, 3)}
{'path': '1443.jpg', 'num': 1443, 'avg': (0.3786934356159255, 0.6533844743882692, 0.20235766441969563), 'mode_bucket': ((4, 11), 53050), 'avg_bucket': (5, 8)}
{'path': '1643.jpg', 'num': 1643, 'avg': (0.36893212861890623, 0.3126751011940984, 0.29141250510614486), 'mode_bucket': ((0, 0), 278996), 'avg_bucket': (5, 4)}
{'path': '1535.jpg', 'num': 1535, 'avg': (0.40754704708585904, 0.8552080025768549, 0.29980216630930456), 'mode_bucket': ((1, 12), 80757), 'avg_bucket': (5, 11)}
{'path': '523.jpg', 'num': 523, 'avg': (0.3850191777186746, 0.5862271960517216, 0.06894153071406761), 'mode_bucket': ((4, 9), 230833), 'avg_bucket': (5, 8)}
{'path': '603.jpg', 'num': 603, 'avg': (0.401188127295117, 0.5115012348669374, 0.1237601539098577), 'mode_bucket': ((0, 12), 63590), 'avg_bucket': (5, 7)}
{'path': '179.jpg', 'num': 179, 'avg': (0.241097917175539, 0.21353609185775516, 0.2580186791506735), 'mode_bucket': ((2, 3), 93645), 'avg_bucket': (3, 3)}
{'path': '35.jpg', 'num': 35, 'avg': (0.13207728706245242, 0.7306452913234492, 0.27786615242745616), 'mode_bucket': ((1, 8), 96917), 'avg_bucket': (2, 9)}
{'path': '63.jpg', 'num': 63, 'avg': (0.23497853629601045, 0.25658599521018993, 0.33439971192561524), 'mode_bucket': ((0, 0), 65274), 'avg_bucket': (3, 4)}
{'path': '1147.jpg', 'num': 1147, 'avg': (0.4367151495982584, 0.31939721193001724, 0.23515247353160504), 'mode_bucket': ((7, 5), 58245), 'avg_bucket': (6, 4)}
{'path': '203.jpg', 'num': 203, 'avg': (0.21954432167294236, 0.2568953584812316, 0.43243341715825456), 'mode_bucket': ((2, 4), 108426), 'avg_bucket': (3, 4)}
{'path': '1015.jpg', 'num': 1015, 'avg': (0.29739377738288736, 0.3996611273406458, 0.10682658675425048), 'mode_bucket': ((0, 0), 242163), 'avg_bucket': (4, 5)}
{'path': '347.jpg', 'num': 347, 'avg': (0.5743149475244483, 0.34493660444020996, 0.48515031934925), 'mode_bucket': ((12, 12), 116314), 'avg_bucket': (7, 5)}
{'path': '491.jpg', 'num': 491, 'avg': (0.4062495768146465, 0.19431062743184155, 0.38055282692556847), 'mode_bucket': ((2, 1), 73272), 'avg_bucket': (5, 3)}
{'path': '1391.jpg', 'num': 1391, 'avg': (0.28128937927158826, 0.4009140071190332, 0.05535345073368541), 'mode_bucket': ((0, 0), 393753), 'avg_bucket': (4, 5)}
{'path': '211.jpg', 'num': 211, 'avg': (0.5492586576353662, 0.31646376555258365, 0.10734396275866895), 'mode_bucket': ((0, 0), 162331), 'avg_bucket': (7, 4)}
{'path': '875.jpg', 'num': 875, 'avg': (0.7128808409299947, 0.3610462291260209, 0.13952405875520787), 'mode_bucket': ((10, 6), 73534), 'avg_bucket': (9, 5)}
{'path': '259.jpg', 'num': 259, 'avg': (0.4748932735697091, 0.16719041937252446, 0.20232323474164235), 'mode_bucket': ((0, 0), 156818), 'avg_bucket': (6, 3)}
{'path': '1699.jpg', 'num': 1699, 'avg': (0.02112736518111166, 0.02493380029771849, 0.01319535398795197), 'mode_bucket': ((0, 0), 704282), 'avg_bucket': (1, 1)}
{'path': '479.jpg', 'num': 479, 'avg': (0.6079499125242045, 0.25607830073219157, 0.3317001974397782), 'mode_bucket': ((11, 2), 42827), 'avg_bucket': (8, 4)}
{'path': '723.jpg', 'num': 723, 'avg': (0.3809892109316809, 0.2216160933818827, 0.3264863908877914), 'mode_bucket': ((6, 2), 86728), 'avg_bucket': (5, 3)}
{'path': '319.jpg', 'num': 319, 'avg': (0.5557746045022341, 0.31933204283395716, 0.21389855877221595), 'mode_bucket': ((8, 4), 97049), 'avg_bucket': (7, 4)}
{'path': '123.jpg', 'num': 123, 'avg': (0.35713847393660425, 0.2843783392380405, 0.22863822188996658), 'mode_bucket': ((2, 6), 108660), 'avg_bucket': (5, 4)}
{'path': '307.jpg', 'num': 307, 'avg': (0.5289224382074796, 0.4074974189218457, 0.3168071672020891), 'mode_bucket': ((8, 10), 63126), 'avg_bucket': (7, 5)}
{'path': '1567.jpg', 'num': 1567, 'avg': (0.5662479944214007, 0.2611853837072716, 0.5435414326324585), 'mode_bucket': ((8, 4), 149491), 'avg_bucket': (7, 4)}
{'path': '1091.jpg', 'num': 1091, 'avg': (0.455858571792419, 0.2787512087133691, 0.17123976630612947), 'mode_bucket': ((8, 3), 167859), 'avg_bucket': (6, 4)}
{'path': '1191.jpg', 'num': 1191, 'avg': (0.41684074915067415, 0.7848962144765039, 0.16766233489932567), 'mode_bucket': ((0, 12), 175612), 'avg_bucket': (6, 10)}
{'path': '571.jpg', 'num': 571, 'avg': (0.5031856940781448, 0.7820894233533443, 0.10273987481293655), 'mode_bucket': ((12, 12), 202238), 'avg_bucket': (7, 10)}
!1219.jpg
{'path': '1555.jpg', 'num': 1555, 'avg': (0.5202702970722044, 0.20763956665200275, 0.5631031337237599), 'mode_bucket': ((7, 3), 108362), 'avg_bucket': (7, 3)}
{'path': '1059.jpg', 'num': 1059, 'avg': (0.5096152612176732, 0.40372316025658156, 0.15830060040586036), 'mode_bucket': ((4, 4), 69129), 'avg_bucket': (7, 5)}
{'path': '171.jpg', 'num': 171, 'avg': (0.2603515078216474, 0.3268680684147823, 0.4972192382812288), 'mode_bucket': ((1, 4), 110789), 'avg_bucket': (4, 4)}
{'path': '119.jpg', 'num': 119, 'avg': (0.3372022796923524, 0.2959675790264023, 0.22521207256718487), 'mode_bucket': ((2, 6), 121502), 'avg_bucket': (5, 4)}
{'path': '1627.jpg', 'num': 1627, 'avg': (0.2651660231139084, 0.17381699834983838, 0.47585374221358506), 'mode_bucket': ((2, 1), 106441), 'avg_bucket': (4, 3)}
{'path': '391.jpg', 'num': 391, 'avg': (0.31516395299570166, 0.24677335024849076, 0.37328331907829576), 'mode_bucket': ((2, 6), 76934), 'avg_bucket': (4, 3)}
{'path': '1355.jpg', 'num': 1355, 'avg': (0.7322141505281209, 0.9343347067413823, 0.3579307672502267), 'mode_bucket': ((12, 12), 452299), 'avg_bucket': (9, 12)}
{'path': '707.jpg', 'num': 707, 'avg': (0.5380175910595936, 0.3770672966664276, 0.17321077899557352), 'mode_bucket': ((8, 4), 131159), 'avg_bucket': (7, 5)}
{'path': '1711.jpg', 'num': 1711, 'avg': (0.0, 0.0, 0.0), 'mode_bucket': ((0, 0), 737280), 'avg_bucket': (0, 0)}
{'path': '1583.jpg', 'num': 1583, 'avg': (0.5671547063122272, 0.3924303971829456, 0.5832528573484124), 'mode_bucket': ((8, 6), 269631), 'avg_bucket': (7, 5)}
{'path': '1343.jpg', 'num': 1343, 'avg': (0.4928417657100981, 0.4286916237732584, 0.25307413470971085), 'mode_bucket': ((12, 12), 65109), 'avg_bucket': (6, 6)}
{'path': '619.jpg', 'num': 619, 'avg': (0.3472629222484384, 0.2757556618931994, 0.21571812980864508), 'mode_bucket': ((2, 3), 64335), 'avg_bucket': (5, 4)}
{'path': '1475.jpg', 'num': 1475, 'avg': (0.17502641382567985, 0.27309928773626185, 0.19498942057297214), 'mode_bucket': ((0, 0), 267073), 'avg_bucket': (3, 4)}
{'path': '1591.jpg', 'num': 1591, 'avg': (0.5743467888603605, 0.434083466285523, 0.599021613094367), 'mode_bucket': ((8, 7), 274062), 'avg_bucket': (7, 6)}
{'path': '963.jpg', 'num': 963, 'avg': (0.2840238626805505, 0.26658806152571285, 0.1315402667143152), 'mode_bucket': ((0, 0), 90062), 'avg_bucket': (4, 4)}
{'path': '1167.jpg', 'num': 1167, 'avg': (0.5566489349549094, 0.687631797248389, 0.1531918168739148), 'mode_bucket': ((0, 0), 101354), 'avg_bucket': (7, 9)}
{'path': '1043.jpg', 'num': 1043, 'avg': (0.0, 0.0, 0.0), 'mode_bucket': ((0, 0), 737280), 'avg_bucket': (0, 0)}
{'path': '967.jpg', 'num': 967, 'avg': (0.23653702439611915, 0.30416516371072627, 0.3395251278680771), 'mode_bucket': ((1, 7), 64094), 'avg_bucket': (3, 4)}
{'path': '791.jpg', 'num': 791, 'avg': (0.3214385685714034, 0.5250355018320629, 0.1435222311594114), 'mode_bucket': ((3, 8), 62107), 'avg_bucket': (4, 7)}
{'path': '1691.jpg', 'num': 1691, 'avg': (0.002301217538339161, 0.004536946614583334, 3.970077614379071e-05), 'mode_bucket': ((0, 0), 733923), 'avg_bucket': (1, 1)}
{'path': '1251.jpg', 'num': 1251, 'avg': (0.2744400629272611, 0.8784851829813382, 0.1275166909213691), 'mode_bucket': ((1, 12), 132314), 'avg_bucket': (4, 11)}
{'path': '755.jpg', 'num': 755, 'avg': (0.3572741661142063, 0.1544531318671719, 0.42724433317133), 'mode_bucket': ((1, 2), 79589), 'avg_bucket': (5, 2)}
{'path': '923.jpg', 'num': 923, 'avg': (0.6264066718652385, 0.2507960046779658, 0.30876900999127427), 'mode_bucket': ((8, 3), 184890), 'avg_bucket': (8, 4)}
{'path': '519.jpg', 'num': 519, 'avg': (0.38011413193939514, 0.29952349633411646, 0.10789639608011452), 'mode_bucket': ((5, 3), 113718), 'avg_bucket': (5, 4)}
{'path': '1155.jpg', 'num': 1155, 'avg': (0.594861204920735, 0.34899241684783977, 0.4165387774044221), 'mode_bucket': ((8, 4), 337057), 'avg_bucket': (8, 5)}
{'path': '1335.jpg', 'num': 1335, 'avg': (0.36626347616949056, 0.7132276321780093, 0.29102113013105), 'mode_bucket': ((0, 12), 245526), 'avg_bucket': (5, 9)}
{'path': '1415.jpg', 'num': 1415, 'avg': (0.09105429373343607, 0.12209603755352454, 0.024725636999642094), 'mode_bucket': ((0, 0), 619440), 'avg_bucket': (2, 2)}
{'path': '1079.jpg', 'num': 1079, 'avg': (0.2639699709611283, 0.3879208126260963, 0.03185035190319318), 'mode_bucket': ((2, 4), 127770), 'avg_bucket': (4, 5)}
{'path': '955.jpg', 'num': 955, 'avg': (0.44847800298028623, 0.41491173482326843, 0.20390969669120204), 'mode_bucket': ((2, 3), 33581), 'avg_bucket': (6, 5)}
{'path': '1487.jpg', 'num': 1487, 'avg': (0.7888346590992261, 0.9118227251997044, 0.18106405952160784), 'mode_bucket': ((12, 12), 345045), 'avg_bucket': (10, 11)}
{'path': '659.jpg', 'num': 659, 'avg': (0.4366472263141892, 0.19014462171667657, 0.392192095588217), 'mode_bucket': ((3, 2), 56240), 'avg_bucket': (6, 3)}
{'path': '1379.jpg', 'num': 1379, 'avg': (0.06228503214451337, 0.0532733024779565, 0.04195646531182423), 'mode_bucket': ((0, 0), 655669), 'avg_bucket': (1, 1)}
{'path': '715.jpg', 'num': 715, 'avg': (0.460022864798478, 0.2493379530782166, 0.31474126944534525), 'mode_bucket': ((6, 2), 106022), 'avg_bucket': (6, 3)}
{'path': '1639.jpg', 'num': 1639, 'avg': (0.024807098074172966, 0.019051478446319412, 0.024030501089326136), 'mode_bucket': ((0, 0), 705717), 'avg_bucket': (1, 1)}
{'path': '591.jpg', 'num': 591, 'avg': (0.3694276897431348, 0.3387843550785516, 0.11860802079159558), 'mode_bucket': ((5, 3), 66807), 'avg_bucket': (5, 5)}

{3: (((8, 12), 626954), (8, 11)), 7: (((2, 6), 297229), (5, 6)), 11: (((2, 5), 185056), (4, 5)), 15: (((0, 0), 164166), (2, 4)), 19: (((2, 4), 156946), (3, 4)), 23: (((0, 0), 726400), (1, 1)), 27: (((7, 12), 83743), (5, 9)), 31: (((1, 9), 119728), (5, 7)), 35: (((1, 8), 96917), (2, 9)), 39: (((1, 7), 138214), (2, 8)), 43: (((8, 3), 79365), (6, 5)), 47: (((1, 7), 97134), (3, 5)), 51: (((2, 4), 79539), (3, 4)), 55: (((1, 7), 68562), (3, 5)), 59: (((2, 4), 67015), (2, 5)), 63: (((0, 0), 65274), (3, 4)), 67: (((1, 6), 62127), (3, 6)), 71: (((2, 6), 70797), (3, 4)), 75: (((6, 3), 109470), (3, 4)), 79: (((1, 5), 130774), (3, 4)), 83: (((1, 5), 117580), (2, 5)), 87: (((0, 0), 731538), (1, 1)), 91: (((2, 3), 95294), (3, 4)), 95: (((2, 12), 89195), (6, 7)), 99: (((0, 0), 80355), (5, 4)), 103: (((0, 0), 150648), (5, 4)), 107: (((1, 12), 253725), (3, 9)), 111: (((2, 5), 90257), (2, 6)), 115: (((2, 12), 104381), (2, 7)), 119: (((2, 6), 121502), (5, 4)), 123: (((2, 6), 108660), (5, 4)), 127: (((2, 6), 102250), (5, 4)), 131: (((2, 4), 83261), (2, 5)), 135: (((2, 4), 76664), (2, 4)), 139: (((2, 2), 74607), (2, 4)), 143: (((1, 3), 87091), (2, 6)), 147: (((1, 6), 105322), (3, 4)), 151: (((6, 2), 94198), (3, 4)), 155: (((6, 1), 90758), (3, 4)), 159: (((6, 2), 97070), (3, 4)), 163: (((2, 1), 130769), (2, 3)), 167: (((2, 4), 174431), (2, 5)), 171: (((1, 4), 110789), (4, 4)), 175: (((1, 4), 81692), (4, 4)), 179: (((2, 3), 93645), (3, 3)), 183: (((2, 2), 167680), (3, 2)), 187: (((2, 12), 94988), (4, 5)), 191: (((7, 2), 80846), (5, 2)), 195: (((2, 2), 55168), (3, 4)), 199: (((0, 0), 172110), (2, 4)), 203: (((2, 4), 108426), (3, 4)), 207: (((5, 4), 157707), (6, 5)), 211: (((0, 0), 162331), (7, 4)), 215: (((8, 4), 136151), (6, 5)), 219: (((0, 0), 342401), (4, 3)), 223: (((0, 0), 200772), (5, 4)), 227: (((8, 3), 338948), (8, 4)), 231: (((2, 10), 100805), (4, 6)), 235: (((2, 4), 104917), (6, 3)), 239: (((12, 3), 65666), (6, 3)), 243: (((5, 3), 262067), (5, 3)), 247: (((2, 6), 165461), (5, 4)), 251: (((0, 0), 67252), (7, 4)), 255: (((0, 0), 231616), (5, 2)), 259: (((0, 0), 156818), (6, 3)), 263: (((0, 0), 121226), (6, 3)), 267: (((0, 0), 119045), (6, 4)), 271: (((0, 0), 132179), (5, 3)), 275: (((8, 3), 156037), (8, 4)), 279: (((8, 3), 153871), (8, 3)), 283: (((8, 2), 290992), (8, 3)), 287: (((6, 1), 105983), (7, 2)), 291: (((12, 12), 134629), (7, 4)), 295: (((6, 2), 204286), (6, 2)), 299: (((8, 10), 58936), (6, 6)), 303: (((8, 4), 77164), (7, 4)), 307: (((8, 10), 63126), (7, 5)), 311: (((7, 4), 63724), (7, 5)), 315: (((8, 10), 94433), (7, 6)), 319: (((8, 4), 97049), (7, 4)), 323: (((6, 1), 107065), (7, 3)), 327: (((5, 1), 60872), (7, 3)), 331: (((6, 1), 54327), (8, 4)), 335: (((6, 2), 60404), (7, 4)), 339: (((12, 12), 117608), (7, 5)), 343: (((12, 12), 117649), (7, 5)), 347: (((12, 12), 116314), (7, 5)), 351: (((12, 12), 118721), (7, 5)), 355: (((12, 12), 158357), (8, 5)), 359: (((6, 2), 64109), (8, 4)), 363: (((6, 2), 65088), (8, 4)), 367: (((8, 1), 77427), (8, 4)), 371: (((12, 12), 111984), (7, 4)), 375: (((2, 4), 205087), (3, 4)), 379: (((12, 3), 41592), (4, 5)), 383: (((0, 0), 75737), (3, 4)), 387: (((2, 6), 77913), (4, 4)), 391: (((2, 6), 76934), (4, 3)), 395: (((2, 6), 79015), (4, 3)), 399: (((12, 12), 540072), (11, 12)), 403: (((2, 8), 71124), (4, 5)), 407: (((0, 0), 161879), (4, 3)), 411: (((0, 0), 151350), (5, 5)), 415: (((2, 4), 51234), (4, 6)), 419: (((5, 4), 250589), (6, 4)), 423: (((8, 6), 79429), (6, 6)), 427: (((8, 4), 59942), (6, 5)), 431: (((11, 3), 80191), (9, 7)), 435: (((8, 6), 130155), (8, 7)), 439: (((4, 5), 106540), (5, 6)), 443: (((0, 0), 87495), (6, 4)), 447: (((4, 12), 393778), (5, 11)), 451: (((12, 12), 358724), (11, 11)), 455: (((12, 12), 331287), (11, 10)), 459: (((12, 12), 288000), (11, 10)), 463: (((11, 2), 42607), (8, 4)), 467: (((11, 3), 35249), (8, 4)), 471: (((11, 3), 39835), (8, 4)), 475: (((6, 1), 39329), (7, 4)), 479: (((11, 2), 42827), (8, 4)), 483: (((8, 5), 89899), (7, 4)), 487: (((7, 5), 175883), (7, 4)), 491: (((2, 1), 73272), (5, 3)), 495: (((11, 1), 252391), (8, 2)), 499: (((11, 2), 53304), (7, 3)), 503: (((10, 1), 213021), (8, 3)), 507: (((2, 1), 77283), (6, 3)), 511: (((12, 3), 45096), (7, 3)), 515: (((0, 0), 332985), (3, 4)), 519: (((5, 3), 113718), (5, 4)), 523: (((4, 9), 230833), (5, 8)), 527: (((0, 0), 299697), (3, 3)), 531: (((7, 10), 127167), (7, 8)), 535: (((7, 9), 104667), (8, 8)), 539: (((7, 9), 81670), (8, 8)), 543: (((7, 10), 109404), (8, 9)), 547: (((7, 10), 149452), (7, 9)), 551: (((0, 0), 245100), (4, 5)), 555: (((7, 9), 102601), (8, 8)), 559: (((2, 4), 401458), (3, 4)), 563: (((5, 4), 157784), (6, 4)), 567: (((12, 12), 127908), (7, 9)), 571: (((12, 12), 202238), (7, 10)), 575: (((5, 3), 151552), (6, 4)), 579: (((0, 0), 94008), (4, 5)), 583: (((0, 0), 102452), (4, 5)), 587: (((8, 4), 148775), (6, 5)), 591: (((5, 3), 66807), (5, 5)), 595: (((0, 0), 35033), (6, 4)), 599: (((1, 6), 68169), (3, 6)), 603: (((0, 12), 63590), (5, 7)), 607: (((1, 5), 73365), (5, 5)), 611: (((1, 5), 78515), (3, 6)), 615: (((2, 4), 62934), (5, 4)), 619: (((2, 3), 64335), (5, 4)), 623: (((2, 3), 205255), (6, 4)), 627: (((2, 4), 86191), (5, 5)), 631: (((4, 6), 97753), (5, 7)), 635: (((4, 9), 92605), (5, 7)), 639: (((0, 0), 255248), (4, 3)), 643: (((2, 2), 97548), (5, 3)), 647: (((8, 3), 47307), (5, 3)), 651: (((7, 4), 90923), (6, 3)), 655: (((8, 6), 133261), (7, 6)), 659: (((3, 2), 56240), (6, 3)), 663: (((8, 6), 136176), (7, 5)), 667: (((6, 1), 58190), (5, 3)), 671: (((5, 3), 85741), (6, 4)), 675: (((6, 1), 92424), (6, 2)), 679: (((7, 3), 81270), (7, 5)), 683: (((0, 0), 160117), (6, 5)), 687: (((8, 4), 84363), (6, 4)), 691: (((2, 3), 103374), (5, 4)), 695: (((0, 0), 112418), (6, 3)), 699: (((8, 4), 107713), (7, 5)), 703: (((7, 8), 56634), (6, 6)), 707: (((8, 4), 131159), (7, 5)), 711: (((1, 12), 85427), (4, 7)), 715: (((6, 2), 106022), (6, 3)), 719: (((2, 9), 42260), (4, 5)), 723: (((6, 2), 86728), (5, 3)), 727: (((2, 12), 109371), (3, 8)), 731: (((8, 7), 63150), (6, 5)), 735: (((1, 2), 94038), (5, 3)), 739: (((1, 2), 74519), (5, 2)), 743: (((10, 1), 91384), (8, 4)), 747: (((1, 2), 76538), (5, 2)), 751: (((1, 4), 66047), (5, 5)), 755: (((1, 2), 79589), (5, 2)), 759: (((1, 2), 82760), (5, 2)), 763: (((5, 3), 50026), (5, 5)), 767: (((5, 3), 66806), (6, 5)), 771: (((7, 5), 175999), (8, 6)), 775: (((3, 2), 110053), (4, 3)), 779: (((0, 0), 368457), (3, 4)), 783: (((0, 0), 314284), (3, 4)), 787: (((7, 4), 92174), (6, 5)), 791: (((3, 8), 62107), (4, 7)), 795: (((2, 4), 61691), (6, 5)), 799: (((3, 8), 43615), (5, 5)), 803: (((7, 3), 110691), (5, 5)), 807: (((8, 11), 107833), (6, 6)), 811: (((7, 3), 104159), (5, 5)), 815: (((8, 7), 78334), (7, 5)), 819: (((8, 8), 67458), (6, 5)), 823: (((8, 4), 359276), (8, 4)), 827: (((8, 4), 313516), (8, 4)), 831: (((2, 3), 78371), (4, 5)), 835: (((12, 3), 184466), (8, 4)), 839: (((7, 4), 209751), (7, 4)), 843: (((8, 2), 124334), (8, 4)), 847: (((0, 0), 212554), (3, 5)), 851: (((1, 3), 187645), (6, 3)), 855: (((8, 2), 83476), (8, 3)), 859: (((0, 0), 183201), (4, 6)), 863: (((8, 5), 151503), (6, 5)), 867: (((5, 4), 168620), (5, 6)), 871: (((12, 12), 131376), (8, 8)), 875: (((10, 6), 73534), (9, 5)), 879: (((0, 0), 112824), (4, 5)), 883: (((4, 9), 176304), (4, 7)), 887: (((4, 9), 164264), (4, 6)), 891: (((0, 0), 303537), (4, 6)), 895: (((0, 0), 218244), (4, 6)), 899: (((8, 6), 97738), (7, 4)), 903: (((10, 1), 82126), (8, 3)), 907: (((2, 4), 56978), (6, 5)), 911: (((10, 1), 142263), (8, 4)), 915: (((0, 0), 126120), (4, 8)), 919: (((8, 6), 69510), (8, 5)), 923: (((8, 3), 184890), (8, 4)), 927: (((12, 12), 120661), (7, 9)), 931: (((12, 12), 129266), (7, 9)), 935: (((2, 6), 88699), (4, 6)), 939: (((7, 3), 41296), (6, 4)), 943: (((7, 3), 43741), (6, 4)), 947: (((7, 2), 33610), (6, 4)), 951: (((8, 5), 101106), (6, 5)), 955: (((2, 3), 33581), (6, 5)), 959: (((7, 4), 95639), (5, 5)), 963: (((0, 0), 90062), (4, 4)), 967: (((1, 7), 64094), (3, 4)), 971: (((8, 2), 137487), (7, 3)), 975: (((8, 1), 214622), (8, 2)), 979: (((12, 12), 52046), (5, 7)), 983: (((0, 0), 104851), (7, 5)), 987: (((0, 0), 80313), (7, 6)), 991: (((0, 0), 80668), (7, 6)), 995: (((0, 0), 89935), (7, 6)), 999: (((12, 12), 64176), (7, 6)), 1003: (((12, 12), 63067), (7, 6)), 1007: (((12, 12), 234570), (9, 9)), 1011: (((0, 0), 135337), (7, 6)), 1015: (((0, 0), 242163), (4, 5)), 1019: (((0, 0), 736314), (1, 1)), 1023: (((0, 0), 737280), (0, 0)), 1027: (((0, 0), 737280), (0, 0)), 1031: (((0, 0), 737280), (0, 0)), 1035: (((0, 0), 737280), (0, 0)), 1039: (((0, 0), 737280), (0, 0)), 1043: (((0, 0), 737280), (0, 0)), 1047: (((0, 0), 737280), (0, 0)), 1051: (((2, 3), 89666), (4, 5)), 1055: (((0, 0), 582574), (1, 1)), 1059: (((4, 4), 69129), (7, 5)), 1063: (((0, 0), 67227), (6, 5)), 1067: (((2, 3), 132603), (4, 3)), 1071: (((0, 0), 117547), (4, 5)), 1075: (((8, 3), 34153), (8, 5)), 1079: (((2, 4), 127770), (4, 5)), 1083: (((6, 2), 51350), (5, 3)), 1087: (((1, 2), 91073), (3, 3)), 1091: (((8, 3), 167859), (6, 4)), 1095: (((0, 0), 564621), (1, 2)), 1099: (((5, 3), 102063), (5, 4)), 1103: (((0, 0), 167648), (5, 4)), 1107: (((8, 1), 38519), (7, 6)), 1111: (((8, 4), 116189), (6, 5)), 1115: (((1, 10), 52773), (4, 7)), 1119: (((0, 0), 618318), (2, 1)), 1123: (((8, 4), 150011), (8, 7)), 1127: (((12, 11), 121508), (7, 6)), 1131: (((0, 0), 108738), (5, 7)), 1135: (((8, 6), 104987), (7, 7)), 1139: (((12, 11), 91166), (7, 8)), 1143: (((2, 4), 97275), (5, 4)), 1147: (((7, 5), 58245), (6, 4)), 1151: (((3, 9), 101178), (4, 7)), 1155: (((8, 4), 337057), (8, 5)), 1159: (((12, 12), 292295), (7, 9)), 1163: (((7, 5), 202516), (7, 4)), 1167: (((0, 0), 101354), (7, 9)), 1171: (((12, 12), 277000), (7, 7)), 1175: (((7, 3), 69993), (7, 4)), 1179: (((4, 12), 181772), (4, 12)), 1183: (((0, 0), 508917), (2, 2)), 1187: (((0, 0), 178984), (4, 9)), 1191: (((0, 12), 175612), (6, 10)), 1195: (((0, 12), 157917), (6, 10)), 1199: (((0, 0), 172206), (4, 9)), 1203: (((0, 0), 154786), (4, 9)), 1231: (((0, 0), 229922), (3, 8)), 1235: (((0, 0), 208365), (6, 7)), 1239: (((0, 0), 188910), (6, 6)), 1243: (((12, 2), 127205), (7, 4)), 1247: (((0, 0), 207818), (4, 4)), 1251: (((1, 12), 132314), (4, 11)), 1255: (((12, 12), 193851), (8, 8)), 1259: (((0, 0), 116045), (8, 7)), 1263: (((12, 12), 99907), (5, 10)), 1267: (((0, 0), 439921), (2, 4)), 1271: (((4, 12), 229509), (5, 11)), 1275: (((0, 12), 126972), (3, 9)), 1279: (((12, 12), 365862), (7, 12)), 1283: (((12, 12), 439283), (10, 11)), 1287: (((0, 0), 452561), (3, 3)), 1291: (((0, 0), 72368), (6, 4)), 1295: (((5, 1), 45872), (8, 4)), 1299: (((8, 2), 68084), (8, 4)), 1303: (((12, 12), 149984), (7, 8)), 1307: (((12, 12), 418569), (8, 12)), 1311: (((0, 12), 301141), (5, 12)), 1315: (((0, 12), 210157), (5, 10)), 1319: (((8, 12), 180684), (6, 11)), 1323: (((1, 12), 88301), (5, 9)), 1327: (((12, 12), 234237), (6, 10)), 1331: (((12, 12), 289858), (6, 11)), 1335: (((0, 12), 245526), (5, 9)), 1339: (((12, 12), 65424), (6, 6)), 1343: (((12, 12), 65109), (6, 6)), 1347: (((12, 12), 318346), (6, 12)), 1351: (((12, 12), 444235), (9, 12)), 1355: (((12, 12), 452299), (9, 12)), 1359: (((1, 12), 219156), (4, 11)), 1363: (((1, 12), 448379), (2, 12)), 1367: (((0, 12), 227400), (4, 10)), 1371: (((0, 12), 231649), (5, 11)), 1375: (((0, 0), 725097), (1, 1)), 1379: (((0, 0), 655669), (1, 1)), 1383: (((0, 0), 661248), (1, 1)), 1387: (((0, 0), 695560), (1, 1)), 1391: (((0, 0), 393753), (4, 5)), 1395: (((0, 0), 455629), (3, 3)), 1399: (((0, 0), 602212), (2, 2)), 1403: (((0, 0), 644377), (1, 2)), 1407: (((0, 0), 503273), (3, 3)), 1411: (((0, 0), 496167), (3, 3)), 1415: (((0, 0), 619440), (2, 2)), 1419: (((9, 12), 202053), (8, 8)), 1423: (((0, 0), 525803), (3, 3)), 1427: (((0, 0), 311166), (5, 4)), 1431: (((0, 0), 736350), (1, 1)), 1435: (((0, 12), 209882), (5, 8)), 1439: (((0, 0), 209877), (6, 6)), 1443: (((4, 11), 53050), (5, 8)), 1447: (((7, 12), 302768), (7, 10)), 1451: (((0, 0), 193518), (5, 7)), 1455: (((0, 0), 60771), (8, 7)), 1459: (((7, 12), 295342), (6, 10)), 1463: (((8, 12), 220010), (7, 10)), 1467: (((7, 7), 234988), (7, 7)), 1471: (((0, 0), 531926), (3, 4)), 1475: (((0, 0), 267073), (3, 4)), 1479: (((0, 0), 208096), (3, 6)), 1483: (((0, 0), 263150), (5, 7)), 1487: (((12, 12), 345045), (10, 11)), 1491: (((0, 0), 589034), (2, 3)), 1495: (((10, 12), 244177), (8, 11)), 1499: (((9, 12), 276568), (10, 12)), 1503: (((7, 8), 115576), (6, 7)), 1507: (((1, 12), 150320), (5, 12)), 1511: (((9, 12), 284318), (7, 12)), 1515: (((8, 12), 239401), (7, 12)), 1519: (((8, 12), 164225), (6, 12)), 1523: (((7, 11), 528067), (7, 11)), 1527: (((4, 11), 129822), (5, 9)), 1531: (((12, 12), 250048), (8, 11)), 1535: (((1, 12), 80757), (5, 11)), 1539: (((7, 12), 109788), (5, 11)), 1543: (((11, 12), 347755), (8, 12)), 1547: (((2, 12), 80419), (4, 9)), 1551: (((6, 3), 115264), (6, 4)), 1555: (((7, 3), 108362), (7, 3)), 1559: (((7, 2), 204335), (7, 4)), 1563: (((6, 2), 245526), (6, 3)), 1567: (((8, 4), 149491), (7, 4)), 1571: (((8, 5), 146791), (8, 4)), 1575: (((7, 3), 163976), (8, 5)), 1579: (((8, 4), 163376), (7, 4)), 1583: (((8, 6), 269631), (7, 5)), 1587: (((8, 6), 298298), (7, 5)), 1591: (((8, 7), 274062), (7, 6)), 1595: (((8, 7), 278533), (7, 6)), 1599: (((7, 6), 212510), (7, 5)), 1603: (((6, 3), 140996), (6, 3)), 1607: (((6, 3), 139090), (6, 3)), 1611: (((9, 1), 466497), (8, 2)), 1615: (((9, 1), 471718), (8, 2)), 1619: (((6, 2), 136212), (4, 5)), 1623: (((2, 1), 113825), (4, 2)), 1627: (((2, 1), 106441), (4, 3)), 1631: (((8, 3), 78192), (7, 2)), 1635: (((7, 3), 132712), (7, 3)), 1639: (((0, 0), 705717), (1, 1)), 1643: (((0, 0), 278996), (5, 4)), 1647: (((8, 12), 120644), (7, 5)), 1651: (((8, 4), 122466), (7, 4)), 1655: (((0, 0), 702475), (1, 1)), 1659: (((0, 0), 726102), (1, 1)), 1663: (((0, 0), 683662), (1, 1)), 1667: (((0, 0), 736576), (1, 1)), 1671: (((0, 0), 705296), (1, 1)), 1675: (((0, 0), 713695), (1, 1)), 1679: (((0, 0), 737280), (0, 0)), 1683: (((0, 0), 697929), (1, 1)), 1687: (((0, 0), 714880), (1, 1)), 1691: (((0, 0), 733923), (1, 1)), 1695: (((0, 0), 703354), (1, 1)), 1699: (((0, 0), 704282), (1, 1)), 1703: (((0, 0), 737280), (0, 0)), 1707: (((0, 0), 737280), (0, 0)), 1711: (((0, 0), 737280), (0, 0)), 1715: (((0, 0), 737280), (0, 0)), 1719: (((0, 0), 737280), (0, 0)), 1723: (((0, 0), 737280), (0, 0)), 1727: (((0, 0), 737280), (0, 0)), 1731: (((0, 0), 737280), (0, 0)), 1735: (((0, 0), 737280), (0, 0)), 1739: (((0, 0), 737280), (0, 0)), 1743: (((0, 0), 737280), (0, 0)), 1747: (((0, 0), 737280), (0, 0)), 1751: (((0, 0), 737280), (0, 0))}


[(((8, 12), 626954), (8, 11)), (((2, 6), 297229), (5, 6)), (((2, 5), 185056), (4, 5)), (((0, 0), 164166), (2, 4)), (((2, 4), 156946), (3, 4)), (((0, 0), 726400), (1, 1)), (((7, 12), 83743), (5, 9)), (((1, 9), 119728), (5, 7)), (((1, 8), 96917), (2, 9)), (((1, 7), 138214), (2, 8)), (((8, 3), 79365), (6, 5)), (((1, 7), 97134), (3, 5)), (((2, 4), 79539), (3, 4)), (((1, 7), 68562), (3, 5)), (((2, 4), 67015), (2, 5)), (((0, 0), 65274), (3, 4)), (((1, 6), 62127), (3, 6)), (((2, 6), 70797), (3, 4)), (((6, 3), 109470), (3, 4)), (((1, 5), 130774), (3, 4)), (((1, 5), 117580), (2, 5)), (((0, 0), 731538), (1, 1)), (((2, 3), 95294), (3, 4)), (((2, 12), 89195), (6, 7)), (((0, 0), 80355), (5, 4)), (((0, 0), 150648), (5, 4)), (((1, 12), 253725), (3, 9)), (((2, 5), 90257), (2, 6)), (((2, 12), 104381), (2, 7)), (((2, 6), 121502), (5, 4)), (((2, 6), 108660), (5, 4)), (((2, 6), 102250), (5, 4)), (((2, 4), 83261), (2, 5)), (((2, 4), 76664), (2, 4)), (((2, 2), 74607), (2, 4)), (((1, 3), 87091), (2, 6)), (((1, 6), 105322), (3, 4)), (((6, 2), 94198), (3, 4)), (((6, 1), 90758), (3, 4)), (((6, 2), 97070), (3, 4)), (((2, 1), 130769), (2, 3)), (((2, 4), 174431), (2, 5)), (((1, 4), 110789), (4, 4)), (((1, 4), 81692), (4, 4)), (((2, 3), 93645), (3, 3)), (((2, 2), 167680), (3, 2)), (((2, 12), 94988), (4, 5)), (((7, 2), 80846), (5, 2)), (((2, 2), 55168), (3, 4)), (((0, 0), 172110), (2, 4)), (((2, 4), 108426), (3, 4)), (((5, 4), 157707), (6, 5)), (((0, 0), 162331), (7, 4)), (((8, 4), 136151), (6, 5)), (((0, 0), 342401), (4, 3)), (((0, 0), 200772), (5, 4)), (((8, 3), 338948), (8, 4)), (((2, 10), 100805), (4, 6)), (((2, 4), 104917), (6, 3)), (((12, 3), 65666), (6, 3)), (((5, 3), 262067), (5, 3)), (((2, 6), 165461), (5, 4)), (((0, 0), 67252), (7, 4)), (((0, 0), 231616), (5, 2)), (((0, 0), 156818), (6, 3)), (((0, 0), 121226), (6, 3)), (((0, 0), 119045), (6, 4)), (((0, 0), 132179), (5, 3)), (((8, 3), 156037), (8, 4)), (((8, 3), 153871), (8, 3)), (((8, 2), 290992), (8, 3)), (((6, 1), 105983), (7, 2)), (((12, 12), 134629), (7, 4)), (((6, 2), 204286), (6, 2)), (((8, 10), 58936), (6, 6)), (((8, 4), 77164), (7, 4)), (((8, 10), 63126), (7, 5)), (((7, 4), 63724), (7, 5)), (((8, 10), 94433), (7, 6)), (((8, 4), 97049), (7, 4)), (((6, 1), 107065), (7, 3)), (((5, 1), 60872), (7, 3)), (((6, 1), 54327), (8, 4)), (((6, 2), 60404), (7, 4)), (((12, 12), 117608), (7, 5)), (((12, 12), 117649), (7, 5)), (((12, 12), 116314), (7, 5)), (((12, 12), 118721), (7, 5)), (((12, 12), 158357), (8, 5)), (((6, 2), 64109), (8, 4)), (((6, 2), 65088), (8, 4)), (((8, 1), 77427), (8, 4)), (((12, 12), 111984), (7, 4)), (((2, 4), 205087), (3, 4)), (((12, 3), 41592), (4, 5)), (((0, 0), 75737), (3, 4)), (((2, 6), 77913), (4, 4)), (((2, 6), 76934), (4, 3)), (((2, 6), 79015), (4, 3)), (((12, 12), 540072), (11, 12)), (((2, 8), 71124), (4, 5)), (((0, 0), 161879), (4, 3)), (((0, 0), 151350), (5, 5)), (((2, 4), 51234), (4, 6)), (((5, 4), 250589), (6, 4)), (((8, 6), 79429), (6, 6)), (((8, 4), 59942), (6, 5)), (((11, 3), 80191), (9, 7)), (((8, 6), 130155), (8, 7)), (((4, 5), 106540), (5, 6)), (((0, 0), 87495), (6, 4)), (((4, 12), 393778), (5, 11)), (((12, 12), 358724), (11, 11)), (((12, 12), 331287), (11, 10)), (((12, 12), 288000), (11, 10)), (((11, 2), 42607), (8, 4)), (((11, 3), 35249), (8, 4)), (((11, 3), 39835), (8, 4)), (((6, 1), 39329), (7, 4)), (((11, 2), 42827), (8, 4)), (((8, 5), 89899), (7, 4)), (((7, 5), 175883), (7, 4)), (((2, 1), 73272), (5, 3)), (((11, 1), 252391), (8, 2)), (((11, 2), 53304), (7, 3)), (((10, 1), 213021), (8, 3)), (((2, 1), 77283), (6, 3)), (((12, 3), 45096), (7, 3)), (((0, 0), 332985), (3, 4)), (((5, 3), 113718), (5, 4)), (((4, 9), 230833), (5, 8)), (((0, 0), 299697), (3, 3)), (((7, 10), 127167), (7, 8)), (((7, 9), 104667), (8, 8)), (((7, 9), 81670), (8, 8)), (((7, 10), 109404), (8, 9)), (((7, 10), 149452), (7, 9)), (((0, 0), 245100), (4, 5)), (((7, 9), 102601), (8, 8)), (((2, 4), 401458), (3, 4)), (((5, 4), 157784), (6, 4)), (((12, 12), 127908), (7, 9)), (((12, 12), 202238), (7, 10)), (((5, 3), 151552), (6, 4)), (((0, 0), 94008), (4, 5)), (((0, 0), 102452), (4, 5)), (((8, 4), 148775), (6, 5)), (((5, 3), 66807), (5, 5)), (((0, 0), 35033), (6, 4)), (((1, 6), 68169), (3, 6)), (((0, 12), 63590), (5, 7)), (((1, 5), 73365), (5, 5)), (((1, 5), 78515), (3, 6)), (((2, 4), 62934), (5, 4)), (((2, 3), 64335), (5, 4)), (((2, 3), 205255), (6, 4)), (((2, 4), 86191), (5, 5)), (((4, 6), 97753), (5, 7)), (((4, 9), 92605), (5, 7)), (((0, 0), 255248), (4, 3)), (((2, 2), 97548), (5, 3)), (((8, 3), 47307), (5, 3)), (((7, 4), 90923), (6, 3)), (((8, 6), 133261), (7, 6)), (((3, 2), 56240), (6, 3)), (((8, 6), 136176), (7, 5)), (((6, 1), 58190), (5, 3)), (((5, 3), 85741), (6, 4)), (((6, 1), 92424), (6, 2)), (((7, 3), 81270), (7, 5)), (((0, 0), 160117), (6, 5)), (((8, 4), 84363), (6, 4)), (((2, 3), 103374), (5, 4)), (((0, 0), 112418), (6, 3)), (((8, 4), 107713), (7, 5)), (((7, 8), 56634), (6, 6)), (((8, 4), 131159), (7, 5)), (((1, 12), 85427), (4, 7)), (((6, 2), 106022), (6, 3)), (((2, 9), 42260), (4, 5)), (((6, 2), 86728), (5, 3)), (((2, 12), 109371), (3, 8)), (((8, 7), 63150), (6, 5)), (((1, 2), 94038), (5, 3)), (((1, 2), 74519), (5, 2)), (((10, 1), 91384), (8, 4)), (((1, 2), 76538), (5, 2)), (((1, 4), 66047), (5, 5)), (((1, 2), 79589), (5, 2)), (((1, 2), 82760), (5, 2)), (((5, 3), 50026), (5, 5)), (((5, 3), 66806), (6, 5)), (((7, 5), 175999), (8, 6)), (((3, 2), 110053), (4, 3)), (((0, 0), 368457), (3, 4)), (((0, 0), 314284), (3, 4)), (((7, 4), 92174), (6, 5)), (((3, 8), 62107), (4, 7)), (((2, 4), 61691), (6, 5)), (((3, 8), 43615), (5, 5)), (((7, 3), 110691), (5, 5)), (((8, 11), 107833), (6, 6)), (((7, 3), 104159), (5, 5)), (((8, 7), 78334), (7, 5)), (((8, 8), 67458), (6, 5)), (((8, 4), 359276), (8, 4)), (((8, 4), 313516), (8, 4)), (((2, 3), 78371), (4, 5)), (((12, 3), 184466), (8, 4)), (((7, 4), 209751), (7, 4)), (((8, 2), 124334), (8, 4)), (((0, 0), 212554), (3, 5)), (((1, 3), 187645), (6, 3)), (((8, 2), 83476), (8, 3)), (((0, 0), 183201), (4, 6)), (((8, 5), 151503), (6, 5)), (((5, 4), 168620), (5, 6)), (((12, 12), 131376), (8, 8)), (((10, 6), 73534), (9, 5)), (((0, 0), 112824), (4, 5)), (((4, 9), 176304), (4, 7)), (((4, 9), 164264), (4, 6)), (((0, 0), 303537), (4, 6)), (((0, 0), 218244), (4, 6)), (((8, 6), 97738), (7, 4)), (((10, 1), 82126), (8, 3)), (((2, 4), 56978), (6, 5)), (((10, 1), 142263), (8, 4)), (((0, 0), 126120), (4, 8)), (((8, 6), 69510), (8, 5)), (((8, 3), 184890), (8, 4)), (((12, 12), 120661), (7, 9)), (((12, 12), 129266), (7, 9)), (((2, 6), 88699), (4, 6)), (((7, 3), 41296), (6, 4)), (((7, 3), 43741), (6, 4)), (((7, 2), 33610), (6, 4)), (((8, 5), 101106), (6, 5)), (((2, 3), 33581), (6, 5)), (((7, 4), 95639), (5, 5)), (((0, 0), 90062), (4, 4)), (((1, 7), 64094), (3, 4)), (((8, 2), 137487), (7, 3)), (((8, 1), 214622), (8, 2)), (((12, 12), 52046), (5, 7)), (((0, 0), 104851), (7, 5)), (((0, 0), 80313), (7, 6)), (((0, 0), 80668), (7, 6)), (((0, 0), 89935), (7, 6)), (((12, 12), 64176), (7, 6)), (((12, 12), 63067), (7, 6)), (((12, 12), 234570), (9, 9)), (((0, 0), 135337), (7, 6)), (((0, 0), 242163), (4, 5)), (((0, 0), 736314), (1, 1)), (((0, 0), 737280), (0, 0)), (((0, 0), 737280), (0, 0)), (((0, 0), 737280), (0, 0)), (((0, 0), 737280), (0, 0)), (((0, 0), 737280), (0, 0)), (((0, 0), 737280), (0, 0)), (((0, 0), 737280), (0, 0)), (((2, 3), 89666), (4, 5)), (((0, 0), 582574), (1, 1)), (((4, 4), 69129), (7, 5)), (((0, 0), 67227), (6, 5)), (((2, 3), 132603), (4, 3)), (((0, 0), 117547), (4, 5)), (((8, 3), 34153), (8, 5)), (((2, 4), 127770), (4, 5)), (((6, 2), 51350), (5, 3)), (((1, 2), 91073), (3, 3)), (((8, 3), 167859), (6, 4)), (((0, 0), 564621), (1, 2)), (((5, 3), 102063), (5, 4)), (((0, 0), 167648), (5, 4)), (((8, 1), 38519), (7, 6)), (((8, 4), 116189), (6, 5)), (((1, 10), 52773), (4, 7)), (((0, 0), 618318), (2, 1)), (((8, 4), 150011), (8, 7)), (((12, 11), 121508), (7, 6)), (((0, 0), 108738), (5, 7)), (((8, 6), 104987), (7, 7)), (((12, 11), 91166), (7, 8)), (((2, 4), 97275), (5, 4)), (((7, 5), 58245), (6, 4)), (((3, 9), 101178), (4, 7)), (((8, 4), 337057), (8, 5)), (((12, 12), 292295), (7, 9)), (((7, 5), 202516), (7, 4)), (((0, 0), 101354), (7, 9)), (((12, 12), 277000), (7, 7)), (((7, 3), 69993), (7, 4)), (((4, 12), 181772), (4, 12)), (((0, 0), 508917), (2, 2)), (((0, 0), 178984), (4, 9)), (((0, 12), 175612), (6, 10)), (((0, 12), 157917), (6, 10)), (((0, 0), 172206), (4, 9)), (((0, 0), 154786), (4, 9)), (((0, 0), 229922), (3, 8)), (((0, 0), 208365), (6, 7)), (((0, 0), 188910), (6, 6)), (((12, 2), 127205), (7, 4)), (((0, 0), 207818), (4, 4)), (((1, 12), 132314), (4, 11)), (((12, 12), 193851), (8, 8)), (((0, 0), 116045), (8, 7)), (((12, 12), 99907), (5, 10)), (((0, 0), 439921), (2, 4)), (((4, 12), 229509), (5, 11)), (((0, 12), 126972), (3, 9)), (((12, 12), 365862), (7, 12)), (((12, 12), 439283), (10, 11)), (((0, 0), 452561), (3, 3)), (((0, 0), 72368), (6, 4)), (((5, 1), 45872), (8, 4)), (((8, 2), 68084), (8, 4)), (((12, 12), 149984), (7, 8)), (((12, 12), 418569), (8, 12)), (((0, 12), 301141), (5, 12)), (((0, 12), 210157), (5, 10)), (((8, 12), 180684), (6, 11)), (((1, 12), 88301), (5, 9)), (((12, 12), 234237), (6, 10)), (((12, 12), 289858), (6, 11)), (((0, 12), 245526), (5, 9)), (((12, 12), 65424), (6, 6)), (((12, 12), 65109), (6, 6)), (((12, 12), 318346), (6, 12)), (((12, 12), 444235), (9, 12)), (((12, 12), 452299), (9, 12)), (((1, 12), 219156), (4, 11)), (((1, 12), 448379), (2, 12)), (((0, 12), 227400), (4, 10)), (((0, 12), 231649), (5, 11)), (((0, 0), 725097), (1, 1)), (((0, 0), 655669), (1, 1)), (((0, 0), 661248), (1, 1)), (((0, 0), 695560), (1, 1)), (((0, 0), 393753), (4, 5)), (((0, 0), 455629), (3, 3)), (((0, 0), 602212), (2, 2)), (((0, 0), 644377), (1, 2)), (((0, 0), 503273), (3, 3)), (((0, 0), 496167), (3, 3)), (((0, 0), 619440), (2, 2)), (((9, 12), 202053), (8, 8)), (((0, 0), 525803), (3, 3)), (((0, 0), 311166), (5, 4)), (((0, 0), 736350), (1, 1)), (((0, 12), 209882), (5, 8)), (((0, 0), 209877), (6, 6)), (((4, 11), 53050), (5, 8)), (((7, 12), 302768), (7, 10)), (((0, 0), 193518), (5, 7)), (((0, 0), 60771), (8, 7)), (((7, 12), 295342), (6, 10)), (((8, 12), 220010), (7, 10)), (((7, 7), 234988), (7, 7)), (((0, 0), 531926), (3, 4)), (((0, 0), 267073), (3, 4)), (((0, 0), 208096), (3, 6)), (((0, 0), 263150), (5, 7)), (((12, 12), 345045), (10, 11)), (((0, 0), 589034), (2, 3)), (((10, 12), 244177), (8, 11)), (((9, 12), 276568), (10, 12)), (((7, 8), 115576), (6, 7)), (((1, 12), 150320), (5, 12)), (((9, 12), 284318), (7, 12)), (((8, 12), 239401), (7, 12)), (((8, 12), 164225), (6, 12)), (((7, 11), 528067), (7, 11)), (((4, 11), 129822), (5, 9)), (((12, 12), 250048), (8, 11)), (((1, 12), 80757), (5, 11)), (((7, 12), 109788), (5, 11)), (((11, 12), 347755), (8, 12)), (((2, 12), 80419), (4, 9)), (((6, 3), 115264), (6, 4)), (((7, 3), 108362), (7, 3)), (((7, 2), 204335), (7, 4)), (((6, 2), 245526), (6, 3)), (((8, 4), 149491), (7, 4)), (((8, 5), 146791), (8, 4)), (((7, 3), 163976), (8, 5)), (((8, 4), 163376), (7, 4)), (((8, 6), 269631), (7, 5)), (((8, 6), 298298), (7, 5)), (((8, 7), 274062), (7, 6)), (((8, 7), 278533), (7, 6)), (((7, 6), 212510), (7, 5)), (((6, 3), 140996), (6, 3)), (((6, 3), 139090), (6, 3)), (((9, 1), 466497), (8, 2)), (((9, 1), 471718), (8, 2)), (((6, 2), 136212), (4, 5)), (((2, 1), 113825), (4, 2)), (((2, 1), 106441), (4, 3)), (((8, 3), 78192), (7, 2)), (((7, 3), 132712), (7, 3)), (((0, 0), 705717), (1, 1)), (((0, 0), 278996), (5, 4)), (((8, 12), 120644), (7, 5)), (((8, 4), 122466), (7, 4)), (((0, 0), 702475), (1, 1)), (((0, 0), 726102), (1, 1)), (((0, 0), 683662), (1, 1)), (((0, 0), 736576), (1, 1)), (((0, 0), 705296), (1, 1)), (((0, 0), 713695), (1, 1)), (((0, 0), 737280), (0, 0)), (((0, 0), 697929), (1, 1)), (((0, 0), 714880), (1, 1)), (((0, 0), 733923), (1, 1)), (((0, 0), 703354), (1, 1)), (((0, 0), 704282), (1, 1)), (((0, 0), 737280), (0, 0)), (((0, 0), 737280), (0, 0)), (((0, 0), 737280), (0, 0)), (((0, 0), 737280), (0, 0)), (((0, 0), 737280), (0, 0)), (((0, 0), 737280), (0, 0)), (((0, 0), 737280), (0, 0)), (((0, 0), 737280), (0, 0)), (((0, 0), 737280), (0, 0)), (((0, 0), 737280), (0, 0)), (((0, 0), 737280), (0, 0)), (((0, 0), 737280), (0, 0)), (((0, 0), 737280), (0, 0))]
